[2023-08-03 03:22:20,810] {taskinstance.py:1159} INFO - Dependencies all met for <TaskInstance: S3_to_BigQuery.cleaning_stations_data manual__2023-08-03T03:22:03.288396+00:00 [queued]>
[2023-08-03 03:22:20,817] {taskinstance.py:1159} INFO - Dependencies all met for <TaskInstance: S3_to_BigQuery.cleaning_stations_data manual__2023-08-03T03:22:03.288396+00:00 [queued]>
[2023-08-03 03:22:20,818] {taskinstance.py:1356} INFO - 
--------------------------------------------------------------------------------
[2023-08-03 03:22:20,818] {taskinstance.py:1357} INFO - Starting attempt 1 of 2
[2023-08-03 03:22:20,818] {taskinstance.py:1358} INFO - 
--------------------------------------------------------------------------------
[2023-08-03 03:22:20,846] {taskinstance.py:1377} INFO - Executing <Task(PythonOperator): cleaning_stations_data> on 2023-08-03 03:22:03.288396+00:00
[2023-08-03 03:22:20,851] {standard_task_runner.py:52} INFO - Started process 122 to run task
[2023-08-03 03:22:20,853] {standard_task_runner.py:79} INFO - Running: ['***', 'tasks', 'run', 'S3_to_BigQuery', 'cleaning_stations_data', 'manual__2023-08-03T03:22:03.288396+00:00', '--job-id', '449', '--raw', '--subdir', 'DAGS_FOLDER/dag.py', '--cfg-path', '/tmp/tmpmezhhw83', '--error-file', '/tmp/tmpw7wqbmyl']
[2023-08-03 03:22:20,854] {standard_task_runner.py:80} INFO - Job 449: Subtask cleaning_stations_data
[2023-08-03 03:22:20,928] {task_command.py:370} INFO - Running <TaskInstance: S3_to_BigQuery.cleaning_stations_data manual__2023-08-03T03:22:03.288396+00:00 [running]> on host 6c95ca7a45b2
[2023-08-03 03:22:21,052] {taskinstance.py:1571} INFO - Exporting the following env vars:
AIRFLOW_CTX_DAG_OWNER=***
AIRFLOW_CTX_DAG_ID=S3_to_BigQuery
AIRFLOW_CTX_TASK_ID=cleaning_stations_data
AIRFLOW_CTX_EXECUTION_DATE=2023-08-03T03:22:03.288396+00:00
AIRFLOW_CTX_TRY_NUMBER=1
AIRFLOW_CTX_DAG_RUN_ID=manual__2023-08-03T03:22:03.288396+00:00
[2023-08-03 03:22:21,463] {logging_mixin.py:115} INFO - 
DataFrame push into xcom.
[2023-08-03 03:22:26,800] {logging_mixin.py:115} INFO - 
DATAFRAME SHAPE : (66884, 8)
[2023-08-03 03:22:26,800] {logging_mixin.py:115} INFO - 
✅ DataFrame created ! ✅
[2023-08-03 03:22:26,889] {logging_mixin.py:115} INFO -    stationCode             datetime  ...        lat          time_period
0        16107  2023-08-02 02:17:04  ...  48.865983  2023-08-02 02:00:00
1        31104  2023-08-02 02:17:04  ...  48.871257  2023-08-02 02:00:00
2         9020  2023-08-02 02:17:04  ...  48.879296  2023-08-02 02:00:00
3        12109  2023-08-02 02:17:04  ...  48.840855  2023-08-02 02:00:00
4        14111  2023-08-02 02:17:04  ...  48.837526  2023-08-02 02:00:00

[5 rows x 8 columns]
[2023-08-03 03:22:27,827] {logging_mixin.py:115} INFO - 
✅ Push to xcom ! ✅
[2023-08-03 03:22:27,835] {python.py:173} INFO - Done. Returned value was: None
[2023-08-03 03:22:27,848] {taskinstance.py:1400} INFO - Marking task as SUCCESS. dag_id=S3_to_BigQuery, task_id=cleaning_stations_data, execution_date=20230803T032203, start_date=20230803T032220, end_date=20230803T032227
[2023-08-03 03:22:27,930] {local_task_job.py:156} INFO - Task exited with return code 0
[2023-08-03 03:22:28,011] {local_task_job.py:273} INFO - 1 downstream tasks scheduled from follow-on schedule check
