[2023-08-02 14:03:18,238] {taskinstance.py:1159} INFO - Dependencies all met for <TaskInstance: S3_to_BigQuery.upload_stations_data manual__2023-08-02T14:03:04.789583+00:00 [queued]>
[2023-08-02 14:03:18,246] {taskinstance.py:1159} INFO - Dependencies all met for <TaskInstance: S3_to_BigQuery.upload_stations_data manual__2023-08-02T14:03:04.789583+00:00 [queued]>
[2023-08-02 14:03:18,246] {taskinstance.py:1356} INFO - 
--------------------------------------------------------------------------------
[2023-08-02 14:03:18,246] {taskinstance.py:1357} INFO - Starting attempt 1 of 2
[2023-08-02 14:03:18,247] {taskinstance.py:1358} INFO - 
--------------------------------------------------------------------------------
[2023-08-02 14:03:18,457] {taskinstance.py:1377} INFO - Executing <Task(PythonOperator): upload_stations_data> on 2023-08-02 14:03:04.789583+00:00
[2023-08-02 14:03:18,472] {standard_task_runner.py:52} INFO - Started process 3292 to run task
[2023-08-02 14:03:18,482] {standard_task_runner.py:79} INFO - Running: ['***', 'tasks', 'run', 'S3_to_BigQuery', 'upload_stations_data', 'manual__2023-08-02T14:03:04.789583+00:00', '--job-id', '408', '--raw', '--subdir', 'DAGS_FOLDER/dag.py', '--cfg-path', '/tmp/tmprebttwsy', '--error-file', '/tmp/tmpiz1ybbmw']
[2023-08-02 14:03:18,484] {standard_task_runner.py:80} INFO - Job 408: Subtask upload_stations_data
[2023-08-02 14:03:18,725] {task_command.py:370} INFO - Running <TaskInstance: S3_to_BigQuery.upload_stations_data manual__2023-08-02T14:03:04.789583+00:00 [running]> on host f57ce474b9bb
[2023-08-02 14:03:19,074] {taskinstance.py:1571} INFO - Exporting the following env vars:
AIRFLOW_CTX_DAG_OWNER=***
AIRFLOW_CTX_DAG_ID=S3_to_BigQuery
AIRFLOW_CTX_TASK_ID=upload_stations_data
AIRFLOW_CTX_EXECUTION_DATE=2023-08-02T14:03:04.789583+00:00
AIRFLOW_CTX_TRY_NUMBER=1
AIRFLOW_CTX_DAG_RUN_ID=manual__2023-08-02T14:03:04.789583+00:00
[2023-08-02 14:03:27,572] {gbq.py:606} INFO - 16003 out of 16003 rows loaded.
[2023-08-02 14:03:27,573] {logging_mixin.py:115} INFO - 
✅ Table lime_stations_topic/2023-08-01 upload on BigQuery! ✅
[2023-08-02 14:03:27,573] {python.py:173} INFO - Done. Returned value was: None
[2023-08-02 14:03:27,590] {taskinstance.py:1400} INFO - Marking task as SUCCESS. dag_id=S3_to_BigQuery, task_id=upload_stations_data, execution_date=20230802T140304, start_date=20230802T140318, end_date=20230802T140327
[2023-08-02 14:03:27,643] {local_task_job.py:156} INFO - Task exited with return code 0
[2023-08-02 14:03:27,704] {local_task_job.py:273} INFO - 1 downstream tasks scheduled from follow-on schedule check
