[2023-08-02 10:39:36,861] {taskinstance.py:1159} INFO - Dependencies all met for <TaskInstance: S3_to_BigQuery.load_weather_data manual__2023-08-02T10:39:33.800914+00:00 [queued]>
[2023-08-02 10:39:36,868] {taskinstance.py:1159} INFO - Dependencies all met for <TaskInstance: S3_to_BigQuery.load_weather_data manual__2023-08-02T10:39:33.800914+00:00 [queued]>
[2023-08-02 10:39:36,869] {taskinstance.py:1356} INFO - 
--------------------------------------------------------------------------------
[2023-08-02 10:39:36,869] {taskinstance.py:1357} INFO - Starting attempt 1 of 2
[2023-08-02 10:39:36,869] {taskinstance.py:1358} INFO - 
--------------------------------------------------------------------------------
[2023-08-02 10:39:36,892] {taskinstance.py:1377} INFO - Executing <Task(PythonOperator): load_weather_data> on 2023-08-02 10:39:33.800914+00:00
[2023-08-02 10:39:36,897] {standard_task_runner.py:52} INFO - Started process 1550 to run task
[2023-08-02 10:39:36,899] {standard_task_runner.py:79} INFO - Running: ['***', 'tasks', 'run', 'S3_to_BigQuery', 'load_weather_data', 'manual__2023-08-02T10:39:33.800914+00:00', '--job-id', '361', '--raw', '--subdir', 'DAGS_FOLDER/dag.py', '--cfg-path', '/tmp/tmpzfv3bmzg', '--error-file', '/tmp/tmp4bwo0yaw']
[2023-08-02 10:39:36,900] {standard_task_runner.py:80} INFO - Job 361: Subtask load_weather_data
[2023-08-02 10:39:36,957] {task_command.py:370} INFO - Running <TaskInstance: S3_to_BigQuery.load_weather_data manual__2023-08-02T10:39:33.800914+00:00 [running]> on host f57ce474b9bb
[2023-08-02 10:39:37,048] {taskinstance.py:1571} INFO - Exporting the following env vars:
AIRFLOW_CTX_DAG_OWNER=***
AIRFLOW_CTX_DAG_ID=S3_to_BigQuery
AIRFLOW_CTX_TASK_ID=load_weather_data
AIRFLOW_CTX_EXECUTION_DATE=2023-08-02T10:39:33.800914+00:00
AIRFLOW_CTX_TRY_NUMBER=1
AIRFLOW_CTX_DAG_RUN_ID=manual__2023-08-02T10:39:33.800914+00:00
[2023-08-02 10:39:37,633] {logging_mixin.py:115} INFO - 
✅ Push to xcom ! ✅
[2023-08-02 10:39:37,634] {python.py:173} INFO - Done. Returned value was: None
[2023-08-02 10:39:37,655] {taskinstance.py:1400} INFO - Marking task as SUCCESS. dag_id=S3_to_BigQuery, task_id=load_weather_data, execution_date=20230802T103933, start_date=20230802T103936, end_date=20230802T103937
[2023-08-02 10:39:37,713] {local_task_job.py:156} INFO - Task exited with return code 0
[2023-08-02 10:39:38,419] {local_task_job.py:273} INFO - 1 downstream tasks scheduled from follow-on schedule check
