[2023-08-02 08:48:38,438] {taskinstance.py:1159} INFO - Dependencies all met for <TaskInstance: S3_to_BigQuery.load_stations_data manual__2023-08-02T08:48:37.032908+00:00 [queued]>
[2023-08-02 08:48:38,446] {taskinstance.py:1159} INFO - Dependencies all met for <TaskInstance: S3_to_BigQuery.load_stations_data manual__2023-08-02T08:48:37.032908+00:00 [queued]>
[2023-08-02 08:48:38,446] {taskinstance.py:1356} INFO - 
--------------------------------------------------------------------------------
[2023-08-02 08:48:38,446] {taskinstance.py:1357} INFO - Starting attempt 1 of 2
[2023-08-02 08:48:38,446] {taskinstance.py:1358} INFO - 
--------------------------------------------------------------------------------
[2023-08-02 08:48:38,472] {taskinstance.py:1377} INFO - Executing <Task(PythonOperator): load_stations_data> on 2023-08-02 08:48:37.032908+00:00
[2023-08-02 08:48:38,476] {standard_task_runner.py:52} INFO - Started process 8245 to run task
[2023-08-02 08:48:38,478] {standard_task_runner.py:79} INFO - Running: ['***', 'tasks', 'run', 'S3_to_BigQuery', 'load_stations_data', 'manual__2023-08-02T08:48:37.032908+00:00', '--job-id', '283', '--raw', '--subdir', 'DAGS_FOLDER/dag.py', '--cfg-path', '/tmp/tmpkzt2dq7r', '--error-file', '/tmp/tmp097x0eb7']
[2023-08-02 08:48:38,479] {standard_task_runner.py:80} INFO - Job 283: Subtask load_stations_data
[2023-08-02 08:48:38,546] {task_command.py:370} INFO - Running <TaskInstance: S3_to_BigQuery.load_stations_data manual__2023-08-02T08:48:37.032908+00:00 [running]> on host 656341a29da6
[2023-08-02 08:48:38,651] {taskinstance.py:1571} INFO - Exporting the following env vars:
AIRFLOW_CTX_DAG_OWNER=***
AIRFLOW_CTX_DAG_ID=S3_to_BigQuery
AIRFLOW_CTX_TASK_ID=load_stations_data
AIRFLOW_CTX_EXECUTION_DATE=2023-08-02T08:48:37.032908+00:00
AIRFLOW_CTX_TRY_NUMBER=1
AIRFLOW_CTX_DAG_RUN_ID=manual__2023-08-02T08:48:37.032908+00:00
[2023-08-02 08:48:40,061] {logging_mixin.py:115} INFO - 
DataFrame push into xcom.
[2023-08-02 08:48:40,916] {logging_mixin.py:115} INFO - 
DATAFRAME SHAPE : (16003, 8)
[2023-08-02 08:48:40,916] {logging_mixin.py:115} INFO - 
✅ DataFrame created ! ✅
[2023-08-02 08:48:41,138] {logging_mixin.py:115} INFO - 
✅ Push to xcom ! ✅
[2023-08-02 08:48:41,145] {python.py:173} INFO - Done. Returned value was: None
[2023-08-02 08:48:41,155] {taskinstance.py:1400} INFO - Marking task as SUCCESS. dag_id=S3_to_BigQuery, task_id=load_stations_data, execution_date=20230802T084837, start_date=20230802T084838, end_date=20230802T084841
[2023-08-02 08:48:41,218] {local_task_job.py:156} INFO - Task exited with return code 0
[2023-08-02 08:48:41,263] {local_task_job.py:273} INFO - 1 downstream tasks scheduled from follow-on schedule check
