[2023-08-02 09:37:48,983] {taskinstance.py:1159} INFO - Dependencies all met for <TaskInstance: S3_to_BigQuery.cleaning_stations_data manual__2023-08-02T09:32:38.547303+00:00 [queued]>
[2023-08-02 09:37:48,991] {taskinstance.py:1159} INFO - Dependencies all met for <TaskInstance: S3_to_BigQuery.cleaning_stations_data manual__2023-08-02T09:32:38.547303+00:00 [queued]>
[2023-08-02 09:37:48,991] {taskinstance.py:1356} INFO - 
--------------------------------------------------------------------------------
[2023-08-02 09:37:48,991] {taskinstance.py:1357} INFO - Starting attempt 2 of 2
[2023-08-02 09:37:48,991] {taskinstance.py:1358} INFO - 
--------------------------------------------------------------------------------
[2023-08-02 09:37:49,017] {taskinstance.py:1377} INFO - Executing <Task(PythonOperator): cleaning_stations_data> on 2023-08-02 09:32:38.547303+00:00
[2023-08-02 09:37:49,021] {standard_task_runner.py:52} INFO - Started process 10617 to run task
[2023-08-02 09:37:49,024] {standard_task_runner.py:79} INFO - Running: ['***', 'tasks', 'run', 'S3_to_BigQuery', 'cleaning_stations_data', 'manual__2023-08-02T09:32:38.547303+00:00', '--job-id', '330', '--raw', '--subdir', 'DAGS_FOLDER/dag.py', '--cfg-path', '/tmp/tmpcbbad5aa', '--error-file', '/tmp/tmpd8xu8s63']
[2023-08-02 09:37:49,025] {standard_task_runner.py:80} INFO - Job 330: Subtask cleaning_stations_data
[2023-08-02 09:37:49,138] {task_command.py:370} INFO - Running <TaskInstance: S3_to_BigQuery.cleaning_stations_data manual__2023-08-02T09:32:38.547303+00:00 [running]> on host 656341a29da6
[2023-08-02 09:37:49,471] {taskinstance.py:1571} INFO - Exporting the following env vars:
AIRFLOW_CTX_DAG_OWNER=***
AIRFLOW_CTX_DAG_ID=S3_to_BigQuery
AIRFLOW_CTX_TASK_ID=cleaning_stations_data
AIRFLOW_CTX_EXECUTION_DATE=2023-08-02T09:32:38.547303+00:00
AIRFLOW_CTX_TRY_NUMBER=2
AIRFLOW_CTX_DAG_RUN_ID=manual__2023-08-02T09:32:38.547303+00:00
[2023-08-02 09:37:49,641] {logging_mixin.py:115} INFO -    stationCode       datetime  ...        lat    time_period
0        16107  1690900970338  ...  48.865983  1690900200000
1        31104  1690900970338  ...  48.871257  1690900200000
2         9020  1690900970338  ...  48.879296  1690900200000
3        12109  1690900970338  ...  48.840855  1690900200000
4        14111  1690900970338  ...  48.837526  1690900200000

[5 rows x 8 columns]
[2023-08-02 09:37:49,645] {python.py:173} INFO - Done. Returned value was: None
[2023-08-02 09:37:49,655] {taskinstance.py:1400} INFO - Marking task as SUCCESS. dag_id=S3_to_BigQuery, task_id=cleaning_stations_data, execution_date=20230802T093238, start_date=20230802T093748, end_date=20230802T093749
[2023-08-02 09:37:49,839] {local_task_job.py:156} INFO - Task exited with return code 0
[2023-08-02 09:37:49,932] {local_task_job.py:273} INFO - 1 downstream tasks scheduled from follow-on schedule check
