[2023-08-02 10:10:46,151] {taskinstance.py:1159} INFO - Dependencies all met for <TaskInstance: S3_to_BigQuery.load_weather_data manual__2023-08-02T10:10:43.618789+00:00 [queued]>
[2023-08-02 10:10:46,162] {taskinstance.py:1159} INFO - Dependencies all met for <TaskInstance: S3_to_BigQuery.load_weather_data manual__2023-08-02T10:10:43.618789+00:00 [queued]>
[2023-08-02 10:10:46,162] {taskinstance.py:1356} INFO - 
--------------------------------------------------------------------------------
[2023-08-02 10:10:46,162] {taskinstance.py:1357} INFO - Starting attempt 1 of 2
[2023-08-02 10:10:46,162] {taskinstance.py:1358} INFO - 
--------------------------------------------------------------------------------
[2023-08-02 10:10:46,202] {taskinstance.py:1377} INFO - Executing <Task(PythonOperator): load_weather_data> on 2023-08-02 10:10:43.618789+00:00
[2023-08-02 10:10:46,208] {standard_task_runner.py:52} INFO - Started process 199 to run task
[2023-08-02 10:10:46,211] {standard_task_runner.py:79} INFO - Running: ['***', 'tasks', 'run', 'S3_to_BigQuery', 'load_weather_data', 'manual__2023-08-02T10:10:43.618789+00:00', '--job-id', '345', '--raw', '--subdir', 'DAGS_FOLDER/dag.py', '--cfg-path', '/tmp/tmp4h7yn1da', '--error-file', '/tmp/tmpln6tmu8_']
[2023-08-02 10:10:46,213] {standard_task_runner.py:80} INFO - Job 345: Subtask load_weather_data
[2023-08-02 10:10:46,287] {task_command.py:370} INFO - Running <TaskInstance: S3_to_BigQuery.load_weather_data manual__2023-08-02T10:10:43.618789+00:00 [running]> on host f57ce474b9bb
[2023-08-02 10:10:46,438] {taskinstance.py:1571} INFO - Exporting the following env vars:
AIRFLOW_CTX_DAG_OWNER=***
AIRFLOW_CTX_DAG_ID=S3_to_BigQuery
AIRFLOW_CTX_TASK_ID=load_weather_data
AIRFLOW_CTX_EXECUTION_DATE=2023-08-02T10:10:43.618789+00:00
AIRFLOW_CTX_TRY_NUMBER=1
AIRFLOW_CTX_DAG_RUN_ID=manual__2023-08-02T10:10:43.618789+00:00
[2023-08-02 10:10:47,019] {logging_mixin.py:115} INFO - 
✅ Push to xcom ! ✅
[2023-08-02 10:10:47,021] {python.py:173} INFO - Done. Returned value was: None
[2023-08-02 10:10:47,033] {taskinstance.py:1400} INFO - Marking task as SUCCESS. dag_id=S3_to_BigQuery, task_id=load_weather_data, execution_date=20230802T101043, start_date=20230802T101046, end_date=20230802T101047
[2023-08-02 10:10:47,105] {local_task_job.py:156} INFO - Task exited with return code 0
[2023-08-02 10:10:47,150] {local_task_job.py:273} INFO - 0 downstream tasks scheduled from follow-on schedule check
