[2023-08-01 10:00:21,954] {taskinstance.py:1159} INFO - Dependencies all met for <TaskInstance: s3_to_BigQuery.stations_data_to_BQ manual__2023-08-01T10:00:18.993931+00:00 [queued]>
[2023-08-01 10:00:21,963] {taskinstance.py:1159} INFO - Dependencies all met for <TaskInstance: s3_to_BigQuery.stations_data_to_BQ manual__2023-08-01T10:00:18.993931+00:00 [queued]>
[2023-08-01 10:00:21,963] {taskinstance.py:1356} INFO - 
--------------------------------------------------------------------------------
[2023-08-01 10:00:21,963] {taskinstance.py:1357} INFO - Starting attempt 1 of 2
[2023-08-01 10:00:21,963] {taskinstance.py:1358} INFO - 
--------------------------------------------------------------------------------
[2023-08-01 10:00:21,993] {taskinstance.py:1377} INFO - Executing <Task(PythonOperator): stations_data_to_BQ> on 2023-08-01 10:00:18.993931+00:00
[2023-08-01 10:00:21,997] {standard_task_runner.py:52} INFO - Started process 86 to run task
[2023-08-01 10:00:22,000] {standard_task_runner.py:79} INFO - Running: ['***', 'tasks', 'run', 's3_to_BigQuery', 'stations_data_to_BQ', 'manual__2023-08-01T10:00:18.993931+00:00', '--job-id', '157', '--raw', '--subdir', 'DAGS_FOLDER/dag.py', '--cfg-path', '/tmp/tmp_edklo4h', '--error-file', '/tmp/tmp8o05pwr0']
[2023-08-01 10:00:22,001] {standard_task_runner.py:80} INFO - Job 157: Subtask stations_data_to_BQ
[2023-08-01 10:00:22,058] {task_command.py:370} INFO - Running <TaskInstance: s3_to_BigQuery.stations_data_to_BQ manual__2023-08-01T10:00:18.993931+00:00 [running]> on host a6bbb8f7ba0b
[2023-08-01 10:00:22,154] {taskinstance.py:1571} INFO - Exporting the following env vars:
AIRFLOW_CTX_DAG_OWNER=***
AIRFLOW_CTX_DAG_ID=s3_to_BigQuery
AIRFLOW_CTX_TASK_ID=stations_data_to_BQ
AIRFLOW_CTX_EXECUTION_DATE=2023-08-01T10:00:18.993931+00:00
AIRFLOW_CTX_TRY_NUMBER=1
AIRFLOW_CTX_DAG_RUN_ID=manual__2023-08-01T10:00:18.993931+00:00
[2023-08-01 10:00:25,841] {_metadata.py:104} WARNING - Compute Engine Metadata server unavailable on attempt 1 of 3. Reason: timed out
[2023-08-01 10:00:25,897] {_metadata.py:104} WARNING - Compute Engine Metadata server unavailable on attempt 2 of 3. Reason: [Errno 113] No route to host
[2023-08-01 10:00:28,901] {_metadata.py:104} WARNING - Compute Engine Metadata server unavailable on attempt 3 of 3. Reason: timed out
[2023-08-01 10:00:28,901] {_default.py:284} WARNING - Authentication failed using Compute Engine authentication due to unavailable metadata server.
[2023-08-01 10:00:28,902] {logging_mixin.py:115} INFO - Please visit this URL to authorize this application: https://accounts.google.com/o/oauth2/auth?response_type=code&client_id=725825577420-unm2gnkiprugilg743tkbig250f4sfsj.apps.googleusercontent.com&redirect_uri=urn%3Aietf%3Awg%3Aoauth%3A2.0%3Aoob&scope=https%3A%2F%2Fwww.googleapis.com%2Fauth%2Fbigquery&state=l2AbzglJ52VUM6stbLbHPEpsITba3m&prompt=consent&access_type=offline
[2023-08-01 10:00:28,902] {logging_mixin.py:115} INFO - Enter the authorization code: 
[2023-08-01 10:00:28,902] {logging_mixin.py:115} INFO - Error: EOF when reading a line
[2023-08-01 10:00:28,902] {python.py:173} INFO - Done. Returned value was: None
[2023-08-01 10:00:29,042] {taskinstance.py:1400} INFO - Marking task as SUCCESS. dag_id=s3_to_BigQuery, task_id=stations_data_to_BQ, execution_date=20230801T100018, start_date=20230801T100021, end_date=20230801T100029
[2023-08-01 10:00:29,797] {local_task_job.py:156} INFO - Task exited with return code 0
[2023-08-01 10:00:29,920] {local_task_job.py:273} INFO - 1 downstream tasks scheduled from follow-on schedule check
