[2023-08-02 10:39:46,422] {taskinstance.py:1159} INFO - Dependencies all met for <TaskInstance: S3_to_BigQuery.upload_stations_data manual__2023-08-02T10:39:33.800914+00:00 [queued]>
[2023-08-02 10:39:46,430] {taskinstance.py:1159} INFO - Dependencies all met for <TaskInstance: S3_to_BigQuery.upload_stations_data manual__2023-08-02T10:39:33.800914+00:00 [queued]>
[2023-08-02 10:39:46,431] {taskinstance.py:1356} INFO - 
--------------------------------------------------------------------------------
[2023-08-02 10:39:46,431] {taskinstance.py:1357} INFO - Starting attempt 1 of 2
[2023-08-02 10:39:46,431] {taskinstance.py:1358} INFO - 
--------------------------------------------------------------------------------
[2023-08-02 10:39:47,037] {taskinstance.py:1377} INFO - Executing <Task(PythonOperator): upload_stations_data> on 2023-08-02 10:39:33.800914+00:00
[2023-08-02 10:39:47,057] {standard_task_runner.py:52} INFO - Started process 1562 to run task
[2023-08-02 10:39:47,069] {standard_task_runner.py:79} INFO - Running: ['***', 'tasks', 'run', 'S3_to_BigQuery', 'upload_stations_data', 'manual__2023-08-02T10:39:33.800914+00:00', '--job-id', '365', '--raw', '--subdir', 'DAGS_FOLDER/dag.py', '--cfg-path', '/tmp/tmpp2p0vp61', '--error-file', '/tmp/tmplh77vacb']
[2023-08-02 10:39:47,071] {standard_task_runner.py:80} INFO - Job 365: Subtask upload_stations_data
[2023-08-02 10:39:47,240] {task_command.py:370} INFO - Running <TaskInstance: S3_to_BigQuery.upload_stations_data manual__2023-08-02T10:39:33.800914+00:00 [running]> on host f57ce474b9bb
[2023-08-02 10:39:47,421] {taskinstance.py:1571} INFO - Exporting the following env vars:
AIRFLOW_CTX_DAG_OWNER=***
AIRFLOW_CTX_DAG_ID=S3_to_BigQuery
AIRFLOW_CTX_TASK_ID=upload_stations_data
AIRFLOW_CTX_EXECUTION_DATE=2023-08-02T10:39:33.800914+00:00
AIRFLOW_CTX_TRY_NUMBER=1
AIRFLOW_CTX_DAG_RUN_ID=manual__2023-08-02T10:39:33.800914+00:00
[2023-08-02 10:39:52,111] {gbq.py:606} INFO - 16003 out of 16003 rows loaded.
[2023-08-02 10:39:52,112] {logging_mixin.py:115} INFO - 
✅ Table lime_stations_topic/2023-08-01 upload on BigQuery! ✅
[2023-08-02 10:39:52,112] {python.py:173} INFO - Done. Returned value was: None
[2023-08-02 10:39:52,722] {taskinstance.py:1400} INFO - Marking task as SUCCESS. dag_id=S3_to_BigQuery, task_id=upload_stations_data, execution_date=20230802T103933, start_date=20230802T103946, end_date=20230802T103952
[2023-08-02 10:39:53,000] {local_task_job.py:156} INFO - Task exited with return code 0
[2023-08-02 10:39:53,771] {local_task_job.py:273} INFO - 0 downstream tasks scheduled from follow-on schedule check
