[2023-08-01 11:27:58,166] {taskinstance.py:1159} INFO - Dependencies all met for <TaskInstance: s3_to_BigQuery.weather_data_to_BQ manual__2023-08-01T11:27:56.377712+00:00 [queued]>
[2023-08-01 11:27:58,173] {taskinstance.py:1159} INFO - Dependencies all met for <TaskInstance: s3_to_BigQuery.weather_data_to_BQ manual__2023-08-01T11:27:56.377712+00:00 [queued]>
[2023-08-01 11:27:58,173] {taskinstance.py:1356} INFO - 
--------------------------------------------------------------------------------
[2023-08-01 11:27:58,173] {taskinstance.py:1357} INFO - Starting attempt 1 of 2
[2023-08-01 11:27:58,173] {taskinstance.py:1358} INFO - 
--------------------------------------------------------------------------------
[2023-08-01 11:27:58,201] {taskinstance.py:1377} INFO - Executing <Task(PythonOperator): weather_data_to_BQ> on 2023-08-01 11:27:56.377712+00:00
[2023-08-01 11:27:58,208] {standard_task_runner.py:52} INFO - Started process 4097 to run task
[2023-08-01 11:27:58,211] {standard_task_runner.py:79} INFO - Running: ['***', 'tasks', 'run', 's3_to_BigQuery', 'weather_data_to_BQ', 'manual__2023-08-01T11:27:56.377712+00:00', '--job-id', '181', '--raw', '--subdir', 'DAGS_FOLDER/dag.py', '--cfg-path', '/tmp/tmp70wcrwda', '--error-file', '/tmp/tmp_6ssw7su']
[2023-08-01 11:27:58,212] {standard_task_runner.py:80} INFO - Job 181: Subtask weather_data_to_BQ
[2023-08-01 11:27:58,288] {task_command.py:370} INFO - Running <TaskInstance: s3_to_BigQuery.weather_data_to_BQ manual__2023-08-01T11:27:56.377712+00:00 [running]> on host a6bbb8f7ba0b
[2023-08-01 11:27:58,397] {taskinstance.py:1571} INFO - Exporting the following env vars:
AIRFLOW_CTX_DAG_OWNER=***
AIRFLOW_CTX_DAG_ID=s3_to_BigQuery
AIRFLOW_CTX_TASK_ID=weather_data_to_BQ
AIRFLOW_CTX_EXECUTION_DATE=2023-08-01T11:27:56.377712+00:00
AIRFLOW_CTX_TRY_NUMBER=1
AIRFLOW_CTX_DAG_RUN_ID=manual__2023-08-01T11:27:56.377712+00:00
[2023-08-01 11:27:58,399] {logging_mixin.py:115} INFO - 
 heeeeeeeeeeeeeeeeeeeeeeeeeeeeeeeeeyy
[2023-08-01 11:27:59,409] {logging_mixin.py:115} INFO - 
✅ DataFrame created ! ✅
[2023-08-01 11:28:00,444] {logging_mixin.py:115} INFO - Error: [Errno 2] No such file or directory: '/home/andre/NguyenTrdc/lime-project/raw_data/lime-project-key.json'
[2023-08-01 11:28:00,449] {python.py:173} INFO - Done. Returned value was: None
[2023-08-01 11:28:00,471] {taskinstance.py:1400} INFO - Marking task as SUCCESS. dag_id=s3_to_BigQuery, task_id=weather_data_to_BQ, execution_date=20230801T112756, start_date=20230801T112758, end_date=20230801T112800
[2023-08-01 11:28:01,031] {local_task_job.py:156} INFO - Task exited with return code 0
[2023-08-01 11:28:01,562] {local_task_job.py:273} INFO - 0 downstream tasks scheduled from follow-on schedule check
