[2023-07-31 14:46:40,938] {taskinstance.py:1159} INFO - Dependencies all met for <TaskInstance: s3_to_postgres.load_stations_data manual__2023-07-31T14:46:20.248977+00:00 [queued]>
[2023-07-31 14:46:40,953] {taskinstance.py:1159} INFO - Dependencies all met for <TaskInstance: s3_to_postgres.load_stations_data manual__2023-07-31T14:46:20.248977+00:00 [queued]>
[2023-07-31 14:46:40,953] {taskinstance.py:1356} INFO - 
--------------------------------------------------------------------------------
[2023-07-31 14:46:40,953] {taskinstance.py:1357} INFO - Starting attempt 1 of 1
[2023-07-31 14:46:40,954] {taskinstance.py:1358} INFO - 
--------------------------------------------------------------------------------
[2023-07-31 14:46:40,980] {taskinstance.py:1377} INFO - Executing <Task(PythonOperator): load_stations_data> on 2023-07-31 14:46:20.248977+00:00
[2023-07-31 14:46:40,995] {standard_task_runner.py:52} INFO - Started process 7606 to run task
[2023-07-31 14:46:40,997] {standard_task_runner.py:79} INFO - Running: ['***', 'tasks', 'run', 's3_to_postgres', 'load_stations_data', 'manual__2023-07-31T14:46:20.248977+00:00', '--job-id', '131', '--raw', '--subdir', 'DAGS_FOLDER/dag.py', '--cfg-path', '/tmp/tmphfb8lk94', '--error-file', '/tmp/tmp4chlwe67']
[2023-07-31 14:46:40,998] {standard_task_runner.py:80} INFO - Job 131: Subtask load_stations_data
[2023-07-31 14:46:41,051] {task_command.py:370} INFO - Running <TaskInstance: s3_to_postgres.load_stations_data manual__2023-07-31T14:46:20.248977+00:00 [running]> on host 8aac46936356
[2023-07-31 14:46:41,737] {taskinstance.py:1571} INFO - Exporting the following env vars:
AIRFLOW_CTX_DAG_OWNER=***
AIRFLOW_CTX_DAG_ID=s3_to_postgres
AIRFLOW_CTX_TASK_ID=load_stations_data
AIRFLOW_CTX_EXECUTION_DATE=2023-07-31T14:46:20.248977+00:00
AIRFLOW_CTX_TRY_NUMBER=1
AIRFLOW_CTX_DAG_RUN_ID=manual__2023-07-31T14:46:20.248977+00:00
[2023-07-31 14:47:01,897] {logging_mixin.py:115} INFO - Dataframe of the day done !
[2023-07-31 14:47:02,105] {python.py:173} INFO - Done. Returned value was: None
[2023-07-31 14:47:02,120] {taskinstance.py:1400} INFO - Marking task as SUCCESS. dag_id=s3_to_postgres, task_id=load_stations_data, execution_date=20230731T144620, start_date=20230731T144640, end_date=20230731T144702
[2023-07-31 14:47:02,204] {local_task_job.py:156} INFO - Task exited with return code 0
[2023-07-31 14:47:02,247] {local_task_job.py:273} INFO - 0 downstream tasks scheduled from follow-on schedule check
