[2023-08-02 14:03:13,591] {taskinstance.py:1159} INFO - Dependencies all met for <TaskInstance: S3_to_BigQuery.upload_weather_data manual__2023-08-02T14:03:04.789583+00:00 [queued]>
[2023-08-02 14:03:13,605] {taskinstance.py:1159} INFO - Dependencies all met for <TaskInstance: S3_to_BigQuery.upload_weather_data manual__2023-08-02T14:03:04.789583+00:00 [queued]>
[2023-08-02 14:03:13,605] {taskinstance.py:1356} INFO - 
--------------------------------------------------------------------------------
[2023-08-02 14:03:13,605] {taskinstance.py:1357} INFO - Starting attempt 1 of 2
[2023-08-02 14:03:13,605] {taskinstance.py:1358} INFO - 
--------------------------------------------------------------------------------
[2023-08-02 14:03:13,639] {taskinstance.py:1377} INFO - Executing <Task(PythonOperator): upload_weather_data> on 2023-08-02 14:03:04.789583+00:00
[2023-08-02 14:03:13,644] {standard_task_runner.py:52} INFO - Started process 3280 to run task
[2023-08-02 14:03:13,646] {standard_task_runner.py:79} INFO - Running: ['***', 'tasks', 'run', 'S3_to_BigQuery', 'upload_weather_data', 'manual__2023-08-02T14:03:04.789583+00:00', '--job-id', '407', '--raw', '--subdir', 'DAGS_FOLDER/dag.py', '--cfg-path', '/tmp/tmpuckhesjk', '--error-file', '/tmp/tmpmtjio6bt']
[2023-08-02 14:03:13,647] {standard_task_runner.py:80} INFO - Job 407: Subtask upload_weather_data
[2023-08-02 14:03:13,709] {task_command.py:370} INFO - Running <TaskInstance: S3_to_BigQuery.upload_weather_data manual__2023-08-02T14:03:04.789583+00:00 [running]> on host f57ce474b9bb
[2023-08-02 14:03:13,809] {taskinstance.py:1571} INFO - Exporting the following env vars:
AIRFLOW_CTX_DAG_OWNER=***
AIRFLOW_CTX_DAG_ID=S3_to_BigQuery
AIRFLOW_CTX_TASK_ID=upload_weather_data
AIRFLOW_CTX_EXECUTION_DATE=2023-08-02T14:03:04.789583+00:00
AIRFLOW_CTX_TRY_NUMBER=1
AIRFLOW_CTX_DAG_RUN_ID=manual__2023-08-02T14:03:04.789583+00:00
[2023-08-02 14:03:19,837] {gbq.py:606} INFO - 13 out of 13 rows loaded.
[2023-08-02 14:03:19,837] {logging_mixin.py:115} INFO - 
✅ Table weather_topic/2023-08-01 upload on BigQuery! ✅
[2023-08-02 14:03:19,837] {python.py:173} INFO - Done. Returned value was: None
[2023-08-02 14:03:19,864] {taskinstance.py:1400} INFO - Marking task as SUCCESS. dag_id=S3_to_BigQuery, task_id=upload_weather_data, execution_date=20230802T140304, start_date=20230802T140313, end_date=20230802T140319
[2023-08-02 14:03:19,936] {local_task_job.py:156} INFO - Task exited with return code 0
[2023-08-02 14:03:19,980] {local_task_job.py:273} INFO - 0 downstream tasks scheduled from follow-on schedule check
