[2023-08-01 22:52:21,510] {taskinstance.py:1159} INFO - Dependencies all met for <TaskInstance: s3_to_BigQuery.stations_data_to_BQ manual__2023-08-01T22:52:17.316354+00:00 [queued]>
[2023-08-01 22:52:21,519] {taskinstance.py:1159} INFO - Dependencies all met for <TaskInstance: s3_to_BigQuery.stations_data_to_BQ manual__2023-08-01T22:52:17.316354+00:00 [queued]>
[2023-08-01 22:52:21,519] {taskinstance.py:1356} INFO - 
--------------------------------------------------------------------------------
[2023-08-01 22:52:21,519] {taskinstance.py:1357} INFO - Starting attempt 1 of 2
[2023-08-01 22:52:21,519] {taskinstance.py:1358} INFO - 
--------------------------------------------------------------------------------
[2023-08-01 22:52:21,566] {taskinstance.py:1377} INFO - Executing <Task(PythonOperator): stations_data_to_BQ> on 2023-08-01 22:52:17.316354+00:00
[2023-08-01 22:52:21,585] {standard_task_runner.py:52} INFO - Started process 87 to run task
[2023-08-01 22:52:21,591] {standard_task_runner.py:79} INFO - Running: ['***', 'tasks', 'run', 's3_to_BigQuery', 'stations_data_to_BQ', 'manual__2023-08-01T22:52:17.316354+00:00', '--job-id', '204', '--raw', '--subdir', 'DAGS_FOLDER/dag.py', '--cfg-path', '/tmp/tmpgmy1pq7f', '--error-file', '/tmp/tmpdwqx97cl']
[2023-08-01 22:52:21,592] {standard_task_runner.py:80} INFO - Job 204: Subtask stations_data_to_BQ
[2023-08-01 22:52:21,657] {task_command.py:370} INFO - Running <TaskInstance: s3_to_BigQuery.stations_data_to_BQ manual__2023-08-01T22:52:17.316354+00:00 [running]> on host 11cc9cd02b17
[2023-08-01 22:52:21,758] {taskinstance.py:1571} INFO - Exporting the following env vars:
AIRFLOW_CTX_DAG_OWNER=***
AIRFLOW_CTX_DAG_ID=s3_to_BigQuery
AIRFLOW_CTX_TASK_ID=stations_data_to_BQ
AIRFLOW_CTX_EXECUTION_DATE=2023-08-01T22:52:17.316354+00:00
AIRFLOW_CTX_TRY_NUMBER=1
AIRFLOW_CTX_DAG_RUN_ID=manual__2023-08-01T22:52:17.316354+00:00
[2023-08-01 22:52:21,759] {logging_mixin.py:115} INFO - 
 heeeeeeeeeeeeeeeeeeeeeeeeeeeeeeeeeyy
[2023-08-01 22:52:22,437] {logging_mixin.py:115} INFO - 
✅ DataFrame created ! ✅
[2023-08-01 22:52:22,437] {logging_mixin.py:115} INFO - Error: [Errno 2] No such file or directory: '/opt/***/pluginslime-project-key.json'
[2023-08-01 22:52:22,439] {python.py:173} INFO - Done. Returned value was: None
[2023-08-01 22:52:22,558] {taskinstance.py:1400} INFO - Marking task as SUCCESS. dag_id=s3_to_BigQuery, task_id=stations_data_to_BQ, execution_date=20230801T225217, start_date=20230801T225221, end_date=20230801T225222
[2023-08-01 22:52:22,645] {local_task_job.py:156} INFO - Task exited with return code 0
[2023-08-01 22:52:22,700] {local_task_job.py:273} INFO - 0 downstream tasks scheduled from follow-on schedule check
