[2023-07-31 15:31:55,202] {taskinstance.py:1159} INFO - Dependencies all met for <TaskInstance: s3_to_postgres.load_stations_data manual__2023-07-31T15:31:52.075744+00:00 [queued]>
[2023-07-31 15:31:55,212] {taskinstance.py:1159} INFO - Dependencies all met for <TaskInstance: s3_to_postgres.load_stations_data manual__2023-07-31T15:31:52.075744+00:00 [queued]>
[2023-07-31 15:31:55,212] {taskinstance.py:1356} INFO - 
--------------------------------------------------------------------------------
[2023-07-31 15:31:55,212] {taskinstance.py:1357} INFO - Starting attempt 1 of 2
[2023-07-31 15:31:55,212] {taskinstance.py:1358} INFO - 
--------------------------------------------------------------------------------
[2023-07-31 15:31:55,250] {taskinstance.py:1377} INFO - Executing <Task(PythonOperator): load_stations_data> on 2023-07-31 15:31:52.075744+00:00
[2023-07-31 15:31:55,256] {standard_task_runner.py:52} INFO - Started process 204 to run task
[2023-07-31 15:31:55,259] {standard_task_runner.py:79} INFO - Running: ['***', 'tasks', 'run', 's3_to_postgres', 'load_stations_data', 'manual__2023-07-31T15:31:52.075744+00:00', '--job-id', '140', '--raw', '--subdir', 'DAGS_FOLDER/dag.py', '--cfg-path', '/tmp/tmpp3vv6sdu', '--error-file', '/tmp/tmpobcemrtx']
[2023-07-31 15:31:55,260] {standard_task_runner.py:80} INFO - Job 140: Subtask load_stations_data
[2023-07-31 15:31:55,317] {task_command.py:370} INFO - Running <TaskInstance: s3_to_postgres.load_stations_data manual__2023-07-31T15:31:52.075744+00:00 [running]> on host 925151fab610
[2023-07-31 15:31:55,425] {taskinstance.py:1571} INFO - Exporting the following env vars:
AIRFLOW_CTX_DAG_OWNER=***
AIRFLOW_CTX_DAG_ID=s3_to_postgres
AIRFLOW_CTX_TASK_ID=load_stations_data
AIRFLOW_CTX_EXECUTION_DATE=2023-07-31T15:31:52.075744+00:00
AIRFLOW_CTX_TRY_NUMBER=1
AIRFLOW_CTX_DAG_RUN_ID=manual__2023-07-31T15:31:52.075744+00:00
[2023-07-31 15:31:57,646] {logging_mixin.py:115} INFO - Error: Unable to locate credentials
[2023-07-31 15:31:57,646] {python.py:173} INFO - Done. Returned value was: None
[2023-07-31 15:31:57,661] {taskinstance.py:1400} INFO - Marking task as SUCCESS. dag_id=s3_to_postgres, task_id=load_stations_data, execution_date=20230731T153152, start_date=20230731T153155, end_date=20230731T153157
[2023-07-31 15:31:58,159] {local_task_job.py:156} INFO - Task exited with return code 0
[2023-07-31 15:31:58,205] {local_task_job.py:273} INFO - 1 downstream tasks scheduled from follow-on schedule check
