[2023-08-02 08:54:23,241] {taskinstance.py:1159} INFO - Dependencies all met for <TaskInstance: S3_to_BigQuery.load_stations_data manual__2023-08-02T08:54:20.024965+00:00 [queued]>
[2023-08-02 08:54:23,249] {taskinstance.py:1159} INFO - Dependencies all met for <TaskInstance: S3_to_BigQuery.load_stations_data manual__2023-08-02T08:54:20.024965+00:00 [queued]>
[2023-08-02 08:54:23,249] {taskinstance.py:1356} INFO - 
--------------------------------------------------------------------------------
[2023-08-02 08:54:23,249] {taskinstance.py:1357} INFO - Starting attempt 1 of 2
[2023-08-02 08:54:23,249] {taskinstance.py:1358} INFO - 
--------------------------------------------------------------------------------
[2023-08-02 08:54:23,315] {taskinstance.py:1377} INFO - Executing <Task(PythonOperator): load_stations_data> on 2023-08-02 08:54:20.024965+00:00
[2023-08-02 08:54:23,321] {standard_task_runner.py:52} INFO - Started process 8525 to run task
[2023-08-02 08:54:23,324] {standard_task_runner.py:79} INFO - Running: ['***', 'tasks', 'run', 'S3_to_BigQuery', 'load_stations_data', 'manual__2023-08-02T08:54:20.024965+00:00', '--job-id', '289', '--raw', '--subdir', 'DAGS_FOLDER/dag.py', '--cfg-path', '/tmp/tmps75_bow7', '--error-file', '/tmp/tmpdbahh1tm']
[2023-08-02 08:54:23,325] {standard_task_runner.py:80} INFO - Job 289: Subtask load_stations_data
[2023-08-02 08:54:23,394] {task_command.py:370} INFO - Running <TaskInstance: S3_to_BigQuery.load_stations_data manual__2023-08-02T08:54:20.024965+00:00 [running]> on host 656341a29da6
[2023-08-02 08:54:23,497] {taskinstance.py:1571} INFO - Exporting the following env vars:
AIRFLOW_CTX_DAG_OWNER=***
AIRFLOW_CTX_DAG_ID=S3_to_BigQuery
AIRFLOW_CTX_TASK_ID=load_stations_data
AIRFLOW_CTX_EXECUTION_DATE=2023-08-02T08:54:20.024965+00:00
AIRFLOW_CTX_TRY_NUMBER=1
AIRFLOW_CTX_DAG_RUN_ID=manual__2023-08-02T08:54:20.024965+00:00
[2023-08-02 08:54:25,100] {logging_mixin.py:115} INFO - 
DataFrame push into xcom.
[2023-08-02 08:54:25,955] {logging_mixin.py:115} INFO - 
DATAFRAME SHAPE : (16003, 8)
[2023-08-02 08:54:25,955] {logging_mixin.py:115} INFO - 
✅ DataFrame created ! ✅
[2023-08-02 08:54:25,979] {logging_mixin.py:115} INFO - 
KEY XCOM : lime_stations_topic_json
[2023-08-02 08:54:26,289] {logging_mixin.py:115} INFO - 
✅ Push to xcom ! ✅
[2023-08-02 08:54:26,306] {python.py:173} INFO - Done. Returned value was: None
[2023-08-02 08:54:26,324] {taskinstance.py:1400} INFO - Marking task as SUCCESS. dag_id=S3_to_BigQuery, task_id=load_stations_data, execution_date=20230802T085420, start_date=20230802T085423, end_date=20230802T085426
[2023-08-02 08:54:26,424] {local_task_job.py:156} INFO - Task exited with return code 0
[2023-08-02 08:54:26,500] {local_task_job.py:273} INFO - 1 downstream tasks scheduled from follow-on schedule check
