[2023-08-01 22:52:24,083] {taskinstance.py:1159} INFO - Dependencies all met for <TaskInstance: s3_to_BigQuery.join_all manual__2023-08-01T22:52:17.316354+00:00 [queued]>
[2023-08-01 22:52:24,092] {taskinstance.py:1159} INFO - Dependencies all met for <TaskInstance: s3_to_BigQuery.join_all manual__2023-08-01T22:52:17.316354+00:00 [queued]>
[2023-08-01 22:52:24,092] {taskinstance.py:1356} INFO - 
--------------------------------------------------------------------------------
[2023-08-01 22:52:24,092] {taskinstance.py:1357} INFO - Starting attempt 1 of 2
[2023-08-01 22:52:24,092] {taskinstance.py:1358} INFO - 
--------------------------------------------------------------------------------
[2023-08-01 22:52:24,118] {taskinstance.py:1377} INFO - Executing <Task(BashOperator): join_all> on 2023-08-01 22:52:17.316354+00:00
[2023-08-01 22:52:24,124] {standard_task_runner.py:52} INFO - Started process 91 to run task
[2023-08-01 22:52:24,126] {standard_task_runner.py:79} INFO - Running: ['***', 'tasks', 'run', 's3_to_BigQuery', 'join_all', 'manual__2023-08-01T22:52:17.316354+00:00', '--job-id', '205', '--raw', '--subdir', 'DAGS_FOLDER/dag.py', '--cfg-path', '/tmp/tmpvt9w0maq', '--error-file', '/tmp/tmphimr05lr']
[2023-08-01 22:52:24,127] {standard_task_runner.py:80} INFO - Job 205: Subtask join_all
[2023-08-01 22:52:24,181] {task_command.py:370} INFO - Running <TaskInstance: s3_to_BigQuery.join_all manual__2023-08-01T22:52:17.316354+00:00 [running]> on host 11cc9cd02b17
[2023-08-01 22:52:24,287] {taskinstance.py:1571} INFO - Exporting the following env vars:
AIRFLOW_CTX_DAG_OWNER=***
AIRFLOW_CTX_DAG_ID=s3_to_BigQuery
AIRFLOW_CTX_TASK_ID=join_all
AIRFLOW_CTX_EXECUTION_DATE=2023-08-01T22:52:17.316354+00:00
AIRFLOW_CTX_TRY_NUMBER=1
AIRFLOW_CTX_DAG_RUN_ID=manual__2023-08-01T22:52:17.316354+00:00
[2023-08-01 22:52:24,288] {subprocess.py:62} INFO - Tmp dir root location: 
 /tmp
[2023-08-01 22:52:24,289] {subprocess.py:74} INFO - Running command: ['bash', '-c', "echo 'Join all!'"]
[2023-08-01 22:52:24,301] {subprocess.py:85} INFO - Output:
[2023-08-01 22:52:24,359] {subprocess.py:92} INFO - Join all!
[2023-08-01 22:52:24,383] {subprocess.py:96} INFO - Command exited with return code 0
[2023-08-01 22:52:24,539] {taskinstance.py:1400} INFO - Marking task as SUCCESS. dag_id=s3_to_BigQuery, task_id=join_all, execution_date=20230801T225217, start_date=20230801T225224, end_date=20230801T225224
[2023-08-01 22:52:24,619] {local_task_job.py:156} INFO - Task exited with return code 0
[2023-08-01 22:52:24,687] {local_task_job.py:273} INFO - 0 downstream tasks scheduled from follow-on schedule check
