[2023-08-01 22:56:58,546] {taskinstance.py:1159} INFO - Dependencies all met for <TaskInstance: s3_to_BigQuery.weather_data_to_BQ manual__2023-08-01T22:56:56.733909+00:00 [queued]>
[2023-08-01 22:56:58,556] {taskinstance.py:1159} INFO - Dependencies all met for <TaskInstance: s3_to_BigQuery.weather_data_to_BQ manual__2023-08-01T22:56:56.733909+00:00 [queued]>
[2023-08-01 22:56:58,557] {taskinstance.py:1356} INFO - 
--------------------------------------------------------------------------------
[2023-08-01 22:56:58,557] {taskinstance.py:1357} INFO - Starting attempt 1 of 2
[2023-08-01 22:56:58,557] {taskinstance.py:1358} INFO - 
--------------------------------------------------------------------------------
[2023-08-01 22:56:58,603] {taskinstance.py:1377} INFO - Executing <Task(PythonOperator): weather_data_to_BQ> on 2023-08-01 22:56:56.733909+00:00
[2023-08-01 22:56:58,609] {standard_task_runner.py:52} INFO - Started process 86 to run task
[2023-08-01 22:56:58,612] {standard_task_runner.py:79} INFO - Running: ['***', 'tasks', 'run', 's3_to_BigQuery', 'weather_data_to_BQ', 'manual__2023-08-01T22:56:56.733909+00:00', '--job-id', '208', '--raw', '--subdir', 'DAGS_FOLDER/dag.py', '--cfg-path', '/tmp/tmpnrkle6w9', '--error-file', '/tmp/tmpvywduia6']
[2023-08-01 22:56:58,613] {standard_task_runner.py:80} INFO - Job 208: Subtask weather_data_to_BQ
[2023-08-01 22:56:58,682] {task_command.py:370} INFO - Running <TaskInstance: s3_to_BigQuery.weather_data_to_BQ manual__2023-08-01T22:56:56.733909+00:00 [running]> on host 11cc9cd02b17
[2023-08-01 22:56:58,832] {taskinstance.py:1571} INFO - Exporting the following env vars:
AIRFLOW_CTX_DAG_OWNER=***
AIRFLOW_CTX_DAG_ID=s3_to_BigQuery
AIRFLOW_CTX_TASK_ID=weather_data_to_BQ
AIRFLOW_CTX_EXECUTION_DATE=2023-08-01T22:56:56.733909+00:00
AIRFLOW_CTX_TRY_NUMBER=1
AIRFLOW_CTX_DAG_RUN_ID=manual__2023-08-01T22:56:56.733909+00:00
[2023-08-01 22:56:58,833] {logging_mixin.py:115} INFO - 
 heeeeeeeeeeeeeeeeeeeeeeeeeeeeeeeeeyy
[2023-08-01 22:56:59,406] {logging_mixin.py:115} INFO - 
✅ DataFrame created ! ✅
[2023-08-01 22:56:59,407] {logging_mixin.py:115} INFO - Error: [Errno 2] No such file or directory: '/opt/***/pluginslime-project-key.json'
[2023-08-01 22:56:59,410] {python.py:173} INFO - Done. Returned value was: None
[2023-08-01 22:56:59,500] {taskinstance.py:1400} INFO - Marking task as SUCCESS. dag_id=s3_to_BigQuery, task_id=weather_data_to_BQ, execution_date=20230801T225656, start_date=20230801T225658, end_date=20230801T225659
[2023-08-01 22:56:59,587] {local_task_job.py:156} INFO - Task exited with return code 0
[2023-08-01 22:56:59,637] {local_task_job.py:273} INFO - 0 downstream tasks scheduled from follow-on schedule check
