[2023-08-02 09:30:48,005] {taskinstance.py:1159} INFO - Dependencies all met for <TaskInstance: S3_to_BigQuery.load_stations_data manual__2023-08-02T09:30:45.813128+00:00 [queued]>
[2023-08-02 09:30:48,013] {taskinstance.py:1159} INFO - Dependencies all met for <TaskInstance: S3_to_BigQuery.load_stations_data manual__2023-08-02T09:30:45.813128+00:00 [queued]>
[2023-08-02 09:30:48,013] {taskinstance.py:1356} INFO - 
--------------------------------------------------------------------------------
[2023-08-02 09:30:48,013] {taskinstance.py:1357} INFO - Starting attempt 1 of 2
[2023-08-02 09:30:48,013] {taskinstance.py:1358} INFO - 
--------------------------------------------------------------------------------
[2023-08-02 09:30:48,038] {taskinstance.py:1377} INFO - Executing <Task(PythonOperator): load_stations_data> on 2023-08-02 09:30:45.813128+00:00
[2023-08-02 09:30:48,043] {standard_task_runner.py:52} INFO - Started process 10245 to run task
[2023-08-02 09:30:48,046] {standard_task_runner.py:79} INFO - Running: ['***', 'tasks', 'run', 'S3_to_BigQuery', 'load_stations_data', 'manual__2023-08-02T09:30:45.813128+00:00', '--job-id', '313', '--raw', '--subdir', 'DAGS_FOLDER/dag.py', '--cfg-path', '/tmp/tmp5khph3uw', '--error-file', '/tmp/tmp3_hukd42']
[2023-08-02 09:30:48,047] {standard_task_runner.py:80} INFO - Job 313: Subtask load_stations_data
[2023-08-02 09:30:48,099] {task_command.py:370} INFO - Running <TaskInstance: S3_to_BigQuery.load_stations_data manual__2023-08-02T09:30:45.813128+00:00 [running]> on host 656341a29da6
[2023-08-02 09:30:48,946] {taskinstance.py:1571} INFO - Exporting the following env vars:
AIRFLOW_CTX_DAG_OWNER=***
AIRFLOW_CTX_DAG_ID=S3_to_BigQuery
AIRFLOW_CTX_TASK_ID=load_stations_data
AIRFLOW_CTX_EXECUTION_DATE=2023-08-02T09:30:45.813128+00:00
AIRFLOW_CTX_TRY_NUMBER=1
AIRFLOW_CTX_DAG_RUN_ID=manual__2023-08-02T09:30:45.813128+00:00
[2023-08-02 09:30:50,962] {logging_mixin.py:115} INFO - 
DataFrame push into xcom.
[2023-08-02 09:30:51,917] {logging_mixin.py:115} INFO - 
DATAFRAME SHAPE : (16003, 8)
[2023-08-02 09:30:51,918] {logging_mixin.py:115} INFO - 
✅ DataFrame created ! ✅
[2023-08-02 09:30:53,211] {logging_mixin.py:115} INFO - 
✅ Push to xcom ! ✅
[2023-08-02 09:30:53,219] {python.py:173} INFO - Done. Returned value was: None
[2023-08-02 09:30:53,268] {taskinstance.py:1400} INFO - Marking task as SUCCESS. dag_id=S3_to_BigQuery, task_id=load_stations_data, execution_date=20230802T093045, start_date=20230802T093048, end_date=20230802T093053
[2023-08-02 09:30:53,390] {local_task_job.py:156} INFO - Task exited with return code 0
[2023-08-02 09:30:53,487] {local_task_job.py:273} INFO - 1 downstream tasks scheduled from follow-on schedule check
