[2023-08-01 09:52:58,407] {taskinstance.py:1159} INFO - Dependencies all met for <TaskInstance: s3_to_BigQuery.join_all scheduled__2023-07-31T09:52:26.300414+00:00 [queued]>
[2023-08-01 09:52:58,414] {taskinstance.py:1159} INFO - Dependencies all met for <TaskInstance: s3_to_BigQuery.join_all scheduled__2023-07-31T09:52:26.300414+00:00 [queued]>
[2023-08-01 09:52:58,414] {taskinstance.py:1356} INFO - 
--------------------------------------------------------------------------------
[2023-08-01 09:52:58,414] {taskinstance.py:1357} INFO - Starting attempt 1 of 2
[2023-08-01 09:52:58,414] {taskinstance.py:1358} INFO - 
--------------------------------------------------------------------------------
[2023-08-01 09:52:58,861] {taskinstance.py:1377} INFO - Executing <Task(BashOperator): join_all> on 2023-07-31 09:52:26.300414+00:00
[2023-08-01 09:52:58,870] {standard_task_runner.py:52} INFO - Started process 160 to run task
[2023-08-01 09:52:58,875] {standard_task_runner.py:79} INFO - Running: ['***', 'tasks', 'run', 's3_to_BigQuery', 'join_all', 'scheduled__2023-07-31T09:52:26.300414+00:00', '--job-id', '149', '--raw', '--subdir', 'DAGS_FOLDER/dag.py', '--cfg-path', '/tmp/tmp09c2a3jd', '--error-file', '/tmp/tmpfh3ye4zq']
[2023-08-01 09:52:58,877] {standard_task_runner.py:80} INFO - Job 149: Subtask join_all
[2023-08-01 09:52:58,968] {task_command.py:370} INFO - Running <TaskInstance: s3_to_BigQuery.join_all scheduled__2023-07-31T09:52:26.300414+00:00 [running]> on host 3548e63a091e
[2023-08-01 09:52:59,088] {taskinstance.py:1571} INFO - Exporting the following env vars:
AIRFLOW_CTX_DAG_OWNER=***
AIRFLOW_CTX_DAG_ID=s3_to_BigQuery
AIRFLOW_CTX_TASK_ID=join_all
AIRFLOW_CTX_EXECUTION_DATE=2023-07-31T09:52:26.300414+00:00
AIRFLOW_CTX_TRY_NUMBER=1
AIRFLOW_CTX_DAG_RUN_ID=scheduled__2023-07-31T09:52:26.300414+00:00
[2023-08-01 09:52:59,090] {subprocess.py:62} INFO - Tmp dir root location: 
 /tmp
[2023-08-01 09:52:59,091] {subprocess.py:74} INFO - Running command: ['bash', '-c', "echo 'Join all!'"]
[2023-08-01 09:52:59,117] {subprocess.py:85} INFO - Output:
[2023-08-01 09:52:59,126] {subprocess.py:92} INFO - Join all!
[2023-08-01 09:52:59,127] {subprocess.py:96} INFO - Command exited with return code 0
[2023-08-01 09:52:59,202] {taskinstance.py:1400} INFO - Marking task as SUCCESS. dag_id=s3_to_BigQuery, task_id=join_all, execution_date=20230731T095226, start_date=20230801T095258, end_date=20230801T095259
[2023-08-01 09:52:59,288] {local_task_job.py:156} INFO - Task exited with return code 0
[2023-08-01 09:52:59,369] {local_task_job.py:273} INFO - 0 downstream tasks scheduled from follow-on schedule check
