[2023-08-01 22:57:00,973] {taskinstance.py:1159} INFO - Dependencies all met for <TaskInstance: s3_to_BigQuery.join_all manual__2023-08-01T22:56:56.733909+00:00 [queued]>
[2023-08-01 22:57:00,981] {taskinstance.py:1159} INFO - Dependencies all met for <TaskInstance: s3_to_BigQuery.join_all manual__2023-08-01T22:56:56.733909+00:00 [queued]>
[2023-08-01 22:57:00,981] {taskinstance.py:1356} INFO - 
--------------------------------------------------------------------------------
[2023-08-01 22:57:00,981] {taskinstance.py:1357} INFO - Starting attempt 1 of 2
[2023-08-01 22:57:00,981] {taskinstance.py:1358} INFO - 
--------------------------------------------------------------------------------
[2023-08-01 22:57:01,006] {taskinstance.py:1377} INFO - Executing <Task(BashOperator): join_all> on 2023-08-01 22:56:56.733909+00:00
[2023-08-01 22:57:01,011] {standard_task_runner.py:52} INFO - Started process 90 to run task
[2023-08-01 22:57:01,013] {standard_task_runner.py:79} INFO - Running: ['***', 'tasks', 'run', 's3_to_BigQuery', 'join_all', 'manual__2023-08-01T22:56:56.733909+00:00', '--job-id', '210', '--raw', '--subdir', 'DAGS_FOLDER/dag.py', '--cfg-path', '/tmp/tmpzrvjd04o', '--error-file', '/tmp/tmp1tc5120d']
[2023-08-01 22:57:01,014] {standard_task_runner.py:80} INFO - Job 210: Subtask join_all
[2023-08-01 22:57:01,073] {task_command.py:370} INFO - Running <TaskInstance: s3_to_BigQuery.join_all manual__2023-08-01T22:56:56.733909+00:00 [running]> on host 11cc9cd02b17
[2023-08-01 22:57:01,152] {taskinstance.py:1571} INFO - Exporting the following env vars:
AIRFLOW_CTX_DAG_OWNER=***
AIRFLOW_CTX_DAG_ID=s3_to_BigQuery
AIRFLOW_CTX_TASK_ID=join_all
AIRFLOW_CTX_EXECUTION_DATE=2023-08-01T22:56:56.733909+00:00
AIRFLOW_CTX_TRY_NUMBER=1
AIRFLOW_CTX_DAG_RUN_ID=manual__2023-08-01T22:56:56.733909+00:00
[2023-08-01 22:57:01,153] {subprocess.py:62} INFO - Tmp dir root location: 
 /tmp
[2023-08-01 22:57:01,153] {subprocess.py:74} INFO - Running command: ['bash', '-c', "echo 'Join all!'"]
[2023-08-01 22:57:01,164] {subprocess.py:85} INFO - Output:
[2023-08-01 22:57:01,181] {subprocess.py:92} INFO - Join all!
[2023-08-01 22:57:01,181] {subprocess.py:96} INFO - Command exited with return code 0
[2023-08-01 22:57:01,220] {taskinstance.py:1400} INFO - Marking task as SUCCESS. dag_id=s3_to_BigQuery, task_id=join_all, execution_date=20230801T225656, start_date=20230801T225700, end_date=20230801T225701
[2023-08-01 22:57:01,266] {local_task_job.py:156} INFO - Task exited with return code 0
[2023-08-01 22:57:01,378] {local_task_job.py:273} INFO - 0 downstream tasks scheduled from follow-on schedule check
