[2023-08-02 09:18:13,147] {taskinstance.py:1159} INFO - Dependencies all met for <TaskInstance: S3_to_BigQuery.load_stations_data manual__2023-08-02T09:18:10.718627+00:00 [queued]>
[2023-08-02 09:18:13,155] {taskinstance.py:1159} INFO - Dependencies all met for <TaskInstance: S3_to_BigQuery.load_stations_data manual__2023-08-02T09:18:10.718627+00:00 [queued]>
[2023-08-02 09:18:13,155] {taskinstance.py:1356} INFO - 
--------------------------------------------------------------------------------
[2023-08-02 09:18:13,155] {taskinstance.py:1357} INFO - Starting attempt 1 of 2
[2023-08-02 09:18:13,155] {taskinstance.py:1358} INFO - 
--------------------------------------------------------------------------------
[2023-08-02 09:18:13,190] {taskinstance.py:1377} INFO - Executing <Task(PythonOperator): load_stations_data> on 2023-08-02 09:18:10.718627+00:00
[2023-08-02 09:18:13,195] {standard_task_runner.py:52} INFO - Started process 9646 to run task
[2023-08-02 09:18:13,198] {standard_task_runner.py:79} INFO - Running: ['***', 'tasks', 'run', 'S3_to_BigQuery', 'load_stations_data', 'manual__2023-08-02T09:18:10.718627+00:00', '--job-id', '304', '--raw', '--subdir', 'DAGS_FOLDER/dag.py', '--cfg-path', '/tmp/tmph04zya6t', '--error-file', '/tmp/tmpvg929mca']
[2023-08-02 09:18:13,198] {standard_task_runner.py:80} INFO - Job 304: Subtask load_stations_data
[2023-08-02 09:18:13,292] {task_command.py:370} INFO - Running <TaskInstance: S3_to_BigQuery.load_stations_data manual__2023-08-02T09:18:10.718627+00:00 [running]> on host 656341a29da6
[2023-08-02 09:18:13,465] {taskinstance.py:1571} INFO - Exporting the following env vars:
AIRFLOW_CTX_DAG_OWNER=***
AIRFLOW_CTX_DAG_ID=S3_to_BigQuery
AIRFLOW_CTX_TASK_ID=load_stations_data
AIRFLOW_CTX_EXECUTION_DATE=2023-08-02T09:18:10.718627+00:00
AIRFLOW_CTX_TRY_NUMBER=1
AIRFLOW_CTX_DAG_RUN_ID=manual__2023-08-02T09:18:10.718627+00:00
[2023-08-02 09:18:15,229] {logging_mixin.py:115} INFO - 
DataFrame push into xcom.
[2023-08-02 09:18:16,035] {logging_mixin.py:115} INFO - 
DATAFRAME SHAPE : (16003, 8)
[2023-08-02 09:18:16,035] {logging_mixin.py:115} INFO - 
✅ DataFrame created ! ✅
[2023-08-02 09:18:16,087] {logging_mixin.py:115} INFO - Error: (psycopg2.ProgrammingError) can't adapt type 'DataFrame'
[SQL: DELETE FROM xcom WHERE xcom.key = %(key_1)s AND xcom.run_id = %(run_id_1)s AND xcom.task_id = %(task_id_1)s AND xcom.dag_id = %(dag_id_1)s AND xcom.map_index = %(map_index_1)s]
[parameters: {'key_1':        stationCode  ...               time_period
0            16107  ... 2023-08-01 16:30:00+02:00
1            31104  ... 2023-08-01 16:30:00+02:00
 ... (325 characters truncated) ... 023-08-02 01:30:00+02:00
16001        42004  ... 2023-08-02 01:30:00+02:00
16002         8004  ... 2023-08-02 01:30:00+02:00

[16003 rows x 8 columns], 'run_id_1': 'manual__2023-08-02T09:18:10.718627+00:00', 'task_id_1': 'load_stations_data', 'dag_id_1': 'S3_to_BigQuery', 'map_index_1': -1}]
(Background on this error at: http://sqlalche.me/e/14/f405)
[2023-08-02 09:18:16,087] {python.py:173} INFO - Done. Returned value was: None
[2023-08-02 09:18:16,097] {taskinstance.py:1400} INFO - Marking task as SUCCESS. dag_id=S3_to_BigQuery, task_id=load_stations_data, execution_date=20230802T091810, start_date=20230802T091813, end_date=20230802T091816
[2023-08-02 09:18:16,621] {local_task_job.py:156} INFO - Task exited with return code 0
[2023-08-02 09:18:16,684] {local_task_job.py:273} INFO - 1 downstream tasks scheduled from follow-on schedule check
