[2023-08-02 13:45:52,885] {taskinstance.py:1159} INFO - Dependencies all met for <TaskInstance: S3_to_BigQuery.upload_weather_data manual__2023-08-02T13:45:44.945523+00:00 [queued]>
[2023-08-02 13:45:52,893] {taskinstance.py:1159} INFO - Dependencies all met for <TaskInstance: S3_to_BigQuery.upload_weather_data manual__2023-08-02T13:45:44.945523+00:00 [queued]>
[2023-08-02 13:45:52,893] {taskinstance.py:1356} INFO - 
--------------------------------------------------------------------------------
[2023-08-02 13:45:52,893] {taskinstance.py:1357} INFO - Starting attempt 1 of 2
[2023-08-02 13:45:52,893] {taskinstance.py:1358} INFO - 
--------------------------------------------------------------------------------
[2023-08-02 13:45:52,944] {taskinstance.py:1377} INFO - Executing <Task(PythonOperator): upload_weather_data> on 2023-08-02 13:45:44.945523+00:00
[2023-08-02 13:45:52,949] {standard_task_runner.py:52} INFO - Started process 2448 to run task
[2023-08-02 13:45:52,951] {standard_task_runner.py:79} INFO - Running: ['***', 'tasks', 'run', 'S3_to_BigQuery', 'upload_weather_data', 'manual__2023-08-02T13:45:44.945523+00:00', '--job-id', '386', '--raw', '--subdir', 'DAGS_FOLDER/dag.py', '--cfg-path', '/tmp/tmp9egm0220', '--error-file', '/tmp/tmpf5p4dmz9']
[2023-08-02 13:45:52,952] {standard_task_runner.py:80} INFO - Job 386: Subtask upload_weather_data
[2023-08-02 13:45:53,040] {task_command.py:370} INFO - Running <TaskInstance: S3_to_BigQuery.upload_weather_data manual__2023-08-02T13:45:44.945523+00:00 [running]> on host f57ce474b9bb
[2023-08-02 13:45:53,234] {taskinstance.py:1571} INFO - Exporting the following env vars:
AIRFLOW_CTX_DAG_OWNER=***
AIRFLOW_CTX_DAG_ID=S3_to_BigQuery
AIRFLOW_CTX_TASK_ID=upload_weather_data
AIRFLOW_CTX_EXECUTION_DATE=2023-08-02T13:45:44.945523+00:00
AIRFLOW_CTX_TRY_NUMBER=1
AIRFLOW_CTX_DAG_RUN_ID=manual__2023-08-02T13:45:44.945523+00:00
[2023-08-02 13:45:53,817] {logging_mixin.py:115} INFO - Error: Could not create the table because it already exists. Change the if_exists parameter to 'append' or 'replace' data.
[2023-08-02 13:45:53,817] {python.py:173} INFO - Done. Returned value was: None
[2023-08-02 13:45:53,830] {taskinstance.py:1400} INFO - Marking task as SUCCESS. dag_id=S3_to_BigQuery, task_id=upload_weather_data, execution_date=20230802T134544, start_date=20230802T134552, end_date=20230802T134553
[2023-08-02 13:45:53,885] {local_task_job.py:156} INFO - Task exited with return code 0
[2023-08-02 13:45:53,954] {local_task_job.py:273} INFO - 0 downstream tasks scheduled from follow-on schedule check
