[2023-08-02 08:38:36,305] {taskinstance.py:1159} INFO - Dependencies all met for <TaskInstance: S3_to_BigQuery.load_weather_data manual__2023-08-02T08:33:29.200863+00:00 [queued]>
[2023-08-02 08:38:36,317] {taskinstance.py:1159} INFO - Dependencies all met for <TaskInstance: S3_to_BigQuery.load_weather_data manual__2023-08-02T08:33:29.200863+00:00 [queued]>
[2023-08-02 08:38:36,317] {taskinstance.py:1356} INFO - 
--------------------------------------------------------------------------------
[2023-08-02 08:38:36,317] {taskinstance.py:1357} INFO - Starting attempt 2 of 2
[2023-08-02 08:38:36,317] {taskinstance.py:1358} INFO - 
--------------------------------------------------------------------------------
[2023-08-02 08:38:36,347] {taskinstance.py:1377} INFO - Executing <Task(PythonOperator): load_weather_data> on 2023-08-02 08:33:29.200863+00:00
[2023-08-02 08:38:36,360] {standard_task_runner.py:52} INFO - Started process 7736 to run task
[2023-08-02 08:38:36,366] {standard_task_runner.py:79} INFO - Running: ['***', 'tasks', 'run', 'S3_to_BigQuery', 'load_weather_data', 'manual__2023-08-02T08:33:29.200863+00:00', '--job-id', '266', '--raw', '--subdir', 'DAGS_FOLDER/dag.py', '--cfg-path', '/tmp/tmpbfvmxj_n', '--error-file', '/tmp/tmpajvu_6cf']
[2023-08-02 08:38:36,367] {standard_task_runner.py:80} INFO - Job 266: Subtask load_weather_data
[2023-08-02 08:38:36,441] {task_command.py:370} INFO - Running <TaskInstance: S3_to_BigQuery.load_weather_data manual__2023-08-02T08:33:29.200863+00:00 [running]> on host 656341a29da6
[2023-08-02 08:38:36,539] {taskinstance.py:1571} INFO - Exporting the following env vars:
AIRFLOW_CTX_DAG_OWNER=***
AIRFLOW_CTX_DAG_ID=S3_to_BigQuery
AIRFLOW_CTX_TASK_ID=load_weather_data
AIRFLOW_CTX_EXECUTION_DATE=2023-08-02T08:33:29.200863+00:00
AIRFLOW_CTX_TRY_NUMBER=2
AIRFLOW_CTX_DAG_RUN_ID=manual__2023-08-02T08:33:29.200863+00:00
[2023-08-02 08:38:37,042] {logging_mixin.py:115} INFO - 
DataFrame push into xcom.
[2023-08-02 08:38:37,056] {logging_mixin.py:115} INFO - 
DATAFRAME SHAPE : (13, 11)
[2023-08-02 08:38:37,056] {logging_mixin.py:115} INFO - 
✅ DataFrame created ! ✅
[2023-08-02 08:38:37,060] {python.py:173} INFO - Done. Returned value was: [{"precipitation":0.8,"rain":0.3,"datetime":1690900977628,"visibility":21780.0,"snowfall":0.0,"temperature":20.7,"windspeed":15.1,"is_day":1,"humidity":85.0,"snow_depth":0.0,"time_period":1690900200000},{"precipitation":0.8,"rain":0.3,"datetime":1690902451681,"visibility":21780.0,"snowfall":0.0,"temperature":20.7,"windspeed":16.2,"is_day":1,"humidity":85.0,"snow_depth":0.0,"time_period":1690902000000},{"precipitation":0.8,"rain":0.3,"datetime":1690903085149,"visibility":21780.0,"snowfall":0.0,"temperature":20.7,"windspeed":16.2,"is_day":1,"humidity":85.0,"snow_depth":0.0,"time_period":1690902000000},{"precipitation":0.8,"rain":0.3,"datetime":1690904327534,"visibility":21780.0,"snowfall":0.0,"temperature":20.7,"windspeed":16.2,"is_day":1,"humidity":85.0,"snow_depth":0.0,"time_period":1690903800000},{"precipitation":0.8,"rain":0.3,"datetime":1690905190010,"visibility":21780.0,"snowfall":0.0,"temperature":20.7,"windspeed":16.2,"is_day":1,"humidity":85.0,"snow_depth":0.0,"time_period":1690903800000},{"precipitation":0.8,"rain":0.3,"datetime":1690925597117,"visibility":21780.0,"snowfall":0.0,"temperature":18.4,"windspeed":11.2,"is_day":0,"humidity":85.0,"snow_depth":0.0,"time_period":1690925400000},{"precipitation":0.8,"rain":0.3,"datetime":1690925728336,"visibility":21780.0,"snowfall":0.0,"temperature":18.4,"windspeed":11.2,"is_day":0,"humidity":85.0,"snow_depth":0.0,"time_period":1690925400000},{"precipitation":0.8,"rain":0.3,"datetime":1690925933967,"visibility":21780.0,"snowfall":0.0,"temperature":18.4,"windspeed":11.2,"is_day":0,"humidity":85.0,"snow_depth":0.0,"time_period":1690925400000},{"precipitation":0.8,"rain":0.3,"datetime":1690926030285,"visibility":21780.0,"snowfall":0.0,"temperature":18.4,"windspeed":11.2,"is_day":0,"humidity":85.0,"snow_depth":0.0,"time_period":1690925400000},{"precipitation":0.8,"rain":0.3,"datetime":1690927911004,"visibility":21780.0,"snowfall":0.0,"temperature":17.7,"windspeed":11.6,"is_day":0,"humidity":85.0,"snow_depth":0.0,"time_period":1690927200000},{"precipitation":0.8,"rain":0.3,"datetime":1690929790310,"visibility":21780.0,"snowfall":0.0,"temperature":17.5,"windspeed":10.9,"is_day":0,"humidity":85.0,"snow_depth":0.0,"time_period":1690929000000},{"precipitation":0.8,"rain":0.3,"datetime":1690931669402,"visibility":21780.0,"snowfall":0.0,"temperature":17.2,"windspeed":12.4,"is_day":0,"humidity":85.0,"snow_depth":0.0,"time_period":1690930800000},{"precipitation":0.8,"rain":0.3,"datetime":1690933548277,"visibility":21780.0,"snowfall":0.0,"temperature":17.2,"windspeed":12.4,"is_day":0,"humidity":85.0,"snow_depth":0.0,"time_period":1690932600000}]
[2023-08-02 08:38:37,144] {taskinstance.py:1400} INFO - Marking task as SUCCESS. dag_id=S3_to_BigQuery, task_id=load_weather_data, execution_date=20230802T083329, start_date=20230802T083836, end_date=20230802T083837
[2023-08-02 08:38:37,180] {local_task_job.py:156} INFO - Task exited with return code 0
[2023-08-02 08:38:37,229] {local_task_job.py:273} INFO - 0 downstream tasks scheduled from follow-on schedule check
