[2023-08-02 13:45:59,056] {taskinstance.py:1159} INFO - Dependencies all met for <TaskInstance: S3_to_BigQuery.upload_stations_data manual__2023-08-02T13:45:44.945523+00:00 [queued]>
[2023-08-02 13:45:59,067] {taskinstance.py:1159} INFO - Dependencies all met for <TaskInstance: S3_to_BigQuery.upload_stations_data manual__2023-08-02T13:45:44.945523+00:00 [queued]>
[2023-08-02 13:45:59,067] {taskinstance.py:1356} INFO - 
--------------------------------------------------------------------------------
[2023-08-02 13:45:59,068] {taskinstance.py:1357} INFO - Starting attempt 1 of 2
[2023-08-02 13:45:59,068] {taskinstance.py:1358} INFO - 
--------------------------------------------------------------------------------
[2023-08-02 13:45:59,625] {taskinstance.py:1377} INFO - Executing <Task(PythonOperator): upload_stations_data> on 2023-08-02 13:45:44.945523+00:00
[2023-08-02 13:45:59,638] {standard_task_runner.py:52} INFO - Started process 2451 to run task
[2023-08-02 13:45:59,643] {standard_task_runner.py:79} INFO - Running: ['***', 'tasks', 'run', 'S3_to_BigQuery', 'upload_stations_data', 'manual__2023-08-02T13:45:44.945523+00:00', '--job-id', '387', '--raw', '--subdir', 'DAGS_FOLDER/dag.py', '--cfg-path', '/tmp/tmp0krcmzrx', '--error-file', '/tmp/tmpqsv8pl1t']
[2023-08-02 13:45:59,645] {standard_task_runner.py:80} INFO - Job 387: Subtask upload_stations_data
[2023-08-02 13:45:59,873] {task_command.py:370} INFO - Running <TaskInstance: S3_to_BigQuery.upload_stations_data manual__2023-08-02T13:45:44.945523+00:00 [running]> on host f57ce474b9bb
[2023-08-02 13:45:59,999] {taskinstance.py:1571} INFO - Exporting the following env vars:
AIRFLOW_CTX_DAG_OWNER=***
AIRFLOW_CTX_DAG_ID=S3_to_BigQuery
AIRFLOW_CTX_TASK_ID=upload_stations_data
AIRFLOW_CTX_EXECUTION_DATE=2023-08-02T13:45:44.945523+00:00
AIRFLOW_CTX_TRY_NUMBER=1
AIRFLOW_CTX_DAG_RUN_ID=manual__2023-08-02T13:45:44.945523+00:00
[2023-08-02 13:46:00,679] {logging_mixin.py:115} INFO - Error: Could not create the table because it already exists. Change the if_exists parameter to 'append' or 'replace' data.
[2023-08-02 13:46:00,685] {python.py:173} INFO - Done. Returned value was: None
[2023-08-02 13:46:00,707] {taskinstance.py:1400} INFO - Marking task as SUCCESS. dag_id=S3_to_BigQuery, task_id=upload_stations_data, execution_date=20230802T134544, start_date=20230802T134559, end_date=20230802T134600
[2023-08-02 13:46:01,059] {local_task_job.py:156} INFO - Task exited with return code 0
[2023-08-02 13:46:01,133] {local_task_job.py:273} INFO - 1 downstream tasks scheduled from follow-on schedule check
