[2023-08-01 09:54:44,446] {taskinstance.py:1159} INFO - Dependencies all met for <TaskInstance: s3_to_BigQuery.join_all manual__2023-08-01T09:54:28.608301+00:00 [queued]>
[2023-08-01 09:54:44,455] {taskinstance.py:1159} INFO - Dependencies all met for <TaskInstance: s3_to_BigQuery.join_all manual__2023-08-01T09:54:28.608301+00:00 [queued]>
[2023-08-01 09:54:44,455] {taskinstance.py:1356} INFO - 
--------------------------------------------------------------------------------
[2023-08-01 09:54:44,455] {taskinstance.py:1357} INFO - Starting attempt 1 of 2
[2023-08-01 09:54:44,455] {taskinstance.py:1358} INFO - 
--------------------------------------------------------------------------------
[2023-08-01 09:54:44,476] {taskinstance.py:1377} INFO - Executing <Task(BashOperator): join_all> on 2023-08-01 09:54:28.608301+00:00
[2023-08-01 09:54:44,480] {standard_task_runner.py:52} INFO - Started process 244 to run task
[2023-08-01 09:54:44,483] {standard_task_runner.py:79} INFO - Running: ['***', 'tasks', 'run', 's3_to_BigQuery', 'join_all', 'manual__2023-08-01T09:54:28.608301+00:00', '--job-id', '153', '--raw', '--subdir', 'DAGS_FOLDER/dag.py', '--cfg-path', '/tmp/tmpvkdptrh4', '--error-file', '/tmp/tmpbv5c85i4']
[2023-08-01 09:54:44,484] {standard_task_runner.py:80} INFO - Job 153: Subtask join_all
[2023-08-01 09:54:44,594] {task_command.py:370} INFO - Running <TaskInstance: s3_to_BigQuery.join_all manual__2023-08-01T09:54:28.608301+00:00 [running]> on host 3548e63a091e
[2023-08-01 09:54:44,710] {taskinstance.py:1571} INFO - Exporting the following env vars:
AIRFLOW_CTX_DAG_OWNER=***
AIRFLOW_CTX_DAG_ID=s3_to_BigQuery
AIRFLOW_CTX_TASK_ID=join_all
AIRFLOW_CTX_EXECUTION_DATE=2023-08-01T09:54:28.608301+00:00
AIRFLOW_CTX_TRY_NUMBER=1
AIRFLOW_CTX_DAG_RUN_ID=manual__2023-08-01T09:54:28.608301+00:00
[2023-08-01 09:54:44,711] {subprocess.py:62} INFO - Tmp dir root location: 
 /tmp
[2023-08-01 09:54:44,711] {subprocess.py:74} INFO - Running command: ['bash', '-c', "echo 'Join all!'"]
[2023-08-01 09:54:44,723] {subprocess.py:85} INFO - Output:
[2023-08-01 09:54:44,724] {subprocess.py:92} INFO - Join all!
[2023-08-01 09:54:44,724] {subprocess.py:96} INFO - Command exited with return code 0
[2023-08-01 09:54:44,766] {taskinstance.py:1400} INFO - Marking task as SUCCESS. dag_id=s3_to_BigQuery, task_id=join_all, execution_date=20230801T095428, start_date=20230801T095444, end_date=20230801T095444
[2023-08-01 09:54:44,816] {local_task_job.py:156} INFO - Task exited with return code 0
[2023-08-01 09:54:44,871] {local_task_job.py:273} INFO - 0 downstream tasks scheduled from follow-on schedule check
