[2023-08-01 15:18:02,324] {taskinstance.py:1159} INFO - Dependencies all met for <TaskInstance: s3_to_BigQuery.stations_data_to_BQ manual__2023-08-01T15:18:00.511849+00:00 [queued]>
[2023-08-01 15:18:02,335] {taskinstance.py:1159} INFO - Dependencies all met for <TaskInstance: s3_to_BigQuery.stations_data_to_BQ manual__2023-08-01T15:18:00.511849+00:00 [queued]>
[2023-08-01 15:18:02,335] {taskinstance.py:1356} INFO - 
--------------------------------------------------------------------------------
[2023-08-01 15:18:02,335] {taskinstance.py:1357} INFO - Starting attempt 1 of 2
[2023-08-01 15:18:02,335] {taskinstance.py:1358} INFO - 
--------------------------------------------------------------------------------
[2023-08-01 15:18:02,362] {taskinstance.py:1377} INFO - Executing <Task(PythonOperator): stations_data_to_BQ> on 2023-08-01 15:18:00.511849+00:00
[2023-08-01 15:18:02,367] {standard_task_runner.py:52} INFO - Started process 6236 to run task
[2023-08-01 15:18:02,369] {standard_task_runner.py:79} INFO - Running: ['***', 'tasks', 'run', 's3_to_BigQuery', 'stations_data_to_BQ', 'manual__2023-08-01T15:18:00.511849+00:00', '--job-id', '188', '--raw', '--subdir', 'DAGS_FOLDER/dag.py', '--cfg-path', '/tmp/tmp_1xwlm5g', '--error-file', '/tmp/tmpa902d01g']
[2023-08-01 15:18:02,371] {standard_task_runner.py:80} INFO - Job 188: Subtask stations_data_to_BQ
[2023-08-01 15:18:02,431] {task_command.py:370} INFO - Running <TaskInstance: s3_to_BigQuery.stations_data_to_BQ manual__2023-08-01T15:18:00.511849+00:00 [running]> on host 4f21b1230883
[2023-08-01 15:18:02,529] {taskinstance.py:1571} INFO - Exporting the following env vars:
AIRFLOW_CTX_DAG_OWNER=***
AIRFLOW_CTX_DAG_ID=s3_to_BigQuery
AIRFLOW_CTX_TASK_ID=stations_data_to_BQ
AIRFLOW_CTX_EXECUTION_DATE=2023-08-01T15:18:00.511849+00:00
AIRFLOW_CTX_TRY_NUMBER=1
AIRFLOW_CTX_DAG_RUN_ID=manual__2023-08-01T15:18:00.511849+00:00
[2023-08-01 15:18:02,530] {logging_mixin.py:115} INFO - 
 heeeeeeeeeeeeeeeeeeeeeeeeeeeeeeeeeyy
[2023-08-01 15:18:03,845] {logging_mixin.py:115} INFO - 
✅ DataFrame created ! ✅
[2023-08-01 15:18:07,556] {logging_mixin.py:115} INFO - 
✅ Table 2023-07-31 upload on BigQuery! ✅
[2023-08-01 15:18:07,558] {python.py:173} INFO - Done. Returned value was: None
[2023-08-01 15:18:07,595] {taskinstance.py:1400} INFO - Marking task as SUCCESS. dag_id=s3_to_BigQuery, task_id=stations_data_to_BQ, execution_date=20230801T151800, start_date=20230801T151802, end_date=20230801T151807
[2023-08-01 15:18:07,647] {local_task_job.py:156} INFO - Task exited with return code 0
[2023-08-01 15:18:07,694] {local_task_job.py:273} INFO - 1 downstream tasks scheduled from follow-on schedule check
