[2023-08-01 22:44:53,720] {taskinstance.py:1159} INFO - Dependencies all met for <TaskInstance: s3_to_BigQuery.join_all manual__2023-08-01T22:44:43.498127+00:00 [queued]>
[2023-08-01 22:44:53,730] {taskinstance.py:1159} INFO - Dependencies all met for <TaskInstance: s3_to_BigQuery.join_all manual__2023-08-01T22:44:43.498127+00:00 [queued]>
[2023-08-01 22:44:53,730] {taskinstance.py:1356} INFO - 
--------------------------------------------------------------------------------
[2023-08-01 22:44:53,730] {taskinstance.py:1357} INFO - Starting attempt 1 of 2
[2023-08-01 22:44:53,731] {taskinstance.py:1358} INFO - 
--------------------------------------------------------------------------------
[2023-08-01 22:44:54,483] {taskinstance.py:1377} INFO - Executing <Task(BashOperator): join_all> on 2023-08-01 22:44:43.498127+00:00
[2023-08-01 22:44:54,501] {standard_task_runner.py:52} INFO - Started process 119 to run task
[2023-08-01 22:44:54,511] {standard_task_runner.py:79} INFO - Running: ['***', 'tasks', 'run', 's3_to_BigQuery', 'join_all', 'manual__2023-08-01T22:44:43.498127+00:00', '--job-id', '197', '--raw', '--subdir', 'DAGS_FOLDER/dag.py', '--cfg-path', '/tmp/tmp3_583wi7', '--error-file', '/tmp/tmpys8_3ow4']
[2023-08-01 22:44:54,513] {standard_task_runner.py:80} INFO - Job 197: Subtask join_all
[2023-08-01 22:44:54,653] {task_command.py:370} INFO - Running <TaskInstance: s3_to_BigQuery.join_all manual__2023-08-01T22:44:43.498127+00:00 [running]> on host ab2997d53564
[2023-08-01 22:44:54,741] {taskinstance.py:1571} INFO - Exporting the following env vars:
AIRFLOW_CTX_DAG_OWNER=***
AIRFLOW_CTX_DAG_ID=s3_to_BigQuery
AIRFLOW_CTX_TASK_ID=join_all
AIRFLOW_CTX_EXECUTION_DATE=2023-08-01T22:44:43.498127+00:00
AIRFLOW_CTX_TRY_NUMBER=1
AIRFLOW_CTX_DAG_RUN_ID=manual__2023-08-01T22:44:43.498127+00:00
[2023-08-01 22:44:54,742] {subprocess.py:62} INFO - Tmp dir root location: 
 /tmp
[2023-08-01 22:44:54,743] {subprocess.py:74} INFO - Running command: ['bash', '-c', "echo 'Join all!'"]
[2023-08-01 22:44:54,754] {subprocess.py:85} INFO - Output:
[2023-08-01 22:44:54,784] {subprocess.py:92} INFO - Join all!
[2023-08-01 22:44:54,784] {subprocess.py:96} INFO - Command exited with return code 0
[2023-08-01 22:44:54,888] {taskinstance.py:1400} INFO - Marking task as SUCCESS. dag_id=s3_to_BigQuery, task_id=join_all, execution_date=20230801T224443, start_date=20230801T224453, end_date=20230801T224454
[2023-08-01 22:44:54,963] {local_task_job.py:156} INFO - Task exited with return code 0
[2023-08-01 22:44:55,016] {local_task_job.py:273} INFO - 0 downstream tasks scheduled from follow-on schedule check
