[2023-08-02 08:43:44,828] {taskinstance.py:1159} INFO - Dependencies all met for <TaskInstance: S3_to_BigQuery.load_stations_data manual__2023-08-02T08:43:42.274917+00:00 [queued]>
[2023-08-02 08:43:44,839] {taskinstance.py:1159} INFO - Dependencies all met for <TaskInstance: S3_to_BigQuery.load_stations_data manual__2023-08-02T08:43:42.274917+00:00 [queued]>
[2023-08-02 08:43:44,839] {taskinstance.py:1356} INFO - 
--------------------------------------------------------------------------------
[2023-08-02 08:43:44,840] {taskinstance.py:1357} INFO - Starting attempt 1 of 2
[2023-08-02 08:43:44,840] {taskinstance.py:1358} INFO - 
--------------------------------------------------------------------------------
[2023-08-02 08:43:44,867] {taskinstance.py:1377} INFO - Executing <Task(PythonOperator): load_stations_data> on 2023-08-02 08:43:42.274917+00:00
[2023-08-02 08:43:44,871] {standard_task_runner.py:52} INFO - Started process 7987 to run task
[2023-08-02 08:43:44,873] {standard_task_runner.py:79} INFO - Running: ['***', 'tasks', 'run', 'S3_to_BigQuery', 'load_stations_data', 'manual__2023-08-02T08:43:42.274917+00:00', '--job-id', '271', '--raw', '--subdir', 'DAGS_FOLDER/dag.py', '--cfg-path', '/tmp/tmpgtzgz1hv', '--error-file', '/tmp/tmpbf5goqn1']
[2023-08-02 08:43:44,874] {standard_task_runner.py:80} INFO - Job 271: Subtask load_stations_data
[2023-08-02 08:43:44,929] {task_command.py:370} INFO - Running <TaskInstance: S3_to_BigQuery.load_stations_data manual__2023-08-02T08:43:42.274917+00:00 [running]> on host 656341a29da6
[2023-08-02 08:43:45,005] {taskinstance.py:1571} INFO - Exporting the following env vars:
AIRFLOW_CTX_DAG_OWNER=***
AIRFLOW_CTX_DAG_ID=S3_to_BigQuery
AIRFLOW_CTX_TASK_ID=load_stations_data
AIRFLOW_CTX_EXECUTION_DATE=2023-08-02T08:43:42.274917+00:00
AIRFLOW_CTX_TRY_NUMBER=1
AIRFLOW_CTX_DAG_RUN_ID=manual__2023-08-02T08:43:42.274917+00:00
[2023-08-02 08:43:46,807] {logging_mixin.py:115} INFO - 
DataFrame push into xcom.
[2023-08-02 08:43:47,545] {logging_mixin.py:115} INFO - 
DATAFRAME SHAPE : (16003, 8)
[2023-08-02 08:43:47,545] {logging_mixin.py:115} INFO - 
✅ DataFrame created ! ✅
[2023-08-02 08:43:48,180] {logging_mixin.py:115} INFO - 
✅ Push to xcom ! ✅
[2023-08-02 08:43:48,189] {python.py:173} INFO - Done. Returned value was: None
[2023-08-02 08:43:48,199] {taskinstance.py:1400} INFO - Marking task as SUCCESS. dag_id=S3_to_BigQuery, task_id=load_stations_data, execution_date=20230802T084342, start_date=20230802T084344, end_date=20230802T084348
[2023-08-02 08:43:48,338] {local_task_job.py:156} INFO - Task exited with return code 0
[2023-08-02 08:43:48,444] {local_task_job.py:273} INFO - 1 downstream tasks scheduled from follow-on schedule check
