[2023-08-02 10:17:44,915] {taskinstance.py:1159} INFO - Dependencies all met for <TaskInstance: S3_to_BigQuery.cleaning_stations_data manual__2023-08-02T10:17:37.558685+00:00 [queued]>
[2023-08-02 10:17:44,927] {taskinstance.py:1159} INFO - Dependencies all met for <TaskInstance: S3_to_BigQuery.cleaning_stations_data manual__2023-08-02T10:17:37.558685+00:00 [queued]>
[2023-08-02 10:17:44,927] {taskinstance.py:1356} INFO - 
--------------------------------------------------------------------------------
[2023-08-02 10:17:44,927] {taskinstance.py:1357} INFO - Starting attempt 1 of 2
[2023-08-02 10:17:44,927] {taskinstance.py:1358} INFO - 
--------------------------------------------------------------------------------
[2023-08-02 10:17:45,014] {taskinstance.py:1377} INFO - Executing <Task(PythonOperator): cleaning_stations_data> on 2023-08-02 10:17:37.558685+00:00
[2023-08-02 10:17:45,019] {standard_task_runner.py:52} INFO - Started process 544 to run task
[2023-08-02 10:17:45,021] {standard_task_runner.py:79} INFO - Running: ['***', 'tasks', 'run', 'S3_to_BigQuery', 'cleaning_stations_data', 'manual__2023-08-02T10:17:37.558685+00:00', '--job-id', '356', '--raw', '--subdir', 'DAGS_FOLDER/dag.py', '--cfg-path', '/tmp/tmpe8w_egqc', '--error-file', '/tmp/tmpko5jc8e7']
[2023-08-02 10:17:45,022] {standard_task_runner.py:80} INFO - Job 356: Subtask cleaning_stations_data
[2023-08-02 10:17:45,093] {task_command.py:370} INFO - Running <TaskInstance: S3_to_BigQuery.cleaning_stations_data manual__2023-08-02T10:17:37.558685+00:00 [running]> on host f57ce474b9bb
[2023-08-02 10:17:45,250] {taskinstance.py:1571} INFO - Exporting the following env vars:
AIRFLOW_CTX_DAG_OWNER=***
AIRFLOW_CTX_DAG_ID=S3_to_BigQuery
AIRFLOW_CTX_TASK_ID=cleaning_stations_data
AIRFLOW_CTX_EXECUTION_DATE=2023-08-02T10:17:37.558685+00:00
AIRFLOW_CTX_TRY_NUMBER=1
AIRFLOW_CTX_DAG_RUN_ID=manual__2023-08-02T10:17:37.558685+00:00
[2023-08-02 10:17:45,374] {logging_mixin.py:115} INFO - 
DataFrame push into xcom.
[2023-08-02 10:17:46,404] {logging_mixin.py:115} INFO - 
DATAFRAME SHAPE : (16003, 8)
[2023-08-02 10:17:46,404] {logging_mixin.py:115} INFO - 
✅ DataFrame created ! ✅
[2023-08-02 10:17:46,413] {logging_mixin.py:115} INFO -    stationCode  ...               time_period
0        16107  ... 2023-08-01 16:30:00+02:00
1        31104  ... 2023-08-01 16:30:00+02:00
2         9020  ... 2023-08-01 16:30:00+02:00
3        12109  ... 2023-08-01 16:30:00+02:00
4        14111  ... 2023-08-01 16:30:00+02:00

[5 rows x 8 columns]
[2023-08-02 10:17:46,416] {python.py:173} INFO - Done. Returned value was: None
[2023-08-02 10:17:46,450] {taskinstance.py:1400} INFO - Marking task as SUCCESS. dag_id=S3_to_BigQuery, task_id=cleaning_stations_data, execution_date=20230802T101737, start_date=20230802T101744, end_date=20230802T101746
[2023-08-02 10:17:46,518] {local_task_job.py:156} INFO - Task exited with return code 0
[2023-08-02 10:17:46,591] {local_task_job.py:273} INFO - 1 downstream tasks scheduled from follow-on schedule check
