[2023-08-01 11:29:07,284] {taskinstance.py:1159} INFO - Dependencies all met for <TaskInstance: s3_to_BigQuery.join_all manual__2023-08-01T11:27:56.377712+00:00 [queued]>
[2023-08-01 11:29:07,294] {taskinstance.py:1159} INFO - Dependencies all met for <TaskInstance: s3_to_BigQuery.join_all manual__2023-08-01T11:27:56.377712+00:00 [queued]>
[2023-08-01 11:29:07,294] {taskinstance.py:1356} INFO - 
--------------------------------------------------------------------------------
[2023-08-01 11:29:07,294] {taskinstance.py:1357} INFO - Starting attempt 1 of 2
[2023-08-01 11:29:07,294] {taskinstance.py:1358} INFO - 
--------------------------------------------------------------------------------
[2023-08-01 11:29:07,320] {taskinstance.py:1377} INFO - Executing <Task(BashOperator): join_all> on 2023-08-01 11:27:56.377712+00:00
[2023-08-01 11:29:07,333] {standard_task_runner.py:52} INFO - Started process 4145 to run task
[2023-08-01 11:29:07,339] {standard_task_runner.py:79} INFO - Running: ['***', 'tasks', 'run', 's3_to_BigQuery', 'join_all', 'manual__2023-08-01T11:27:56.377712+00:00', '--job-id', '182', '--raw', '--subdir', 'DAGS_FOLDER/dag.py', '--cfg-path', '/tmp/tmpuihik2x9', '--error-file', '/tmp/tmp412kf_b3']
[2023-08-01 11:29:07,341] {standard_task_runner.py:80} INFO - Job 182: Subtask join_all
[2023-08-01 11:29:07,404] {task_command.py:370} INFO - Running <TaskInstance: s3_to_BigQuery.join_all manual__2023-08-01T11:27:56.377712+00:00 [running]> on host a6bbb8f7ba0b
[2023-08-01 11:29:07,493] {taskinstance.py:1571} INFO - Exporting the following env vars:
AIRFLOW_CTX_DAG_OWNER=***
AIRFLOW_CTX_DAG_ID=s3_to_BigQuery
AIRFLOW_CTX_TASK_ID=join_all
AIRFLOW_CTX_EXECUTION_DATE=2023-08-01T11:27:56.377712+00:00
AIRFLOW_CTX_TRY_NUMBER=1
AIRFLOW_CTX_DAG_RUN_ID=manual__2023-08-01T11:27:56.377712+00:00
[2023-08-01 11:29:07,494] {subprocess.py:62} INFO - Tmp dir root location: 
 /tmp
[2023-08-01 11:29:07,495] {subprocess.py:74} INFO - Running command: ['bash', '-c', "echo 'Join all!'"]
[2023-08-01 11:29:07,507] {subprocess.py:85} INFO - Output:
[2023-08-01 11:29:07,508] {subprocess.py:92} INFO - Join all!
[2023-08-01 11:29:07,509] {subprocess.py:96} INFO - Command exited with return code 0
[2023-08-01 11:29:07,548] {taskinstance.py:1400} INFO - Marking task as SUCCESS. dag_id=s3_to_BigQuery, task_id=join_all, execution_date=20230801T112756, start_date=20230801T112907, end_date=20230801T112907
[2023-08-01 11:29:07,592] {local_task_job.py:156} INFO - Task exited with return code 0
[2023-08-01 11:29:07,636] {local_task_job.py:273} INFO - 0 downstream tasks scheduled from follow-on schedule check
