[2023-08-01 15:18:02,369] {taskinstance.py:1159} INFO - Dependencies all met for <TaskInstance: s3_to_BigQuery.weather_data_to_BQ manual__2023-08-01T15:18:00.511849+00:00 [queued]>
[2023-08-01 15:18:02,381] {taskinstance.py:1159} INFO - Dependencies all met for <TaskInstance: s3_to_BigQuery.weather_data_to_BQ manual__2023-08-01T15:18:00.511849+00:00 [queued]>
[2023-08-01 15:18:02,381] {taskinstance.py:1356} INFO - 
--------------------------------------------------------------------------------
[2023-08-01 15:18:02,381] {taskinstance.py:1357} INFO - Starting attempt 1 of 2
[2023-08-01 15:18:02,381] {taskinstance.py:1358} INFO - 
--------------------------------------------------------------------------------
[2023-08-01 15:18:02,404] {taskinstance.py:1377} INFO - Executing <Task(PythonOperator): weather_data_to_BQ> on 2023-08-01 15:18:00.511849+00:00
[2023-08-01 15:18:02,410] {standard_task_runner.py:52} INFO - Started process 6237 to run task
[2023-08-01 15:18:02,413] {standard_task_runner.py:79} INFO - Running: ['***', 'tasks', 'run', 's3_to_BigQuery', 'weather_data_to_BQ', 'manual__2023-08-01T15:18:00.511849+00:00', '--job-id', '189', '--raw', '--subdir', 'DAGS_FOLDER/dag.py', '--cfg-path', '/tmp/tmpxe34yc1r', '--error-file', '/tmp/tmpgjivjb9g']
[2023-08-01 15:18:02,414] {standard_task_runner.py:80} INFO - Job 189: Subtask weather_data_to_BQ
[2023-08-01 15:18:02,483] {task_command.py:370} INFO - Running <TaskInstance: s3_to_BigQuery.weather_data_to_BQ manual__2023-08-01T15:18:00.511849+00:00 [running]> on host 4f21b1230883
[2023-08-01 15:18:02,585] {taskinstance.py:1571} INFO - Exporting the following env vars:
AIRFLOW_CTX_DAG_OWNER=***
AIRFLOW_CTX_DAG_ID=s3_to_BigQuery
AIRFLOW_CTX_TASK_ID=weather_data_to_BQ
AIRFLOW_CTX_EXECUTION_DATE=2023-08-01T15:18:00.511849+00:00
AIRFLOW_CTX_TRY_NUMBER=1
AIRFLOW_CTX_DAG_RUN_ID=manual__2023-08-01T15:18:00.511849+00:00
[2023-08-01 15:18:02,586] {logging_mixin.py:115} INFO - 
 heeeeeeeeeeeeeeeeeeeeeeeeeeeeeeeeeyy
[2023-08-01 15:18:03,844] {logging_mixin.py:115} INFO - 
✅ DataFrame created ! ✅
[2023-08-01 15:18:07,576] {logging_mixin.py:115} INFO - 
✅ Table 2023-07-31 upload on BigQuery! ✅
[2023-08-01 15:18:07,577] {python.py:173} INFO - Done. Returned value was: None
[2023-08-01 15:18:07,629] {taskinstance.py:1400} INFO - Marking task as SUCCESS. dag_id=s3_to_BigQuery, task_id=weather_data_to_BQ, execution_date=20230801T151800, start_date=20230801T151802, end_date=20230801T151807
[2023-08-01 15:18:07,687] {local_task_job.py:156} INFO - Task exited with return code 0
[2023-08-01 15:18:07,735] {local_task_job.py:273} INFO - 0 downstream tasks scheduled from follow-on schedule check
