[2023-08-01 12:41:59,551] {taskinstance.py:1159} INFO - Dependencies all met for <TaskInstance: s3_to_BigQuery.join_all manual__2023-08-01T12:40:20.826045+00:00 [queued]>
[2023-08-01 12:41:59,558] {taskinstance.py:1159} INFO - Dependencies all met for <TaskInstance: s3_to_BigQuery.join_all manual__2023-08-01T12:40:20.826045+00:00 [queued]>
[2023-08-01 12:41:59,558] {taskinstance.py:1356} INFO - 
--------------------------------------------------------------------------------
[2023-08-01 12:41:59,558] {taskinstance.py:1357} INFO - Starting attempt 1 of 2
[2023-08-01 12:41:59,558] {taskinstance.py:1358} INFO - 
--------------------------------------------------------------------------------
[2023-08-01 12:41:59,581] {taskinstance.py:1377} INFO - Executing <Task(BashOperator): join_all> on 2023-08-01 12:40:20.826045+00:00
[2023-08-01 12:41:59,586] {standard_task_runner.py:52} INFO - Started process 188 to run task
[2023-08-01 12:41:59,589] {standard_task_runner.py:79} INFO - Running: ['***', 'tasks', 'run', 's3_to_BigQuery', 'join_all', 'manual__2023-08-01T12:40:20.826045+00:00', '--job-id', '187', '--raw', '--subdir', 'DAGS_FOLDER/dag.py', '--cfg-path', '/tmp/tmphmfa1fck', '--error-file', '/tmp/tmpc8a9lfjb']
[2023-08-01 12:41:59,590] {standard_task_runner.py:80} INFO - Job 187: Subtask join_all
[2023-08-01 12:41:59,659] {task_command.py:370} INFO - Running <TaskInstance: s3_to_BigQuery.join_all manual__2023-08-01T12:40:20.826045+00:00 [running]> on host 4f21b1230883
[2023-08-01 12:41:59,776] {taskinstance.py:1571} INFO - Exporting the following env vars:
AIRFLOW_CTX_DAG_OWNER=***
AIRFLOW_CTX_DAG_ID=s3_to_BigQuery
AIRFLOW_CTX_TASK_ID=join_all
AIRFLOW_CTX_EXECUTION_DATE=2023-08-01T12:40:20.826045+00:00
AIRFLOW_CTX_TRY_NUMBER=1
AIRFLOW_CTX_DAG_RUN_ID=manual__2023-08-01T12:40:20.826045+00:00
[2023-08-01 12:41:59,777] {subprocess.py:62} INFO - Tmp dir root location: 
 /tmp
[2023-08-01 12:41:59,778] {subprocess.py:74} INFO - Running command: ['bash', '-c', "echo 'Join all!'"]
[2023-08-01 12:41:59,797] {subprocess.py:85} INFO - Output:
[2023-08-01 12:41:59,798] {subprocess.py:92} INFO - Join all!
[2023-08-01 12:41:59,798] {subprocess.py:96} INFO - Command exited with return code 0
[2023-08-01 12:41:59,857] {taskinstance.py:1400} INFO - Marking task as SUCCESS. dag_id=s3_to_BigQuery, task_id=join_all, execution_date=20230801T124020, start_date=20230801T124159, end_date=20230801T124159
[2023-08-01 12:41:59,921] {local_task_job.py:156} INFO - Task exited with return code 0
[2023-08-01 12:41:59,961] {local_task_job.py:273} INFO - 0 downstream tasks scheduled from follow-on schedule check
