[2023-08-02 08:41:42,533] {taskinstance.py:1159} INFO - Dependencies all met for <TaskInstance: S3_to_BigQuery.load_weather_data manual__2023-08-02T08:41:39.138305+00:00 [queued]>
[2023-08-02 08:41:42,543] {taskinstance.py:1159} INFO - Dependencies all met for <TaskInstance: S3_to_BigQuery.load_weather_data manual__2023-08-02T08:41:39.138305+00:00 [queued]>
[2023-08-02 08:41:42,543] {taskinstance.py:1356} INFO - 
--------------------------------------------------------------------------------
[2023-08-02 08:41:42,543] {taskinstance.py:1357} INFO - Starting attempt 1 of 2
[2023-08-02 08:41:42,544] {taskinstance.py:1358} INFO - 
--------------------------------------------------------------------------------
[2023-08-02 08:41:42,602] {taskinstance.py:1377} INFO - Executing <Task(PythonOperator): load_weather_data> on 2023-08-02 08:41:39.138305+00:00
[2023-08-02 08:41:42,617] {standard_task_runner.py:52} INFO - Started process 7891 to run task
[2023-08-02 08:41:42,623] {standard_task_runner.py:79} INFO - Running: ['***', 'tasks', 'run', 'S3_to_BigQuery', 'load_weather_data', 'manual__2023-08-02T08:41:39.138305+00:00', '--job-id', '268', '--raw', '--subdir', 'DAGS_FOLDER/dag.py', '--cfg-path', '/tmp/tmp17zahwj4', '--error-file', '/tmp/tmp38d_xey4']
[2023-08-02 08:41:42,625] {standard_task_runner.py:80} INFO - Job 268: Subtask load_weather_data
[2023-08-02 08:41:42,687] {task_command.py:370} INFO - Running <TaskInstance: S3_to_BigQuery.load_weather_data manual__2023-08-02T08:41:39.138305+00:00 [running]> on host 656341a29da6
[2023-08-02 08:41:42,802] {taskinstance.py:1571} INFO - Exporting the following env vars:
AIRFLOW_CTX_DAG_OWNER=***
AIRFLOW_CTX_DAG_ID=S3_to_BigQuery
AIRFLOW_CTX_TASK_ID=load_weather_data
AIRFLOW_CTX_EXECUTION_DATE=2023-08-02T08:41:39.138305+00:00
AIRFLOW_CTX_TRY_NUMBER=1
AIRFLOW_CTX_DAG_RUN_ID=manual__2023-08-02T08:41:39.138305+00:00
[2023-08-02 08:41:42,803] {taskinstance.py:1889} ERROR - Task failed with exception
Traceback (most recent call last):
  File "/home/airflow/.local/lib/python3.7/site-packages/airflow/operators/python.py", line 171, in execute
    return_value = self.execute_callable()
  File "/home/airflow/.local/lib/python3.7/site-packages/airflow/operators/python.py", line 189, in execute_callable
    return self.python_callable(*self.op_args, **self.op_kwargs)
  File "/opt/airflow/dags/dag.py", line 23, in load_weather_data
    return s3_load('lime-api','weather_topic')
TypeError: s3_load() missing 1 required positional argument: 'ti'
[2023-08-02 08:41:42,809] {taskinstance.py:1400} INFO - Marking task as UP_FOR_RETRY. dag_id=S3_to_BigQuery, task_id=load_weather_data, execution_date=20230802T084139, start_date=20230802T084142, end_date=20230802T084142
[2023-08-02 08:41:42,829] {standard_task_runner.py:97} ERROR - Failed to execute job 268 for task load_weather_data (s3_load() missing 1 required positional argument: 'ti'; 7891)
[2023-08-02 08:41:42,837] {local_task_job.py:156} INFO - Task exited with return code 1
[2023-08-02 08:41:42,883] {local_task_job.py:273} INFO - 0 downstream tasks scheduled from follow-on schedule check
