[2023-08-02 10:12:48,815] {taskinstance.py:1159} INFO - Dependencies all met for <TaskInstance: S3_to_BigQuery.load_weather_data manual__2023-08-02T10:12:46.309684+00:00 [queued]>
[2023-08-02 10:12:48,828] {taskinstance.py:1159} INFO - Dependencies all met for <TaskInstance: S3_to_BigQuery.load_weather_data manual__2023-08-02T10:12:46.309684+00:00 [queued]>
[2023-08-02 10:12:48,829] {taskinstance.py:1356} INFO - 
--------------------------------------------------------------------------------
[2023-08-02 10:12:48,829] {taskinstance.py:1357} INFO - Starting attempt 1 of 2
[2023-08-02 10:12:48,829] {taskinstance.py:1358} INFO - 
--------------------------------------------------------------------------------
[2023-08-02 10:12:49,101] {taskinstance.py:1377} INFO - Executing <Task(PythonOperator): load_weather_data> on 2023-08-02 10:12:46.309684+00:00
[2023-08-02 10:12:49,108] {standard_task_runner.py:52} INFO - Started process 305 to run task
[2023-08-02 10:12:49,112] {standard_task_runner.py:79} INFO - Running: ['***', 'tasks', 'run', 'S3_to_BigQuery', 'load_weather_data', 'manual__2023-08-02T10:12:46.309684+00:00', '--job-id', '350', '--raw', '--subdir', 'DAGS_FOLDER/dag.py', '--cfg-path', '/tmp/tmpcmzseoxy', '--error-file', '/tmp/tmpbev2e433']
[2023-08-02 10:12:49,112] {standard_task_runner.py:80} INFO - Job 350: Subtask load_weather_data
[2023-08-02 10:12:49,496] {task_command.py:370} INFO - Running <TaskInstance: S3_to_BigQuery.load_weather_data manual__2023-08-02T10:12:46.309684+00:00 [running]> on host f57ce474b9bb
[2023-08-02 10:12:49,659] {taskinstance.py:1571} INFO - Exporting the following env vars:
AIRFLOW_CTX_DAG_OWNER=***
AIRFLOW_CTX_DAG_ID=S3_to_BigQuery
AIRFLOW_CTX_TASK_ID=load_weather_data
AIRFLOW_CTX_EXECUTION_DATE=2023-08-02T10:12:46.309684+00:00
AIRFLOW_CTX_TRY_NUMBER=1
AIRFLOW_CTX_DAG_RUN_ID=manual__2023-08-02T10:12:46.309684+00:00
[2023-08-02 10:12:51,054] {logging_mixin.py:115} INFO - 
✅ Push to xcom ! ✅
[2023-08-02 10:12:51,055] {python.py:173} INFO - Done. Returned value was: None
[2023-08-02 10:12:51,070] {taskinstance.py:1400} INFO - Marking task as SUCCESS. dag_id=S3_to_BigQuery, task_id=load_weather_data, execution_date=20230802T101246, start_date=20230802T101248, end_date=20230802T101251
[2023-08-02 10:12:51,177] {local_task_job.py:156} INFO - Task exited with return code 0
[2023-08-02 10:12:51,266] {local_task_job.py:273} INFO - 0 downstream tasks scheduled from follow-on schedule check
