[2023-07-31 15:18:20,864] {taskinstance.py:1159} INFO - Dependencies all met for <TaskInstance: s3_to_postgres.load_stations_data manual__2023-07-31T15:18:18.257958+00:00 [queued]>
[2023-07-31 15:18:20,874] {taskinstance.py:1159} INFO - Dependencies all met for <TaskInstance: s3_to_postgres.load_stations_data manual__2023-07-31T15:18:18.257958+00:00 [queued]>
[2023-07-31 15:18:20,874] {taskinstance.py:1356} INFO - 
--------------------------------------------------------------------------------
[2023-07-31 15:18:20,875] {taskinstance.py:1357} INFO - Starting attempt 1 of 2
[2023-07-31 15:18:20,875] {taskinstance.py:1358} INFO - 
--------------------------------------------------------------------------------
[2023-07-31 15:18:21,069] {taskinstance.py:1377} INFO - Executing <Task(PythonOperator): load_stations_data> on 2023-07-31 15:18:18.257958+00:00
[2023-07-31 15:18:21,075] {standard_task_runner.py:52} INFO - Started process 9053 to run task
[2023-07-31 15:18:21,078] {standard_task_runner.py:79} INFO - Running: ['***', 'tasks', 'run', 's3_to_postgres', 'load_stations_data', 'manual__2023-07-31T15:18:18.257958+00:00', '--job-id', '136', '--raw', '--subdir', 'DAGS_FOLDER/dag.py', '--cfg-path', '/tmp/tmp4p2iz2ph', '--error-file', '/tmp/tmpra7rku9v']
[2023-07-31 15:18:21,079] {standard_task_runner.py:80} INFO - Job 136: Subtask load_stations_data
[2023-07-31 15:18:21,180] {task_command.py:370} INFO - Running <TaskInstance: s3_to_postgres.load_stations_data manual__2023-07-31T15:18:18.257958+00:00 [running]> on host 8aac46936356
[2023-07-31 15:18:21,288] {taskinstance.py:1571} INFO - Exporting the following env vars:
AIRFLOW_CTX_DAG_OWNER=***
AIRFLOW_CTX_DAG_ID=s3_to_postgres
AIRFLOW_CTX_TASK_ID=load_stations_data
AIRFLOW_CTX_EXECUTION_DATE=2023-07-31T15:18:18.257958+00:00
AIRFLOW_CTX_TRY_NUMBER=1
AIRFLOW_CTX_DAG_RUN_ID=manual__2023-07-31T15:18:18.257958+00:00
[2023-07-31 15:18:25,216] {logging_mixin.py:115} INFO - Dataframe of the day done !
[2023-07-31 15:18:25,254] {python.py:173} INFO - Done. Returned value was: None
[2023-07-31 15:18:25,266] {taskinstance.py:1400} INFO - Marking task as SUCCESS. dag_id=s3_to_postgres, task_id=load_stations_data, execution_date=20230731T151818, start_date=20230731T151820, end_date=20230731T151825
[2023-07-31 15:18:25,343] {local_task_job.py:156} INFO - Task exited with return code 0
[2023-07-31 15:18:25,763] {local_task_job.py:273} INFO - 1 downstream tasks scheduled from follow-on schedule check
