[2023-08-02 09:35:44,891] {taskinstance.py:1159} INFO - Dependencies all met for <TaskInstance: S3_to_BigQuery.load_stations_data manual__2023-08-02T09:35:42.964909+00:00 [queued]>
[2023-08-02 09:35:44,898] {taskinstance.py:1159} INFO - Dependencies all met for <TaskInstance: S3_to_BigQuery.load_stations_data manual__2023-08-02T09:35:42.964909+00:00 [queued]>
[2023-08-02 09:35:44,898] {taskinstance.py:1356} INFO - 
--------------------------------------------------------------------------------
[2023-08-02 09:35:44,898] {taskinstance.py:1357} INFO - Starting attempt 1 of 2
[2023-08-02 09:35:44,898] {taskinstance.py:1358} INFO - 
--------------------------------------------------------------------------------
[2023-08-02 09:35:44,918] {taskinstance.py:1377} INFO - Executing <Task(PythonOperator): load_stations_data> on 2023-08-02 09:35:42.964909+00:00
[2023-08-02 09:35:44,929] {standard_task_runner.py:52} INFO - Started process 10501 to run task
[2023-08-02 09:35:44,934] {standard_task_runner.py:79} INFO - Running: ['***', 'tasks', 'run', 'S3_to_BigQuery', 'load_stations_data', 'manual__2023-08-02T09:35:42.964909+00:00', '--job-id', '322', '--raw', '--subdir', 'DAGS_FOLDER/dag.py', '--cfg-path', '/tmp/tmpnnzuv5a8', '--error-file', '/tmp/tmp4_o4lufw']
[2023-08-02 09:35:44,935] {standard_task_runner.py:80} INFO - Job 322: Subtask load_stations_data
[2023-08-02 09:35:44,997] {task_command.py:370} INFO - Running <TaskInstance: S3_to_BigQuery.load_stations_data manual__2023-08-02T09:35:42.964909+00:00 [running]> on host 656341a29da6
[2023-08-02 09:35:45,101] {taskinstance.py:1571} INFO - Exporting the following env vars:
AIRFLOW_CTX_DAG_OWNER=***
AIRFLOW_CTX_DAG_ID=S3_to_BigQuery
AIRFLOW_CTX_TASK_ID=load_stations_data
AIRFLOW_CTX_EXECUTION_DATE=2023-08-02T09:35:42.964909+00:00
AIRFLOW_CTX_TRY_NUMBER=1
AIRFLOW_CTX_DAG_RUN_ID=manual__2023-08-02T09:35:42.964909+00:00
[2023-08-02 09:35:46,559] {logging_mixin.py:115} INFO - 
DataFrame push into xcom.
[2023-08-02 09:35:47,356] {logging_mixin.py:115} INFO - 
DATAFRAME SHAPE : (16003, 8)
[2023-08-02 09:35:47,356] {logging_mixin.py:115} INFO - 
✅ DataFrame created ! ✅
[2023-08-02 09:35:48,496] {logging_mixin.py:115} INFO - 
✅ Push to xcom ! ✅
[2023-08-02 09:35:48,636] {python.py:173} INFO - Done. Returned value was: None
[2023-08-02 09:35:48,648] {taskinstance.py:1400} INFO - Marking task as SUCCESS. dag_id=S3_to_BigQuery, task_id=load_stations_data, execution_date=20230802T093542, start_date=20230802T093544, end_date=20230802T093548
[2023-08-02 09:35:49,161] {local_task_job.py:156} INFO - Task exited with return code 0
[2023-08-02 09:35:49,228] {local_task_job.py:273} INFO - 1 downstream tasks scheduled from follow-on schedule check
