[2023-08-03 03:22:13,034] {taskinstance.py:1159} INFO - Dependencies all met for <TaskInstance: S3_to_BigQuery.cleaning_weather_data manual__2023-08-03T03:22:03.288396+00:00 [queued]>
[2023-08-03 03:22:13,042] {taskinstance.py:1159} INFO - Dependencies all met for <TaskInstance: S3_to_BigQuery.cleaning_weather_data manual__2023-08-03T03:22:03.288396+00:00 [queued]>
[2023-08-03 03:22:13,042] {taskinstance.py:1356} INFO - 
--------------------------------------------------------------------------------
[2023-08-03 03:22:13,042] {taskinstance.py:1357} INFO - Starting attempt 1 of 2
[2023-08-03 03:22:13,042] {taskinstance.py:1358} INFO - 
--------------------------------------------------------------------------------
[2023-08-03 03:22:13,240] {taskinstance.py:1377} INFO - Executing <Task(PythonOperator): cleaning_weather_data> on 2023-08-03 03:22:03.288396+00:00
[2023-08-03 03:22:13,246] {standard_task_runner.py:52} INFO - Started process 116 to run task
[2023-08-03 03:22:13,250] {standard_task_runner.py:79} INFO - Running: ['***', 'tasks', 'run', 'S3_to_BigQuery', 'cleaning_weather_data', 'manual__2023-08-03T03:22:03.288396+00:00', '--job-id', '447', '--raw', '--subdir', 'DAGS_FOLDER/dag.py', '--cfg-path', '/tmp/tmpmmm14mi3', '--error-file', '/tmp/tmpp50ries8']
[2023-08-03 03:22:13,251] {standard_task_runner.py:80} INFO - Job 447: Subtask cleaning_weather_data
[2023-08-03 03:22:13,438] {task_command.py:370} INFO - Running <TaskInstance: S3_to_BigQuery.cleaning_weather_data manual__2023-08-03T03:22:03.288396+00:00 [running]> on host 6c95ca7a45b2
[2023-08-03 03:22:15,383] {taskinstance.py:1571} INFO - Exporting the following env vars:
AIRFLOW_CTX_DAG_OWNER=***
AIRFLOW_CTX_DAG_ID=S3_to_BigQuery
AIRFLOW_CTX_TASK_ID=cleaning_weather_data
AIRFLOW_CTX_EXECUTION_DATE=2023-08-03T03:22:03.288396+00:00
AIRFLOW_CTX_TRY_NUMBER=1
AIRFLOW_CTX_DAG_RUN_ID=manual__2023-08-03T03:22:03.288396+00:00
[2023-08-03 03:22:15,448] {logging_mixin.py:115} INFO - 
DataFrame push into xcom.
[2023-08-03 03:22:15,540] {logging_mixin.py:115} INFO - 
DATAFRAME SHAPE : (46, 11)
[2023-08-03 03:22:15,540] {logging_mixin.py:115} INFO - 
✅ DataFrame created ! ✅
[2023-08-03 03:22:15,575] {logging_mixin.py:115} INFO -    precipitation  rain  ... snow_depth          time_period
0            1.5   1.5  ...        0.0  2023-08-02 02:00:00
1            1.5   1.5  ...        0.0  2023-08-02 02:30:00
2            1.5   1.5  ...        0.0  2023-08-02 03:00:00
3            1.5   1.5  ...        0.0  2023-08-02 03:30:00
4            1.5   1.5  ...        0.0  2023-08-02 04:00:00

[5 rows x 11 columns]
[2023-08-03 03:22:15,606] {logging_mixin.py:115} INFO - 
✅ Push to xcom ! ✅
[2023-08-03 03:22:15,606] {python.py:173} INFO - Done. Returned value was: None
[2023-08-03 03:22:15,621] {taskinstance.py:1400} INFO - Marking task as SUCCESS. dag_id=S3_to_BigQuery, task_id=cleaning_weather_data, execution_date=20230803T032203, start_date=20230803T032213, end_date=20230803T032215
[2023-08-03 03:22:15,668] {local_task_job.py:156} INFO - Task exited with return code 0
[2023-08-03 03:22:15,721] {local_task_job.py:273} INFO - 1 downstream tasks scheduled from follow-on schedule check
