[2023-08-02 10:44:54,381] {taskinstance.py:1159} INFO - Dependencies all met for <TaskInstance: S3_to_BigQuery.upload_stations_data manual__2023-08-02T10:44:44.086027+00:00 [queued]>
[2023-08-02 10:44:54,393] {taskinstance.py:1159} INFO - Dependencies all met for <TaskInstance: S3_to_BigQuery.upload_stations_data manual__2023-08-02T10:44:44.086027+00:00 [queued]>
[2023-08-02 10:44:54,393] {taskinstance.py:1356} INFO - 
--------------------------------------------------------------------------------
[2023-08-02 10:44:54,393] {taskinstance.py:1357} INFO - Starting attempt 1 of 2
[2023-08-02 10:44:54,393] {taskinstance.py:1358} INFO - 
--------------------------------------------------------------------------------
[2023-08-02 10:44:54,635] {taskinstance.py:1377} INFO - Executing <Task(PythonOperator): upload_stations_data> on 2023-08-02 10:44:44.086027+00:00
[2023-08-02 10:44:54,656] {standard_task_runner.py:52} INFO - Started process 1835 to run task
[2023-08-02 10:44:54,681] {standard_task_runner.py:79} INFO - Running: ['***', 'tasks', 'run', 'S3_to_BigQuery', 'upload_stations_data', 'manual__2023-08-02T10:44:44.086027+00:00', '--job-id', '378', '--raw', '--subdir', 'DAGS_FOLDER/dag.py', '--cfg-path', '/tmp/tmp33cdvhxp', '--error-file', '/tmp/tmpb7i0apbo']
[2023-08-02 10:44:54,685] {standard_task_runner.py:80} INFO - Job 378: Subtask upload_stations_data
[2023-08-02 10:44:54,799] {task_command.py:370} INFO - Running <TaskInstance: S3_to_BigQuery.upload_stations_data manual__2023-08-02T10:44:44.086027+00:00 [running]> on host f57ce474b9bb
[2023-08-02 10:44:54,984] {taskinstance.py:1571} INFO - Exporting the following env vars:
AIRFLOW_CTX_DAG_OWNER=***
AIRFLOW_CTX_DAG_ID=S3_to_BigQuery
AIRFLOW_CTX_TASK_ID=upload_stations_data
AIRFLOW_CTX_EXECUTION_DATE=2023-08-02T10:44:44.086027+00:00
AIRFLOW_CTX_TRY_NUMBER=1
AIRFLOW_CTX_DAG_RUN_ID=manual__2023-08-02T10:44:44.086027+00:00
[2023-08-02 10:44:55,602] {logging_mixin.py:115} INFO - Error: Could not create the table because it already exists. Change the if_exists parameter to 'append' or 'replace' data.
[2023-08-02 10:44:55,611] {python.py:173} INFO - Done. Returned value was: None
[2023-08-02 10:44:55,650] {taskinstance.py:1400} INFO - Marking task as SUCCESS. dag_id=S3_to_BigQuery, task_id=upload_stations_data, execution_date=20230802T104444, start_date=20230802T104454, end_date=20230802T104455
[2023-08-02 10:44:55,773] {local_task_job.py:156} INFO - Task exited with return code 0
[2023-08-02 10:44:55,869] {local_task_job.py:273} INFO - 1 downstream tasks scheduled from follow-on schedule check
