[2023-07-31 15:31:55,262] {taskinstance.py:1159} INFO - Dependencies all met for <TaskInstance: s3_to_postgres.load_weather_data manual__2023-07-31T15:31:52.075744+00:00 [queued]>
[2023-07-31 15:31:55,270] {taskinstance.py:1159} INFO - Dependencies all met for <TaskInstance: s3_to_postgres.load_weather_data manual__2023-07-31T15:31:52.075744+00:00 [queued]>
[2023-07-31 15:31:55,270] {taskinstance.py:1356} INFO - 
--------------------------------------------------------------------------------
[2023-07-31 15:31:55,270] {taskinstance.py:1357} INFO - Starting attempt 1 of 2
[2023-07-31 15:31:55,270] {taskinstance.py:1358} INFO - 
--------------------------------------------------------------------------------
[2023-07-31 15:31:55,292] {taskinstance.py:1377} INFO - Executing <Task(PythonOperator): load_weather_data> on 2023-07-31 15:31:52.075744+00:00
[2023-07-31 15:31:55,297] {standard_task_runner.py:52} INFO - Started process 205 to run task
[2023-07-31 15:31:55,299] {standard_task_runner.py:79} INFO - Running: ['***', 'tasks', 'run', 's3_to_postgres', 'load_weather_data', 'manual__2023-07-31T15:31:52.075744+00:00', '--job-id', '141', '--raw', '--subdir', 'DAGS_FOLDER/dag.py', '--cfg-path', '/tmp/tmpq0xfr89g', '--error-file', '/tmp/tmpymvqmlqm']
[2023-07-31 15:31:55,300] {standard_task_runner.py:80} INFO - Job 141: Subtask load_weather_data
[2023-07-31 15:31:55,361] {task_command.py:370} INFO - Running <TaskInstance: s3_to_postgres.load_weather_data manual__2023-07-31T15:31:52.075744+00:00 [running]> on host 925151fab610
[2023-07-31 15:31:55,447] {taskinstance.py:1571} INFO - Exporting the following env vars:
AIRFLOW_CTX_DAG_OWNER=***
AIRFLOW_CTX_DAG_ID=s3_to_postgres
AIRFLOW_CTX_TASK_ID=load_weather_data
AIRFLOW_CTX_EXECUTION_DATE=2023-07-31T15:31:52.075744+00:00
AIRFLOW_CTX_TRY_NUMBER=1
AIRFLOW_CTX_DAG_RUN_ID=manual__2023-07-31T15:31:52.075744+00:00
[2023-07-31 15:31:57,651] {logging_mixin.py:115} INFO - Error: Unable to locate credentials
[2023-07-31 15:31:57,651] {python.py:173} INFO - Done. Returned value was: None
[2023-07-31 15:31:58,141] {taskinstance.py:1400} INFO - Marking task as SUCCESS. dag_id=s3_to_postgres, task_id=load_weather_data, execution_date=20230731T153152, start_date=20230731T153155, end_date=20230731T153158
[2023-07-31 15:31:58,202] {local_task_job.py:156} INFO - Task exited with return code 0
[2023-07-31 15:31:58,255] {local_task_job.py:273} INFO - 0 downstream tasks scheduled from follow-on schedule check
