[2023-08-02 13:53:05,501] {taskinstance.py:1159} INFO - Dependencies all met for <TaskInstance: S3_to_BigQuery.cleaning_weather_data manual__2023-08-02T13:52:59.429748+00:00 [queued]>
[2023-08-02 13:53:05,513] {taskinstance.py:1159} INFO - Dependencies all met for <TaskInstance: S3_to_BigQuery.cleaning_weather_data manual__2023-08-02T13:52:59.429748+00:00 [queued]>
[2023-08-02 13:53:05,513] {taskinstance.py:1356} INFO - 
--------------------------------------------------------------------------------
[2023-08-02 13:53:05,513] {taskinstance.py:1357} INFO - Starting attempt 1 of 2
[2023-08-02 13:53:05,513] {taskinstance.py:1358} INFO - 
--------------------------------------------------------------------------------
[2023-08-02 13:53:05,534] {taskinstance.py:1377} INFO - Executing <Task(PythonOperator): cleaning_weather_data> on 2023-08-02 13:52:59.429748+00:00
[2023-08-02 13:53:05,539] {standard_task_runner.py:52} INFO - Started process 2780 to run task
[2023-08-02 13:53:05,542] {standard_task_runner.py:79} INFO - Running: ['***', 'tasks', 'run', 'S3_to_BigQuery', 'cleaning_weather_data', 'manual__2023-08-02T13:52:59.429748+00:00', '--job-id', '391', '--raw', '--subdir', 'DAGS_FOLDER/dag.py', '--cfg-path', '/tmp/tmpzlsmk5xn', '--error-file', '/tmp/tmp01rq2qa9']
[2023-08-02 13:53:05,542] {standard_task_runner.py:80} INFO - Job 391: Subtask cleaning_weather_data
[2023-08-02 13:53:05,600] {task_command.py:370} INFO - Running <TaskInstance: S3_to_BigQuery.cleaning_weather_data manual__2023-08-02T13:52:59.429748+00:00 [running]> on host f57ce474b9bb
[2023-08-02 13:53:05,709] {taskinstance.py:1571} INFO - Exporting the following env vars:
AIRFLOW_CTX_DAG_OWNER=***
AIRFLOW_CTX_DAG_ID=S3_to_BigQuery
AIRFLOW_CTX_TASK_ID=cleaning_weather_data
AIRFLOW_CTX_EXECUTION_DATE=2023-08-02T13:52:59.429748+00:00
AIRFLOW_CTX_TRY_NUMBER=1
AIRFLOW_CTX_DAG_RUN_ID=manual__2023-08-02T13:52:59.429748+00:00
[2023-08-02 13:53:05,727] {logging_mixin.py:115} INFO - 
DataFrame push into xcom.
[2023-08-02 13:53:05,735] {logging_mixin.py:115} INFO - Error: 'str' object has no attribute 'minute'
[2023-08-02 13:53:05,735] {python.py:173} INFO - Done. Returned value was: None
[2023-08-02 13:53:05,751] {taskinstance.py:1400} INFO - Marking task as SUCCESS. dag_id=S3_to_BigQuery, task_id=cleaning_weather_data, execution_date=20230802T135259, start_date=20230802T135305, end_date=20230802T135305
[2023-08-02 13:53:05,793] {local_task_job.py:156} INFO - Task exited with return code 0
[2023-08-02 13:53:05,879] {local_task_job.py:273} INFO - 1 downstream tasks scheduled from follow-on schedule check
