[2023-08-02 10:39:43,952] {taskinstance.py:1159} INFO - Dependencies all met for <TaskInstance: S3_to_BigQuery.upload_weather_data manual__2023-08-02T10:39:33.800914+00:00 [queued]>
[2023-08-02 10:39:43,961] {taskinstance.py:1159} INFO - Dependencies all met for <TaskInstance: S3_to_BigQuery.upload_weather_data manual__2023-08-02T10:39:33.800914+00:00 [queued]>
[2023-08-02 10:39:43,961] {taskinstance.py:1356} INFO - 
--------------------------------------------------------------------------------
[2023-08-02 10:39:43,961] {taskinstance.py:1357} INFO - Starting attempt 1 of 2
[2023-08-02 10:39:43,961] {taskinstance.py:1358} INFO - 
--------------------------------------------------------------------------------
[2023-08-02 10:39:43,998] {taskinstance.py:1377} INFO - Executing <Task(PythonOperator): upload_weather_data> on 2023-08-02 10:39:33.800914+00:00
[2023-08-02 10:39:44,011] {standard_task_runner.py:52} INFO - Started process 1559 to run task
[2023-08-02 10:39:44,019] {standard_task_runner.py:79} INFO - Running: ['***', 'tasks', 'run', 'S3_to_BigQuery', 'upload_weather_data', 'manual__2023-08-02T10:39:33.800914+00:00', '--job-id', '364', '--raw', '--subdir', 'DAGS_FOLDER/dag.py', '--cfg-path', '/tmp/tmpjpar88oi', '--error-file', '/tmp/tmp8eaxgq1o']
[2023-08-02 10:39:44,020] {standard_task_runner.py:80} INFO - Job 364: Subtask upload_weather_data
[2023-08-02 10:39:44,095] {task_command.py:370} INFO - Running <TaskInstance: S3_to_BigQuery.upload_weather_data manual__2023-08-02T10:39:33.800914+00:00 [running]> on host f57ce474b9bb
[2023-08-02 10:39:44,259] {taskinstance.py:1571} INFO - Exporting the following env vars:
AIRFLOW_CTX_DAG_OWNER=***
AIRFLOW_CTX_DAG_ID=S3_to_BigQuery
AIRFLOW_CTX_TASK_ID=upload_weather_data
AIRFLOW_CTX_EXECUTION_DATE=2023-08-02T10:39:33.800914+00:00
AIRFLOW_CTX_TRY_NUMBER=1
AIRFLOW_CTX_DAG_RUN_ID=manual__2023-08-02T10:39:33.800914+00:00
[2023-08-02 10:39:55,443] {gbq.py:606} INFO - 13 out of 13 rows loaded.
[2023-08-02 10:39:55,444] {logging_mixin.py:115} INFO - 
✅ Table lime_weather_topic/2023-08-01 upload on BigQuery! ✅
[2023-08-02 10:39:55,444] {python.py:173} INFO - Done. Returned value was: None
[2023-08-02 10:39:55,490] {taskinstance.py:1400} INFO - Marking task as SUCCESS. dag_id=S3_to_BigQuery, task_id=upload_weather_data, execution_date=20230802T103933, start_date=20230802T103943, end_date=20230802T103955
[2023-08-02 10:39:56,422] {local_task_job.py:156} INFO - Task exited with return code 0
[2023-08-02 10:39:56,472] {local_task_job.py:273} INFO - 1 downstream tasks scheduled from follow-on schedule check
