[2023-08-02 07:18:24,924] {taskinstance.py:1159} INFO - Dependencies all met for <TaskInstance: s3_to_postgres.join_all manual__2023-08-02T07:18:11.701710+00:00 [queued]>
[2023-08-02 07:18:24,931] {taskinstance.py:1159} INFO - Dependencies all met for <TaskInstance: s3_to_postgres.join_all manual__2023-08-02T07:18:11.701710+00:00 [queued]>
[2023-08-02 07:18:24,931] {taskinstance.py:1356} INFO - 
--------------------------------------------------------------------------------
[2023-08-02 07:18:24,931] {taskinstance.py:1357} INFO - Starting attempt 1 of 2
[2023-08-02 07:18:24,931] {taskinstance.py:1358} INFO - 
--------------------------------------------------------------------------------
[2023-08-02 07:18:24,953] {taskinstance.py:1377} INFO - Executing <Task(BashOperator): join_all> on 2023-08-02 07:18:11.701710+00:00
[2023-08-02 07:18:24,958] {standard_task_runner.py:52} INFO - Started process 4017 to run task
[2023-08-02 07:18:24,961] {standard_task_runner.py:79} INFO - Running: ['***', 'tasks', 'run', 's3_to_postgres', 'join_all', 'manual__2023-08-02T07:18:11.701710+00:00', '--job-id', '244', '--raw', '--subdir', 'DAGS_FOLDER/dag.py', '--cfg-path', '/tmp/tmp1w6a0ga3', '--error-file', '/tmp/tmpniqg0qwp']
[2023-08-02 07:18:24,961] {standard_task_runner.py:80} INFO - Job 244: Subtask join_all
[2023-08-02 07:18:25,059] {task_command.py:370} INFO - Running <TaskInstance: s3_to_postgres.join_all manual__2023-08-02T07:18:11.701710+00:00 [running]> on host 656341a29da6
[2023-08-02 07:18:25,182] {taskinstance.py:1571} INFO - Exporting the following env vars:
AIRFLOW_CTX_DAG_OWNER=***
AIRFLOW_CTX_DAG_ID=s3_to_postgres
AIRFLOW_CTX_TASK_ID=join_all
AIRFLOW_CTX_EXECUTION_DATE=2023-08-02T07:18:11.701710+00:00
AIRFLOW_CTX_TRY_NUMBER=1
AIRFLOW_CTX_DAG_RUN_ID=manual__2023-08-02T07:18:11.701710+00:00
[2023-08-02 07:18:25,183] {subprocess.py:62} INFO - Tmp dir root location: 
 /tmp
[2023-08-02 07:18:25,183] {subprocess.py:74} INFO - Running command: ['bash', '-c', "echo 'Join all!'"]
[2023-08-02 07:18:25,194] {subprocess.py:85} INFO - Output:
[2023-08-02 07:18:25,196] {subprocess.py:92} INFO - Join all!
[2023-08-02 07:18:25,196] {subprocess.py:96} INFO - Command exited with return code 0
[2023-08-02 07:18:25,240] {taskinstance.py:1400} INFO - Marking task as SUCCESS. dag_id=s3_to_postgres, task_id=join_all, execution_date=20230802T071811, start_date=20230802T071824, end_date=20230802T071825
[2023-08-02 07:18:25,293] {local_task_job.py:156} INFO - Task exited with return code 0
[2023-08-02 07:18:25,347] {local_task_job.py:273} INFO - 0 downstream tasks scheduled from follow-on schedule check
