[2023-07-31 14:35:35,141] {taskinstance.py:1159} INFO - Dependencies all met for <TaskInstance: s3_redshift_dag.load_from_s3 manual__2023-07-31T14:35:06.046596+00:00 [queued]>
[2023-07-31 14:35:35,151] {taskinstance.py:1159} INFO - Dependencies all met for <TaskInstance: s3_redshift_dag.load_from_s3 manual__2023-07-31T14:35:06.046596+00:00 [queued]>
[2023-07-31 14:35:35,152] {taskinstance.py:1356} INFO - 
--------------------------------------------------------------------------------
[2023-07-31 14:35:35,152] {taskinstance.py:1357} INFO - Starting attempt 1 of 1
[2023-07-31 14:35:35,152] {taskinstance.py:1358} INFO - 
--------------------------------------------------------------------------------
[2023-07-31 14:35:35,346] {taskinstance.py:1377} INFO - Executing <Task(PythonOperator): load_from_s3> on 2023-07-31 14:35:06.046596+00:00
[2023-07-31 14:35:35,372] {standard_task_runner.py:52} INFO - Started process 7099 to run task
[2023-07-31 14:35:35,377] {standard_task_runner.py:79} INFO - Running: ['***', 'tasks', 'run', 's3_redshift_dag', 'load_from_s3', 'manual__2023-07-31T14:35:06.046596+00:00', '--job-id', '128', '--raw', '--subdir', 'DAGS_FOLDER/dag.py', '--cfg-path', '/tmp/tmp1l5aaacl', '--error-file', '/tmp/tmpj2tyl_lr']
[2023-07-31 14:35:35,377] {standard_task_runner.py:80} INFO - Job 128: Subtask load_from_s3
[2023-07-31 14:35:35,563] {task_command.py:370} INFO - Running <TaskInstance: s3_redshift_dag.load_from_s3 manual__2023-07-31T14:35:06.046596+00:00 [running]> on host 8aac46936356
[2023-07-31 14:35:35,833] {taskinstance.py:1571} INFO - Exporting the following env vars:
AIRFLOW_CTX_DAG_OWNER=***
AIRFLOW_CTX_DAG_ID=s3_redshift_dag
AIRFLOW_CTX_TASK_ID=load_from_s3
AIRFLOW_CTX_EXECUTION_DATE=2023-07-31T14:35:06.046596+00:00
AIRFLOW_CTX_TRY_NUMBER=1
AIRFLOW_CTX_DAG_RUN_ID=manual__2023-07-31T14:35:06.046596+00:00
[2023-07-31 14:35:57,522] {logging_mixin.py:115} INFO - Dataframe of the day done !
[2023-07-31 14:35:57,687] {python.py:173} INFO - Done. Returned value was:         stationCode  month  hour  ...  day        lat  minute
0             11026      7    22  ...   30  48.861125      30
1             32604      7    22  ...   30  48.881287      30
2             19024      7    22  ...   30  48.877951      30
3             41601      7    22  ...   30  48.839109      30
4              9010      7    22  ...   30  48.876720      30
...             ...    ...   ...  ...  ...        ...     ...
391385        12166      7    16  ...   31  48.839286      30
391386         4005      7    16  ...   31  48.851297      30
391387        22603      7    16  ...   31  48.793825      30
391388        12113      7    16  ...   31  48.832934      30
391389         2109      7    16  ...   31  48.868231      30

[391390 rows x 11 columns]
[2023-07-31 14:35:59,756] {xcom.py:585} ERROR - Could not serialize the XCom value into JSON. If you are using pickle instead of JSON for XCom, then you need to enable pickle support for XCom in your *** config.
[2023-07-31 14:35:59,756] {taskinstance.py:1889} ERROR - Task failed with exception
Traceback (most recent call last):
  File "/home/airflow/.local/lib/python3.7/site-packages/airflow/utils/session.py", line 68, in wrapper
    return func(*args, **kwargs)
  File "/home/airflow/.local/lib/python3.7/site-packages/airflow/models/taskinstance.py", line 2392, in xcom_push
    session=session,
  File "/home/airflow/.local/lib/python3.7/site-packages/airflow/utils/session.py", line 68, in wrapper
    return func(*args, **kwargs)
  File "/home/airflow/.local/lib/python3.7/site-packages/airflow/models/xcom.py", line 197, in set
    map_index=map_index,
  File "/home/airflow/.local/lib/python3.7/site-packages/airflow/models/xcom.py", line 582, in serialize_value
    return json.dumps(value).encode('UTF-8')
  File "/usr/local/lib/python3.7/json/__init__.py", line 231, in dumps
    return _default_encoder.encode(obj)
  File "/usr/local/lib/python3.7/json/encoder.py", line 199, in encode
    chunks = self.iterencode(o, _one_shot=True)
  File "/usr/local/lib/python3.7/json/encoder.py", line 257, in iterencode
    return _iterencode(o, 0)
  File "/usr/local/lib/python3.7/json/encoder.py", line 179, in default
    raise TypeError(f'Object of type {o.__class__.__name__} '
TypeError: Object of type DataFrame is not JSON serializable
[2023-07-31 14:35:59,868] {taskinstance.py:1400} INFO - Marking task as FAILED. dag_id=s3_redshift_dag, task_id=load_from_s3, execution_date=20230731T143506, start_date=20230731T143535, end_date=20230731T143559
[2023-07-31 14:35:59,902] {standard_task_runner.py:97} ERROR - Failed to execute job 128 for task load_from_s3 (Object of type DataFrame is not JSON serializable; 7099)
[2023-07-31 14:35:59,998] {local_task_job.py:156} INFO - Task exited with return code 1
[2023-07-31 14:36:00,033] {local_task_job.py:273} INFO - 0 downstream tasks scheduled from follow-on schedule check
