[2023-08-02 13:54:19,867] {taskinstance.py:1159} INFO - Dependencies all met for <TaskInstance: S3_to_BigQuery.upload_weather_data manual__2023-08-02T13:54:06.195305+00:00 [queued]>
[2023-08-02 13:54:19,876] {taskinstance.py:1159} INFO - Dependencies all met for <TaskInstance: S3_to_BigQuery.upload_weather_data manual__2023-08-02T13:54:06.195305+00:00 [queued]>
[2023-08-02 13:54:19,876] {taskinstance.py:1356} INFO - 
--------------------------------------------------------------------------------
[2023-08-02 13:54:19,876] {taskinstance.py:1357} INFO - Starting attempt 1 of 2
[2023-08-02 13:54:19,876] {taskinstance.py:1358} INFO - 
--------------------------------------------------------------------------------
[2023-08-02 13:54:19,902] {taskinstance.py:1377} INFO - Executing <Task(PythonOperator): upload_weather_data> on 2023-08-02 13:54:06.195305+00:00
[2023-08-02 13:54:19,906] {standard_task_runner.py:52} INFO - Started process 2864 to run task
[2023-08-02 13:54:19,909] {standard_task_runner.py:79} INFO - Running: ['***', 'tasks', 'run', 'S3_to_BigQuery', 'upload_weather_data', 'manual__2023-08-02T13:54:06.195305+00:00', '--job-id', '400', '--raw', '--subdir', 'DAGS_FOLDER/dag.py', '--cfg-path', '/tmp/tmpo1zdi5kp', '--error-file', '/tmp/tmpu4jn8u87']
[2023-08-02 13:54:19,909] {standard_task_runner.py:80} INFO - Job 400: Subtask upload_weather_data
[2023-08-02 13:54:19,975] {task_command.py:370} INFO - Running <TaskInstance: S3_to_BigQuery.upload_weather_data manual__2023-08-02T13:54:06.195305+00:00 [running]> on host f57ce474b9bb
[2023-08-02 13:54:20,081] {taskinstance.py:1571} INFO - Exporting the following env vars:
AIRFLOW_CTX_DAG_OWNER=***
AIRFLOW_CTX_DAG_ID=S3_to_BigQuery
AIRFLOW_CTX_TASK_ID=upload_weather_data
AIRFLOW_CTX_EXECUTION_DATE=2023-08-02T13:54:06.195305+00:00
AIRFLOW_CTX_TRY_NUMBER=1
AIRFLOW_CTX_DAG_RUN_ID=manual__2023-08-02T13:54:06.195305+00:00
[2023-08-02 13:54:20,094] {logging_mixin.py:115} INFO - Error: the JSON object must be str, bytes or bytearray, not NoneType
[2023-08-02 13:54:20,094] {python.py:173} INFO - Done. Returned value was: None
[2023-08-02 13:54:20,106] {taskinstance.py:1400} INFO - Marking task as SUCCESS. dag_id=S3_to_BigQuery, task_id=upload_weather_data, execution_date=20230802T135406, start_date=20230802T135419, end_date=20230802T135420
[2023-08-02 13:54:20,161] {local_task_job.py:156} INFO - Task exited with return code 0
[2023-08-02 13:54:20,233] {local_task_job.py:273} INFO - 0 downstream tasks scheduled from follow-on schedule check
