[2023-08-02 13:54:20,027] {taskinstance.py:1159} INFO - Dependencies all met for <TaskInstance: S3_to_BigQuery.upload_stations_data manual__2023-08-02T13:54:06.195305+00:00 [queued]>
[2023-08-02 13:54:20,037] {taskinstance.py:1159} INFO - Dependencies all met for <TaskInstance: S3_to_BigQuery.upload_stations_data manual__2023-08-02T13:54:06.195305+00:00 [queued]>
[2023-08-02 13:54:20,037] {taskinstance.py:1356} INFO - 
--------------------------------------------------------------------------------
[2023-08-02 13:54:20,038] {taskinstance.py:1357} INFO - Starting attempt 1 of 2
[2023-08-02 13:54:20,038] {taskinstance.py:1358} INFO - 
--------------------------------------------------------------------------------
[2023-08-02 13:54:20,059] {taskinstance.py:1377} INFO - Executing <Task(PythonOperator): upload_stations_data> on 2023-08-02 13:54:06.195305+00:00
[2023-08-02 13:54:20,064] {standard_task_runner.py:52} INFO - Started process 2865 to run task
[2023-08-02 13:54:20,066] {standard_task_runner.py:79} INFO - Running: ['***', 'tasks', 'run', 'S3_to_BigQuery', 'upload_stations_data', 'manual__2023-08-02T13:54:06.195305+00:00', '--job-id', '401', '--raw', '--subdir', 'DAGS_FOLDER/dag.py', '--cfg-path', '/tmp/tmpge4j5ify', '--error-file', '/tmp/tmpgl3x3sx5']
[2023-08-02 13:54:20,067] {standard_task_runner.py:80} INFO - Job 401: Subtask upload_stations_data
[2023-08-02 13:54:20,128] {task_command.py:370} INFO - Running <TaskInstance: S3_to_BigQuery.upload_stations_data manual__2023-08-02T13:54:06.195305+00:00 [running]> on host f57ce474b9bb
[2023-08-02 13:54:20,246] {taskinstance.py:1571} INFO - Exporting the following env vars:
AIRFLOW_CTX_DAG_OWNER=***
AIRFLOW_CTX_DAG_ID=S3_to_BigQuery
AIRFLOW_CTX_TASK_ID=upload_stations_data
AIRFLOW_CTX_EXECUTION_DATE=2023-08-02T13:54:06.195305+00:00
AIRFLOW_CTX_TRY_NUMBER=1
AIRFLOW_CTX_DAG_RUN_ID=manual__2023-08-02T13:54:06.195305+00:00
[2023-08-02 13:54:20,260] {logging_mixin.py:115} INFO - Error: the JSON object must be str, bytes or bytearray, not NoneType
[2023-08-02 13:54:20,260] {python.py:173} INFO - Done. Returned value was: None
[2023-08-02 13:54:20,272] {taskinstance.py:1400} INFO - Marking task as SUCCESS. dag_id=S3_to_BigQuery, task_id=upload_stations_data, execution_date=20230802T135406, start_date=20230802T135420, end_date=20230802T135420
[2023-08-02 13:54:20,319] {local_task_job.py:156} INFO - Task exited with return code 0
[2023-08-02 13:54:20,423] {local_task_job.py:273} INFO - 1 downstream tasks scheduled from follow-on schedule check
