[2023-08-01 11:15:52,938] {taskinstance.py:1159} INFO - Dependencies all met for <TaskInstance: s3_to_BigQuery.weather_data_to_BQ manual__2023-08-01T11:15:51.715290+00:00 [queued]>
[2023-08-01 11:15:52,946] {taskinstance.py:1159} INFO - Dependencies all met for <TaskInstance: s3_to_BigQuery.weather_data_to_BQ manual__2023-08-01T11:15:51.715290+00:00 [queued]>
[2023-08-01 11:15:52,947] {taskinstance.py:1356} INFO - 
--------------------------------------------------------------------------------
[2023-08-01 11:15:52,947] {taskinstance.py:1357} INFO - Starting attempt 1 of 2
[2023-08-01 11:15:52,947] {taskinstance.py:1358} INFO - 
--------------------------------------------------------------------------------
[2023-08-01 11:15:52,973] {taskinstance.py:1377} INFO - Executing <Task(PythonOperator): weather_data_to_BQ> on 2023-08-01 11:15:51.715290+00:00
[2023-08-01 11:15:52,978] {standard_task_runner.py:52} INFO - Started process 3546 to run task
[2023-08-01 11:15:52,981] {standard_task_runner.py:79} INFO - Running: ['***', 'tasks', 'run', 's3_to_BigQuery', 'weather_data_to_BQ', 'manual__2023-08-01T11:15:51.715290+00:00', '--job-id', '178', '--raw', '--subdir', 'DAGS_FOLDER/dag.py', '--cfg-path', '/tmp/tmpvmc1_mex', '--error-file', '/tmp/tmp6vcbr0_u']
[2023-08-01 11:15:52,983] {standard_task_runner.py:80} INFO - Job 178: Subtask weather_data_to_BQ
[2023-08-01 11:15:53,040] {task_command.py:370} INFO - Running <TaskInstance: s3_to_BigQuery.weather_data_to_BQ manual__2023-08-01T11:15:51.715290+00:00 [running]> on host a6bbb8f7ba0b
[2023-08-01 11:15:53,193] {taskinstance.py:1571} INFO - Exporting the following env vars:
AIRFLOW_CTX_DAG_OWNER=***
AIRFLOW_CTX_DAG_ID=s3_to_BigQuery
AIRFLOW_CTX_TASK_ID=weather_data_to_BQ
AIRFLOW_CTX_EXECUTION_DATE=2023-08-01T11:15:51.715290+00:00
AIRFLOW_CTX_TRY_NUMBER=1
AIRFLOW_CTX_DAG_RUN_ID=manual__2023-08-01T11:15:51.715290+00:00
[2023-08-01 11:15:53,194] {logging_mixin.py:115} INFO - 
 heeeeeeeeeeeeeeeeeeeeeeeeeeeeeeeeeyy
[2023-08-01 11:15:54,282] {logging_mixin.py:115} INFO - 
✅ DataFrame created ! ✅
[2023-08-01 11:15:54,385] {logging_mixin.py:115} INFO - Error: This library only supports credentials from google-auth-library-python. See https://google-auth.readthedocs.io/en/latest/ for help on authentication with this library.
[2023-08-01 11:15:54,386] {python.py:173} INFO - Done. Returned value was: None
[2023-08-01 11:15:54,397] {taskinstance.py:1400} INFO - Marking task as SUCCESS. dag_id=s3_to_BigQuery, task_id=weather_data_to_BQ, execution_date=20230801T111551, start_date=20230801T111552, end_date=20230801T111554
[2023-08-01 11:15:55,081] {local_task_job.py:156} INFO - Task exited with return code 0
[2023-08-01 11:15:55,209] {local_task_job.py:273} INFO - 0 downstream tasks scheduled from follow-on schedule check
