[2023-08-01 11:02:00,083] {taskinstance.py:1159} INFO - Dependencies all met for <TaskInstance: s3_to_BigQuery.stations_data_to_BQ manual__2023-08-01T11:01:57.739777+00:00 [queued]>
[2023-08-01 11:02:00,095] {taskinstance.py:1159} INFO - Dependencies all met for <TaskInstance: s3_to_BigQuery.stations_data_to_BQ manual__2023-08-01T11:01:57.739777+00:00 [queued]>
[2023-08-01 11:02:00,096] {taskinstance.py:1356} INFO - 
--------------------------------------------------------------------------------
[2023-08-01 11:02:00,096] {taskinstance.py:1357} INFO - Starting attempt 1 of 2
[2023-08-01 11:02:00,096] {taskinstance.py:1358} INFO - 
--------------------------------------------------------------------------------
[2023-08-01 11:02:00,136] {taskinstance.py:1377} INFO - Executing <Task(PythonOperator): stations_data_to_BQ> on 2023-08-01 11:01:57.739777+00:00
[2023-08-01 11:02:00,142] {standard_task_runner.py:52} INFO - Started process 2873 to run task
[2023-08-01 11:02:00,146] {standard_task_runner.py:79} INFO - Running: ['***', 'tasks', 'run', 's3_to_BigQuery', 'stations_data_to_BQ', 'manual__2023-08-01T11:01:57.739777+00:00', '--job-id', '163', '--raw', '--subdir', 'DAGS_FOLDER/dag.py', '--cfg-path', '/tmp/tmplixva0zr', '--error-file', '/tmp/tmp47eb429f']
[2023-08-01 11:02:00,147] {standard_task_runner.py:80} INFO - Job 163: Subtask stations_data_to_BQ
[2023-08-01 11:02:00,242] {task_command.py:370} INFO - Running <TaskInstance: s3_to_BigQuery.stations_data_to_BQ manual__2023-08-01T11:01:57.739777+00:00 [running]> on host a6bbb8f7ba0b
[2023-08-01 11:02:00,482] {taskinstance.py:1571} INFO - Exporting the following env vars:
AIRFLOW_CTX_DAG_OWNER=***
AIRFLOW_CTX_DAG_ID=s3_to_BigQuery
AIRFLOW_CTX_TASK_ID=stations_data_to_BQ
AIRFLOW_CTX_EXECUTION_DATE=2023-08-01T11:01:57.739777+00:00
AIRFLOW_CTX_TRY_NUMBER=1
AIRFLOW_CTX_DAG_RUN_ID=manual__2023-08-01T11:01:57.739777+00:00
[2023-08-01 11:02:00,484] {logging_mixin.py:115} INFO - 
 heeeeeeeeeeeeeeeeeeeeeeeeeeeeeeeeeyy
[2023-08-01 11:02:02,719] {logging_mixin.py:115} INFO - 
 working?
[2023-08-01 11:02:02,720] {logging_mixin.py:115} INFO - Error: Unable to locate credentials
[2023-08-01 11:02:02,720] {python.py:173} INFO - Done. Returned value was: None
[2023-08-01 11:02:02,747] {taskinstance.py:1400} INFO - Marking task as SUCCESS. dag_id=s3_to_BigQuery, task_id=stations_data_to_BQ, execution_date=20230801T110157, start_date=20230801T110200, end_date=20230801T110202
[2023-08-01 11:02:02,808] {local_task_job.py:156} INFO - Task exited with return code 0
[2023-08-01 11:02:02,853] {local_task_job.py:273} INFO - 0 downstream tasks scheduled from follow-on schedule check
