[2023-08-02 09:30:05,163] {taskinstance.py:1159} INFO - Dependencies all met for <TaskInstance: S3_to_BigQuery.load_stations_data manual__2023-08-02T09:30:03.811881+00:00 [queued]>
[2023-08-02 09:30:05,170] {taskinstance.py:1159} INFO - Dependencies all met for <TaskInstance: S3_to_BigQuery.load_stations_data manual__2023-08-02T09:30:03.811881+00:00 [queued]>
[2023-08-02 09:30:05,170] {taskinstance.py:1356} INFO - 
--------------------------------------------------------------------------------
[2023-08-02 09:30:05,170] {taskinstance.py:1357} INFO - Starting attempt 1 of 2
[2023-08-02 09:30:05,170] {taskinstance.py:1358} INFO - 
--------------------------------------------------------------------------------
[2023-08-02 09:30:05,197] {taskinstance.py:1377} INFO - Executing <Task(PythonOperator): load_stations_data> on 2023-08-02 09:30:03.811881+00:00
[2023-08-02 09:30:05,201] {standard_task_runner.py:52} INFO - Started process 10208 to run task
[2023-08-02 09:30:05,204] {standard_task_runner.py:79} INFO - Running: ['***', 'tasks', 'run', 'S3_to_BigQuery', 'load_stations_data', 'manual__2023-08-02T09:30:03.811881+00:00', '--job-id', '309', '--raw', '--subdir', 'DAGS_FOLDER/dag.py', '--cfg-path', '/tmp/tmpns7rwsts', '--error-file', '/tmp/tmp84g6zua4']
[2023-08-02 09:30:05,204] {standard_task_runner.py:80} INFO - Job 309: Subtask load_stations_data
[2023-08-02 09:30:05,288] {task_command.py:370} INFO - Running <TaskInstance: S3_to_BigQuery.load_stations_data manual__2023-08-02T09:30:03.811881+00:00 [running]> on host 656341a29da6
[2023-08-02 09:30:06,111] {taskinstance.py:1571} INFO - Exporting the following env vars:
AIRFLOW_CTX_DAG_OWNER=***
AIRFLOW_CTX_DAG_ID=S3_to_BigQuery
AIRFLOW_CTX_TASK_ID=load_stations_data
AIRFLOW_CTX_EXECUTION_DATE=2023-08-02T09:30:03.811881+00:00
AIRFLOW_CTX_TRY_NUMBER=1
AIRFLOW_CTX_DAG_RUN_ID=manual__2023-08-02T09:30:03.811881+00:00
[2023-08-02 09:30:07,974] {logging_mixin.py:115} INFO - 
DataFrame push into xcom.
[2023-08-02 09:30:08,730] {logging_mixin.py:115} INFO - 
DATAFRAME SHAPE : (16003, 8)
[2023-08-02 09:30:08,730] {logging_mixin.py:115} INFO - 
✅ DataFrame created ! ✅
[2023-08-02 09:30:09,648] {logging_mixin.py:115} INFO - 
✅ Push to xcom ! ✅
[2023-08-02 09:30:09,656] {python.py:173} INFO - Done. Returned value was: None
[2023-08-02 09:30:09,691] {taskinstance.py:1400} INFO - Marking task as SUCCESS. dag_id=S3_to_BigQuery, task_id=load_stations_data, execution_date=20230802T093003, start_date=20230802T093005, end_date=20230802T093009
[2023-08-02 09:30:09,833] {local_task_job.py:156} INFO - Task exited with return code 0
[2023-08-02 09:30:09,931] {local_task_job.py:273} INFO - 1 downstream tasks scheduled from follow-on schedule check
