[2023-08-02 08:22:00,808] {taskinstance.py:1159} INFO - Dependencies all met for <TaskInstance: S3_to_BigQuery.load_stations_data manual__2023-08-02T08:22:00.145284+00:00 [queued]>
[2023-08-02 08:22:00,816] {taskinstance.py:1159} INFO - Dependencies all met for <TaskInstance: S3_to_BigQuery.load_stations_data manual__2023-08-02T08:22:00.145284+00:00 [queued]>
[2023-08-02 08:22:00,816] {taskinstance.py:1356} INFO - 
--------------------------------------------------------------------------------
[2023-08-02 08:22:00,816] {taskinstance.py:1357} INFO - Starting attempt 1 of 2
[2023-08-02 08:22:00,816] {taskinstance.py:1358} INFO - 
--------------------------------------------------------------------------------
[2023-08-02 08:22:00,842] {taskinstance.py:1377} INFO - Executing <Task(PythonOperator): load_stations_data> on 2023-08-02 08:22:00.145284+00:00
[2023-08-02 08:22:00,847] {standard_task_runner.py:52} INFO - Started process 6951 to run task
[2023-08-02 08:22:00,849] {standard_task_runner.py:79} INFO - Running: ['***', 'tasks', 'run', 'S3_to_BigQuery', 'load_stations_data', 'manual__2023-08-02T08:22:00.145284+00:00', '--job-id', '254', '--raw', '--subdir', 'DAGS_FOLDER/dag.py', '--cfg-path', '/tmp/tmpfzfibmc7', '--error-file', '/tmp/tmpxl4pgz5q']
[2023-08-02 08:22:00,850] {standard_task_runner.py:80} INFO - Job 254: Subtask load_stations_data
[2023-08-02 08:22:00,908] {task_command.py:370} INFO - Running <TaskInstance: S3_to_BigQuery.load_stations_data manual__2023-08-02T08:22:00.145284+00:00 [running]> on host 656341a29da6
[2023-08-02 08:22:01,044] {taskinstance.py:1571} INFO - Exporting the following env vars:
AIRFLOW_CTX_DAG_OWNER=***
AIRFLOW_CTX_DAG_ID=S3_to_BigQuery
AIRFLOW_CTX_TASK_ID=load_stations_data
AIRFLOW_CTX_EXECUTION_DATE=2023-08-02T08:22:00.145284+00:00
AIRFLOW_CTX_TRY_NUMBER=1
AIRFLOW_CTX_DAG_RUN_ID=manual__2023-08-02T08:22:00.145284+00:00
[2023-08-02 08:22:03,097] {logging_mixin.py:115} INFO - Error: 'task'
[2023-08-02 08:22:03,104] {python.py:173} INFO - Done. Returned value was: None
[2023-08-02 08:22:03,141] {taskinstance.py:1400} INFO - Marking task as SUCCESS. dag_id=S3_to_BigQuery, task_id=load_stations_data, execution_date=20230802T082200, start_date=20230802T082200, end_date=20230802T082203
[2023-08-02 08:22:03,434] {local_task_job.py:156} INFO - Task exited with return code 0
[2023-08-02 08:22:03,507] {local_task_job.py:273} INFO - 1 downstream tasks scheduled from follow-on schedule check
