[2023-08-02 07:16:53,748] {taskinstance.py:1159} INFO - Dependencies all met for <TaskInstance: s3_to_postgres.join_all manual__2023-08-02T07:16:48.814960+00:00 [queued]>
[2023-08-02 07:16:53,755] {taskinstance.py:1159} INFO - Dependencies all met for <TaskInstance: s3_to_postgres.join_all manual__2023-08-02T07:16:48.814960+00:00 [queued]>
[2023-08-02 07:16:53,755] {taskinstance.py:1356} INFO - 
--------------------------------------------------------------------------------
[2023-08-02 07:16:53,755] {taskinstance.py:1357} INFO - Starting attempt 1 of 2
[2023-08-02 07:16:53,755] {taskinstance.py:1358} INFO - 
--------------------------------------------------------------------------------
[2023-08-02 07:16:53,779] {taskinstance.py:1377} INFO - Executing <Task(BashOperator): join_all> on 2023-08-02 07:16:48.814960+00:00
[2023-08-02 07:16:53,783] {standard_task_runner.py:52} INFO - Started process 3934 to run task
[2023-08-02 07:16:53,786] {standard_task_runner.py:79} INFO - Running: ['***', 'tasks', 'run', 's3_to_postgres', 'join_all', 'manual__2023-08-02T07:16:48.814960+00:00', '--job-id', '241', '--raw', '--subdir', 'DAGS_FOLDER/dag.py', '--cfg-path', '/tmp/tmpwrxv921_', '--error-file', '/tmp/tmpvk7p_iau']
[2023-08-02 07:16:53,786] {standard_task_runner.py:80} INFO - Job 241: Subtask join_all
[2023-08-02 07:16:53,839] {task_command.py:370} INFO - Running <TaskInstance: s3_to_postgres.join_all manual__2023-08-02T07:16:48.814960+00:00 [running]> on host 656341a29da6
[2023-08-02 07:16:53,923] {taskinstance.py:1571} INFO - Exporting the following env vars:
AIRFLOW_CTX_DAG_OWNER=***
AIRFLOW_CTX_DAG_ID=s3_to_postgres
AIRFLOW_CTX_TASK_ID=join_all
AIRFLOW_CTX_EXECUTION_DATE=2023-08-02T07:16:48.814960+00:00
AIRFLOW_CTX_TRY_NUMBER=1
AIRFLOW_CTX_DAG_RUN_ID=manual__2023-08-02T07:16:48.814960+00:00
[2023-08-02 07:16:53,924] {subprocess.py:62} INFO - Tmp dir root location: 
 /tmp
[2023-08-02 07:16:53,924] {subprocess.py:74} INFO - Running command: ['bash', '-c', "echo 'Join all!'"]
[2023-08-02 07:16:53,934] {subprocess.py:85} INFO - Output:
[2023-08-02 07:16:53,935] {subprocess.py:92} INFO - Join all!
[2023-08-02 07:16:53,936] {subprocess.py:96} INFO - Command exited with return code 0
[2023-08-02 07:16:53,970] {taskinstance.py:1400} INFO - Marking task as SUCCESS. dag_id=s3_to_postgres, task_id=join_all, execution_date=20230802T071648, start_date=20230802T071653, end_date=20230802T071653
[2023-08-02 07:16:53,998] {local_task_job.py:156} INFO - Task exited with return code 0
[2023-08-02 07:16:54,039] {local_task_job.py:273} INFO - 0 downstream tasks scheduled from follow-on schedule check
