[2023-07-31 12:22:11,401] {taskinstance.py:1159} INFO - Dependencies all met for <TaskInstance: s3_redshift_dag.create_small_csv manual__2023-07-31T12:22:08.664469+00:00 [queued]>
[2023-07-31 12:22:11,411] {taskinstance.py:1159} INFO - Dependencies all met for <TaskInstance: s3_redshift_dag.create_small_csv manual__2023-07-31T12:22:08.664469+00:00 [queued]>
[2023-07-31 12:22:11,411] {taskinstance.py:1356} INFO - 
--------------------------------------------------------------------------------
[2023-07-31 12:22:11,411] {taskinstance.py:1357} INFO - Starting attempt 1 of 1
[2023-07-31 12:22:11,411] {taskinstance.py:1358} INFO - 
--------------------------------------------------------------------------------
[2023-07-31 12:22:11,437] {taskinstance.py:1377} INFO - Executing <Task(PythonOperator): create_small_csv> on 2023-07-31 12:22:08.664469+00:00
[2023-07-31 12:22:11,442] {standard_task_runner.py:52} INFO - Started process 810 to run task
[2023-07-31 12:22:11,444] {standard_task_runner.py:79} INFO - Running: ['***', 'tasks', 'run', 's3_redshift_dag', 'create_small_csv', 'manual__2023-07-31T12:22:08.664469+00:00', '--job-id', '7', '--raw', '--subdir', 'DAGS_FOLDER/dag.py', '--cfg-path', '/tmp/tmpv8nd2x5v', '--error-file', '/tmp/tmpj60n46of']
[2023-07-31 12:22:11,445] {standard_task_runner.py:80} INFO - Job 7: Subtask create_small_csv
[2023-07-31 12:22:11,495] {task_command.py:370} INFO - Running <TaskInstance: s3_redshift_dag.create_small_csv manual__2023-07-31T12:22:08.664469+00:00 [running]> on host 8aac46936356
[2023-07-31 12:22:11,618] {taskinstance.py:1571} INFO - Exporting the following env vars:
AIRFLOW_CTX_DAG_OWNER=***
AIRFLOW_CTX_DAG_ID=s3_redshift_dag
AIRFLOW_CTX_TASK_ID=create_small_csv
AIRFLOW_CTX_EXECUTION_DATE=2023-07-31T12:22:08.664469+00:00
AIRFLOW_CTX_TRY_NUMBER=1
AIRFLOW_CTX_DAG_RUN_ID=manual__2023-07-31T12:22:08.664469+00:00
[2023-07-31 12:22:11,636] {python.py:173} INFO - Done. Returned value was: None
[2023-07-31 12:22:11,648] {taskinstance.py:1400} INFO - Marking task as SUCCESS. dag_id=s3_redshift_dag, task_id=create_small_csv, execution_date=20230731T122208, start_date=20230731T122211, end_date=20230731T122211
[2023-07-31 12:22:11,736] {local_task_job.py:156} INFO - Task exited with return code 0
[2023-07-31 12:22:11,826] {local_task_job.py:273} INFO - 1 downstream tasks scheduled from follow-on schedule check
