[2023-08-02 08:15:16,076] {taskinstance.py:1159} INFO - Dependencies all met for <TaskInstance: S3_to_BigQuery.load_stations_data manual__2023-08-02T08:15:15.056898+00:00 [queued]>
[2023-08-02 08:15:16,084] {taskinstance.py:1159} INFO - Dependencies all met for <TaskInstance: S3_to_BigQuery.load_stations_data manual__2023-08-02T08:15:15.056898+00:00 [queued]>
[2023-08-02 08:15:16,084] {taskinstance.py:1356} INFO - 
--------------------------------------------------------------------------------
[2023-08-02 08:15:16,084] {taskinstance.py:1357} INFO - Starting attempt 1 of 2
[2023-08-02 08:15:16,084] {taskinstance.py:1358} INFO - 
--------------------------------------------------------------------------------
[2023-08-02 08:15:16,370] {taskinstance.py:1377} INFO - Executing <Task(PythonOperator): load_stations_data> on 2023-08-02 08:15:15.056898+00:00
[2023-08-02 08:15:16,377] {standard_task_runner.py:52} INFO - Started process 6621 to run task
[2023-08-02 08:15:16,379] {standard_task_runner.py:79} INFO - Running: ['***', 'tasks', 'run', 'S3_to_BigQuery', 'load_stations_data', 'manual__2023-08-02T08:15:15.056898+00:00', '--job-id', '245', '--raw', '--subdir', 'DAGS_FOLDER/dag.py', '--cfg-path', '/tmp/tmpoi7d_sxx', '--error-file', '/tmp/tmpu1vi5d_x']
[2023-08-02 08:15:16,380] {standard_task_runner.py:80} INFO - Job 245: Subtask load_stations_data
[2023-08-02 08:15:16,884] {task_command.py:370} INFO - Running <TaskInstance: S3_to_BigQuery.load_stations_data manual__2023-08-02T08:15:15.056898+00:00 [running]> on host 656341a29da6
[2023-08-02 08:15:16,999] {taskinstance.py:1571} INFO - Exporting the following env vars:
AIRFLOW_CTX_DAG_OWNER=***
AIRFLOW_CTX_DAG_ID=S3_to_BigQuery
AIRFLOW_CTX_TASK_ID=load_stations_data
AIRFLOW_CTX_EXECUTION_DATE=2023-08-02T08:15:15.056898+00:00
AIRFLOW_CTX_TRY_NUMBER=1
AIRFLOW_CTX_DAG_RUN_ID=manual__2023-08-02T08:15:15.056898+00:00
[2023-08-02 08:15:19,663] {logging_mixin.py:115} INFO - Error: name 'context' is not defined
[2023-08-02 08:15:19,673] {python.py:173} INFO - Done. Returned value was: None
[2023-08-02 08:15:19,684] {taskinstance.py:1400} INFO - Marking task as SUCCESS. dag_id=S3_to_BigQuery, task_id=load_stations_data, execution_date=20230802T081515, start_date=20230802T081516, end_date=20230802T081519
[2023-08-02 08:15:19,724] {local_task_job.py:156} INFO - Task exited with return code 0
[2023-08-02 08:15:19,765] {local_task_job.py:273} INFO - 1 downstream tasks scheduled from follow-on schedule check
