[2023-08-02 10:41:59,911] {taskinstance.py:1159} INFO - Dependencies all met for <TaskInstance: S3_to_BigQuery.upload_stations_data manual__2023-08-02T10:41:50.226222+00:00 [queued]>
[2023-08-02 10:41:59,922] {taskinstance.py:1159} INFO - Dependencies all met for <TaskInstance: S3_to_BigQuery.upload_stations_data manual__2023-08-02T10:41:50.226222+00:00 [queued]>
[2023-08-02 10:41:59,922] {taskinstance.py:1356} INFO - 
--------------------------------------------------------------------------------
[2023-08-02 10:41:59,922] {taskinstance.py:1357} INFO - Starting attempt 1 of 2
[2023-08-02 10:41:59,922] {taskinstance.py:1358} INFO - 
--------------------------------------------------------------------------------
[2023-08-02 10:41:59,960] {taskinstance.py:1377} INFO - Executing <Task(PythonOperator): upload_stations_data> on 2023-08-02 10:41:50.226222+00:00
[2023-08-02 10:41:59,967] {standard_task_runner.py:52} INFO - Started process 1692 to run task
[2023-08-02 10:41:59,969] {standard_task_runner.py:79} INFO - Running: ['***', 'tasks', 'run', 'S3_to_BigQuery', 'upload_stations_data', 'manual__2023-08-02T10:41:50.226222+00:00', '--job-id', '372', '--raw', '--subdir', 'DAGS_FOLDER/dag.py', '--cfg-path', '/tmp/tmpxqk62t0c', '--error-file', '/tmp/tmpradrl_cv']
[2023-08-02 10:41:59,970] {standard_task_runner.py:80} INFO - Job 372: Subtask upload_stations_data
[2023-08-02 10:42:00,047] {task_command.py:370} INFO - Running <TaskInstance: S3_to_BigQuery.upload_stations_data manual__2023-08-02T10:41:50.226222+00:00 [running]> on host f57ce474b9bb
[2023-08-02 10:42:00,159] {taskinstance.py:1571} INFO - Exporting the following env vars:
AIRFLOW_CTX_DAG_OWNER=***
AIRFLOW_CTX_DAG_ID=S3_to_BigQuery
AIRFLOW_CTX_TASK_ID=upload_stations_data
AIRFLOW_CTX_EXECUTION_DATE=2023-08-02T10:41:50.226222+00:00
AIRFLOW_CTX_TRY_NUMBER=1
AIRFLOW_CTX_DAG_RUN_ID=manual__2023-08-02T10:41:50.226222+00:00
[2023-08-02 10:42:00,757] {taskinstance.py:1889} ERROR - Task failed with exception
Traceback (most recent call last):
  File "/home/airflow/.local/lib/python3.7/site-packages/airflow/operators/python.py", line 171, in execute
    return_value = self.execute_callable()
  File "/home/airflow/.local/lib/python3.7/site-packages/airflow/operators/python.py", line 189, in execute_callable
    return self.python_callable(*self.op_args, **self.op_kwargs)
  File "/opt/airflow/dags/dag.py", line 35, in upload_stations_data
    return uploading_to_BQ("lime_stations_topic","cleaning_stations_data",ti)
  File "/opt/airflow/plugins/plugins.py", line 127, in uploading_to_BQ
    df.to_gbq(destination_table=destination_table,project_id='lime-project-394114',if_exists='fail',credentials=credentials)
  File "/home/airflow/.local/lib/python3.7/site-packages/pandas/core/frame.py", line 1940, in to_gbq
    credentials=credentials,
  File "/home/airflow/.local/lib/python3.7/site-packages/pandas/io/gbq.py", line 223, in to_gbq
    credentials=credentials,
  File "/home/airflow/.local/lib/python3.7/site-packages/pandas_gbq/gbq.py", line 1168, in to_gbq
    "Could not create the table because it "
pandas_gbq.gbq.TableCreationError: Could not create the table because it already exists. Change the if_exists parameter to 'append' or 'replace' data.
[2023-08-02 10:42:00,766] {taskinstance.py:1400} INFO - Marking task as UP_FOR_RETRY. dag_id=S3_to_BigQuery, task_id=upload_stations_data, execution_date=20230802T104150, start_date=20230802T104159, end_date=20230802T104200
[2023-08-02 10:42:01,011] {standard_task_runner.py:97} ERROR - Failed to execute job 372 for task upload_stations_data (Could not create the table because it already exists. Change the if_exists parameter to 'append' or 'replace' data.; 1692)
[2023-08-02 10:42:01,064] {local_task_job.py:156} INFO - Task exited with return code 1
[2023-08-02 10:42:01,127] {local_task_job.py:273} INFO - 0 downstream tasks scheduled from follow-on schedule check
