[2023-08-02 10:47:01,986] {taskinstance.py:1159} INFO - Dependencies all met for <TaskInstance: S3_to_BigQuery.upload_stations_data manual__2023-08-02T10:41:50.226222+00:00 [queued]>
[2023-08-02 10:47:01,995] {taskinstance.py:1159} INFO - Dependencies all met for <TaskInstance: S3_to_BigQuery.upload_stations_data manual__2023-08-02T10:41:50.226222+00:00 [queued]>
[2023-08-02 10:47:01,995] {taskinstance.py:1356} INFO - 
--------------------------------------------------------------------------------
[2023-08-02 10:47:01,995] {taskinstance.py:1357} INFO - Starting attempt 2 of 2
[2023-08-02 10:47:01,995] {taskinstance.py:1358} INFO - 
--------------------------------------------------------------------------------
[2023-08-02 10:47:02,022] {taskinstance.py:1377} INFO - Executing <Task(PythonOperator): upload_stations_data> on 2023-08-02 10:41:50.226222+00:00
[2023-08-02 10:47:02,027] {standard_task_runner.py:52} INFO - Started process 1941 to run task
[2023-08-02 10:47:02,029] {standard_task_runner.py:79} INFO - Running: ['***', 'tasks', 'run', 'S3_to_BigQuery', 'upload_stations_data', 'manual__2023-08-02T10:41:50.226222+00:00', '--job-id', '380', '--raw', '--subdir', 'DAGS_FOLDER/dag.py', '--cfg-path', '/tmp/tmpc5r21owj', '--error-file', '/tmp/tmpdp48tpuk']
[2023-08-02 10:47:02,030] {standard_task_runner.py:80} INFO - Job 380: Subtask upload_stations_data
[2023-08-02 10:47:02,084] {task_command.py:370} INFO - Running <TaskInstance: S3_to_BigQuery.upload_stations_data manual__2023-08-02T10:41:50.226222+00:00 [running]> on host f57ce474b9bb
[2023-08-02 10:47:02,167] {taskinstance.py:1571} INFO - Exporting the following env vars:
AIRFLOW_CTX_DAG_OWNER=***
AIRFLOW_CTX_DAG_ID=S3_to_BigQuery
AIRFLOW_CTX_TASK_ID=upload_stations_data
AIRFLOW_CTX_EXECUTION_DATE=2023-08-02T10:41:50.226222+00:00
AIRFLOW_CTX_TRY_NUMBER=2
AIRFLOW_CTX_DAG_RUN_ID=manual__2023-08-02T10:41:50.226222+00:00
[2023-08-02 10:47:02,766] {logging_mixin.py:115} INFO - Error: Could not create the table because it already exists. Change the if_exists parameter to 'append' or 'replace' data.
[2023-08-02 10:47:02,777] {python.py:173} INFO - Done. Returned value was: None
[2023-08-02 10:47:02,814] {taskinstance.py:1400} INFO - Marking task as SUCCESS. dag_id=S3_to_BigQuery, task_id=upload_stations_data, execution_date=20230802T104150, start_date=20230802T104701, end_date=20230802T104702
[2023-08-02 10:47:02,884] {local_task_job.py:156} INFO - Task exited with return code 0
[2023-08-02 10:47:03,373] {local_task_job.py:273} INFO - 1 downstream tasks scheduled from follow-on schedule check
