[2023-08-02 05:35:15,171] {taskinstance.py:1159} INFO - Dependencies all met for <TaskInstance: s3_to_BigQuery.weather_data_to_BQ manual__2023-08-02T05:35:11.194695+00:00 [queued]>
[2023-08-02 05:35:15,179] {taskinstance.py:1159} INFO - Dependencies all met for <TaskInstance: s3_to_BigQuery.weather_data_to_BQ manual__2023-08-02T05:35:11.194695+00:00 [queued]>
[2023-08-02 05:35:15,179] {taskinstance.py:1356} INFO - 
--------------------------------------------------------------------------------
[2023-08-02 05:35:15,179] {taskinstance.py:1357} INFO - Starting attempt 1 of 2
[2023-08-02 05:35:15,179] {taskinstance.py:1358} INFO - 
--------------------------------------------------------------------------------
[2023-08-02 05:35:15,205] {taskinstance.py:1377} INFO - Executing <Task(PythonOperator): weather_data_to_BQ> on 2023-08-02 05:35:11.194695+00:00
[2023-08-02 05:35:15,210] {standard_task_runner.py:52} INFO - Started process 672 to run task
[2023-08-02 05:35:15,213] {standard_task_runner.py:79} INFO - Running: ['***', 'tasks', 'run', 's3_to_BigQuery', 'weather_data_to_BQ', 'manual__2023-08-02T05:35:11.194695+00:00', '--job-id', '224', '--raw', '--subdir', 'DAGS_FOLDER/dag.py', '--cfg-path', '/tmp/tmp5aqbo9hi', '--error-file', '/tmp/tmpidrb6lh9']
[2023-08-02 05:35:15,214] {standard_task_runner.py:80} INFO - Job 224: Subtask weather_data_to_BQ
[2023-08-02 05:35:15,268] {task_command.py:370} INFO - Running <TaskInstance: s3_to_BigQuery.weather_data_to_BQ manual__2023-08-02T05:35:11.194695+00:00 [running]> on host e73b972b08ee
[2023-08-02 05:35:15,483] {taskinstance.py:1571} INFO - Exporting the following env vars:
AIRFLOW_CTX_DAG_OWNER=***
AIRFLOW_CTX_DAG_ID=s3_to_BigQuery
AIRFLOW_CTX_TASK_ID=weather_data_to_BQ
AIRFLOW_CTX_EXECUTION_DATE=2023-08-02T05:35:11.194695+00:00
AIRFLOW_CTX_TRY_NUMBER=1
AIRFLOW_CTX_DAG_RUN_ID=manual__2023-08-02T05:35:11.194695+00:00
[2023-08-02 05:35:15,486] {logging_mixin.py:115} INFO - 
 heeeeeeeeeeeeeeeeeeeeeeeeeeeeeeeeeyy
[2023-08-02 05:35:16,785] {logging_mixin.py:115} INFO - 
✅ DataFrame created ! ✅
[2023-08-02 05:35:16,785] {logging_mixin.py:115} INFO - Error: [Errno 21] Is a directory: '/opt/***/plugins/lime-project-key.json'
[2023-08-02 05:35:16,788] {python.py:173} INFO - Done. Returned value was: None
[2023-08-02 05:35:16,827] {taskinstance.py:1400} INFO - Marking task as SUCCESS. dag_id=s3_to_BigQuery, task_id=weather_data_to_BQ, execution_date=20230802T053511, start_date=20230802T053515, end_date=20230802T053516
[2023-08-02 05:35:17,112] {local_task_job.py:156} INFO - Task exited with return code 0
[2023-08-02 05:35:17,154] {local_task_job.py:273} INFO - 0 downstream tasks scheduled from follow-on schedule check
