[2023-07-31 15:18:20,405] {taskinstance.py:1159} INFO - Dependencies all met for <TaskInstance: s3_to_postgres.load_weather_data manual__2023-07-31T15:18:18.257958+00:00 [queued]>
[2023-07-31 15:18:20,413] {taskinstance.py:1159} INFO - Dependencies all met for <TaskInstance: s3_to_postgres.load_weather_data manual__2023-07-31T15:18:18.257958+00:00 [queued]>
[2023-07-31 15:18:20,413] {taskinstance.py:1356} INFO - 
--------------------------------------------------------------------------------
[2023-07-31 15:18:20,413] {taskinstance.py:1357} INFO - Starting attempt 1 of 2
[2023-07-31 15:18:20,413] {taskinstance.py:1358} INFO - 
--------------------------------------------------------------------------------
[2023-07-31 15:18:20,855] {taskinstance.py:1377} INFO - Executing <Task(PythonOperator): load_weather_data> on 2023-07-31 15:18:18.257958+00:00
[2023-07-31 15:18:20,861] {standard_task_runner.py:52} INFO - Started process 9052 to run task
[2023-07-31 15:18:20,864] {standard_task_runner.py:79} INFO - Running: ['***', 'tasks', 'run', 's3_to_postgres', 'load_weather_data', 'manual__2023-07-31T15:18:18.257958+00:00', '--job-id', '135', '--raw', '--subdir', 'DAGS_FOLDER/dag.py', '--cfg-path', '/tmp/tmpamr67586', '--error-file', '/tmp/tmpefmlbof2']
[2023-07-31 15:18:20,865] {standard_task_runner.py:80} INFO - Job 135: Subtask load_weather_data
[2023-07-31 15:18:21,115] {task_command.py:370} INFO - Running <TaskInstance: s3_to_postgres.load_weather_data manual__2023-07-31T15:18:18.257958+00:00 [running]> on host 8aac46936356
[2023-07-31 15:18:21,241] {taskinstance.py:1571} INFO - Exporting the following env vars:
AIRFLOW_CTX_DAG_OWNER=***
AIRFLOW_CTX_DAG_ID=s3_to_postgres
AIRFLOW_CTX_TASK_ID=load_weather_data
AIRFLOW_CTX_EXECUTION_DATE=2023-07-31T15:18:18.257958+00:00
AIRFLOW_CTX_TRY_NUMBER=1
AIRFLOW_CTX_DAG_RUN_ID=manual__2023-07-31T15:18:18.257958+00:00
[2023-07-31 15:18:21,829] {logging_mixin.py:115} INFO - Dataframe of the day done !
[2023-07-31 15:18:21,830] {python.py:173} INFO - Done. Returned value was: None
[2023-07-31 15:18:21,842] {taskinstance.py:1400} INFO - Marking task as SUCCESS. dag_id=s3_to_postgres, task_id=load_weather_data, execution_date=20230731T151818, start_date=20230731T151820, end_date=20230731T151821
[2023-07-31 15:18:21,919] {local_task_job.py:156} INFO - Task exited with return code 0
[2023-07-31 15:18:21,965] {local_task_job.py:273} INFO - 0 downstream tasks scheduled from follow-on schedule check
