[2023-08-02 10:41:56,498] {taskinstance.py:1159} INFO - Dependencies all met for <TaskInstance: S3_to_BigQuery.cleaning_stations_data manual__2023-08-02T10:41:50.226222+00:00 [queued]>
[2023-08-02 10:41:56,506] {taskinstance.py:1159} INFO - Dependencies all met for <TaskInstance: S3_to_BigQuery.cleaning_stations_data manual__2023-08-02T10:41:50.226222+00:00 [queued]>
[2023-08-02 10:41:56,506] {taskinstance.py:1356} INFO - 
--------------------------------------------------------------------------------
[2023-08-02 10:41:56,506] {taskinstance.py:1357} INFO - Starting attempt 1 of 2
[2023-08-02 10:41:56,506] {taskinstance.py:1358} INFO - 
--------------------------------------------------------------------------------
[2023-08-02 10:41:56,548] {taskinstance.py:1377} INFO - Executing <Task(PythonOperator): cleaning_stations_data> on 2023-08-02 10:41:50.226222+00:00
[2023-08-02 10:41:56,553] {standard_task_runner.py:52} INFO - Started process 1677 to run task
[2023-08-02 10:41:56,555] {standard_task_runner.py:79} INFO - Running: ['***', 'tasks', 'run', 'S3_to_BigQuery', 'cleaning_stations_data', 'manual__2023-08-02T10:41:50.226222+00:00', '--job-id', '370', '--raw', '--subdir', 'DAGS_FOLDER/dag.py', '--cfg-path', '/tmp/tmprahorhns', '--error-file', '/tmp/tmpmhvt0q9e']
[2023-08-02 10:41:56,556] {standard_task_runner.py:80} INFO - Job 370: Subtask cleaning_stations_data
[2023-08-02 10:41:56,634] {task_command.py:370} INFO - Running <TaskInstance: S3_to_BigQuery.cleaning_stations_data manual__2023-08-02T10:41:50.226222+00:00 [running]> on host f57ce474b9bb
[2023-08-02 10:41:56,775] {taskinstance.py:1571} INFO - Exporting the following env vars:
AIRFLOW_CTX_DAG_OWNER=***
AIRFLOW_CTX_DAG_ID=S3_to_BigQuery
AIRFLOW_CTX_TASK_ID=cleaning_stations_data
AIRFLOW_CTX_EXECUTION_DATE=2023-08-02T10:41:50.226222+00:00
AIRFLOW_CTX_TRY_NUMBER=1
AIRFLOW_CTX_DAG_RUN_ID=manual__2023-08-02T10:41:50.226222+00:00
[2023-08-02 10:41:56,884] {logging_mixin.py:115} INFO - 
DataFrame push into xcom.
[2023-08-02 10:41:57,863] {logging_mixin.py:115} INFO - 
DATAFRAME SHAPE : (16003, 8)
[2023-08-02 10:41:57,863] {logging_mixin.py:115} INFO - 
✅ DataFrame created ! ✅
[2023-08-02 10:41:57,872] {logging_mixin.py:115} INFO -    stationCode  ...               time_period
0        16107  ... 2023-08-01 16:30:00+02:00
1        31104  ... 2023-08-01 16:30:00+02:00
2         9020  ... 2023-08-01 16:30:00+02:00
3        12109  ... 2023-08-01 16:30:00+02:00
4        14111  ... 2023-08-01 16:30:00+02:00

[5 rows x 8 columns]
[2023-08-02 10:41:58,133] {logging_mixin.py:115} INFO - 
✅ Push to xcom ! ✅
[2023-08-02 10:41:58,134] {python.py:173} INFO - Done. Returned value was: None
[2023-08-02 10:41:58,145] {taskinstance.py:1400} INFO - Marking task as SUCCESS. dag_id=S3_to_BigQuery, task_id=cleaning_stations_data, execution_date=20230802T104150, start_date=20230802T104156, end_date=20230802T104158
[2023-08-02 10:41:58,211] {local_task_job.py:156} INFO - Task exited with return code 0
[2023-08-02 10:41:58,272] {local_task_job.py:273} INFO - 1 downstream tasks scheduled from follow-on schedule check
