[2023-08-02 09:30:05,204] {taskinstance.py:1159} INFO - Dependencies all met for <TaskInstance: S3_to_BigQuery.load_weather_data manual__2023-08-02T09:30:03.811881+00:00 [queued]>
[2023-08-02 09:30:05,211] {taskinstance.py:1159} INFO - Dependencies all met for <TaskInstance: S3_to_BigQuery.load_weather_data manual__2023-08-02T09:30:03.811881+00:00 [queued]>
[2023-08-02 09:30:05,212] {taskinstance.py:1356} INFO - 
--------------------------------------------------------------------------------
[2023-08-02 09:30:05,212] {taskinstance.py:1357} INFO - Starting attempt 1 of 2
[2023-08-02 09:30:05,212] {taskinstance.py:1358} INFO - 
--------------------------------------------------------------------------------
[2023-08-02 09:30:05,246] {taskinstance.py:1377} INFO - Executing <Task(PythonOperator): load_weather_data> on 2023-08-02 09:30:03.811881+00:00
[2023-08-02 09:30:05,252] {standard_task_runner.py:52} INFO - Started process 10209 to run task
[2023-08-02 09:30:05,255] {standard_task_runner.py:79} INFO - Running: ['***', 'tasks', 'run', 'S3_to_BigQuery', 'load_weather_data', 'manual__2023-08-02T09:30:03.811881+00:00', '--job-id', '310', '--raw', '--subdir', 'DAGS_FOLDER/dag.py', '--cfg-path', '/tmp/tmpoy6peuyf', '--error-file', '/tmp/tmpi5tbutkd']
[2023-08-02 09:30:05,256] {standard_task_runner.py:80} INFO - Job 310: Subtask load_weather_data
[2023-08-02 09:30:05,339] {task_command.py:370} INFO - Running <TaskInstance: S3_to_BigQuery.load_weather_data manual__2023-08-02T09:30:03.811881+00:00 [running]> on host 656341a29da6
[2023-08-02 09:30:06,169] {taskinstance.py:1571} INFO - Exporting the following env vars:
AIRFLOW_CTX_DAG_OWNER=***
AIRFLOW_CTX_DAG_ID=S3_to_BigQuery
AIRFLOW_CTX_TASK_ID=load_weather_data
AIRFLOW_CTX_EXECUTION_DATE=2023-08-02T09:30:03.811881+00:00
AIRFLOW_CTX_TRY_NUMBER=1
AIRFLOW_CTX_DAG_RUN_ID=manual__2023-08-02T09:30:03.811881+00:00
[2023-08-02 09:30:06,713] {logging_mixin.py:115} INFO - 
DataFrame push into xcom.
[2023-08-02 09:30:06,722] {logging_mixin.py:115} INFO - 
DATAFRAME SHAPE : (13, 11)
[2023-08-02 09:30:06,722] {logging_mixin.py:115} INFO - 
✅ DataFrame created ! ✅
[2023-08-02 09:30:06,792] {logging_mixin.py:115} INFO - 
✅ Push to xcom ! ✅
[2023-08-02 09:30:06,793] {python.py:173} INFO - Done. Returned value was: None
[2023-08-02 09:30:06,804] {taskinstance.py:1400} INFO - Marking task as SUCCESS. dag_id=S3_to_BigQuery, task_id=load_weather_data, execution_date=20230802T093003, start_date=20230802T093005, end_date=20230802T093006
[2023-08-02 09:30:06,876] {local_task_job.py:156} INFO - Task exited with return code 0
[2023-08-02 09:30:06,978] {local_task_job.py:273} INFO - 0 downstream tasks scheduled from follow-on schedule check
