[2023-08-02 10:44:50,803] {taskinstance.py:1159} INFO - Dependencies all met for <TaskInstance: S3_to_BigQuery.cleaning_stations_data manual__2023-08-02T10:44:44.086027+00:00 [queued]>
[2023-08-02 10:44:50,814] {taskinstance.py:1159} INFO - Dependencies all met for <TaskInstance: S3_to_BigQuery.cleaning_stations_data manual__2023-08-02T10:44:44.086027+00:00 [queued]>
[2023-08-02 10:44:50,814] {taskinstance.py:1356} INFO - 
--------------------------------------------------------------------------------
[2023-08-02 10:44:50,814] {taskinstance.py:1357} INFO - Starting attempt 1 of 2
[2023-08-02 10:44:50,814] {taskinstance.py:1358} INFO - 
--------------------------------------------------------------------------------
[2023-08-02 10:44:50,947] {taskinstance.py:1377} INFO - Executing <Task(PythonOperator): cleaning_stations_data> on 2023-08-02 10:44:44.086027+00:00
[2023-08-02 10:44:50,995] {standard_task_runner.py:52} INFO - Started process 1829 to run task
[2023-08-02 10:44:51,003] {standard_task_runner.py:79} INFO - Running: ['***', 'tasks', 'run', 'S3_to_BigQuery', 'cleaning_stations_data', 'manual__2023-08-02T10:44:44.086027+00:00', '--job-id', '376', '--raw', '--subdir', 'DAGS_FOLDER/dag.py', '--cfg-path', '/tmp/tmphs3vna78', '--error-file', '/tmp/tmpopuj_5v8']
[2023-08-02 10:44:51,006] {standard_task_runner.py:80} INFO - Job 376: Subtask cleaning_stations_data
[2023-08-02 10:44:51,111] {task_command.py:370} INFO - Running <TaskInstance: S3_to_BigQuery.cleaning_stations_data manual__2023-08-02T10:44:44.086027+00:00 [running]> on host f57ce474b9bb
[2023-08-02 10:44:51,230] {taskinstance.py:1571} INFO - Exporting the following env vars:
AIRFLOW_CTX_DAG_OWNER=***
AIRFLOW_CTX_DAG_ID=S3_to_BigQuery
AIRFLOW_CTX_TASK_ID=cleaning_stations_data
AIRFLOW_CTX_EXECUTION_DATE=2023-08-02T10:44:44.086027+00:00
AIRFLOW_CTX_TRY_NUMBER=1
AIRFLOW_CTX_DAG_RUN_ID=manual__2023-08-02T10:44:44.086027+00:00
[2023-08-02 10:44:51,337] {logging_mixin.py:115} INFO - 
DataFrame push into xcom.
[2023-08-02 10:44:52,298] {logging_mixin.py:115} INFO - 
DATAFRAME SHAPE : (16003, 8)
[2023-08-02 10:44:52,298] {logging_mixin.py:115} INFO - 
✅ DataFrame created ! ✅
[2023-08-02 10:44:52,308] {logging_mixin.py:115} INFO -    stationCode  ...               time_period
0        16107  ... 2023-08-01 16:30:00+02:00
1        31104  ... 2023-08-01 16:30:00+02:00
2         9020  ... 2023-08-01 16:30:00+02:00
3        12109  ... 2023-08-01 16:30:00+02:00
4        14111  ... 2023-08-01 16:30:00+02:00

[5 rows x 8 columns]
[2023-08-02 10:44:52,498] {logging_mixin.py:115} INFO - 
✅ Push to xcom ! ✅
[2023-08-02 10:44:52,499] {python.py:173} INFO - Done. Returned value was: None
[2023-08-02 10:44:52,509] {taskinstance.py:1400} INFO - Marking task as SUCCESS. dag_id=S3_to_BigQuery, task_id=cleaning_stations_data, execution_date=20230802T104444, start_date=20230802T104450, end_date=20230802T104452
[2023-08-02 10:44:52,577] {local_task_job.py:156} INFO - Task exited with return code 0
[2023-08-02 10:44:52,714] {local_task_job.py:273} INFO - 1 downstream tasks scheduled from follow-on schedule check
