[2023-08-02 08:45:34,098] {taskinstance.py:1159} INFO - Dependencies all met for <TaskInstance: S3_to_BigQuery.join_all manual__2023-08-02T08:45:26.365189+00:00 [queued]>
[2023-08-02 08:45:34,107] {taskinstance.py:1159} INFO - Dependencies all met for <TaskInstance: S3_to_BigQuery.join_all manual__2023-08-02T08:45:26.365189+00:00 [queued]>
[2023-08-02 08:45:34,107] {taskinstance.py:1356} INFO - 
--------------------------------------------------------------------------------
[2023-08-02 08:45:34,107] {taskinstance.py:1357} INFO - Starting attempt 1 of 2
[2023-08-02 08:45:34,107] {taskinstance.py:1358} INFO - 
--------------------------------------------------------------------------------
[2023-08-02 08:45:34,134] {taskinstance.py:1377} INFO - Executing <Task(BashOperator): join_all> on 2023-08-02 08:45:26.365189+00:00
[2023-08-02 08:45:34,139] {standard_task_runner.py:52} INFO - Started process 8084 to run task
[2023-08-02 08:45:34,141] {standard_task_runner.py:79} INFO - Running: ['***', 'tasks', 'run', 'S3_to_BigQuery', 'join_all', 'manual__2023-08-02T08:45:26.365189+00:00', '--job-id', '275', '--raw', '--subdir', 'DAGS_FOLDER/dag.py', '--cfg-path', '/tmp/tmpoc0kwt46', '--error-file', '/tmp/tmp2_yamqff']
[2023-08-02 08:45:34,142] {standard_task_runner.py:80} INFO - Job 275: Subtask join_all
[2023-08-02 08:45:34,202] {task_command.py:370} INFO - Running <TaskInstance: S3_to_BigQuery.join_all manual__2023-08-02T08:45:26.365189+00:00 [running]> on host 656341a29da6
[2023-08-02 08:45:34,292] {taskinstance.py:1571} INFO - Exporting the following env vars:
AIRFLOW_CTX_DAG_OWNER=***
AIRFLOW_CTX_DAG_ID=S3_to_BigQuery
AIRFLOW_CTX_TASK_ID=join_all
AIRFLOW_CTX_EXECUTION_DATE=2023-08-02T08:45:26.365189+00:00
AIRFLOW_CTX_TRY_NUMBER=1
AIRFLOW_CTX_DAG_RUN_ID=manual__2023-08-02T08:45:26.365189+00:00
[2023-08-02 08:45:34,293] {subprocess.py:62} INFO - Tmp dir root location: 
 /tmp
[2023-08-02 08:45:34,293] {subprocess.py:74} INFO - Running command: ['bash', '-c', "echo 'Join all!'"]
[2023-08-02 08:45:34,304] {subprocess.py:85} INFO - Output:
[2023-08-02 08:45:34,305] {subprocess.py:92} INFO - Join all!
[2023-08-02 08:45:34,306] {subprocess.py:96} INFO - Command exited with return code 0
[2023-08-02 08:45:34,344] {taskinstance.py:1400} INFO - Marking task as SUCCESS. dag_id=S3_to_BigQuery, task_id=join_all, execution_date=20230802T084526, start_date=20230802T084534, end_date=20230802T084534
[2023-08-02 08:45:34,394] {local_task_job.py:156} INFO - Task exited with return code 0
[2023-08-02 08:45:34,458] {local_task_job.py:273} INFO - 0 downstream tasks scheduled from follow-on schedule check
