[2023-08-01 11:15:52,878] {taskinstance.py:1159} INFO - Dependencies all met for <TaskInstance: s3_to_BigQuery.stations_data_to_BQ manual__2023-08-01T11:15:51.715290+00:00 [queued]>
[2023-08-01 11:15:52,899] {taskinstance.py:1159} INFO - Dependencies all met for <TaskInstance: s3_to_BigQuery.stations_data_to_BQ manual__2023-08-01T11:15:51.715290+00:00 [queued]>
[2023-08-01 11:15:52,899] {taskinstance.py:1356} INFO - 
--------------------------------------------------------------------------------
[2023-08-01 11:15:52,899] {taskinstance.py:1357} INFO - Starting attempt 1 of 2
[2023-08-01 11:15:52,899] {taskinstance.py:1358} INFO - 
--------------------------------------------------------------------------------
[2023-08-01 11:15:52,931] {taskinstance.py:1377} INFO - Executing <Task(PythonOperator): stations_data_to_BQ> on 2023-08-01 11:15:51.715290+00:00
[2023-08-01 11:15:52,936] {standard_task_runner.py:52} INFO - Started process 3545 to run task
[2023-08-01 11:15:52,938] {standard_task_runner.py:79} INFO - Running: ['***', 'tasks', 'run', 's3_to_BigQuery', 'stations_data_to_BQ', 'manual__2023-08-01T11:15:51.715290+00:00', '--job-id', '177', '--raw', '--subdir', 'DAGS_FOLDER/dag.py', '--cfg-path', '/tmp/tmpwa8h3npt', '--error-file', '/tmp/tmp79gccocr']
[2023-08-01 11:15:52,940] {standard_task_runner.py:80} INFO - Job 177: Subtask stations_data_to_BQ
[2023-08-01 11:15:53,000] {task_command.py:370} INFO - Running <TaskInstance: s3_to_BigQuery.stations_data_to_BQ manual__2023-08-01T11:15:51.715290+00:00 [running]> on host a6bbb8f7ba0b
[2023-08-01 11:15:53,159] {taskinstance.py:1571} INFO - Exporting the following env vars:
AIRFLOW_CTX_DAG_OWNER=***
AIRFLOW_CTX_DAG_ID=s3_to_BigQuery
AIRFLOW_CTX_TASK_ID=stations_data_to_BQ
AIRFLOW_CTX_EXECUTION_DATE=2023-08-01T11:15:51.715290+00:00
AIRFLOW_CTX_TRY_NUMBER=1
AIRFLOW_CTX_DAG_RUN_ID=manual__2023-08-01T11:15:51.715290+00:00
[2023-08-01 11:15:53,160] {logging_mixin.py:115} INFO - 
 heeeeeeeeeeeeeeeeeeeeeeeeeeeeeeeeeyy
[2023-08-01 11:16:59,876] {logging_mixin.py:115} INFO - 
✅ DataFrame created ! ✅
[2023-08-01 11:16:59,966] {logging_mixin.py:115} INFO - Error: This library only supports credentials from google-auth-library-python. See https://google-auth.readthedocs.io/en/latest/ for help on authentication with this library.
[2023-08-01 11:17:00,222] {python.py:173} INFO - Done. Returned value was: None
[2023-08-01 11:17:00,232] {taskinstance.py:1400} INFO - Marking task as SUCCESS. dag_id=s3_to_BigQuery, task_id=stations_data_to_BQ, execution_date=20230801T111551, start_date=20230801T111552, end_date=20230801T111700
[2023-08-01 11:17:00,846] {local_task_job.py:156} INFO - Task exited with return code 0
[2023-08-01 11:17:01,072] {local_task_job.py:273} INFO - 1 downstream tasks scheduled from follow-on schedule check
