[2023-08-02 13:54:22,736] {taskinstance.py:1159} INFO - Dependencies all met for <TaskInstance: S3_to_BigQuery.join_all manual__2023-08-02T13:54:06.195305+00:00 [queued]>
[2023-08-02 13:54:22,748] {taskinstance.py:1159} INFO - Dependencies all met for <TaskInstance: S3_to_BigQuery.join_all manual__2023-08-02T13:54:06.195305+00:00 [queued]>
[2023-08-02 13:54:22,748] {taskinstance.py:1356} INFO - 
--------------------------------------------------------------------------------
[2023-08-02 13:54:22,748] {taskinstance.py:1357} INFO - Starting attempt 1 of 2
[2023-08-02 13:54:22,748] {taskinstance.py:1358} INFO - 
--------------------------------------------------------------------------------
[2023-08-02 13:54:22,771] {taskinstance.py:1377} INFO - Executing <Task(BashOperator): join_all> on 2023-08-02 13:54:06.195305+00:00
[2023-08-02 13:54:22,776] {standard_task_runner.py:52} INFO - Started process 2868 to run task
[2023-08-02 13:54:22,778] {standard_task_runner.py:79} INFO - Running: ['***', 'tasks', 'run', 'S3_to_BigQuery', 'join_all', 'manual__2023-08-02T13:54:06.195305+00:00', '--job-id', '402', '--raw', '--subdir', 'DAGS_FOLDER/dag.py', '--cfg-path', '/tmp/tmp5l5c4an0', '--error-file', '/tmp/tmp4mxhr0mw']
[2023-08-02 13:54:22,779] {standard_task_runner.py:80} INFO - Job 402: Subtask join_all
[2023-08-02 13:54:22,841] {task_command.py:370} INFO - Running <TaskInstance: S3_to_BigQuery.join_all manual__2023-08-02T13:54:06.195305+00:00 [running]> on host f57ce474b9bb
[2023-08-02 13:54:22,977] {taskinstance.py:1571} INFO - Exporting the following env vars:
AIRFLOW_CTX_DAG_OWNER=***
AIRFLOW_CTX_DAG_ID=S3_to_BigQuery
AIRFLOW_CTX_TASK_ID=join_all
AIRFLOW_CTX_EXECUTION_DATE=2023-08-02T13:54:06.195305+00:00
AIRFLOW_CTX_TRY_NUMBER=1
AIRFLOW_CTX_DAG_RUN_ID=manual__2023-08-02T13:54:06.195305+00:00
[2023-08-02 13:54:22,978] {subprocess.py:62} INFO - Tmp dir root location: 
 /tmp
[2023-08-02 13:54:22,979] {subprocess.py:74} INFO - Running command: ['bash', '-c', "echo 'Join all!'"]
[2023-08-02 13:54:22,991] {subprocess.py:85} INFO - Output:
[2023-08-02 13:54:22,993] {subprocess.py:92} INFO - Join all!
[2023-08-02 13:54:22,993] {subprocess.py:96} INFO - Command exited with return code 0
[2023-08-02 13:54:23,034] {taskinstance.py:1400} INFO - Marking task as SUCCESS. dag_id=S3_to_BigQuery, task_id=join_all, execution_date=20230802T135406, start_date=20230802T135422, end_date=20230802T135423
[2023-08-02 13:54:23,071] {local_task_job.py:156} INFO - Task exited with return code 0
[2023-08-02 13:54:23,118] {local_task_job.py:273} INFO - 0 downstream tasks scheduled from follow-on schedule check
