[2023-08-02 13:54:07,582] {taskinstance.py:1159} INFO - Dependencies all met for <TaskInstance: S3_to_BigQuery.load_stations_data manual__2023-08-02T13:54:06.195305+00:00 [queued]>
[2023-08-02 13:54:07,592] {taskinstance.py:1159} INFO - Dependencies all met for <TaskInstance: S3_to_BigQuery.load_stations_data manual__2023-08-02T13:54:06.195305+00:00 [queued]>
[2023-08-02 13:54:07,592] {taskinstance.py:1356} INFO - 
--------------------------------------------------------------------------------
[2023-08-02 13:54:07,592] {taskinstance.py:1357} INFO - Starting attempt 1 of 2
[2023-08-02 13:54:07,592] {taskinstance.py:1358} INFO - 
--------------------------------------------------------------------------------
[2023-08-02 13:54:07,616] {taskinstance.py:1377} INFO - Executing <Task(PythonOperator): load_stations_data> on 2023-08-02 13:54:06.195305+00:00
[2023-08-02 13:54:07,626] {standard_task_runner.py:52} INFO - Started process 2843 to run task
[2023-08-02 13:54:07,632] {standard_task_runner.py:79} INFO - Running: ['***', 'tasks', 'run', 'S3_to_BigQuery', 'load_stations_data', 'manual__2023-08-02T13:54:06.195305+00:00', '--job-id', '396', '--raw', '--subdir', 'DAGS_FOLDER/dag.py', '--cfg-path', '/tmp/tmp8pa8gyj6', '--error-file', '/tmp/tmprpjinzvi']
[2023-08-02 13:54:07,633] {standard_task_runner.py:80} INFO - Job 396: Subtask load_stations_data
[2023-08-02 13:54:07,699] {task_command.py:370} INFO - Running <TaskInstance: S3_to_BigQuery.load_stations_data manual__2023-08-02T13:54:06.195305+00:00 [running]> on host f57ce474b9bb
[2023-08-02 13:54:07,802] {taskinstance.py:1571} INFO - Exporting the following env vars:
AIRFLOW_CTX_DAG_OWNER=***
AIRFLOW_CTX_DAG_ID=S3_to_BigQuery
AIRFLOW_CTX_TASK_ID=load_stations_data
AIRFLOW_CTX_EXECUTION_DATE=2023-08-02T13:54:06.195305+00:00
AIRFLOW_CTX_TRY_NUMBER=1
AIRFLOW_CTX_DAG_RUN_ID=manual__2023-08-02T13:54:06.195305+00:00
[2023-08-02 13:54:14,897] {logging_mixin.py:115} INFO - Error: Could not connect to the endpoint URL: "https://lime-api.s3.amazonaws.com/?list-type=2&prefix=topics%2Flime_stations_topic%2Fyear%3D2023%2Fmonth%3D08%2Fday%3D01%2F&encoding-type=url"
[2023-08-02 13:54:14,897] {python.py:173} INFO - Done. Returned value was: None
[2023-08-02 13:54:15,423] {taskinstance.py:1400} INFO - Marking task as SUCCESS. dag_id=S3_to_BigQuery, task_id=load_stations_data, execution_date=20230802T135406, start_date=20230802T135407, end_date=20230802T135415
[2023-08-02 13:54:16,136] {local_task_job.py:156} INFO - Task exited with return code 0
[2023-08-02 13:54:16,817] {local_task_job.py:273} INFO - 1 downstream tasks scheduled from follow-on schedule check
