[2023-08-02 10:10:51,219] {taskinstance.py:1159} INFO - Dependencies all met for <TaskInstance: S3_to_BigQuery.cleaning_stations_data manual__2023-08-02T10:10:43.618789+00:00 [queued]>
[2023-08-02 10:10:51,226] {taskinstance.py:1159} INFO - Dependencies all met for <TaskInstance: S3_to_BigQuery.cleaning_stations_data manual__2023-08-02T10:10:43.618789+00:00 [queued]>
[2023-08-02 10:10:51,226] {taskinstance.py:1356} INFO - 
--------------------------------------------------------------------------------
[2023-08-02 10:10:51,226] {taskinstance.py:1357} INFO - Starting attempt 1 of 2
[2023-08-02 10:10:51,226] {taskinstance.py:1358} INFO - 
--------------------------------------------------------------------------------
[2023-08-02 10:10:51,249] {taskinstance.py:1377} INFO - Executing <Task(PythonOperator): cleaning_stations_data> on 2023-08-02 10:10:43.618789+00:00
[2023-08-02 10:10:51,253] {standard_task_runner.py:52} INFO - Started process 202 to run task
[2023-08-02 10:10:51,255] {standard_task_runner.py:79} INFO - Running: ['***', 'tasks', 'run', 'S3_to_BigQuery', 'cleaning_stations_data', 'manual__2023-08-02T10:10:43.618789+00:00', '--job-id', '346', '--raw', '--subdir', 'DAGS_FOLDER/dag.py', '--cfg-path', '/tmp/tmpn7zoou80', '--error-file', '/tmp/tmps0nag9ag']
[2023-08-02 10:10:51,256] {standard_task_runner.py:80} INFO - Job 346: Subtask cleaning_stations_data
[2023-08-02 10:10:51,313] {task_command.py:370} INFO - Running <TaskInstance: S3_to_BigQuery.cleaning_stations_data manual__2023-08-02T10:10:43.618789+00:00 [running]> on host f57ce474b9bb
[2023-08-02 10:10:52,184] {taskinstance.py:1571} INFO - Exporting the following env vars:
AIRFLOW_CTX_DAG_OWNER=***
AIRFLOW_CTX_DAG_ID=S3_to_BigQuery
AIRFLOW_CTX_TASK_ID=cleaning_stations_data
AIRFLOW_CTX_EXECUTION_DATE=2023-08-02T10:10:43.618789+00:00
AIRFLOW_CTX_TRY_NUMBER=1
AIRFLOW_CTX_DAG_RUN_ID=manual__2023-08-02T10:10:43.618789+00:00
[2023-08-02 10:10:52,302] {logging_mixin.py:115} INFO - 
DataFrame push into xcom.
[2023-08-02 10:10:53,372] {logging_mixin.py:115} INFO - 
DATAFRAME SHAPE : (16003, 8)
[2023-08-02 10:10:53,372] {logging_mixin.py:115} INFO - 
✅ DataFrame created ! ✅
[2023-08-02 10:10:53,383] {logging_mixin.py:115} INFO -    stationCode  ...               time_period
0        16107  ... 2023-08-01 16:30:00+02:00
1        31104  ... 2023-08-01 16:30:00+02:00
2         9020  ... 2023-08-01 16:30:00+02:00
3        12109  ... 2023-08-01 16:30:00+02:00
4        14111  ... 2023-08-01 16:30:00+02:00

[5 rows x 8 columns]
[2023-08-02 10:10:53,386] {python.py:173} INFO - Done. Returned value was: None
[2023-08-02 10:10:53,831] {taskinstance.py:1400} INFO - Marking task as SUCCESS. dag_id=S3_to_BigQuery, task_id=cleaning_stations_data, execution_date=20230802T101043, start_date=20230802T101051, end_date=20230802T101053
[2023-08-02 10:10:54,320] {local_task_job.py:156} INFO - Task exited with return code 0
[2023-08-02 10:10:54,506] {local_task_job.py:273} INFO - 1 downstream tasks scheduled from follow-on schedule check
