[2023-08-01 12:40:24,837] {taskinstance.py:1159} INFO - Dependencies all met for <TaskInstance: s3_to_BigQuery.weather_data_to_BQ manual__2023-08-01T12:40:20.826045+00:00 [queued]>
[2023-08-01 12:40:24,845] {taskinstance.py:1159} INFO - Dependencies all met for <TaskInstance: s3_to_BigQuery.weather_data_to_BQ manual__2023-08-01T12:40:20.826045+00:00 [queued]>
[2023-08-01 12:40:24,845] {taskinstance.py:1356} INFO - 
--------------------------------------------------------------------------------
[2023-08-01 12:40:24,846] {taskinstance.py:1357} INFO - Starting attempt 1 of 2
[2023-08-01 12:40:24,846] {taskinstance.py:1358} INFO - 
--------------------------------------------------------------------------------
[2023-08-01 12:40:24,892] {taskinstance.py:1377} INFO - Executing <Task(PythonOperator): weather_data_to_BQ> on 2023-08-01 12:40:20.826045+00:00
[2023-08-01 12:40:24,906] {standard_task_runner.py:52} INFO - Started process 128 to run task
[2023-08-01 12:40:24,911] {standard_task_runner.py:79} INFO - Running: ['***', 'tasks', 'run', 's3_to_BigQuery', 'weather_data_to_BQ', 'manual__2023-08-01T12:40:20.826045+00:00', '--job-id', '186', '--raw', '--subdir', 'DAGS_FOLDER/dag.py', '--cfg-path', '/tmp/tmp4vjo2p9y', '--error-file', '/tmp/tmpkpydh__2']
[2023-08-01 12:40:24,913] {standard_task_runner.py:80} INFO - Job 186: Subtask weather_data_to_BQ
[2023-08-01 12:40:25,051] {task_command.py:370} INFO - Running <TaskInstance: s3_to_BigQuery.weather_data_to_BQ manual__2023-08-01T12:40:20.826045+00:00 [running]> on host 4f21b1230883
[2023-08-01 12:40:25,403] {taskinstance.py:1571} INFO - Exporting the following env vars:
AIRFLOW_CTX_DAG_OWNER=***
AIRFLOW_CTX_DAG_ID=s3_to_BigQuery
AIRFLOW_CTX_TASK_ID=weather_data_to_BQ
AIRFLOW_CTX_EXECUTION_DATE=2023-08-01T12:40:20.826045+00:00
AIRFLOW_CTX_TRY_NUMBER=1
AIRFLOW_CTX_DAG_RUN_ID=manual__2023-08-01T12:40:20.826045+00:00
[2023-08-01 12:40:25,406] {logging_mixin.py:115} INFO - 
 heeeeeeeeeeeeeeeeeeeeeeeeeeeeeeeeeyy
[2023-08-01 12:40:27,107] {logging_mixin.py:115} INFO - 
✅ DataFrame created ! ✅
[2023-08-01 12:40:41,580] {gbq.py:606} INFO - 596 out of 596 rows loaded.
[2023-08-01 12:40:41,590] {logging_mixin.py:115} INFO - 
✅ Table 2023-07-31 upload on BigQuery! ✅
[2023-08-01 12:40:41,591] {python.py:173} INFO - Done. Returned value was: None
[2023-08-01 12:40:41,798] {taskinstance.py:1400} INFO - Marking task as SUCCESS. dag_id=s3_to_BigQuery, task_id=weather_data_to_BQ, execution_date=20230801T124020, start_date=20230801T124024, end_date=20230801T124041
[2023-08-01 12:40:42,606] {local_task_job.py:156} INFO - Task exited with return code 0
[2023-08-01 12:40:42,657] {local_task_job.py:273} INFO - 0 downstream tasks scheduled from follow-on schedule check
