[2023-07-31 11:46:20,064] {processor.py:153} INFO - Started process (PID=78) to work on /home/airflow/.local/lib/python3.7/site-packages/airflow/example_dags/example_task_group.py
[2023-07-31 11:46:20,064] {processor.py:641} INFO - Processing file /home/airflow/.local/lib/python3.7/site-packages/airflow/example_dags/example_task_group.py for tasks to queue
[2023-07-31 11:46:20,065] {logging_mixin.py:115} INFO - [2023-07-31 11:46:20,065] {dagbag.py:507} INFO - Filling up the DagBag from /home/airflow/.local/lib/python3.7/site-packages/airflow/example_dags/example_task_group.py
[2023-07-31 11:46:20,071] {processor.py:651} INFO - DAG(s) dict_keys(['example_task_group']) retrieved from /home/airflow/.local/lib/python3.7/site-packages/airflow/example_dags/example_task_group.py
[2023-07-31 11:46:20,304] {logging_mixin.py:115} INFO - [2023-07-31 11:46:20,304] {manager.py:508} INFO - Created Permission View: can read on DAG:example_task_group
[2023-07-31 11:46:20,329] {logging_mixin.py:115} INFO - [2023-07-31 11:46:20,329] {manager.py:508} INFO - Created Permission View: can edit on DAG:example_task_group
[2023-07-31 11:46:20,355] {logging_mixin.py:115} INFO - [2023-07-31 11:46:20,355] {manager.py:508} INFO - Created Permission View: can delete on DAG:example_task_group
[2023-07-31 11:46:20,355] {logging_mixin.py:115} INFO - [2023-07-31 11:46:20,355] {dag.py:2379} INFO - Sync 1 DAGs
[2023-07-31 11:46:20,364] {logging_mixin.py:115} INFO - [2023-07-31 11:46:20,363] {dag.py:2398} INFO - Creating ORM DAG for example_task_group
[2023-07-31 11:46:20,374] {logging_mixin.py:115} INFO - [2023-07-31 11:46:20,374] {dag.py:2931} INFO - Setting next_dagrun for example_task_group to 2023-07-30T11:46:20.374668+00:00, run_after=2023-07-31T11:46:20.374668+00:00
[2023-07-31 11:46:20,410] {processor.py:161} INFO - Processing /home/airflow/.local/lib/python3.7/site-packages/airflow/example_dags/example_task_group.py took 0.349 seconds
[2023-07-31 11:46:51,913] {processor.py:153} INFO - Started process (PID=132) to work on /home/airflow/.local/lib/python3.7/site-packages/airflow/example_dags/example_task_group.py
[2023-07-31 11:46:51,954] {processor.py:641} INFO - Processing file /home/airflow/.local/lib/python3.7/site-packages/airflow/example_dags/example_task_group.py for tasks to queue
[2023-07-31 11:46:51,955] {logging_mixin.py:115} INFO - [2023-07-31 11:46:51,955] {dagbag.py:507} INFO - Filling up the DagBag from /home/airflow/.local/lib/python3.7/site-packages/airflow/example_dags/example_task_group.py
[2023-07-31 11:46:51,960] {processor.py:651} INFO - DAG(s) dict_keys(['example_task_group']) retrieved from /home/airflow/.local/lib/python3.7/site-packages/airflow/example_dags/example_task_group.py
[2023-07-31 11:46:51,981] {logging_mixin.py:115} INFO - [2023-07-31 11:46:51,981] {dag.py:2379} INFO - Sync 1 DAGs
[2023-07-31 11:46:52,086] {logging_mixin.py:115} INFO - [2023-07-31 11:46:52,086] {dag.py:2931} INFO - Setting next_dagrun for example_task_group to 2023-07-30T11:46:52.086193+00:00, run_after=2023-07-31T11:46:52.086193+00:00
[2023-07-31 11:46:52,570] {processor.py:161} INFO - Processing /home/airflow/.local/lib/python3.7/site-packages/airflow/example_dags/example_task_group.py took 0.660 seconds
[2023-07-31 11:47:23,444] {processor.py:153} INFO - Started process (PID=194) to work on /home/airflow/.local/lib/python3.7/site-packages/airflow/example_dags/example_task_group.py
[2023-07-31 11:47:24,080] {processor.py:641} INFO - Processing file /home/airflow/.local/lib/python3.7/site-packages/airflow/example_dags/example_task_group.py for tasks to queue
[2023-07-31 11:47:24,081] {logging_mixin.py:115} INFO - [2023-07-31 11:47:24,081] {dagbag.py:507} INFO - Filling up the DagBag from /home/airflow/.local/lib/python3.7/site-packages/airflow/example_dags/example_task_group.py
[2023-07-31 11:47:24,098] {processor.py:651} INFO - DAG(s) dict_keys(['example_task_group']) retrieved from /home/airflow/.local/lib/python3.7/site-packages/airflow/example_dags/example_task_group.py
[2023-07-31 11:47:24,126] {logging_mixin.py:115} INFO - [2023-07-31 11:47:24,126] {dag.py:2379} INFO - Sync 1 DAGs
[2023-07-31 11:47:24,260] {logging_mixin.py:115} INFO - [2023-07-31 11:47:24,260] {dag.py:2931} INFO - Setting next_dagrun for example_task_group to 2023-07-30T11:47:24.260657+00:00, run_after=2023-07-31T11:47:24.260657+00:00
[2023-07-31 11:47:24,392] {processor.py:161} INFO - Processing /home/airflow/.local/lib/python3.7/site-packages/airflow/example_dags/example_task_group.py took 0.953 seconds
[2023-07-31 11:47:55,122] {processor.py:153} INFO - Started process (PID=255) to work on /home/airflow/.local/lib/python3.7/site-packages/airflow/example_dags/example_task_group.py
[2023-07-31 11:47:56,115] {processor.py:641} INFO - Processing file /home/airflow/.local/lib/python3.7/site-packages/airflow/example_dags/example_task_group.py for tasks to queue
[2023-07-31 11:47:56,116] {logging_mixin.py:115} INFO - [2023-07-31 11:47:56,116] {dagbag.py:507} INFO - Filling up the DagBag from /home/airflow/.local/lib/python3.7/site-packages/airflow/example_dags/example_task_group.py
[2023-07-31 11:47:56,122] {processor.py:651} INFO - DAG(s) dict_keys(['example_task_group']) retrieved from /home/airflow/.local/lib/python3.7/site-packages/airflow/example_dags/example_task_group.py
[2023-07-31 11:47:56,148] {logging_mixin.py:115} INFO - [2023-07-31 11:47:56,148] {dag.py:2379} INFO - Sync 1 DAGs
[2023-07-31 11:47:56,284] {logging_mixin.py:115} INFO - [2023-07-31 11:47:56,284] {dag.py:2931} INFO - Setting next_dagrun for example_task_group to 2023-07-30T11:47:56.283810+00:00, run_after=2023-07-31T11:47:56.283810+00:00
[2023-07-31 11:47:56,418] {processor.py:161} INFO - Processing /home/airflow/.local/lib/python3.7/site-packages/airflow/example_dags/example_task_group.py took 1.300 seconds
[2023-07-31 11:48:27,139] {processor.py:153} INFO - Started process (PID=306) to work on /home/airflow/.local/lib/python3.7/site-packages/airflow/example_dags/example_task_group.py
[2023-07-31 11:48:27,319] {processor.py:641} INFO - Processing file /home/airflow/.local/lib/python3.7/site-packages/airflow/example_dags/example_task_group.py for tasks to queue
[2023-07-31 11:48:27,320] {logging_mixin.py:115} INFO - [2023-07-31 11:48:27,320] {dagbag.py:507} INFO - Filling up the DagBag from /home/airflow/.local/lib/python3.7/site-packages/airflow/example_dags/example_task_group.py
[2023-07-31 11:48:27,330] {processor.py:651} INFO - DAG(s) dict_keys(['example_task_group']) retrieved from /home/airflow/.local/lib/python3.7/site-packages/airflow/example_dags/example_task_group.py
[2023-07-31 11:48:27,357] {logging_mixin.py:115} INFO - [2023-07-31 11:48:27,357] {dag.py:2379} INFO - Sync 1 DAGs
[2023-07-31 11:48:27,471] {logging_mixin.py:115} INFO - [2023-07-31 11:48:27,471] {dag.py:2931} INFO - Setting next_dagrun for example_task_group to 2023-07-30T11:48:27.471677+00:00, run_after=2023-07-31T11:48:27.471677+00:00
[2023-07-31 11:48:27,646] {processor.py:161} INFO - Processing /home/airflow/.local/lib/python3.7/site-packages/airflow/example_dags/example_task_group.py took 0.509 seconds
[2023-07-31 11:48:57,771] {processor.py:153} INFO - Started process (PID=367) to work on /home/airflow/.local/lib/python3.7/site-packages/airflow/example_dags/example_task_group.py
[2023-07-31 11:48:58,376] {processor.py:641} INFO - Processing file /home/airflow/.local/lib/python3.7/site-packages/airflow/example_dags/example_task_group.py for tasks to queue
[2023-07-31 11:48:58,377] {logging_mixin.py:115} INFO - [2023-07-31 11:48:58,377] {dagbag.py:507} INFO - Filling up the DagBag from /home/airflow/.local/lib/python3.7/site-packages/airflow/example_dags/example_task_group.py
[2023-07-31 11:48:58,386] {processor.py:651} INFO - DAG(s) dict_keys(['example_task_group']) retrieved from /home/airflow/.local/lib/python3.7/site-packages/airflow/example_dags/example_task_group.py
[2023-07-31 11:48:58,414] {logging_mixin.py:115} INFO - [2023-07-31 11:48:58,414] {dag.py:2379} INFO - Sync 1 DAGs
[2023-07-31 11:48:58,543] {logging_mixin.py:115} INFO - [2023-07-31 11:48:58,543] {dag.py:2931} INFO - Setting next_dagrun for example_task_group to 2023-07-30T11:48:58.543134+00:00, run_after=2023-07-31T11:48:58.543134+00:00
[2023-07-31 11:48:58,779] {processor.py:161} INFO - Processing /home/airflow/.local/lib/python3.7/site-packages/airflow/example_dags/example_task_group.py took 1.010 seconds
[2023-07-31 11:49:29,220] {processor.py:153} INFO - Started process (PID=419) to work on /home/airflow/.local/lib/python3.7/site-packages/airflow/example_dags/example_task_group.py
[2023-07-31 11:49:29,234] {processor.py:641} INFO - Processing file /home/airflow/.local/lib/python3.7/site-packages/airflow/example_dags/example_task_group.py for tasks to queue
[2023-07-31 11:49:29,235] {logging_mixin.py:115} INFO - [2023-07-31 11:49:29,234] {dagbag.py:507} INFO - Filling up the DagBag from /home/airflow/.local/lib/python3.7/site-packages/airflow/example_dags/example_task_group.py
[2023-07-31 11:49:29,242] {processor.py:651} INFO - DAG(s) dict_keys(['example_task_group']) retrieved from /home/airflow/.local/lib/python3.7/site-packages/airflow/example_dags/example_task_group.py
[2023-07-31 11:49:29,265] {logging_mixin.py:115} INFO - [2023-07-31 11:49:29,265] {dag.py:2379} INFO - Sync 1 DAGs
[2023-07-31 11:49:29,382] {logging_mixin.py:115} INFO - [2023-07-31 11:49:29,382] {dag.py:2931} INFO - Setting next_dagrun for example_task_group to 2023-07-30T11:49:29.382197+00:00, run_after=2023-07-31T11:49:29.382197+00:00
[2023-07-31 11:49:29,412] {processor.py:161} INFO - Processing /home/airflow/.local/lib/python3.7/site-packages/airflow/example_dags/example_task_group.py took 0.194 seconds
[2023-07-31 11:50:00,061] {processor.py:153} INFO - Started process (PID=480) to work on /home/airflow/.local/lib/python3.7/site-packages/airflow/example_dags/example_task_group.py
[2023-07-31 11:50:00,352] {processor.py:641} INFO - Processing file /home/airflow/.local/lib/python3.7/site-packages/airflow/example_dags/example_task_group.py for tasks to queue
[2023-07-31 11:50:00,353] {logging_mixin.py:115} INFO - [2023-07-31 11:50:00,353] {dagbag.py:507} INFO - Filling up the DagBag from /home/airflow/.local/lib/python3.7/site-packages/airflow/example_dags/example_task_group.py
[2023-07-31 11:50:00,364] {processor.py:651} INFO - DAG(s) dict_keys(['example_task_group']) retrieved from /home/airflow/.local/lib/python3.7/site-packages/airflow/example_dags/example_task_group.py
[2023-07-31 11:50:00,401] {logging_mixin.py:115} INFO - [2023-07-31 11:50:00,400] {dag.py:2379} INFO - Sync 1 DAGs
[2023-07-31 11:50:00,511] {logging_mixin.py:115} INFO - [2023-07-31 11:50:00,510] {dag.py:2931} INFO - Setting next_dagrun for example_task_group to 2023-07-30T11:50:00.510829+00:00, run_after=2023-07-31T11:50:00.510829+00:00
[2023-07-31 11:50:00,535] {processor.py:161} INFO - Processing /home/airflow/.local/lib/python3.7/site-packages/airflow/example_dags/example_task_group.py took 0.478 seconds
[2023-07-31 11:50:30,758] {processor.py:153} INFO - Started process (PID=539) to work on /home/airflow/.local/lib/python3.7/site-packages/airflow/example_dags/example_task_group.py
[2023-07-31 11:50:30,759] {processor.py:641} INFO - Processing file /home/airflow/.local/lib/python3.7/site-packages/airflow/example_dags/example_task_group.py for tasks to queue
[2023-07-31 11:50:30,759] {logging_mixin.py:115} INFO - [2023-07-31 11:50:30,759] {dagbag.py:507} INFO - Filling up the DagBag from /home/airflow/.local/lib/python3.7/site-packages/airflow/example_dags/example_task_group.py
[2023-07-31 11:50:30,766] {processor.py:651} INFO - DAG(s) dict_keys(['example_task_group']) retrieved from /home/airflow/.local/lib/python3.7/site-packages/airflow/example_dags/example_task_group.py
[2023-07-31 11:50:30,793] {logging_mixin.py:115} INFO - [2023-07-31 11:50:30,793] {dag.py:2379} INFO - Sync 1 DAGs
[2023-07-31 11:50:30,940] {logging_mixin.py:115} INFO - [2023-07-31 11:50:30,940] {dag.py:2931} INFO - Setting next_dagrun for example_task_group to 2023-07-30T11:50:30.939901+00:00, run_after=2023-07-31T11:50:30.939901+00:00
[2023-07-31 11:50:31,049] {processor.py:161} INFO - Processing /home/airflow/.local/lib/python3.7/site-packages/airflow/example_dags/example_task_group.py took 0.293 seconds
[2023-07-31 11:51:01,309] {processor.py:153} INFO - Started process (PID=593) to work on /home/airflow/.local/lib/python3.7/site-packages/airflow/example_dags/example_task_group.py
[2023-07-31 11:51:01,491] {processor.py:641} INFO - Processing file /home/airflow/.local/lib/python3.7/site-packages/airflow/example_dags/example_task_group.py for tasks to queue
[2023-07-31 11:51:01,493] {logging_mixin.py:115} INFO - [2023-07-31 11:51:01,493] {dagbag.py:507} INFO - Filling up the DagBag from /home/airflow/.local/lib/python3.7/site-packages/airflow/example_dags/example_task_group.py
[2023-07-31 11:51:01,523] {processor.py:651} INFO - DAG(s) dict_keys(['example_task_group']) retrieved from /home/airflow/.local/lib/python3.7/site-packages/airflow/example_dags/example_task_group.py
[2023-07-31 11:51:01,554] {logging_mixin.py:115} INFO - [2023-07-31 11:51:01,554] {dag.py:2379} INFO - Sync 1 DAGs
[2023-07-31 11:51:01,658] {logging_mixin.py:115} INFO - [2023-07-31 11:51:01,658] {dag.py:2931} INFO - Setting next_dagrun for example_task_group to 2023-07-30T11:51:01.658514+00:00, run_after=2023-07-31T11:51:01.658514+00:00
[2023-07-31 11:51:01,686] {processor.py:161} INFO - Processing /home/airflow/.local/lib/python3.7/site-packages/airflow/example_dags/example_task_group.py took 0.381 seconds
[2023-07-31 11:51:32,659] {processor.py:153} INFO - Started process (PID=654) to work on /home/airflow/.local/lib/python3.7/site-packages/airflow/example_dags/example_task_group.py
[2023-07-31 11:51:32,664] {processor.py:641} INFO - Processing file /home/airflow/.local/lib/python3.7/site-packages/airflow/example_dags/example_task_group.py for tasks to queue
[2023-07-31 11:51:32,665] {logging_mixin.py:115} INFO - [2023-07-31 11:51:32,665] {dagbag.py:507} INFO - Filling up the DagBag from /home/airflow/.local/lib/python3.7/site-packages/airflow/example_dags/example_task_group.py
[2023-07-31 11:51:32,670] {processor.py:651} INFO - DAG(s) dict_keys(['example_task_group']) retrieved from /home/airflow/.local/lib/python3.7/site-packages/airflow/example_dags/example_task_group.py
[2023-07-31 11:51:32,695] {logging_mixin.py:115} INFO - [2023-07-31 11:51:32,695] {dag.py:2379} INFO - Sync 1 DAGs
[2023-07-31 11:51:32,819] {logging_mixin.py:115} INFO - [2023-07-31 11:51:32,818] {dag.py:2931} INFO - Setting next_dagrun for example_task_group to 2023-07-30T11:51:32.818792+00:00, run_after=2023-07-31T11:51:32.818792+00:00
[2023-07-31 11:51:32,839] {processor.py:161} INFO - Processing /home/airflow/.local/lib/python3.7/site-packages/airflow/example_dags/example_task_group.py took 0.182 seconds
[2023-07-31 11:52:03,004] {processor.py:153} INFO - Started process (PID=706) to work on /home/airflow/.local/lib/python3.7/site-packages/airflow/example_dags/example_task_group.py
[2023-07-31 11:52:03,017] {processor.py:641} INFO - Processing file /home/airflow/.local/lib/python3.7/site-packages/airflow/example_dags/example_task_group.py for tasks to queue
[2023-07-31 11:52:03,017] {logging_mixin.py:115} INFO - [2023-07-31 11:52:03,017] {dagbag.py:507} INFO - Filling up the DagBag from /home/airflow/.local/lib/python3.7/site-packages/airflow/example_dags/example_task_group.py
[2023-07-31 11:52:03,022] {processor.py:651} INFO - DAG(s) dict_keys(['example_task_group']) retrieved from /home/airflow/.local/lib/python3.7/site-packages/airflow/example_dags/example_task_group.py
[2023-07-31 11:52:03,042] {logging_mixin.py:115} INFO - [2023-07-31 11:52:03,042] {dag.py:2379} INFO - Sync 1 DAGs
[2023-07-31 11:52:03,144] {logging_mixin.py:115} INFO - [2023-07-31 11:52:03,144] {dag.py:2931} INFO - Setting next_dagrun for example_task_group to 2023-07-30T11:52:03.144361+00:00, run_after=2023-07-31T11:52:03.144361+00:00
[2023-07-31 11:52:03,187] {processor.py:161} INFO - Processing /home/airflow/.local/lib/python3.7/site-packages/airflow/example_dags/example_task_group.py took 0.185 seconds
