[2023-07-31 11:46:18,463] {processor.py:153} INFO - Started process (PID=67) to work on /home/airflow/.local/lib/python3.7/site-packages/airflow/example_dags/example_trigger_controller_dag.py
[2023-07-31 11:46:18,463] {processor.py:641} INFO - Processing file /home/airflow/.local/lib/python3.7/site-packages/airflow/example_dags/example_trigger_controller_dag.py for tasks to queue
[2023-07-31 11:46:18,464] {logging_mixin.py:115} INFO - [2023-07-31 11:46:18,464] {dagbag.py:507} INFO - Filling up the DagBag from /home/airflow/.local/lib/python3.7/site-packages/airflow/example_dags/example_trigger_controller_dag.py
[2023-07-31 11:46:18,466] {processor.py:651} INFO - DAG(s) dict_keys(['example_trigger_controller_dag']) retrieved from /home/airflow/.local/lib/python3.7/site-packages/airflow/example_dags/example_trigger_controller_dag.py
[2023-07-31 11:46:18,843] {logging_mixin.py:115} INFO - [2023-07-31 11:46:18,843] {manager.py:508} INFO - Created Permission View: can read on DAG:example_trigger_controller_dag
[2023-07-31 11:46:18,900] {logging_mixin.py:115} INFO - [2023-07-31 11:46:18,900] {manager.py:508} INFO - Created Permission View: can edit on DAG:example_trigger_controller_dag
[2023-07-31 11:46:18,958] {logging_mixin.py:115} INFO - [2023-07-31 11:46:18,958] {manager.py:508} INFO - Created Permission View: can delete on DAG:example_trigger_controller_dag
[2023-07-31 11:46:18,958] {logging_mixin.py:115} INFO - [2023-07-31 11:46:18,958] {dag.py:2379} INFO - Sync 1 DAGs
[2023-07-31 11:46:18,973] {logging_mixin.py:115} INFO - [2023-07-31 11:46:18,973] {dag.py:2398} INFO - Creating ORM DAG for example_trigger_controller_dag
[2023-07-31 11:46:18,990] {logging_mixin.py:115} INFO - [2023-07-31 11:46:18,990] {dag.py:2931} INFO - Setting next_dagrun for example_trigger_controller_dag to 2021-01-01T00:00:00+00:00, run_after=2021-01-01T00:00:00+00:00
[2023-07-31 11:46:19,015] {processor.py:161} INFO - Processing /home/airflow/.local/lib/python3.7/site-packages/airflow/example_dags/example_trigger_controller_dag.py took 0.554 seconds
[2023-07-31 11:46:49,662] {processor.py:153} INFO - Started process (PID=127) to work on /home/airflow/.local/lib/python3.7/site-packages/airflow/example_dags/example_trigger_controller_dag.py
[2023-07-31 11:46:49,662] {processor.py:641} INFO - Processing file /home/airflow/.local/lib/python3.7/site-packages/airflow/example_dags/example_trigger_controller_dag.py for tasks to queue
[2023-07-31 11:46:49,663] {logging_mixin.py:115} INFO - [2023-07-31 11:46:49,663] {dagbag.py:507} INFO - Filling up the DagBag from /home/airflow/.local/lib/python3.7/site-packages/airflow/example_dags/example_trigger_controller_dag.py
[2023-07-31 11:46:49,665] {processor.py:651} INFO - DAG(s) dict_keys(['example_trigger_controller_dag']) retrieved from /home/airflow/.local/lib/python3.7/site-packages/airflow/example_dags/example_trigger_controller_dag.py
[2023-07-31 11:46:49,684] {logging_mixin.py:115} INFO - [2023-07-31 11:46:49,684] {dag.py:2379} INFO - Sync 1 DAGs
[2023-07-31 11:46:49,787] {logging_mixin.py:115} INFO - [2023-07-31 11:46:49,787] {dag.py:2931} INFO - Setting next_dagrun for example_trigger_controller_dag to 2021-01-01T00:00:00+00:00, run_after=2021-01-01T00:00:00+00:00
[2023-07-31 11:46:49,809] {processor.py:161} INFO - Processing /home/airflow/.local/lib/python3.7/site-packages/airflow/example_dags/example_trigger_controller_dag.py took 0.150 seconds
[2023-07-31 11:47:20,642] {processor.py:153} INFO - Started process (PID=189) to work on /home/airflow/.local/lib/python3.7/site-packages/airflow/example_dags/example_trigger_controller_dag.py
[2023-07-31 11:47:20,650] {processor.py:641} INFO - Processing file /home/airflow/.local/lib/python3.7/site-packages/airflow/example_dags/example_trigger_controller_dag.py for tasks to queue
[2023-07-31 11:47:20,651] {logging_mixin.py:115} INFO - [2023-07-31 11:47:20,651] {dagbag.py:507} INFO - Filling up the DagBag from /home/airflow/.local/lib/python3.7/site-packages/airflow/example_dags/example_trigger_controller_dag.py
[2023-07-31 11:47:20,653] {processor.py:651} INFO - DAG(s) dict_keys(['example_trigger_controller_dag']) retrieved from /home/airflow/.local/lib/python3.7/site-packages/airflow/example_dags/example_trigger_controller_dag.py
[2023-07-31 11:47:20,672] {logging_mixin.py:115} INFO - [2023-07-31 11:47:20,672] {dag.py:2379} INFO - Sync 1 DAGs
[2023-07-31 11:47:20,784] {logging_mixin.py:115} INFO - [2023-07-31 11:47:20,783] {dag.py:2931} INFO - Setting next_dagrun for example_trigger_controller_dag to 2021-01-01T00:00:00+00:00, run_after=2021-01-01T00:00:00+00:00
[2023-07-31 11:47:20,808] {processor.py:161} INFO - Processing /home/airflow/.local/lib/python3.7/site-packages/airflow/example_dags/example_trigger_controller_dag.py took 0.168 seconds
[2023-07-31 11:47:51,948] {processor.py:153} INFO - Started process (PID=241) to work on /home/airflow/.local/lib/python3.7/site-packages/airflow/example_dags/example_trigger_controller_dag.py
[2023-07-31 11:47:51,952] {processor.py:641} INFO - Processing file /home/airflow/.local/lib/python3.7/site-packages/airflow/example_dags/example_trigger_controller_dag.py for tasks to queue
[2023-07-31 11:47:51,952] {logging_mixin.py:115} INFO - [2023-07-31 11:47:51,952] {dagbag.py:507} INFO - Filling up the DagBag from /home/airflow/.local/lib/python3.7/site-packages/airflow/example_dags/example_trigger_controller_dag.py
[2023-07-31 11:47:51,956] {processor.py:651} INFO - DAG(s) dict_keys(['example_trigger_controller_dag']) retrieved from /home/airflow/.local/lib/python3.7/site-packages/airflow/example_dags/example_trigger_controller_dag.py
[2023-07-31 11:47:52,008] {logging_mixin.py:115} INFO - [2023-07-31 11:47:52,007] {dag.py:2379} INFO - Sync 1 DAGs
[2023-07-31 11:47:52,128] {logging_mixin.py:115} INFO - [2023-07-31 11:47:52,127] {dag.py:2931} INFO - Setting next_dagrun for example_trigger_controller_dag to 2021-01-01T00:00:00+00:00, run_after=2021-01-01T00:00:00+00:00
[2023-07-31 11:47:52,229] {processor.py:161} INFO - Processing /home/airflow/.local/lib/python3.7/site-packages/airflow/example_dags/example_trigger_controller_dag.py took 0.285 seconds
[2023-07-31 11:48:23,709] {processor.py:153} INFO - Started process (PID=301) to work on /home/airflow/.local/lib/python3.7/site-packages/airflow/example_dags/example_trigger_controller_dag.py
[2023-07-31 11:48:23,709] {processor.py:641} INFO - Processing file /home/airflow/.local/lib/python3.7/site-packages/airflow/example_dags/example_trigger_controller_dag.py for tasks to queue
[2023-07-31 11:48:23,710] {logging_mixin.py:115} INFO - [2023-07-31 11:48:23,710] {dagbag.py:507} INFO - Filling up the DagBag from /home/airflow/.local/lib/python3.7/site-packages/airflow/example_dags/example_trigger_controller_dag.py
[2023-07-31 11:48:23,713] {processor.py:651} INFO - DAG(s) dict_keys(['example_trigger_controller_dag']) retrieved from /home/airflow/.local/lib/python3.7/site-packages/airflow/example_dags/example_trigger_controller_dag.py
[2023-07-31 11:48:23,740] {logging_mixin.py:115} INFO - [2023-07-31 11:48:23,740] {dag.py:2379} INFO - Sync 1 DAGs
[2023-07-31 11:48:23,865] {logging_mixin.py:115} INFO - [2023-07-31 11:48:23,865] {dag.py:2931} INFO - Setting next_dagrun for example_trigger_controller_dag to 2021-01-01T00:00:00+00:00, run_after=2021-01-01T00:00:00+00:00
[2023-07-31 11:48:23,885] {processor.py:161} INFO - Processing /home/airflow/.local/lib/python3.7/site-packages/airflow/example_dags/example_trigger_controller_dag.py took 0.179 seconds
[2023-07-31 11:48:53,931] {processor.py:153} INFO - Started process (PID=353) to work on /home/airflow/.local/lib/python3.7/site-packages/airflow/example_dags/example_trigger_controller_dag.py
[2023-07-31 11:48:53,931] {processor.py:641} INFO - Processing file /home/airflow/.local/lib/python3.7/site-packages/airflow/example_dags/example_trigger_controller_dag.py for tasks to queue
[2023-07-31 11:48:53,932] {logging_mixin.py:115} INFO - [2023-07-31 11:48:53,932] {dagbag.py:507} INFO - Filling up the DagBag from /home/airflow/.local/lib/python3.7/site-packages/airflow/example_dags/example_trigger_controller_dag.py
[2023-07-31 11:48:53,934] {processor.py:651} INFO - DAG(s) dict_keys(['example_trigger_controller_dag']) retrieved from /home/airflow/.local/lib/python3.7/site-packages/airflow/example_dags/example_trigger_controller_dag.py
[2023-07-31 11:48:53,953] {logging_mixin.py:115} INFO - [2023-07-31 11:48:53,953] {dag.py:2379} INFO - Sync 1 DAGs
[2023-07-31 11:48:54,054] {logging_mixin.py:115} INFO - [2023-07-31 11:48:54,054] {dag.py:2931} INFO - Setting next_dagrun for example_trigger_controller_dag to 2021-01-01T00:00:00+00:00, run_after=2021-01-01T00:00:00+00:00
[2023-07-31 11:48:54,083] {processor.py:161} INFO - Processing /home/airflow/.local/lib/python3.7/site-packages/airflow/example_dags/example_trigger_controller_dag.py took 0.155 seconds
[2023-07-31 11:49:24,640] {processor.py:153} INFO - Started process (PID=414) to work on /home/airflow/.local/lib/python3.7/site-packages/airflow/example_dags/example_trigger_controller_dag.py
[2023-07-31 11:49:24,671] {processor.py:641} INFO - Processing file /home/airflow/.local/lib/python3.7/site-packages/airflow/example_dags/example_trigger_controller_dag.py for tasks to queue
[2023-07-31 11:49:24,671] {logging_mixin.py:115} INFO - [2023-07-31 11:49:24,671] {dagbag.py:507} INFO - Filling up the DagBag from /home/airflow/.local/lib/python3.7/site-packages/airflow/example_dags/example_trigger_controller_dag.py
[2023-07-31 11:49:24,674] {processor.py:651} INFO - DAG(s) dict_keys(['example_trigger_controller_dag']) retrieved from /home/airflow/.local/lib/python3.7/site-packages/airflow/example_dags/example_trigger_controller_dag.py
[2023-07-31 11:49:24,693] {logging_mixin.py:115} INFO - [2023-07-31 11:49:24,693] {dag.py:2379} INFO - Sync 1 DAGs
[2023-07-31 11:49:24,808] {logging_mixin.py:115} INFO - [2023-07-31 11:49:24,808] {dag.py:2931} INFO - Setting next_dagrun for example_trigger_controller_dag to 2021-01-01T00:00:00+00:00, run_after=2021-01-01T00:00:00+00:00
[2023-07-31 11:49:24,863] {processor.py:161} INFO - Processing /home/airflow/.local/lib/python3.7/site-packages/airflow/example_dags/example_trigger_controller_dag.py took 0.225 seconds
[2023-07-31 11:49:55,543] {processor.py:153} INFO - Started process (PID=475) to work on /home/airflow/.local/lib/python3.7/site-packages/airflow/example_dags/example_trigger_controller_dag.py
[2023-07-31 11:49:55,553] {processor.py:641} INFO - Processing file /home/airflow/.local/lib/python3.7/site-packages/airflow/example_dags/example_trigger_controller_dag.py for tasks to queue
[2023-07-31 11:49:55,553] {logging_mixin.py:115} INFO - [2023-07-31 11:49:55,553] {dagbag.py:507} INFO - Filling up the DagBag from /home/airflow/.local/lib/python3.7/site-packages/airflow/example_dags/example_trigger_controller_dag.py
[2023-07-31 11:49:55,555] {processor.py:651} INFO - DAG(s) dict_keys(['example_trigger_controller_dag']) retrieved from /home/airflow/.local/lib/python3.7/site-packages/airflow/example_dags/example_trigger_controller_dag.py
[2023-07-31 11:49:55,575] {logging_mixin.py:115} INFO - [2023-07-31 11:49:55,575] {dag.py:2379} INFO - Sync 1 DAGs
[2023-07-31 11:49:55,681] {logging_mixin.py:115} INFO - [2023-07-31 11:49:55,680] {dag.py:2931} INFO - Setting next_dagrun for example_trigger_controller_dag to 2021-01-01T00:00:00+00:00, run_after=2021-01-01T00:00:00+00:00
[2023-07-31 11:49:55,709] {processor.py:161} INFO - Processing /home/airflow/.local/lib/python3.7/site-packages/airflow/example_dags/example_trigger_controller_dag.py took 0.168 seconds
[2023-07-31 11:50:28,147] {processor.py:153} INFO - Started process (PID=527) to work on /home/airflow/.local/lib/python3.7/site-packages/airflow/example_dags/example_trigger_controller_dag.py
[2023-07-31 11:50:28,169] {processor.py:641} INFO - Processing file /home/airflow/.local/lib/python3.7/site-packages/airflow/example_dags/example_trigger_controller_dag.py for tasks to queue
[2023-07-31 11:50:28,169] {logging_mixin.py:115} INFO - [2023-07-31 11:50:28,169] {dagbag.py:507} INFO - Filling up the DagBag from /home/airflow/.local/lib/python3.7/site-packages/airflow/example_dags/example_trigger_controller_dag.py
[2023-07-31 11:50:28,172] {processor.py:651} INFO - DAG(s) dict_keys(['example_trigger_controller_dag']) retrieved from /home/airflow/.local/lib/python3.7/site-packages/airflow/example_dags/example_trigger_controller_dag.py
[2023-07-31 11:50:28,192] {logging_mixin.py:115} INFO - [2023-07-31 11:50:28,192] {dag.py:2379} INFO - Sync 1 DAGs
[2023-07-31 11:50:28,297] {logging_mixin.py:115} INFO - [2023-07-31 11:50:28,297] {dag.py:2931} INFO - Setting next_dagrun for example_trigger_controller_dag to 2021-01-01T00:00:00+00:00, run_after=2021-01-01T00:00:00+00:00
[2023-07-31 11:50:28,326] {processor.py:161} INFO - Processing /home/airflow/.local/lib/python3.7/site-packages/airflow/example_dags/example_trigger_controller_dag.py took 0.181 seconds
[2023-07-31 11:50:58,839] {processor.py:153} INFO - Started process (PID=588) to work on /home/airflow/.local/lib/python3.7/site-packages/airflow/example_dags/example_trigger_controller_dag.py
[2023-07-31 11:50:58,839] {processor.py:641} INFO - Processing file /home/airflow/.local/lib/python3.7/site-packages/airflow/example_dags/example_trigger_controller_dag.py for tasks to queue
[2023-07-31 11:50:58,839] {logging_mixin.py:115} INFO - [2023-07-31 11:50:58,839] {dagbag.py:507} INFO - Filling up the DagBag from /home/airflow/.local/lib/python3.7/site-packages/airflow/example_dags/example_trigger_controller_dag.py
[2023-07-31 11:50:58,841] {processor.py:651} INFO - DAG(s) dict_keys(['example_trigger_controller_dag']) retrieved from /home/airflow/.local/lib/python3.7/site-packages/airflow/example_dags/example_trigger_controller_dag.py
[2023-07-31 11:50:58,862] {logging_mixin.py:115} INFO - [2023-07-31 11:50:58,862] {dag.py:2379} INFO - Sync 1 DAGs
[2023-07-31 11:50:58,975] {logging_mixin.py:115} INFO - [2023-07-31 11:50:58,975] {dag.py:2931} INFO - Setting next_dagrun for example_trigger_controller_dag to 2021-01-01T00:00:00+00:00, run_after=2021-01-01T00:00:00+00:00
[2023-07-31 11:50:59,002] {processor.py:161} INFO - Processing /home/airflow/.local/lib/python3.7/site-packages/airflow/example_dags/example_trigger_controller_dag.py took 0.166 seconds
[2023-07-31 11:51:31,670] {processor.py:153} INFO - Started process (PID=649) to work on /home/airflow/.local/lib/python3.7/site-packages/airflow/example_dags/example_trigger_controller_dag.py
[2023-07-31 11:51:32,118] {processor.py:641} INFO - Processing file /home/airflow/.local/lib/python3.7/site-packages/airflow/example_dags/example_trigger_controller_dag.py for tasks to queue
[2023-07-31 11:51:32,118] {logging_mixin.py:115} INFO - [2023-07-31 11:51:32,118] {dagbag.py:507} INFO - Filling up the DagBag from /home/airflow/.local/lib/python3.7/site-packages/airflow/example_dags/example_trigger_controller_dag.py
[2023-07-31 11:51:32,121] {processor.py:651} INFO - DAG(s) dict_keys(['example_trigger_controller_dag']) retrieved from /home/airflow/.local/lib/python3.7/site-packages/airflow/example_dags/example_trigger_controller_dag.py
[2023-07-31 11:51:32,142] {logging_mixin.py:115} INFO - [2023-07-31 11:51:32,142] {dag.py:2379} INFO - Sync 1 DAGs
[2023-07-31 11:51:32,269] {logging_mixin.py:115} INFO - [2023-07-31 11:51:32,269] {dag.py:2931} INFO - Setting next_dagrun for example_trigger_controller_dag to 2021-01-01T00:00:00+00:00, run_after=2021-01-01T00:00:00+00:00
[2023-07-31 11:51:32,294] {processor.py:161} INFO - Processing /home/airflow/.local/lib/python3.7/site-packages/airflow/example_dags/example_trigger_controller_dag.py took 0.629 seconds
[2023-07-31 11:52:02,427] {processor.py:153} INFO - Started process (PID=701) to work on /home/airflow/.local/lib/python3.7/site-packages/airflow/example_dags/example_trigger_controller_dag.py
[2023-07-31 11:52:02,436] {processor.py:641} INFO - Processing file /home/airflow/.local/lib/python3.7/site-packages/airflow/example_dags/example_trigger_controller_dag.py for tasks to queue
[2023-07-31 11:52:02,436] {logging_mixin.py:115} INFO - [2023-07-31 11:52:02,436] {dagbag.py:507} INFO - Filling up the DagBag from /home/airflow/.local/lib/python3.7/site-packages/airflow/example_dags/example_trigger_controller_dag.py
[2023-07-31 11:52:02,439] {processor.py:651} INFO - DAG(s) dict_keys(['example_trigger_controller_dag']) retrieved from /home/airflow/.local/lib/python3.7/site-packages/airflow/example_dags/example_trigger_controller_dag.py
[2023-07-31 11:52:02,458] {logging_mixin.py:115} INFO - [2023-07-31 11:52:02,458] {dag.py:2379} INFO - Sync 1 DAGs
[2023-07-31 11:52:02,560] {logging_mixin.py:115} INFO - [2023-07-31 11:52:02,560] {dag.py:2931} INFO - Setting next_dagrun for example_trigger_controller_dag to 2021-01-01T00:00:00+00:00, run_after=2021-01-01T00:00:00+00:00
[2023-07-31 11:52:02,583] {processor.py:161} INFO - Processing /home/airflow/.local/lib/python3.7/site-packages/airflow/example_dags/example_trigger_controller_dag.py took 0.158 seconds
