[2023-07-31 11:46:15,426] {processor.py:153} INFO - Started process (PID=57) to work on /home/airflow/.local/lib/python3.7/site-packages/airflow/example_dags/example_python_operator.py
[2023-07-31 11:46:15,426] {processor.py:641} INFO - Processing file /home/airflow/.local/lib/python3.7/site-packages/airflow/example_dags/example_python_operator.py for tasks to queue
[2023-07-31 11:46:15,426] {logging_mixin.py:115} INFO - [2023-07-31 11:46:15,426] {dagbag.py:507} INFO - Filling up the DagBag from /home/airflow/.local/lib/python3.7/site-packages/airflow/example_dags/example_python_operator.py
[2023-07-31 11:46:15,440] {processor.py:651} INFO - DAG(s) dict_keys(['example_python_operator']) retrieved from /home/airflow/.local/lib/python3.7/site-packages/airflow/example_dags/example_python_operator.py
[2023-07-31 11:46:15,851] {logging_mixin.py:115} INFO - [2023-07-31 11:46:15,851] {manager.py:508} INFO - Created Permission View: can read on DAG:example_python_operator
[2023-07-31 11:46:15,877] {logging_mixin.py:115} INFO - [2023-07-31 11:46:15,877] {manager.py:508} INFO - Created Permission View: can edit on DAG:example_python_operator
[2023-07-31 11:46:15,902] {logging_mixin.py:115} INFO - [2023-07-31 11:46:15,902] {manager.py:508} INFO - Created Permission View: can delete on DAG:example_python_operator
[2023-07-31 11:46:15,902] {logging_mixin.py:115} INFO - [2023-07-31 11:46:15,902] {dag.py:2379} INFO - Sync 1 DAGs
[2023-07-31 11:46:15,911] {logging_mixin.py:115} INFO - [2023-07-31 11:46:15,911] {dag.py:2398} INFO - Creating ORM DAG for example_python_operator
[2023-07-31 11:46:15,923] {logging_mixin.py:115} INFO - [2023-07-31 11:46:15,923] {dag.py:2931} INFO - Setting next_dagrun for example_python_operator to None, run_after=None
[2023-07-31 11:46:15,973] {processor.py:161} INFO - Processing /home/airflow/.local/lib/python3.7/site-packages/airflow/example_dags/example_python_operator.py took 0.550 seconds
[2023-07-31 11:46:46,588] {processor.py:153} INFO - Started process (PID=117) to work on /home/airflow/.local/lib/python3.7/site-packages/airflow/example_dags/example_python_operator.py
[2023-07-31 11:46:46,590] {processor.py:641} INFO - Processing file /home/airflow/.local/lib/python3.7/site-packages/airflow/example_dags/example_python_operator.py for tasks to queue
[2023-07-31 11:46:46,590] {logging_mixin.py:115} INFO - [2023-07-31 11:46:46,590] {dagbag.py:507} INFO - Filling up the DagBag from /home/airflow/.local/lib/python3.7/site-packages/airflow/example_dags/example_python_operator.py
[2023-07-31 11:46:46,608] {processor.py:651} INFO - DAG(s) dict_keys(['example_python_operator']) retrieved from /home/airflow/.local/lib/python3.7/site-packages/airflow/example_dags/example_python_operator.py
[2023-07-31 11:46:46,630] {logging_mixin.py:115} INFO - [2023-07-31 11:46:46,630] {dag.py:2379} INFO - Sync 1 DAGs
[2023-07-31 11:46:46,735] {logging_mixin.py:115} INFO - [2023-07-31 11:46:46,735] {dag.py:2931} INFO - Setting next_dagrun for example_python_operator to None, run_after=None
[2023-07-31 11:46:47,210] {processor.py:161} INFO - Processing /home/airflow/.local/lib/python3.7/site-packages/airflow/example_dags/example_python_operator.py took 0.626 seconds
[2023-07-31 11:47:17,356] {processor.py:153} INFO - Started process (PID=170) to work on /home/airflow/.local/lib/python3.7/site-packages/airflow/example_dags/example_python_operator.py
[2023-07-31 11:47:17,357] {processor.py:641} INFO - Processing file /home/airflow/.local/lib/python3.7/site-packages/airflow/example_dags/example_python_operator.py for tasks to queue
[2023-07-31 11:47:17,357] {logging_mixin.py:115} INFO - [2023-07-31 11:47:17,357] {dagbag.py:507} INFO - Filling up the DagBag from /home/airflow/.local/lib/python3.7/site-packages/airflow/example_dags/example_python_operator.py
[2023-07-31 11:47:17,372] {processor.py:651} INFO - DAG(s) dict_keys(['example_python_operator']) retrieved from /home/airflow/.local/lib/python3.7/site-packages/airflow/example_dags/example_python_operator.py
[2023-07-31 11:47:17,394] {logging_mixin.py:115} INFO - [2023-07-31 11:47:17,393] {dag.py:2379} INFO - Sync 1 DAGs
[2023-07-31 11:47:17,493] {logging_mixin.py:115} INFO - [2023-07-31 11:47:17,493] {dag.py:2931} INFO - Setting next_dagrun for example_python_operator to None, run_after=None
[2023-07-31 11:47:17,526] {processor.py:161} INFO - Processing /home/airflow/.local/lib/python3.7/site-packages/airflow/example_dags/example_python_operator.py took 0.173 seconds
[2023-07-31 11:47:48,014] {processor.py:153} INFO - Started process (PID=231) to work on /home/airflow/.local/lib/python3.7/site-packages/airflow/example_dags/example_python_operator.py
[2023-07-31 11:47:48,015] {processor.py:641} INFO - Processing file /home/airflow/.local/lib/python3.7/site-packages/airflow/example_dags/example_python_operator.py for tasks to queue
[2023-07-31 11:47:48,016] {logging_mixin.py:115} INFO - [2023-07-31 11:47:48,016] {dagbag.py:507} INFO - Filling up the DagBag from /home/airflow/.local/lib/python3.7/site-packages/airflow/example_dags/example_python_operator.py
[2023-07-31 11:47:48,029] {processor.py:651} INFO - DAG(s) dict_keys(['example_python_operator']) retrieved from /home/airflow/.local/lib/python3.7/site-packages/airflow/example_dags/example_python_operator.py
[2023-07-31 11:47:48,048] {logging_mixin.py:115} INFO - [2023-07-31 11:47:48,048] {dag.py:2379} INFO - Sync 1 DAGs
[2023-07-31 11:47:48,171] {logging_mixin.py:115} INFO - [2023-07-31 11:47:48,171] {dag.py:2931} INFO - Setting next_dagrun for example_python_operator to None, run_after=None
[2023-07-31 11:47:48,240] {processor.py:161} INFO - Processing /home/airflow/.local/lib/python3.7/site-packages/airflow/example_dags/example_python_operator.py took 0.229 seconds
[2023-07-31 11:48:18,960] {processor.py:153} INFO - Started process (PID=291) to work on /home/airflow/.local/lib/python3.7/site-packages/airflow/example_dags/example_python_operator.py
[2023-07-31 11:48:18,961] {processor.py:641} INFO - Processing file /home/airflow/.local/lib/python3.7/site-packages/airflow/example_dags/example_python_operator.py for tasks to queue
[2023-07-31 11:48:18,961] {logging_mixin.py:115} INFO - [2023-07-31 11:48:18,961] {dagbag.py:507} INFO - Filling up the DagBag from /home/airflow/.local/lib/python3.7/site-packages/airflow/example_dags/example_python_operator.py
[2023-07-31 11:48:18,982] {processor.py:651} INFO - DAG(s) dict_keys(['example_python_operator']) retrieved from /home/airflow/.local/lib/python3.7/site-packages/airflow/example_dags/example_python_operator.py
[2023-07-31 11:48:19,015] {logging_mixin.py:115} INFO - [2023-07-31 11:48:19,015] {dag.py:2379} INFO - Sync 1 DAGs
[2023-07-31 11:48:19,169] {logging_mixin.py:115} INFO - [2023-07-31 11:48:19,169] {dag.py:2931} INFO - Setting next_dagrun for example_python_operator to None, run_after=None
[2023-07-31 11:48:19,199] {processor.py:161} INFO - Processing /home/airflow/.local/lib/python3.7/site-packages/airflow/example_dags/example_python_operator.py took 0.244 seconds
[2023-07-31 11:48:50,099] {processor.py:153} INFO - Started process (PID=343) to work on /home/airflow/.local/lib/python3.7/site-packages/airflow/example_dags/example_python_operator.py
[2023-07-31 11:48:50,118] {processor.py:641} INFO - Processing file /home/airflow/.local/lib/python3.7/site-packages/airflow/example_dags/example_python_operator.py for tasks to queue
[2023-07-31 11:48:50,118] {logging_mixin.py:115} INFO - [2023-07-31 11:48:50,118] {dagbag.py:507} INFO - Filling up the DagBag from /home/airflow/.local/lib/python3.7/site-packages/airflow/example_dags/example_python_operator.py
[2023-07-31 11:48:50,134] {processor.py:651} INFO - DAG(s) dict_keys(['example_python_operator']) retrieved from /home/airflow/.local/lib/python3.7/site-packages/airflow/example_dags/example_python_operator.py
[2023-07-31 11:48:50,163] {logging_mixin.py:115} INFO - [2023-07-31 11:48:50,163] {dag.py:2379} INFO - Sync 1 DAGs
[2023-07-31 11:48:50,286] {logging_mixin.py:115} INFO - [2023-07-31 11:48:50,286] {dag.py:2931} INFO - Setting next_dagrun for example_python_operator to None, run_after=None
[2023-07-31 11:48:50,320] {processor.py:161} INFO - Processing /home/airflow/.local/lib/python3.7/site-packages/airflow/example_dags/example_python_operator.py took 0.223 seconds
[2023-07-31 11:49:21,419] {processor.py:153} INFO - Started process (PID=404) to work on /home/airflow/.local/lib/python3.7/site-packages/airflow/example_dags/example_python_operator.py
[2023-07-31 11:49:21,430] {processor.py:641} INFO - Processing file /home/airflow/.local/lib/python3.7/site-packages/airflow/example_dags/example_python_operator.py for tasks to queue
[2023-07-31 11:49:21,431] {logging_mixin.py:115} INFO - [2023-07-31 11:49:21,431] {dagbag.py:507} INFO - Filling up the DagBag from /home/airflow/.local/lib/python3.7/site-packages/airflow/example_dags/example_python_operator.py
[2023-07-31 11:49:21,444] {processor.py:651} INFO - DAG(s) dict_keys(['example_python_operator']) retrieved from /home/airflow/.local/lib/python3.7/site-packages/airflow/example_dags/example_python_operator.py
[2023-07-31 11:49:21,475] {logging_mixin.py:115} INFO - [2023-07-31 11:49:21,475] {dag.py:2379} INFO - Sync 1 DAGs
[2023-07-31 11:49:21,617] {logging_mixin.py:115} INFO - [2023-07-31 11:49:21,617] {dag.py:2931} INFO - Setting next_dagrun for example_python_operator to None, run_after=None
[2023-07-31 11:49:21,707] {processor.py:161} INFO - Processing /home/airflow/.local/lib/python3.7/site-packages/airflow/example_dags/example_python_operator.py took 0.291 seconds
[2023-07-31 11:49:51,735] {processor.py:153} INFO - Started process (PID=456) to work on /home/airflow/.local/lib/python3.7/site-packages/airflow/example_dags/example_python_operator.py
[2023-07-31 11:49:51,735] {processor.py:641} INFO - Processing file /home/airflow/.local/lib/python3.7/site-packages/airflow/example_dags/example_python_operator.py for tasks to queue
[2023-07-31 11:49:51,736] {logging_mixin.py:115} INFO - [2023-07-31 11:49:51,736] {dagbag.py:507} INFO - Filling up the DagBag from /home/airflow/.local/lib/python3.7/site-packages/airflow/example_dags/example_python_operator.py
[2023-07-31 11:49:51,750] {processor.py:651} INFO - DAG(s) dict_keys(['example_python_operator']) retrieved from /home/airflow/.local/lib/python3.7/site-packages/airflow/example_dags/example_python_operator.py
[2023-07-31 11:49:51,771] {logging_mixin.py:115} INFO - [2023-07-31 11:49:51,771] {dag.py:2379} INFO - Sync 1 DAGs
[2023-07-31 11:49:51,880] {logging_mixin.py:115} INFO - [2023-07-31 11:49:51,880] {dag.py:2931} INFO - Setting next_dagrun for example_python_operator to None, run_after=None
[2023-07-31 11:49:51,899] {processor.py:161} INFO - Processing /home/airflow/.local/lib/python3.7/site-packages/airflow/example_dags/example_python_operator.py took 0.167 seconds
[2023-07-31 11:50:23,499] {processor.py:153} INFO - Started process (PID=517) to work on /home/airflow/.local/lib/python3.7/site-packages/airflow/example_dags/example_python_operator.py
[2023-07-31 11:50:23,508] {processor.py:641} INFO - Processing file /home/airflow/.local/lib/python3.7/site-packages/airflow/example_dags/example_python_operator.py for tasks to queue
[2023-07-31 11:50:23,508] {logging_mixin.py:115} INFO - [2023-07-31 11:50:23,508] {dagbag.py:507} INFO - Filling up the DagBag from /home/airflow/.local/lib/python3.7/site-packages/airflow/example_dags/example_python_operator.py
[2023-07-31 11:50:23,523] {processor.py:651} INFO - DAG(s) dict_keys(['example_python_operator']) retrieved from /home/airflow/.local/lib/python3.7/site-packages/airflow/example_dags/example_python_operator.py
[2023-07-31 11:50:23,550] {logging_mixin.py:115} INFO - [2023-07-31 11:50:23,550] {dag.py:2379} INFO - Sync 1 DAGs
[2023-07-31 11:50:23,657] {logging_mixin.py:115} INFO - [2023-07-31 11:50:23,657] {dag.py:2931} INFO - Setting next_dagrun for example_python_operator to None, run_after=None
[2023-07-31 11:50:23,687] {processor.py:161} INFO - Processing /home/airflow/.local/lib/python3.7/site-packages/airflow/example_dags/example_python_operator.py took 0.191 seconds
[2023-07-31 11:50:54,796] {processor.py:153} INFO - Started process (PID=578) to work on /home/airflow/.local/lib/python3.7/site-packages/airflow/example_dags/example_python_operator.py
[2023-07-31 11:50:54,797] {processor.py:641} INFO - Processing file /home/airflow/.local/lib/python3.7/site-packages/airflow/example_dags/example_python_operator.py for tasks to queue
[2023-07-31 11:50:54,797] {logging_mixin.py:115} INFO - [2023-07-31 11:50:54,797] {dagbag.py:507} INFO - Filling up the DagBag from /home/airflow/.local/lib/python3.7/site-packages/airflow/example_dags/example_python_operator.py
[2023-07-31 11:50:54,812] {processor.py:651} INFO - DAG(s) dict_keys(['example_python_operator']) retrieved from /home/airflow/.local/lib/python3.7/site-packages/airflow/example_dags/example_python_operator.py
[2023-07-31 11:50:54,839] {logging_mixin.py:115} INFO - [2023-07-31 11:50:54,838] {dag.py:2379} INFO - Sync 1 DAGs
[2023-07-31 11:50:54,953] {logging_mixin.py:115} INFO - [2023-07-31 11:50:54,953] {dag.py:2931} INFO - Setting next_dagrun for example_python_operator to None, run_after=None
[2023-07-31 11:50:55,018] {processor.py:161} INFO - Processing /home/airflow/.local/lib/python3.7/site-packages/airflow/example_dags/example_python_operator.py took 0.224 seconds
[2023-07-31 11:51:25,567] {processor.py:153} INFO - Started process (PID=630) to work on /home/airflow/.local/lib/python3.7/site-packages/airflow/example_dags/example_python_operator.py
[2023-07-31 11:51:25,576] {processor.py:641} INFO - Processing file /home/airflow/.local/lib/python3.7/site-packages/airflow/example_dags/example_python_operator.py for tasks to queue
[2023-07-31 11:51:25,577] {logging_mixin.py:115} INFO - [2023-07-31 11:51:25,577] {dagbag.py:507} INFO - Filling up the DagBag from /home/airflow/.local/lib/python3.7/site-packages/airflow/example_dags/example_python_operator.py
[2023-07-31 11:51:25,598] {processor.py:651} INFO - DAG(s) dict_keys(['example_python_operator']) retrieved from /home/airflow/.local/lib/python3.7/site-packages/airflow/example_dags/example_python_operator.py
[2023-07-31 11:51:25,735] {logging_mixin.py:115} INFO - [2023-07-31 11:51:25,735] {dag.py:2379} INFO - Sync 1 DAGs
[2023-07-31 11:51:25,752] {logging_mixin.py:115} INFO - [2023-07-31 11:51:25,752] {dag.py:2931} INFO - Setting next_dagrun for example_python_operator to None, run_after=None
[2023-07-31 11:51:25,807] {processor.py:161} INFO - Processing /home/airflow/.local/lib/python3.7/site-packages/airflow/example_dags/example_python_operator.py took 0.243 seconds
[2023-07-31 11:51:56,776] {processor.py:153} INFO - Started process (PID=691) to work on /home/airflow/.local/lib/python3.7/site-packages/airflow/example_dags/example_python_operator.py
[2023-07-31 11:51:56,779] {processor.py:641} INFO - Processing file /home/airflow/.local/lib/python3.7/site-packages/airflow/example_dags/example_python_operator.py for tasks to queue
[2023-07-31 11:51:56,779] {logging_mixin.py:115} INFO - [2023-07-31 11:51:56,779] {dagbag.py:507} INFO - Filling up the DagBag from /home/airflow/.local/lib/python3.7/site-packages/airflow/example_dags/example_python_operator.py
[2023-07-31 11:51:56,792] {processor.py:651} INFO - DAG(s) dict_keys(['example_python_operator']) retrieved from /home/airflow/.local/lib/python3.7/site-packages/airflow/example_dags/example_python_operator.py
[2023-07-31 11:51:56,901] {logging_mixin.py:115} INFO - [2023-07-31 11:51:56,901] {dag.py:2379} INFO - Sync 1 DAGs
[2023-07-31 11:51:56,917] {logging_mixin.py:115} INFO - [2023-07-31 11:51:56,917] {dag.py:2931} INFO - Setting next_dagrun for example_python_operator to None, run_after=None
[2023-07-31 11:51:56,939] {processor.py:161} INFO - Processing /home/airflow/.local/lib/python3.7/site-packages/airflow/example_dags/example_python_operator.py took 0.166 seconds
