[2023-07-31 11:46:20,964] {processor.py:153} INFO - Started process (PID=84) to work on /home/airflow/.local/lib/python3.7/site-packages/airflow/example_dags/example_dag_decorator.py
[2023-07-31 11:46:20,965] {processor.py:641} INFO - Processing file /home/airflow/.local/lib/python3.7/site-packages/airflow/example_dags/example_dag_decorator.py for tasks to queue
[2023-07-31 11:46:20,965] {logging_mixin.py:115} INFO - [2023-07-31 11:46:20,965] {dagbag.py:507} INFO - Filling up the DagBag from /home/airflow/.local/lib/python3.7/site-packages/airflow/example_dags/example_dag_decorator.py
[2023-07-31 11:46:20,992] {processor.py:651} INFO - DAG(s) dict_keys(['example_dag_decorator']) retrieved from /home/airflow/.local/lib/python3.7/site-packages/airflow/example_dags/example_dag_decorator.py
[2023-07-31 11:46:21,196] {logging_mixin.py:115} INFO - [2023-07-31 11:46:21,196] {manager.py:508} INFO - Created Permission View: can read on DAG:example_dag_decorator
[2023-07-31 11:46:21,221] {logging_mixin.py:115} INFO - [2023-07-31 11:46:21,221] {manager.py:508} INFO - Created Permission View: can edit on DAG:example_dag_decorator
[2023-07-31 11:46:21,247] {logging_mixin.py:115} INFO - [2023-07-31 11:46:21,246] {manager.py:508} INFO - Created Permission View: can delete on DAG:example_dag_decorator
[2023-07-31 11:46:21,247] {logging_mixin.py:115} INFO - [2023-07-31 11:46:21,247] {dag.py:2379} INFO - Sync 1 DAGs
[2023-07-31 11:46:21,256] {logging_mixin.py:115} INFO - [2023-07-31 11:46:21,256] {dag.py:2398} INFO - Creating ORM DAG for example_dag_decorator
[2023-07-31 11:46:21,272] {logging_mixin.py:115} INFO - [2023-07-31 11:46:21,272] {dag.py:2931} INFO - Setting next_dagrun for example_dag_decorator to None, run_after=None
[2023-07-31 11:46:21,297] {processor.py:161} INFO - Processing /home/airflow/.local/lib/python3.7/site-packages/airflow/example_dags/example_dag_decorator.py took 0.335 seconds
[2023-07-31 11:46:52,790] {processor.py:153} INFO - Started process (PID=136) to work on /home/airflow/.local/lib/python3.7/site-packages/airflow/example_dags/example_dag_decorator.py
[2023-07-31 11:46:52,791] {processor.py:641} INFO - Processing file /home/airflow/.local/lib/python3.7/site-packages/airflow/example_dags/example_dag_decorator.py for tasks to queue
[2023-07-31 11:46:52,791] {logging_mixin.py:115} INFO - [2023-07-31 11:46:52,791] {dagbag.py:507} INFO - Filling up the DagBag from /home/airflow/.local/lib/python3.7/site-packages/airflow/example_dags/example_dag_decorator.py
[2023-07-31 11:46:52,810] {processor.py:651} INFO - DAG(s) dict_keys(['example_dag_decorator']) retrieved from /home/airflow/.local/lib/python3.7/site-packages/airflow/example_dags/example_dag_decorator.py
[2023-07-31 11:46:52,973] {logging_mixin.py:115} INFO - [2023-07-31 11:46:52,973] {dag.py:2379} INFO - Sync 1 DAGs
[2023-07-31 11:46:52,988] {logging_mixin.py:115} INFO - [2023-07-31 11:46:52,988] {dag.py:2931} INFO - Setting next_dagrun for example_dag_decorator to None, run_after=None
[2023-07-31 11:46:53,008] {processor.py:161} INFO - Processing /home/airflow/.local/lib/python3.7/site-packages/airflow/example_dags/example_dag_decorator.py took 0.221 seconds
[2023-07-31 11:47:24,606] {processor.py:153} INFO - Started process (PID=198) to work on /home/airflow/.local/lib/python3.7/site-packages/airflow/example_dags/example_dag_decorator.py
[2023-07-31 11:47:24,606] {processor.py:641} INFO - Processing file /home/airflow/.local/lib/python3.7/site-packages/airflow/example_dags/example_dag_decorator.py for tasks to queue
[2023-07-31 11:47:24,607] {logging_mixin.py:115} INFO - [2023-07-31 11:47:24,607] {dagbag.py:507} INFO - Filling up the DagBag from /home/airflow/.local/lib/python3.7/site-packages/airflow/example_dags/example_dag_decorator.py
[2023-07-31 11:47:24,626] {processor.py:651} INFO - DAG(s) dict_keys(['example_dag_decorator']) retrieved from /home/airflow/.local/lib/python3.7/site-packages/airflow/example_dags/example_dag_decorator.py
[2023-07-31 11:47:24,764] {logging_mixin.py:115} INFO - [2023-07-31 11:47:24,764] {dag.py:2379} INFO - Sync 1 DAGs
[2023-07-31 11:47:24,779] {logging_mixin.py:115} INFO - [2023-07-31 11:47:24,779] {dag.py:2931} INFO - Setting next_dagrun for example_dag_decorator to None, run_after=None
[2023-07-31 11:47:24,812] {processor.py:161} INFO - Processing /home/airflow/.local/lib/python3.7/site-packages/airflow/example_dags/example_dag_decorator.py took 0.208 seconds
[2023-07-31 11:47:56,622] {processor.py:153} INFO - Started process (PID=259) to work on /home/airflow/.local/lib/python3.7/site-packages/airflow/example_dags/example_dag_decorator.py
[2023-07-31 11:47:56,623] {processor.py:641} INFO - Processing file /home/airflow/.local/lib/python3.7/site-packages/airflow/example_dags/example_dag_decorator.py for tasks to queue
[2023-07-31 11:47:56,623] {logging_mixin.py:115} INFO - [2023-07-31 11:47:56,623] {dagbag.py:507} INFO - Filling up the DagBag from /home/airflow/.local/lib/python3.7/site-packages/airflow/example_dags/example_dag_decorator.py
[2023-07-31 11:47:56,646] {processor.py:651} INFO - DAG(s) dict_keys(['example_dag_decorator']) retrieved from /home/airflow/.local/lib/python3.7/site-packages/airflow/example_dags/example_dag_decorator.py
[2023-07-31 11:47:56,824] {logging_mixin.py:115} INFO - [2023-07-31 11:47:56,824] {dag.py:2379} INFO - Sync 1 DAGs
[2023-07-31 11:47:56,847] {logging_mixin.py:115} INFO - [2023-07-31 11:47:56,847] {dag.py:2931} INFO - Setting next_dagrun for example_dag_decorator to None, run_after=None
[2023-07-31 11:47:56,883] {processor.py:161} INFO - Processing /home/airflow/.local/lib/python3.7/site-packages/airflow/example_dags/example_dag_decorator.py took 0.263 seconds
[2023-07-31 11:48:28,292] {processor.py:153} INFO - Started process (PID=310) to work on /home/airflow/.local/lib/python3.7/site-packages/airflow/example_dags/example_dag_decorator.py
[2023-07-31 11:48:28,398] {processor.py:641} INFO - Processing file /home/airflow/.local/lib/python3.7/site-packages/airflow/example_dags/example_dag_decorator.py for tasks to queue
[2023-07-31 11:48:28,399] {logging_mixin.py:115} INFO - [2023-07-31 11:48:28,399] {dagbag.py:507} INFO - Filling up the DagBag from /home/airflow/.local/lib/python3.7/site-packages/airflow/example_dags/example_dag_decorator.py
[2023-07-31 11:48:28,424] {processor.py:651} INFO - DAG(s) dict_keys(['example_dag_decorator']) retrieved from /home/airflow/.local/lib/python3.7/site-packages/airflow/example_dags/example_dag_decorator.py
[2023-07-31 11:48:28,573] {logging_mixin.py:115} INFO - [2023-07-31 11:48:28,573] {dag.py:2379} INFO - Sync 1 DAGs
[2023-07-31 11:48:28,589] {logging_mixin.py:115} INFO - [2023-07-31 11:48:28,589] {dag.py:2931} INFO - Setting next_dagrun for example_dag_decorator to None, run_after=None
[2023-07-31 11:48:29,033] {processor.py:161} INFO - Processing /home/airflow/.local/lib/python3.7/site-packages/airflow/example_dags/example_dag_decorator.py took 0.743 seconds
[2023-07-31 11:49:00,132] {processor.py:153} INFO - Started process (PID=371) to work on /home/airflow/.local/lib/python3.7/site-packages/airflow/example_dags/example_dag_decorator.py
[2023-07-31 11:49:00,151] {processor.py:641} INFO - Processing file /home/airflow/.local/lib/python3.7/site-packages/airflow/example_dags/example_dag_decorator.py for tasks to queue
[2023-07-31 11:49:00,153] {logging_mixin.py:115} INFO - [2023-07-31 11:49:00,153] {dagbag.py:507} INFO - Filling up the DagBag from /home/airflow/.local/lib/python3.7/site-packages/airflow/example_dags/example_dag_decorator.py
[2023-07-31 11:49:00,188] {processor.py:651} INFO - DAG(s) dict_keys(['example_dag_decorator']) retrieved from /home/airflow/.local/lib/python3.7/site-packages/airflow/example_dags/example_dag_decorator.py
[2023-07-31 11:49:00,342] {logging_mixin.py:115} INFO - [2023-07-31 11:49:00,342] {dag.py:2379} INFO - Sync 1 DAGs
[2023-07-31 11:49:00,357] {logging_mixin.py:115} INFO - [2023-07-31 11:49:00,357] {dag.py:2931} INFO - Setting next_dagrun for example_dag_decorator to None, run_after=None
[2023-07-31 11:49:00,418] {processor.py:161} INFO - Processing /home/airflow/.local/lib/python3.7/site-packages/airflow/example_dags/example_dag_decorator.py took 0.289 seconds
[2023-07-31 11:49:30,694] {processor.py:153} INFO - Started process (PID=423) to work on /home/airflow/.local/lib/python3.7/site-packages/airflow/example_dags/example_dag_decorator.py
[2023-07-31 11:49:30,701] {processor.py:641} INFO - Processing file /home/airflow/.local/lib/python3.7/site-packages/airflow/example_dags/example_dag_decorator.py for tasks to queue
[2023-07-31 11:49:30,787] {logging_mixin.py:115} INFO - [2023-07-31 11:49:30,786] {dagbag.py:507} INFO - Filling up the DagBag from /home/airflow/.local/lib/python3.7/site-packages/airflow/example_dags/example_dag_decorator.py
[2023-07-31 11:49:30,817] {processor.py:651} INFO - DAG(s) dict_keys(['example_dag_decorator']) retrieved from /home/airflow/.local/lib/python3.7/site-packages/airflow/example_dags/example_dag_decorator.py
[2023-07-31 11:49:30,966] {logging_mixin.py:115} INFO - [2023-07-31 11:49:30,966] {dag.py:2379} INFO - Sync 1 DAGs
[2023-07-31 11:49:30,987] {logging_mixin.py:115} INFO - [2023-07-31 11:49:30,987] {dag.py:2931} INFO - Setting next_dagrun for example_dag_decorator to None, run_after=None
[2023-07-31 11:49:31,093] {processor.py:161} INFO - Processing /home/airflow/.local/lib/python3.7/site-packages/airflow/example_dags/example_dag_decorator.py took 0.404 seconds
[2023-07-31 11:50:01,741] {processor.py:153} INFO - Started process (PID=484) to work on /home/airflow/.local/lib/python3.7/site-packages/airflow/example_dags/example_dag_decorator.py
[2023-07-31 11:50:01,751] {processor.py:641} INFO - Processing file /home/airflow/.local/lib/python3.7/site-packages/airflow/example_dags/example_dag_decorator.py for tasks to queue
[2023-07-31 11:50:01,752] {logging_mixin.py:115} INFO - [2023-07-31 11:50:01,752] {dagbag.py:507} INFO - Filling up the DagBag from /home/airflow/.local/lib/python3.7/site-packages/airflow/example_dags/example_dag_decorator.py
[2023-07-31 11:50:01,786] {processor.py:651} INFO - DAG(s) dict_keys(['example_dag_decorator']) retrieved from /home/airflow/.local/lib/python3.7/site-packages/airflow/example_dags/example_dag_decorator.py
[2023-07-31 11:50:01,942] {logging_mixin.py:115} INFO - [2023-07-31 11:50:01,941] {dag.py:2379} INFO - Sync 1 DAGs
[2023-07-31 11:50:01,962] {logging_mixin.py:115} INFO - [2023-07-31 11:50:01,962] {dag.py:2931} INFO - Setting next_dagrun for example_dag_decorator to None, run_after=None
[2023-07-31 11:50:02,383] {processor.py:161} INFO - Processing /home/airflow/.local/lib/python3.7/site-packages/airflow/example_dags/example_dag_decorator.py took 0.648 seconds
[2023-07-31 11:50:32,443] {processor.py:153} INFO - Started process (PID=545) to work on /home/airflow/.local/lib/python3.7/site-packages/airflow/example_dags/example_dag_decorator.py
[2023-07-31 11:50:32,883] {processor.py:641} INFO - Processing file /home/airflow/.local/lib/python3.7/site-packages/airflow/example_dags/example_dag_decorator.py for tasks to queue
[2023-07-31 11:50:32,884] {logging_mixin.py:115} INFO - [2023-07-31 11:50:32,884] {dagbag.py:507} INFO - Filling up the DagBag from /home/airflow/.local/lib/python3.7/site-packages/airflow/example_dags/example_dag_decorator.py
[2023-07-31 11:50:32,912] {processor.py:651} INFO - DAG(s) dict_keys(['example_dag_decorator']) retrieved from /home/airflow/.local/lib/python3.7/site-packages/airflow/example_dags/example_dag_decorator.py
[2023-07-31 11:50:33,099] {logging_mixin.py:115} INFO - [2023-07-31 11:50:33,099] {dag.py:2379} INFO - Sync 1 DAGs
[2023-07-31 11:50:33,118] {logging_mixin.py:115} INFO - [2023-07-31 11:50:33,118] {dag.py:2931} INFO - Setting next_dagrun for example_dag_decorator to None, run_after=None
[2023-07-31 11:50:33,593] {processor.py:161} INFO - Processing /home/airflow/.local/lib/python3.7/site-packages/airflow/example_dags/example_dag_decorator.py took 1.154 seconds
[2023-07-31 11:51:03,898] {processor.py:153} INFO - Started process (PID=597) to work on /home/airflow/.local/lib/python3.7/site-packages/airflow/example_dags/example_dag_decorator.py
[2023-07-31 11:51:03,911] {processor.py:641} INFO - Processing file /home/airflow/.local/lib/python3.7/site-packages/airflow/example_dags/example_dag_decorator.py for tasks to queue
[2023-07-31 11:51:03,912] {logging_mixin.py:115} INFO - [2023-07-31 11:51:03,912] {dagbag.py:507} INFO - Filling up the DagBag from /home/airflow/.local/lib/python3.7/site-packages/airflow/example_dags/example_dag_decorator.py
[2023-07-31 11:51:03,939] {processor.py:651} INFO - DAG(s) dict_keys(['example_dag_decorator']) retrieved from /home/airflow/.local/lib/python3.7/site-packages/airflow/example_dags/example_dag_decorator.py
[2023-07-31 11:51:04,067] {logging_mixin.py:115} INFO - [2023-07-31 11:51:04,067] {dag.py:2379} INFO - Sync 1 DAGs
[2023-07-31 11:51:04,080] {logging_mixin.py:115} INFO - [2023-07-31 11:51:04,080] {dag.py:2931} INFO - Setting next_dagrun for example_dag_decorator to None, run_after=None
[2023-07-31 11:51:04,309] {processor.py:161} INFO - Processing /home/airflow/.local/lib/python3.7/site-packages/airflow/example_dags/example_dag_decorator.py took 0.415 seconds
[2023-07-31 11:51:35,089] {processor.py:153} INFO - Started process (PID=658) to work on /home/airflow/.local/lib/python3.7/site-packages/airflow/example_dags/example_dag_decorator.py
[2023-07-31 11:51:35,103] {processor.py:641} INFO - Processing file /home/airflow/.local/lib/python3.7/site-packages/airflow/example_dags/example_dag_decorator.py for tasks to queue
[2023-07-31 11:51:35,103] {logging_mixin.py:115} INFO - [2023-07-31 11:51:35,103] {dagbag.py:507} INFO - Filling up the DagBag from /home/airflow/.local/lib/python3.7/site-packages/airflow/example_dags/example_dag_decorator.py
[2023-07-31 11:51:35,122] {processor.py:651} INFO - DAG(s) dict_keys(['example_dag_decorator']) retrieved from /home/airflow/.local/lib/python3.7/site-packages/airflow/example_dags/example_dag_decorator.py
[2023-07-31 11:51:35,267] {logging_mixin.py:115} INFO - [2023-07-31 11:51:35,267] {dag.py:2379} INFO - Sync 1 DAGs
[2023-07-31 11:51:35,282] {logging_mixin.py:115} INFO - [2023-07-31 11:51:35,282] {dag.py:2931} INFO - Setting next_dagrun for example_dag_decorator to None, run_after=None
[2023-07-31 11:51:35,314] {processor.py:161} INFO - Processing /home/airflow/.local/lib/python3.7/site-packages/airflow/example_dags/example_dag_decorator.py took 0.228 seconds
[2023-07-31 11:52:05,397] {processor.py:153} INFO - Started process (PID=719) to work on /home/airflow/.local/lib/python3.7/site-packages/airflow/example_dags/example_dag_decorator.py
[2023-07-31 11:52:05,397] {processor.py:641} INFO - Processing file /home/airflow/.local/lib/python3.7/site-packages/airflow/example_dags/example_dag_decorator.py for tasks to queue
[2023-07-31 11:52:05,398] {logging_mixin.py:115} INFO - [2023-07-31 11:52:05,398] {dagbag.py:507} INFO - Filling up the DagBag from /home/airflow/.local/lib/python3.7/site-packages/airflow/example_dags/example_dag_decorator.py
[2023-07-31 11:52:05,427] {processor.py:651} INFO - DAG(s) dict_keys(['example_dag_decorator']) retrieved from /home/airflow/.local/lib/python3.7/site-packages/airflow/example_dags/example_dag_decorator.py
[2023-07-31 11:52:05,531] {logging_mixin.py:115} INFO - [2023-07-31 11:52:05,531] {dag.py:2379} INFO - Sync 1 DAGs
[2023-07-31 11:52:05,546] {logging_mixin.py:115} INFO - [2023-07-31 11:52:05,546] {dag.py:2931} INFO - Setting next_dagrun for example_dag_decorator to None, run_after=None
[2023-07-31 11:52:06,133] {processor.py:161} INFO - Processing /home/airflow/.local/lib/python3.7/site-packages/airflow/example_dags/example_dag_decorator.py took 0.741 seconds
