[2023-07-31 11:46:19,090] {processor.py:153} INFO - Started process (PID=70) to work on /home/airflow/.local/lib/python3.7/site-packages/airflow/example_dags/example_bash_operator.py
[2023-07-31 11:46:19,091] {processor.py:641} INFO - Processing file /home/airflow/.local/lib/python3.7/site-packages/airflow/example_dags/example_bash_operator.py for tasks to queue
[2023-07-31 11:46:19,091] {logging_mixin.py:115} INFO - [2023-07-31 11:46:19,091] {dagbag.py:507} INFO - Filling up the DagBag from /home/airflow/.local/lib/python3.7/site-packages/airflow/example_dags/example_bash_operator.py
[2023-07-31 11:46:19,107] {processor.py:651} INFO - DAG(s) dict_keys(['example_bash_operator']) retrieved from /home/airflow/.local/lib/python3.7/site-packages/airflow/example_dags/example_bash_operator.py
[2023-07-31 11:46:19,373] {logging_mixin.py:115} INFO - [2023-07-31 11:46:19,373] {manager.py:508} INFO - Created Permission View: can read on DAG:example_bash_operator
[2023-07-31 11:46:19,415] {logging_mixin.py:115} INFO - [2023-07-31 11:46:19,415] {manager.py:508} INFO - Created Permission View: can edit on DAG:example_bash_operator
[2023-07-31 11:46:19,977] {logging_mixin.py:115} INFO - [2023-07-31 11:46:19,977] {manager.py:508} INFO - Created Permission View: can delete on DAG:example_bash_operator
[2023-07-31 11:46:19,978] {logging_mixin.py:115} INFO - [2023-07-31 11:46:19,978] {dag.py:2379} INFO - Sync 1 DAGs
[2023-07-31 11:46:19,986] {logging_mixin.py:115} INFO - [2023-07-31 11:46:19,985] {dag.py:2398} INFO - Creating ORM DAG for example_bash_operator
[2023-07-31 11:46:20,002] {logging_mixin.py:115} INFO - [2023-07-31 11:46:20,002] {dag.py:2931} INFO - Setting next_dagrun for example_bash_operator to 2023-07-30T00:00:00+00:00, run_after=2023-07-31T00:00:00+00:00
[2023-07-31 11:46:20,042] {processor.py:161} INFO - Processing /home/airflow/.local/lib/python3.7/site-packages/airflow/example_dags/example_bash_operator.py took 0.955 seconds
[2023-07-31 11:46:50,836] {processor.py:153} INFO - Started process (PID=130) to work on /home/airflow/.local/lib/python3.7/site-packages/airflow/example_dags/example_bash_operator.py
[2023-07-31 11:46:50,839] {processor.py:641} INFO - Processing file /home/airflow/.local/lib/python3.7/site-packages/airflow/example_dags/example_bash_operator.py for tasks to queue
[2023-07-31 11:46:50,839] {logging_mixin.py:115} INFO - [2023-07-31 11:46:50,839] {dagbag.py:507} INFO - Filling up the DagBag from /home/airflow/.local/lib/python3.7/site-packages/airflow/example_dags/example_bash_operator.py
[2023-07-31 11:46:50,852] {processor.py:651} INFO - DAG(s) dict_keys(['example_bash_operator']) retrieved from /home/airflow/.local/lib/python3.7/site-packages/airflow/example_dags/example_bash_operator.py
[2023-07-31 11:46:50,877] {logging_mixin.py:115} INFO - [2023-07-31 11:46:50,877] {dag.py:2379} INFO - Sync 1 DAGs
[2023-07-31 11:46:50,989] {logging_mixin.py:115} INFO - [2023-07-31 11:46:50,989] {dag.py:2931} INFO - Setting next_dagrun for example_bash_operator to 2023-07-30T00:00:00+00:00, run_after=2023-07-31T00:00:00+00:00
[2023-07-31 11:46:51,848] {processor.py:161} INFO - Processing /home/airflow/.local/lib/python3.7/site-packages/airflow/example_dags/example_bash_operator.py took 1.015 seconds
[2023-07-31 11:47:21,901] {processor.py:153} INFO - Started process (PID=191) to work on /home/airflow/.local/lib/python3.7/site-packages/airflow/example_dags/example_bash_operator.py
[2023-07-31 11:47:21,910] {processor.py:641} INFO - Processing file /home/airflow/.local/lib/python3.7/site-packages/airflow/example_dags/example_bash_operator.py for tasks to queue
[2023-07-31 11:47:21,910] {logging_mixin.py:115} INFO - [2023-07-31 11:47:21,910] {dagbag.py:507} INFO - Filling up the DagBag from /home/airflow/.local/lib/python3.7/site-packages/airflow/example_dags/example_bash_operator.py
[2023-07-31 11:47:21,921] {processor.py:651} INFO - DAG(s) dict_keys(['example_bash_operator']) retrieved from /home/airflow/.local/lib/python3.7/site-packages/airflow/example_dags/example_bash_operator.py
[2023-07-31 11:47:21,941] {logging_mixin.py:115} INFO - [2023-07-31 11:47:21,940] {dag.py:2379} INFO - Sync 1 DAGs
[2023-07-31 11:47:22,037] {logging_mixin.py:115} INFO - [2023-07-31 11:47:22,037] {dag.py:2931} INFO - Setting next_dagrun for example_bash_operator to 2023-07-30T00:00:00+00:00, run_after=2023-07-31T00:00:00+00:00
[2023-07-31 11:47:22,205] {processor.py:161} INFO - Processing /home/airflow/.local/lib/python3.7/site-packages/airflow/example_dags/example_bash_operator.py took 0.310 seconds
[2023-07-31 11:47:52,286] {processor.py:153} INFO - Started process (PID=243) to work on /home/airflow/.local/lib/python3.7/site-packages/airflow/example_dags/example_bash_operator.py
[2023-07-31 11:47:52,443] {processor.py:641} INFO - Processing file /home/airflow/.local/lib/python3.7/site-packages/airflow/example_dags/example_bash_operator.py for tasks to queue
[2023-07-31 11:47:52,443] {logging_mixin.py:115} INFO - [2023-07-31 11:47:52,443] {dagbag.py:507} INFO - Filling up the DagBag from /home/airflow/.local/lib/python3.7/site-packages/airflow/example_dags/example_bash_operator.py
[2023-07-31 11:47:52,451] {processor.py:651} INFO - DAG(s) dict_keys(['example_bash_operator']) retrieved from /home/airflow/.local/lib/python3.7/site-packages/airflow/example_dags/example_bash_operator.py
[2023-07-31 11:47:52,473] {logging_mixin.py:115} INFO - [2023-07-31 11:47:52,473] {dag.py:2379} INFO - Sync 1 DAGs
[2023-07-31 11:47:52,584] {logging_mixin.py:115} INFO - [2023-07-31 11:47:52,583] {dag.py:2931} INFO - Setting next_dagrun for example_bash_operator to 2023-07-30T00:00:00+00:00, run_after=2023-07-31T00:00:00+00:00
[2023-07-31 11:47:52,914] {processor.py:161} INFO - Processing /home/airflow/.local/lib/python3.7/site-packages/airflow/example_dags/example_bash_operator.py took 0.630 seconds
[2023-07-31 11:48:23,902] {processor.py:153} INFO - Started process (PID=303) to work on /home/airflow/.local/lib/python3.7/site-packages/airflow/example_dags/example_bash_operator.py
[2023-07-31 11:48:23,911] {processor.py:641} INFO - Processing file /home/airflow/.local/lib/python3.7/site-packages/airflow/example_dags/example_bash_operator.py for tasks to queue
[2023-07-31 11:48:23,911] {logging_mixin.py:115} INFO - [2023-07-31 11:48:23,911] {dagbag.py:507} INFO - Filling up the DagBag from /home/airflow/.local/lib/python3.7/site-packages/airflow/example_dags/example_bash_operator.py
[2023-07-31 11:48:23,919] {processor.py:651} INFO - DAG(s) dict_keys(['example_bash_operator']) retrieved from /home/airflow/.local/lib/python3.7/site-packages/airflow/example_dags/example_bash_operator.py
[2023-07-31 11:48:23,941] {logging_mixin.py:115} INFO - [2023-07-31 11:48:23,941] {dag.py:2379} INFO - Sync 1 DAGs
[2023-07-31 11:48:24,067] {logging_mixin.py:115} INFO - [2023-07-31 11:48:24,067] {dag.py:2931} INFO - Setting next_dagrun for example_bash_operator to 2023-07-30T00:00:00+00:00, run_after=2023-07-31T00:00:00+00:00
[2023-07-31 11:48:24,098] {processor.py:161} INFO - Processing /home/airflow/.local/lib/python3.7/site-packages/airflow/example_dags/example_bash_operator.py took 0.198 seconds
[2023-07-31 11:48:54,393] {processor.py:153} INFO - Started process (PID=356) to work on /home/airflow/.local/lib/python3.7/site-packages/airflow/example_dags/example_bash_operator.py
[2023-07-31 11:48:54,393] {processor.py:641} INFO - Processing file /home/airflow/.local/lib/python3.7/site-packages/airflow/example_dags/example_bash_operator.py for tasks to queue
[2023-07-31 11:48:54,394] {logging_mixin.py:115} INFO - [2023-07-31 11:48:54,394] {dagbag.py:507} INFO - Filling up the DagBag from /home/airflow/.local/lib/python3.7/site-packages/airflow/example_dags/example_bash_operator.py
[2023-07-31 11:48:54,406] {processor.py:651} INFO - DAG(s) dict_keys(['example_bash_operator']) retrieved from /home/airflow/.local/lib/python3.7/site-packages/airflow/example_dags/example_bash_operator.py
[2023-07-31 11:48:54,426] {logging_mixin.py:115} INFO - [2023-07-31 11:48:54,426] {dag.py:2379} INFO - Sync 1 DAGs
[2023-07-31 11:48:54,544] {logging_mixin.py:115} INFO - [2023-07-31 11:48:54,544] {dag.py:2931} INFO - Setting next_dagrun for example_bash_operator to 2023-07-30T00:00:00+00:00, run_after=2023-07-31T00:00:00+00:00
[2023-07-31 11:48:54,570] {processor.py:161} INFO - Processing /home/airflow/.local/lib/python3.7/site-packages/airflow/example_dags/example_bash_operator.py took 0.179 seconds
[2023-07-31 11:49:24,879] {processor.py:153} INFO - Started process (PID=416) to work on /home/airflow/.local/lib/python3.7/site-packages/airflow/example_dags/example_bash_operator.py
[2023-07-31 11:49:24,900] {processor.py:641} INFO - Processing file /home/airflow/.local/lib/python3.7/site-packages/airflow/example_dags/example_bash_operator.py for tasks to queue
[2023-07-31 11:49:24,901] {logging_mixin.py:115} INFO - [2023-07-31 11:49:24,901] {dagbag.py:507} INFO - Filling up the DagBag from /home/airflow/.local/lib/python3.7/site-packages/airflow/example_dags/example_bash_operator.py
[2023-07-31 11:49:24,908] {processor.py:651} INFO - DAG(s) dict_keys(['example_bash_operator']) retrieved from /home/airflow/.local/lib/python3.7/site-packages/airflow/example_dags/example_bash_operator.py
[2023-07-31 11:49:24,926] {logging_mixin.py:115} INFO - [2023-07-31 11:49:24,926] {dag.py:2379} INFO - Sync 1 DAGs
[2023-07-31 11:49:25,032] {logging_mixin.py:115} INFO - [2023-07-31 11:49:25,032] {dag.py:2931} INFO - Setting next_dagrun for example_bash_operator to 2023-07-30T00:00:00+00:00, run_after=2023-07-31T00:00:00+00:00
[2023-07-31 11:49:25,072] {processor.py:161} INFO - Processing /home/airflow/.local/lib/python3.7/site-packages/airflow/example_dags/example_bash_operator.py took 0.195 seconds
[2023-07-31 11:49:55,830] {processor.py:153} INFO - Started process (PID=478) to work on /home/airflow/.local/lib/python3.7/site-packages/airflow/example_dags/example_bash_operator.py
[2023-07-31 11:49:55,839] {processor.py:641} INFO - Processing file /home/airflow/.local/lib/python3.7/site-packages/airflow/example_dags/example_bash_operator.py for tasks to queue
[2023-07-31 11:49:55,840] {logging_mixin.py:115} INFO - [2023-07-31 11:49:55,840] {dagbag.py:507} INFO - Filling up the DagBag from /home/airflow/.local/lib/python3.7/site-packages/airflow/example_dags/example_bash_operator.py
[2023-07-31 11:49:55,849] {processor.py:651} INFO - DAG(s) dict_keys(['example_bash_operator']) retrieved from /home/airflow/.local/lib/python3.7/site-packages/airflow/example_dags/example_bash_operator.py
[2023-07-31 11:49:55,871] {logging_mixin.py:115} INFO - [2023-07-31 11:49:55,871] {dag.py:2379} INFO - Sync 1 DAGs
[2023-07-31 11:49:56,003] {logging_mixin.py:115} INFO - [2023-07-31 11:49:56,003] {dag.py:2931} INFO - Setting next_dagrun for example_bash_operator to 2023-07-30T00:00:00+00:00, run_after=2023-07-31T00:00:00+00:00
[2023-07-31 11:49:56,029] {processor.py:161} INFO - Processing /home/airflow/.local/lib/python3.7/site-packages/airflow/example_dags/example_bash_operator.py took 0.201 seconds
[2023-07-31 11:50:28,569] {processor.py:153} INFO - Started process (PID=530) to work on /home/airflow/.local/lib/python3.7/site-packages/airflow/example_dags/example_bash_operator.py
[2023-07-31 11:50:28,580] {processor.py:641} INFO - Processing file /home/airflow/.local/lib/python3.7/site-packages/airflow/example_dags/example_bash_operator.py for tasks to queue
[2023-07-31 11:50:28,581] {logging_mixin.py:115} INFO - [2023-07-31 11:50:28,581] {dagbag.py:507} INFO - Filling up the DagBag from /home/airflow/.local/lib/python3.7/site-packages/airflow/example_dags/example_bash_operator.py
[2023-07-31 11:50:28,589] {processor.py:651} INFO - DAG(s) dict_keys(['example_bash_operator']) retrieved from /home/airflow/.local/lib/python3.7/site-packages/airflow/example_dags/example_bash_operator.py
[2023-07-31 11:50:28,608] {logging_mixin.py:115} INFO - [2023-07-31 11:50:28,608] {dag.py:2379} INFO - Sync 1 DAGs
[2023-07-31 11:50:28,714] {logging_mixin.py:115} INFO - [2023-07-31 11:50:28,713] {dag.py:2931} INFO - Setting next_dagrun for example_bash_operator to 2023-07-30T00:00:00+00:00, run_after=2023-07-31T00:00:00+00:00
[2023-07-31 11:50:28,749] {processor.py:161} INFO - Processing /home/airflow/.local/lib/python3.7/site-packages/airflow/example_dags/example_bash_operator.py took 0.183 seconds
[2023-07-31 11:50:59,094] {processor.py:153} INFO - Started process (PID=591) to work on /home/airflow/.local/lib/python3.7/site-packages/airflow/example_dags/example_bash_operator.py
[2023-07-31 11:50:59,094] {processor.py:641} INFO - Processing file /home/airflow/.local/lib/python3.7/site-packages/airflow/example_dags/example_bash_operator.py for tasks to queue
[2023-07-31 11:50:59,094] {logging_mixin.py:115} INFO - [2023-07-31 11:50:59,094] {dagbag.py:507} INFO - Filling up the DagBag from /home/airflow/.local/lib/python3.7/site-packages/airflow/example_dags/example_bash_operator.py
[2023-07-31 11:50:59,102] {processor.py:651} INFO - DAG(s) dict_keys(['example_bash_operator']) retrieved from /home/airflow/.local/lib/python3.7/site-packages/airflow/example_dags/example_bash_operator.py
[2023-07-31 11:50:59,127] {logging_mixin.py:115} INFO - [2023-07-31 11:50:59,127] {dag.py:2379} INFO - Sync 1 DAGs
[2023-07-31 11:50:59,254] {logging_mixin.py:115} INFO - [2023-07-31 11:50:59,254] {dag.py:2931} INFO - Setting next_dagrun for example_bash_operator to 2023-07-30T00:00:00+00:00, run_after=2023-07-31T00:00:00+00:00
[2023-07-31 11:50:59,281] {processor.py:161} INFO - Processing /home/airflow/.local/lib/python3.7/site-packages/airflow/example_dags/example_bash_operator.py took 0.189 seconds
[2023-07-31 11:51:32,437] {processor.py:153} INFO - Started process (PID=652) to work on /home/airflow/.local/lib/python3.7/site-packages/airflow/example_dags/example_bash_operator.py
[2023-07-31 11:51:32,438] {processor.py:641} INFO - Processing file /home/airflow/.local/lib/python3.7/site-packages/airflow/example_dags/example_bash_operator.py for tasks to queue
[2023-07-31 11:51:32,438] {logging_mixin.py:115} INFO - [2023-07-31 11:51:32,438] {dagbag.py:507} INFO - Filling up the DagBag from /home/airflow/.local/lib/python3.7/site-packages/airflow/example_dags/example_bash_operator.py
[2023-07-31 11:51:32,449] {processor.py:651} INFO - DAG(s) dict_keys(['example_bash_operator']) retrieved from /home/airflow/.local/lib/python3.7/site-packages/airflow/example_dags/example_bash_operator.py
[2023-07-31 11:51:32,481] {logging_mixin.py:115} INFO - [2023-07-31 11:51:32,481] {dag.py:2379} INFO - Sync 1 DAGs
[2023-07-31 11:51:32,617] {logging_mixin.py:115} INFO - [2023-07-31 11:51:32,617] {dag.py:2931} INFO - Setting next_dagrun for example_bash_operator to 2023-07-30T00:00:00+00:00, run_after=2023-07-31T00:00:00+00:00
[2023-07-31 11:51:32,641] {processor.py:161} INFO - Processing /home/airflow/.local/lib/python3.7/site-packages/airflow/example_dags/example_bash_operator.py took 0.207 seconds
[2023-07-31 11:52:02,731] {processor.py:153} INFO - Started process (PID=704) to work on /home/airflow/.local/lib/python3.7/site-packages/airflow/example_dags/example_bash_operator.py
[2023-07-31 11:52:02,741] {processor.py:641} INFO - Processing file /home/airflow/.local/lib/python3.7/site-packages/airflow/example_dags/example_bash_operator.py for tasks to queue
[2023-07-31 11:52:02,741] {logging_mixin.py:115} INFO - [2023-07-31 11:52:02,741] {dagbag.py:507} INFO - Filling up the DagBag from /home/airflow/.local/lib/python3.7/site-packages/airflow/example_dags/example_bash_operator.py
[2023-07-31 11:52:02,749] {processor.py:651} INFO - DAG(s) dict_keys(['example_bash_operator']) retrieved from /home/airflow/.local/lib/python3.7/site-packages/airflow/example_dags/example_bash_operator.py
[2023-07-31 11:52:02,776] {logging_mixin.py:115} INFO - [2023-07-31 11:52:02,776] {dag.py:2379} INFO - Sync 1 DAGs
[2023-07-31 11:52:02,910] {logging_mixin.py:115} INFO - [2023-07-31 11:52:02,909] {dag.py:2931} INFO - Setting next_dagrun for example_bash_operator to 2023-07-30T00:00:00+00:00, run_after=2023-07-31T00:00:00+00:00
[2023-07-31 11:52:02,936] {processor.py:161} INFO - Processing /home/airflow/.local/lib/python3.7/site-packages/airflow/example_dags/example_bash_operator.py took 0.207 seconds
