[2023-07-31 11:46:14,139] {processor.py:153} INFO - Started process (PID=51) to work on /home/airflow/.local/lib/python3.7/site-packages/airflow/example_dags/example_latest_only_with_trigger.py
[2023-07-31 11:46:14,139] {processor.py:641} INFO - Processing file /home/airflow/.local/lib/python3.7/site-packages/airflow/example_dags/example_latest_only_with_trigger.py for tasks to queue
[2023-07-31 11:46:14,140] {logging_mixin.py:115} INFO - [2023-07-31 11:46:14,140] {dagbag.py:507} INFO - Filling up the DagBag from /home/airflow/.local/lib/python3.7/site-packages/airflow/example_dags/example_latest_only_with_trigger.py
[2023-07-31 11:46:14,152] {processor.py:651} INFO - DAG(s) dict_keys(['latest_only_with_trigger']) retrieved from /home/airflow/.local/lib/python3.7/site-packages/airflow/example_dags/example_latest_only_with_trigger.py
[2023-07-31 11:46:14,371] {logging_mixin.py:115} INFO - [2023-07-31 11:46:14,371] {manager.py:508} INFO - Created Permission View: can read on DAG:latest_only_with_trigger
[2023-07-31 11:46:14,408] {logging_mixin.py:115} INFO - [2023-07-31 11:46:14,407] {manager.py:508} INFO - Created Permission View: can edit on DAG:latest_only_with_trigger
[2023-07-31 11:46:14,458] {logging_mixin.py:115} INFO - [2023-07-31 11:46:14,458] {manager.py:508} INFO - Created Permission View: can delete on DAG:latest_only_with_trigger
[2023-07-31 11:46:14,458] {logging_mixin.py:115} INFO - [2023-07-31 11:46:14,458] {dag.py:2379} INFO - Sync 1 DAGs
[2023-07-31 11:46:14,465] {logging_mixin.py:115} INFO - [2023-07-31 11:46:14,465] {dag.py:2398} INFO - Creating ORM DAG for latest_only_with_trigger
[2023-07-31 11:46:14,476] {logging_mixin.py:115} INFO - [2023-07-31 11:46:14,476] {dag.py:2931} INFO - Setting next_dagrun for latest_only_with_trigger to 2023-07-31T07:46:14.476028+00:00, run_after=2023-07-31T11:46:14.476028+00:00
[2023-07-31 11:46:14,507] {processor.py:161} INFO - Processing /home/airflow/.local/lib/python3.7/site-packages/airflow/example_dags/example_latest_only_with_trigger.py took 0.371 seconds
[2023-07-31 11:46:45,138] {processor.py:153} INFO - Started process (PID=111) to work on /home/airflow/.local/lib/python3.7/site-packages/airflow/example_dags/example_latest_only_with_trigger.py
[2023-07-31 11:46:45,139] {processor.py:641} INFO - Processing file /home/airflow/.local/lib/python3.7/site-packages/airflow/example_dags/example_latest_only_with_trigger.py for tasks to queue
[2023-07-31 11:46:45,139] {logging_mixin.py:115} INFO - [2023-07-31 11:46:45,139] {dagbag.py:507} INFO - Filling up the DagBag from /home/airflow/.local/lib/python3.7/site-packages/airflow/example_dags/example_latest_only_with_trigger.py
[2023-07-31 11:46:45,146] {processor.py:651} INFO - DAG(s) dict_keys(['latest_only_with_trigger']) retrieved from /home/airflow/.local/lib/python3.7/site-packages/airflow/example_dags/example_latest_only_with_trigger.py
[2023-07-31 11:46:45,170] {logging_mixin.py:115} INFO - [2023-07-31 11:46:45,170] {dag.py:2379} INFO - Sync 1 DAGs
[2023-07-31 11:46:45,309] {logging_mixin.py:115} INFO - [2023-07-31 11:46:45,308] {dag.py:2931} INFO - Setting next_dagrun for latest_only_with_trigger to 2023-07-31T07:46:45.308755+00:00, run_after=2023-07-31T11:46:45.308755+00:00
[2023-07-31 11:46:45,356] {processor.py:161} INFO - Processing /home/airflow/.local/lib/python3.7/site-packages/airflow/example_dags/example_latest_only_with_trigger.py took 0.222 seconds
[2023-07-31 11:47:15,945] {processor.py:153} INFO - Started process (PID=164) to work on /home/airflow/.local/lib/python3.7/site-packages/airflow/example_dags/example_latest_only_with_trigger.py
[2023-07-31 11:47:15,946] {processor.py:641} INFO - Processing file /home/airflow/.local/lib/python3.7/site-packages/airflow/example_dags/example_latest_only_with_trigger.py for tasks to queue
[2023-07-31 11:47:15,947] {logging_mixin.py:115} INFO - [2023-07-31 11:47:15,947] {dagbag.py:507} INFO - Filling up the DagBag from /home/airflow/.local/lib/python3.7/site-packages/airflow/example_dags/example_latest_only_with_trigger.py
[2023-07-31 11:47:15,956] {processor.py:651} INFO - DAG(s) dict_keys(['latest_only_with_trigger']) retrieved from /home/airflow/.local/lib/python3.7/site-packages/airflow/example_dags/example_latest_only_with_trigger.py
[2023-07-31 11:47:15,983] {logging_mixin.py:115} INFO - [2023-07-31 11:47:15,983] {dag.py:2379} INFO - Sync 1 DAGs
[2023-07-31 11:47:16,092] {logging_mixin.py:115} INFO - [2023-07-31 11:47:16,092] {dag.py:2931} INFO - Setting next_dagrun for latest_only_with_trigger to 2023-07-31T07:47:16.091937+00:00, run_after=2023-07-31T11:47:16.091937+00:00
[2023-07-31 11:47:16,122] {processor.py:161} INFO - Processing /home/airflow/.local/lib/python3.7/site-packages/airflow/example_dags/example_latest_only_with_trigger.py took 0.182 seconds
[2023-07-31 11:47:46,487] {processor.py:153} INFO - Started process (PID=225) to work on /home/airflow/.local/lib/python3.7/site-packages/airflow/example_dags/example_latest_only_with_trigger.py
[2023-07-31 11:47:46,488] {processor.py:641} INFO - Processing file /home/airflow/.local/lib/python3.7/site-packages/airflow/example_dags/example_latest_only_with_trigger.py for tasks to queue
[2023-07-31 11:47:46,488] {logging_mixin.py:115} INFO - [2023-07-31 11:47:46,488] {dagbag.py:507} INFO - Filling up the DagBag from /home/airflow/.local/lib/python3.7/site-packages/airflow/example_dags/example_latest_only_with_trigger.py
[2023-07-31 11:47:46,493] {processor.py:651} INFO - DAG(s) dict_keys(['latest_only_with_trigger']) retrieved from /home/airflow/.local/lib/python3.7/site-packages/airflow/example_dags/example_latest_only_with_trigger.py
[2023-07-31 11:47:46,515] {logging_mixin.py:115} INFO - [2023-07-31 11:47:46,515] {dag.py:2379} INFO - Sync 1 DAGs
[2023-07-31 11:47:46,632] {logging_mixin.py:115} INFO - [2023-07-31 11:47:46,632] {dag.py:2931} INFO - Setting next_dagrun for latest_only_with_trigger to 2023-07-31T07:47:46.631961+00:00, run_after=2023-07-31T11:47:46.631961+00:00
[2023-07-31 11:47:46,655] {processor.py:161} INFO - Processing /home/airflow/.local/lib/python3.7/site-packages/airflow/example_dags/example_latest_only_with_trigger.py took 0.170 seconds
[2023-07-31 11:48:18,134] {processor.py:153} INFO - Started process (PID=277) to work on /home/airflow/.local/lib/python3.7/site-packages/airflow/example_dags/example_latest_only_with_trigger.py
[2023-07-31 11:48:18,158] {processor.py:641} INFO - Processing file /home/airflow/.local/lib/python3.7/site-packages/airflow/example_dags/example_latest_only_with_trigger.py for tasks to queue
[2023-07-31 11:48:18,159] {logging_mixin.py:115} INFO - [2023-07-31 11:48:18,159] {dagbag.py:507} INFO - Filling up the DagBag from /home/airflow/.local/lib/python3.7/site-packages/airflow/example_dags/example_latest_only_with_trigger.py
[2023-07-31 11:48:18,168] {processor.py:651} INFO - DAG(s) dict_keys(['latest_only_with_trigger']) retrieved from /home/airflow/.local/lib/python3.7/site-packages/airflow/example_dags/example_latest_only_with_trigger.py
[2023-07-31 11:48:18,191] {logging_mixin.py:115} INFO - [2023-07-31 11:48:18,190] {dag.py:2379} INFO - Sync 1 DAGs
[2023-07-31 11:48:18,323] {logging_mixin.py:115} INFO - [2023-07-31 11:48:18,323] {dag.py:2931} INFO - Setting next_dagrun for latest_only_with_trigger to 2023-07-31T07:48:18.322959+00:00, run_after=2023-07-31T11:48:18.322959+00:00
[2023-07-31 11:48:18,349] {processor.py:161} INFO - Processing /home/airflow/.local/lib/python3.7/site-packages/airflow/example_dags/example_latest_only_with_trigger.py took 0.218 seconds
[2023-07-31 11:48:49,324] {processor.py:153} INFO - Started process (PID=337) to work on /home/airflow/.local/lib/python3.7/site-packages/airflow/example_dags/example_latest_only_with_trigger.py
[2023-07-31 11:48:49,350] {processor.py:641} INFO - Processing file /home/airflow/.local/lib/python3.7/site-packages/airflow/example_dags/example_latest_only_with_trigger.py for tasks to queue
[2023-07-31 11:48:49,351] {logging_mixin.py:115} INFO - [2023-07-31 11:48:49,351] {dagbag.py:507} INFO - Filling up the DagBag from /home/airflow/.local/lib/python3.7/site-packages/airflow/example_dags/example_latest_only_with_trigger.py
[2023-07-31 11:48:49,363] {processor.py:651} INFO - DAG(s) dict_keys(['latest_only_with_trigger']) retrieved from /home/airflow/.local/lib/python3.7/site-packages/airflow/example_dags/example_latest_only_with_trigger.py
[2023-07-31 11:48:49,389] {logging_mixin.py:115} INFO - [2023-07-31 11:48:49,389] {dag.py:2379} INFO - Sync 1 DAGs
[2023-07-31 11:48:49,509] {logging_mixin.py:115} INFO - [2023-07-31 11:48:49,509] {dag.py:2931} INFO - Setting next_dagrun for latest_only_with_trigger to 2023-07-31T07:48:49.509046+00:00, run_after=2023-07-31T11:48:49.509046+00:00
[2023-07-31 11:48:49,563] {processor.py:161} INFO - Processing /home/airflow/.local/lib/python3.7/site-packages/airflow/example_dags/example_latest_only_with_trigger.py took 0.241 seconds
[2023-07-31 11:49:20,555] {processor.py:153} INFO - Started process (PID=398) to work on /home/airflow/.local/lib/python3.7/site-packages/airflow/example_dags/example_latest_only_with_trigger.py
[2023-07-31 11:49:20,567] {processor.py:641} INFO - Processing file /home/airflow/.local/lib/python3.7/site-packages/airflow/example_dags/example_latest_only_with_trigger.py for tasks to queue
[2023-07-31 11:49:20,567] {logging_mixin.py:115} INFO - [2023-07-31 11:49:20,567] {dagbag.py:507} INFO - Filling up the DagBag from /home/airflow/.local/lib/python3.7/site-packages/airflow/example_dags/example_latest_only_with_trigger.py
[2023-07-31 11:49:20,572] {processor.py:651} INFO - DAG(s) dict_keys(['latest_only_with_trigger']) retrieved from /home/airflow/.local/lib/python3.7/site-packages/airflow/example_dags/example_latest_only_with_trigger.py
[2023-07-31 11:49:20,591] {logging_mixin.py:115} INFO - [2023-07-31 11:49:20,591] {dag.py:2379} INFO - Sync 1 DAGs
[2023-07-31 11:49:20,691] {logging_mixin.py:115} INFO - [2023-07-31 11:49:20,691] {dag.py:2931} INFO - Setting next_dagrun for latest_only_with_trigger to 2023-07-31T07:49:20.691034+00:00, run_after=2023-07-31T11:49:20.691034+00:00
[2023-07-31 11:49:20,712] {processor.py:161} INFO - Processing /home/airflow/.local/lib/python3.7/site-packages/airflow/example_dags/example_latest_only_with_trigger.py took 0.160 seconds
[2023-07-31 11:49:51,132] {processor.py:153} INFO - Started process (PID=450) to work on /home/airflow/.local/lib/python3.7/site-packages/airflow/example_dags/example_latest_only_with_trigger.py
[2023-07-31 11:49:51,133] {processor.py:641} INFO - Processing file /home/airflow/.local/lib/python3.7/site-packages/airflow/example_dags/example_latest_only_with_trigger.py for tasks to queue
[2023-07-31 11:49:51,133] {logging_mixin.py:115} INFO - [2023-07-31 11:49:51,133] {dagbag.py:507} INFO - Filling up the DagBag from /home/airflow/.local/lib/python3.7/site-packages/airflow/example_dags/example_latest_only_with_trigger.py
[2023-07-31 11:49:51,141] {processor.py:651} INFO - DAG(s) dict_keys(['latest_only_with_trigger']) retrieved from /home/airflow/.local/lib/python3.7/site-packages/airflow/example_dags/example_latest_only_with_trigger.py
[2023-07-31 11:49:51,167] {logging_mixin.py:115} INFO - [2023-07-31 11:49:51,167] {dag.py:2379} INFO - Sync 1 DAGs
[2023-07-31 11:49:51,286] {logging_mixin.py:115} INFO - [2023-07-31 11:49:51,286] {dag.py:2931} INFO - Setting next_dagrun for latest_only_with_trigger to 2023-07-31T07:49:51.286564+00:00, run_after=2023-07-31T11:49:51.286564+00:00
[2023-07-31 11:49:51,324] {processor.py:161} INFO - Processing /home/airflow/.local/lib/python3.7/site-packages/airflow/example_dags/example_latest_only_with_trigger.py took 0.196 seconds
[2023-07-31 11:50:22,844] {processor.py:153} INFO - Started process (PID=511) to work on /home/airflow/.local/lib/python3.7/site-packages/airflow/example_dags/example_latest_only_with_trigger.py
[2023-07-31 11:50:22,864] {processor.py:641} INFO - Processing file /home/airflow/.local/lib/python3.7/site-packages/airflow/example_dags/example_latest_only_with_trigger.py for tasks to queue
[2023-07-31 11:50:22,865] {logging_mixin.py:115} INFO - [2023-07-31 11:50:22,865] {dagbag.py:507} INFO - Filling up the DagBag from /home/airflow/.local/lib/python3.7/site-packages/airflow/example_dags/example_latest_only_with_trigger.py
[2023-07-31 11:50:22,869] {processor.py:651} INFO - DAG(s) dict_keys(['latest_only_with_trigger']) retrieved from /home/airflow/.local/lib/python3.7/site-packages/airflow/example_dags/example_latest_only_with_trigger.py
[2023-07-31 11:50:22,889] {logging_mixin.py:115} INFO - [2023-07-31 11:50:22,888] {dag.py:2379} INFO - Sync 1 DAGs
[2023-07-31 11:50:23,032] {logging_mixin.py:115} INFO - [2023-07-31 11:50:23,032] {dag.py:2931} INFO - Setting next_dagrun for latest_only_with_trigger to 2023-07-31T07:50:23.031949+00:00, run_after=2023-07-31T11:50:23.031949+00:00
[2023-07-31 11:50:23,057] {processor.py:161} INFO - Processing /home/airflow/.local/lib/python3.7/site-packages/airflow/example_dags/example_latest_only_with_trigger.py took 0.215 seconds
[2023-07-31 11:50:54,099] {processor.py:153} INFO - Started process (PID=572) to work on /home/airflow/.local/lib/python3.7/site-packages/airflow/example_dags/example_latest_only_with_trigger.py
[2023-07-31 11:50:54,100] {processor.py:641} INFO - Processing file /home/airflow/.local/lib/python3.7/site-packages/airflow/example_dags/example_latest_only_with_trigger.py for tasks to queue
[2023-07-31 11:50:54,100] {logging_mixin.py:115} INFO - [2023-07-31 11:50:54,100] {dagbag.py:507} INFO - Filling up the DagBag from /home/airflow/.local/lib/python3.7/site-packages/airflow/example_dags/example_latest_only_with_trigger.py
[2023-07-31 11:50:54,105] {processor.py:651} INFO - DAG(s) dict_keys(['latest_only_with_trigger']) retrieved from /home/airflow/.local/lib/python3.7/site-packages/airflow/example_dags/example_latest_only_with_trigger.py
[2023-07-31 11:50:54,127] {logging_mixin.py:115} INFO - [2023-07-31 11:50:54,126] {dag.py:2379} INFO - Sync 1 DAGs
[2023-07-31 11:50:54,244] {logging_mixin.py:115} INFO - [2023-07-31 11:50:54,244] {dag.py:2931} INFO - Setting next_dagrun for latest_only_with_trigger to 2023-07-31T07:50:54.244258+00:00, run_after=2023-07-31T11:50:54.244258+00:00
[2023-07-31 11:50:54,279] {processor.py:161} INFO - Processing /home/airflow/.local/lib/python3.7/site-packages/airflow/example_dags/example_latest_only_with_trigger.py took 0.182 seconds
[2023-07-31 11:51:24,953] {processor.py:153} INFO - Started process (PID=624) to work on /home/airflow/.local/lib/python3.7/site-packages/airflow/example_dags/example_latest_only_with_trigger.py
[2023-07-31 11:51:24,963] {processor.py:641} INFO - Processing file /home/airflow/.local/lib/python3.7/site-packages/airflow/example_dags/example_latest_only_with_trigger.py for tasks to queue
[2023-07-31 11:51:24,964] {logging_mixin.py:115} INFO - [2023-07-31 11:51:24,964] {dagbag.py:507} INFO - Filling up the DagBag from /home/airflow/.local/lib/python3.7/site-packages/airflow/example_dags/example_latest_only_with_trigger.py
[2023-07-31 11:51:24,974] {processor.py:651} INFO - DAG(s) dict_keys(['latest_only_with_trigger']) retrieved from /home/airflow/.local/lib/python3.7/site-packages/airflow/example_dags/example_latest_only_with_trigger.py
[2023-07-31 11:51:25,001] {logging_mixin.py:115} INFO - [2023-07-31 11:51:25,001] {dag.py:2379} INFO - Sync 1 DAGs
[2023-07-31 11:51:25,113] {logging_mixin.py:115} INFO - [2023-07-31 11:51:25,113] {dag.py:2931} INFO - Setting next_dagrun for latest_only_with_trigger to 2023-07-31T07:51:25.113127+00:00, run_after=2023-07-31T11:51:25.113127+00:00
[2023-07-31 11:51:25,133] {processor.py:161} INFO - Processing /home/airflow/.local/lib/python3.7/site-packages/airflow/example_dags/example_latest_only_with_trigger.py took 0.182 seconds
[2023-07-31 11:51:56,139] {processor.py:153} INFO - Started process (PID=685) to work on /home/airflow/.local/lib/python3.7/site-packages/airflow/example_dags/example_latest_only_with_trigger.py
[2023-07-31 11:51:56,146] {processor.py:641} INFO - Processing file /home/airflow/.local/lib/python3.7/site-packages/airflow/example_dags/example_latest_only_with_trigger.py for tasks to queue
[2023-07-31 11:51:56,147] {logging_mixin.py:115} INFO - [2023-07-31 11:51:56,147] {dagbag.py:507} INFO - Filling up the DagBag from /home/airflow/.local/lib/python3.7/site-packages/airflow/example_dags/example_latest_only_with_trigger.py
[2023-07-31 11:51:56,151] {processor.py:651} INFO - DAG(s) dict_keys(['latest_only_with_trigger']) retrieved from /home/airflow/.local/lib/python3.7/site-packages/airflow/example_dags/example_latest_only_with_trigger.py
[2023-07-31 11:51:56,180] {logging_mixin.py:115} INFO - [2023-07-31 11:51:56,180] {dag.py:2379} INFO - Sync 1 DAGs
[2023-07-31 11:51:56,299] {logging_mixin.py:115} INFO - [2023-07-31 11:51:56,299] {dag.py:2931} INFO - Setting next_dagrun for latest_only_with_trigger to 2023-07-31T07:51:56.299416+00:00, run_after=2023-07-31T11:51:56.299416+00:00
[2023-07-31 11:51:56,341] {processor.py:161} INFO - Processing /home/airflow/.local/lib/python3.7/site-packages/airflow/example_dags/example_latest_only_with_trigger.py took 0.204 seconds
[2023-07-31 11:52:27,174] {processor.py:153} INFO - Started process (PID=737) to work on /home/airflow/.local/lib/python3.7/site-packages/airflow/example_dags/example_latest_only_with_trigger.py
[2023-07-31 11:52:27,182] {processor.py:641} INFO - Processing file /home/airflow/.local/lib/python3.7/site-packages/airflow/example_dags/example_latest_only_with_trigger.py for tasks to queue
[2023-07-31 11:52:27,183] {logging_mixin.py:115} INFO - [2023-07-31 11:52:27,183] {dagbag.py:507} INFO - Filling up the DagBag from /home/airflow/.local/lib/python3.7/site-packages/airflow/example_dags/example_latest_only_with_trigger.py
[2023-07-31 11:52:27,187] {processor.py:651} INFO - DAG(s) dict_keys(['latest_only_with_trigger']) retrieved from /home/airflow/.local/lib/python3.7/site-packages/airflow/example_dags/example_latest_only_with_trigger.py
[2023-07-31 11:52:28,315] {logging_mixin.py:115} INFO - [2023-07-31 11:52:28,315] {process_utils.py:240} INFO - Waiting up to 5 seconds for processes to exit...
