[2023-07-31 11:46:17,336] {processor.py:153} INFO - Started process (PID=62) to work on /home/airflow/.local/lib/python3.7/site-packages/airflow/example_dags/example_branch_operator_decorator.py
[2023-07-31 11:46:17,336] {processor.py:641} INFO - Processing file /home/airflow/.local/lib/python3.7/site-packages/airflow/example_dags/example_branch_operator_decorator.py for tasks to queue
[2023-07-31 11:46:17,336] {logging_mixin.py:115} INFO - [2023-07-31 11:46:17,336] {dagbag.py:507} INFO - Filling up the DagBag from /home/airflow/.local/lib/python3.7/site-packages/airflow/example_dags/example_branch_operator_decorator.py
[2023-07-31 11:46:17,352] {processor.py:651} INFO - DAG(s) dict_keys(['example_branch_python_operator_decorator']) retrieved from /home/airflow/.local/lib/python3.7/site-packages/airflow/example_dags/example_branch_operator_decorator.py
[2023-07-31 11:46:17,547] {logging_mixin.py:115} INFO - [2023-07-31 11:46:17,547] {manager.py:508} INFO - Created Permission View: can read on DAG:example_branch_python_operator_decorator
[2023-07-31 11:46:17,572] {logging_mixin.py:115} INFO - [2023-07-31 11:46:17,572] {manager.py:508} INFO - Created Permission View: can edit on DAG:example_branch_python_operator_decorator
[2023-07-31 11:46:17,598] {logging_mixin.py:115} INFO - [2023-07-31 11:46:17,597] {manager.py:508} INFO - Created Permission View: can delete on DAG:example_branch_python_operator_decorator
[2023-07-31 11:46:17,598] {logging_mixin.py:115} INFO - [2023-07-31 11:46:17,598] {dag.py:2379} INFO - Sync 1 DAGs
[2023-07-31 11:46:17,604] {logging_mixin.py:115} INFO - [2023-07-31 11:46:17,604] {dag.py:2398} INFO - Creating ORM DAG for example_branch_python_operator_decorator
[2023-07-31 11:46:17,617] {logging_mixin.py:115} INFO - [2023-07-31 11:46:17,617] {dag.py:2931} INFO - Setting next_dagrun for example_branch_python_operator_decorator to 2023-07-30T00:00:00+00:00, run_after=2023-07-31T00:00:00+00:00
[2023-07-31 11:46:17,734] {processor.py:161} INFO - Processing /home/airflow/.local/lib/python3.7/site-packages/airflow/example_dags/example_branch_operator_decorator.py took 0.401 seconds
[2023-07-31 11:46:48,596] {processor.py:153} INFO - Started process (PID=122) to work on /home/airflow/.local/lib/python3.7/site-packages/airflow/example_dags/example_branch_operator_decorator.py
[2023-07-31 11:46:48,993] {processor.py:641} INFO - Processing file /home/airflow/.local/lib/python3.7/site-packages/airflow/example_dags/example_branch_operator_decorator.py for tasks to queue
[2023-07-31 11:46:48,994] {logging_mixin.py:115} INFO - [2023-07-31 11:46:48,994] {dagbag.py:507} INFO - Filling up the DagBag from /home/airflow/.local/lib/python3.7/site-packages/airflow/example_dags/example_branch_operator_decorator.py
[2023-07-31 11:46:49,017] {processor.py:651} INFO - DAG(s) dict_keys(['example_branch_python_operator_decorator']) retrieved from /home/airflow/.local/lib/python3.7/site-packages/airflow/example_dags/example_branch_operator_decorator.py
[2023-07-31 11:46:49,039] {logging_mixin.py:115} INFO - [2023-07-31 11:46:49,039] {dag.py:2379} INFO - Sync 1 DAGs
[2023-07-31 11:46:49,142] {logging_mixin.py:115} INFO - [2023-07-31 11:46:49,142] {dag.py:2931} INFO - Setting next_dagrun for example_branch_python_operator_decorator to 2023-07-30T00:00:00+00:00, run_after=2023-07-31T00:00:00+00:00
[2023-07-31 11:46:49,192] {processor.py:161} INFO - Processing /home/airflow/.local/lib/python3.7/site-packages/airflow/example_dags/example_branch_operator_decorator.py took 0.600 seconds
[2023-07-31 11:47:19,931] {processor.py:153} INFO - Started process (PID=184) to work on /home/airflow/.local/lib/python3.7/site-packages/airflow/example_dags/example_branch_operator_decorator.py
[2023-07-31 11:47:20,009] {processor.py:641} INFO - Processing file /home/airflow/.local/lib/python3.7/site-packages/airflow/example_dags/example_branch_operator_decorator.py for tasks to queue
[2023-07-31 11:47:20,009] {logging_mixin.py:115} INFO - [2023-07-31 11:47:20,009] {dagbag.py:507} INFO - Filling up the DagBag from /home/airflow/.local/lib/python3.7/site-packages/airflow/example_dags/example_branch_operator_decorator.py
[2023-07-31 11:47:20,026] {processor.py:651} INFO - DAG(s) dict_keys(['example_branch_python_operator_decorator']) retrieved from /home/airflow/.local/lib/python3.7/site-packages/airflow/example_dags/example_branch_operator_decorator.py
[2023-07-31 11:47:20,055] {logging_mixin.py:115} INFO - [2023-07-31 11:47:20,055] {dag.py:2379} INFO - Sync 1 DAGs
[2023-07-31 11:47:20,190] {logging_mixin.py:115} INFO - [2023-07-31 11:47:20,190] {dag.py:2931} INFO - Setting next_dagrun for example_branch_python_operator_decorator to 2023-07-30T00:00:00+00:00, run_after=2023-07-31T00:00:00+00:00
[2023-07-31 11:47:20,210] {processor.py:161} INFO - Processing /home/airflow/.local/lib/python3.7/site-packages/airflow/example_dags/example_branch_operator_decorator.py took 0.282 seconds
[2023-07-31 11:47:50,511] {processor.py:153} INFO - Started process (PID=236) to work on /home/airflow/.local/lib/python3.7/site-packages/airflow/example_dags/example_branch_operator_decorator.py
[2023-07-31 11:47:51,068] {processor.py:641} INFO - Processing file /home/airflow/.local/lib/python3.7/site-packages/airflow/example_dags/example_branch_operator_decorator.py for tasks to queue
[2023-07-31 11:47:51,070] {logging_mixin.py:115} INFO - [2023-07-31 11:47:51,069] {dagbag.py:507} INFO - Filling up the DagBag from /home/airflow/.local/lib/python3.7/site-packages/airflow/example_dags/example_branch_operator_decorator.py
[2023-07-31 11:47:51,101] {processor.py:651} INFO - DAG(s) dict_keys(['example_branch_python_operator_decorator']) retrieved from /home/airflow/.local/lib/python3.7/site-packages/airflow/example_dags/example_branch_operator_decorator.py
[2023-07-31 11:47:51,123] {logging_mixin.py:115} INFO - [2023-07-31 11:47:51,123] {dag.py:2379} INFO - Sync 1 DAGs
[2023-07-31 11:47:51,282] {logging_mixin.py:115} INFO - [2023-07-31 11:47:51,281] {dag.py:2931} INFO - Setting next_dagrun for example_branch_python_operator_decorator to 2023-07-30T00:00:00+00:00, run_after=2023-07-31T00:00:00+00:00
[2023-07-31 11:47:51,458] {processor.py:161} INFO - Processing /home/airflow/.local/lib/python3.7/site-packages/airflow/example_dags/example_branch_operator_decorator.py took 0.950 seconds
[2023-07-31 11:48:21,553] {processor.py:153} INFO - Started process (PID=296) to work on /home/airflow/.local/lib/python3.7/site-packages/airflow/example_dags/example_branch_operator_decorator.py
[2023-07-31 11:48:21,644] {processor.py:641} INFO - Processing file /home/airflow/.local/lib/python3.7/site-packages/airflow/example_dags/example_branch_operator_decorator.py for tasks to queue
[2023-07-31 11:48:21,644] {logging_mixin.py:115} INFO - [2023-07-31 11:48:21,644] {dagbag.py:507} INFO - Filling up the DagBag from /home/airflow/.local/lib/python3.7/site-packages/airflow/example_dags/example_branch_operator_decorator.py
[2023-07-31 11:48:21,660] {processor.py:651} INFO - DAG(s) dict_keys(['example_branch_python_operator_decorator']) retrieved from /home/airflow/.local/lib/python3.7/site-packages/airflow/example_dags/example_branch_operator_decorator.py
[2023-07-31 11:48:21,690] {logging_mixin.py:115} INFO - [2023-07-31 11:48:21,690] {dag.py:2379} INFO - Sync 1 DAGs
[2023-07-31 11:48:21,800] {logging_mixin.py:115} INFO - [2023-07-31 11:48:21,800] {dag.py:2931} INFO - Setting next_dagrun for example_branch_python_operator_decorator to 2023-07-30T00:00:00+00:00, run_after=2023-07-31T00:00:00+00:00
[2023-07-31 11:48:22,974] {processor.py:161} INFO - Processing /home/airflow/.local/lib/python3.7/site-packages/airflow/example_dags/example_branch_operator_decorator.py took 1.426 seconds
[2023-07-31 11:48:53,301] {processor.py:153} INFO - Started process (PID=348) to work on /home/airflow/.local/lib/python3.7/site-packages/airflow/example_dags/example_branch_operator_decorator.py
[2023-07-31 11:48:53,333] {processor.py:641} INFO - Processing file /home/airflow/.local/lib/python3.7/site-packages/airflow/example_dags/example_branch_operator_decorator.py for tasks to queue
[2023-07-31 11:48:53,334] {logging_mixin.py:115} INFO - [2023-07-31 11:48:53,334] {dagbag.py:507} INFO - Filling up the DagBag from /home/airflow/.local/lib/python3.7/site-packages/airflow/example_dags/example_branch_operator_decorator.py
[2023-07-31 11:48:53,359] {processor.py:651} INFO - DAG(s) dict_keys(['example_branch_python_operator_decorator']) retrieved from /home/airflow/.local/lib/python3.7/site-packages/airflow/example_dags/example_branch_operator_decorator.py
[2023-07-31 11:48:53,382] {logging_mixin.py:115} INFO - [2023-07-31 11:48:53,382] {dag.py:2379} INFO - Sync 1 DAGs
[2023-07-31 11:48:53,501] {logging_mixin.py:115} INFO - [2023-07-31 11:48:53,501] {dag.py:2931} INFO - Setting next_dagrun for example_branch_python_operator_decorator to 2023-07-30T00:00:00+00:00, run_after=2023-07-31T00:00:00+00:00
[2023-07-31 11:48:53,528] {processor.py:161} INFO - Processing /home/airflow/.local/lib/python3.7/site-packages/airflow/example_dags/example_branch_operator_decorator.py took 0.229 seconds
[2023-07-31 11:49:23,981] {processor.py:153} INFO - Started process (PID=409) to work on /home/airflow/.local/lib/python3.7/site-packages/airflow/example_dags/example_branch_operator_decorator.py
[2023-07-31 11:49:24,009] {processor.py:641} INFO - Processing file /home/airflow/.local/lib/python3.7/site-packages/airflow/example_dags/example_branch_operator_decorator.py for tasks to queue
[2023-07-31 11:49:24,010] {logging_mixin.py:115} INFO - [2023-07-31 11:49:24,010] {dagbag.py:507} INFO - Filling up the DagBag from /home/airflow/.local/lib/python3.7/site-packages/airflow/example_dags/example_branch_operator_decorator.py
[2023-07-31 11:49:24,025] {processor.py:651} INFO - DAG(s) dict_keys(['example_branch_python_operator_decorator']) retrieved from /home/airflow/.local/lib/python3.7/site-packages/airflow/example_dags/example_branch_operator_decorator.py
[2023-07-31 11:49:24,048] {logging_mixin.py:115} INFO - [2023-07-31 11:49:24,048] {dag.py:2379} INFO - Sync 1 DAGs
[2023-07-31 11:49:24,153] {logging_mixin.py:115} INFO - [2023-07-31 11:49:24,153] {dag.py:2931} INFO - Setting next_dagrun for example_branch_python_operator_decorator to 2023-07-30T00:00:00+00:00, run_after=2023-07-31T00:00:00+00:00
[2023-07-31 11:49:24,185] {processor.py:161} INFO - Processing /home/airflow/.local/lib/python3.7/site-packages/airflow/example_dags/example_branch_operator_decorator.py took 0.206 seconds
[2023-07-31 11:49:54,508] {processor.py:153} INFO - Started process (PID=461) to work on /home/airflow/.local/lib/python3.7/site-packages/airflow/example_dags/example_branch_operator_decorator.py
[2023-07-31 11:49:54,915] {processor.py:641} INFO - Processing file /home/airflow/.local/lib/python3.7/site-packages/airflow/example_dags/example_branch_operator_decorator.py for tasks to queue
[2023-07-31 11:49:54,916] {logging_mixin.py:115} INFO - [2023-07-31 11:49:54,916] {dagbag.py:507} INFO - Filling up the DagBag from /home/airflow/.local/lib/python3.7/site-packages/airflow/example_dags/example_branch_operator_decorator.py
[2023-07-31 11:49:54,942] {processor.py:651} INFO - DAG(s) dict_keys(['example_branch_python_operator_decorator']) retrieved from /home/airflow/.local/lib/python3.7/site-packages/airflow/example_dags/example_branch_operator_decorator.py
[2023-07-31 11:49:54,971] {logging_mixin.py:115} INFO - [2023-07-31 11:49:54,971] {dag.py:2379} INFO - Sync 1 DAGs
[2023-07-31 11:49:55,106] {logging_mixin.py:115} INFO - [2023-07-31 11:49:55,106] {dag.py:2931} INFO - Setting next_dagrun for example_branch_python_operator_decorator to 2023-07-30T00:00:00+00:00, run_after=2023-07-31T00:00:00+00:00
[2023-07-31 11:49:55,141] {processor.py:161} INFO - Processing /home/airflow/.local/lib/python3.7/site-packages/airflow/example_dags/example_branch_operator_decorator.py took 0.635 seconds
[2023-07-31 11:50:25,910] {processor.py:153} INFO - Started process (PID=522) to work on /home/airflow/.local/lib/python3.7/site-packages/airflow/example_dags/example_branch_operator_decorator.py
[2023-07-31 11:50:26,618] {processor.py:641} INFO - Processing file /home/airflow/.local/lib/python3.7/site-packages/airflow/example_dags/example_branch_operator_decorator.py for tasks to queue
[2023-07-31 11:50:26,618] {logging_mixin.py:115} INFO - [2023-07-31 11:50:26,618] {dagbag.py:507} INFO - Filling up the DagBag from /home/airflow/.local/lib/python3.7/site-packages/airflow/example_dags/example_branch_operator_decorator.py
[2023-07-31 11:50:26,641] {processor.py:651} INFO - DAG(s) dict_keys(['example_branch_python_operator_decorator']) retrieved from /home/airflow/.local/lib/python3.7/site-packages/airflow/example_dags/example_branch_operator_decorator.py
[2023-07-31 11:50:26,694] {logging_mixin.py:115} INFO - [2023-07-31 11:50:26,694] {dag.py:2379} INFO - Sync 1 DAGs
[2023-07-31 11:50:26,797] {logging_mixin.py:115} INFO - [2023-07-31 11:50:26,797] {dag.py:2931} INFO - Setting next_dagrun for example_branch_python_operator_decorator to 2023-07-30T00:00:00+00:00, run_after=2023-07-31T00:00:00+00:00
[2023-07-31 11:50:27,534] {processor.py:161} INFO - Processing /home/airflow/.local/lib/python3.7/site-packages/airflow/example_dags/example_branch_operator_decorator.py took 1.628 seconds
[2023-07-31 11:50:58,269] {processor.py:153} INFO - Started process (PID=583) to work on /home/airflow/.local/lib/python3.7/site-packages/airflow/example_dags/example_branch_operator_decorator.py
[2023-07-31 11:50:58,269] {processor.py:641} INFO - Processing file /home/airflow/.local/lib/python3.7/site-packages/airflow/example_dags/example_branch_operator_decorator.py for tasks to queue
[2023-07-31 11:50:58,270] {logging_mixin.py:115} INFO - [2023-07-31 11:50:58,270] {dagbag.py:507} INFO - Filling up the DagBag from /home/airflow/.local/lib/python3.7/site-packages/airflow/example_dags/example_branch_operator_decorator.py
[2023-07-31 11:50:58,285] {processor.py:651} INFO - DAG(s) dict_keys(['example_branch_python_operator_decorator']) retrieved from /home/airflow/.local/lib/python3.7/site-packages/airflow/example_dags/example_branch_operator_decorator.py
[2023-07-31 11:50:58,313] {logging_mixin.py:115} INFO - [2023-07-31 11:50:58,313] {dag.py:2379} INFO - Sync 1 DAGs
[2023-07-31 11:50:58,419] {logging_mixin.py:115} INFO - [2023-07-31 11:50:58,419] {dag.py:2931} INFO - Setting next_dagrun for example_branch_python_operator_decorator to 2023-07-30T00:00:00+00:00, run_after=2023-07-31T00:00:00+00:00
[2023-07-31 11:50:58,457] {processor.py:161} INFO - Processing /home/airflow/.local/lib/python3.7/site-packages/airflow/example_dags/example_branch_operator_decorator.py took 0.191 seconds
[2023-07-31 11:51:29,057] {processor.py:153} INFO - Started process (PID=635) to work on /home/airflow/.local/lib/python3.7/site-packages/airflow/example_dags/example_branch_operator_decorator.py
[2023-07-31 11:51:29,879] {processor.py:641} INFO - Processing file /home/airflow/.local/lib/python3.7/site-packages/airflow/example_dags/example_branch_operator_decorator.py for tasks to queue
[2023-07-31 11:51:29,880] {logging_mixin.py:115} INFO - [2023-07-31 11:51:29,880] {dagbag.py:507} INFO - Filling up the DagBag from /home/airflow/.local/lib/python3.7/site-packages/airflow/example_dags/example_branch_operator_decorator.py
[2023-07-31 11:51:29,900] {processor.py:651} INFO - DAG(s) dict_keys(['example_branch_python_operator_decorator']) retrieved from /home/airflow/.local/lib/python3.7/site-packages/airflow/example_dags/example_branch_operator_decorator.py
[2023-07-31 11:51:30,038] {logging_mixin.py:115} INFO - [2023-07-31 11:51:30,038] {dag.py:2379} INFO - Sync 1 DAGs
[2023-07-31 11:51:30,071] {logging_mixin.py:115} INFO - [2023-07-31 11:51:30,071] {dag.py:2931} INFO - Setting next_dagrun for example_branch_python_operator_decorator to 2023-07-30T00:00:00+00:00, run_after=2023-07-31T00:00:00+00:00
[2023-07-31 11:51:30,432] {processor.py:161} INFO - Processing /home/airflow/.local/lib/python3.7/site-packages/airflow/example_dags/example_branch_operator_decorator.py took 1.378 seconds
[2023-07-31 11:52:01,150] {processor.py:153} INFO - Started process (PID=696) to work on /home/airflow/.local/lib/python3.7/site-packages/airflow/example_dags/example_branch_operator_decorator.py
[2023-07-31 11:52:01,929] {processor.py:641} INFO - Processing file /home/airflow/.local/lib/python3.7/site-packages/airflow/example_dags/example_branch_operator_decorator.py for tasks to queue
[2023-07-31 11:52:01,930] {logging_mixin.py:115} INFO - [2023-07-31 11:52:01,930] {dagbag.py:507} INFO - Filling up the DagBag from /home/airflow/.local/lib/python3.7/site-packages/airflow/example_dags/example_branch_operator_decorator.py
[2023-07-31 11:52:01,952] {processor.py:651} INFO - DAG(s) dict_keys(['example_branch_python_operator_decorator']) retrieved from /home/airflow/.local/lib/python3.7/site-packages/airflow/example_dags/example_branch_operator_decorator.py
[2023-07-31 11:52:02,056] {logging_mixin.py:115} INFO - [2023-07-31 11:52:02,056] {dag.py:2379} INFO - Sync 1 DAGs
[2023-07-31 11:52:02,074] {logging_mixin.py:115} INFO - [2023-07-31 11:52:02,074] {dag.py:2931} INFO - Setting next_dagrun for example_branch_python_operator_decorator to 2023-07-30T00:00:00+00:00, run_after=2023-07-31T00:00:00+00:00
[2023-07-31 11:52:02,098] {processor.py:161} INFO - Processing /home/airflow/.local/lib/python3.7/site-packages/airflow/example_dags/example_branch_operator_decorator.py took 0.951 seconds
