[2023-07-31 11:46:21,380] {processor.py:153} INFO - Started process (PID=86) to work on /home/airflow/.local/lib/python3.7/site-packages/airflow/example_dags/example_branch_datetime_operator.py
[2023-07-31 11:46:21,380] {processor.py:641} INFO - Processing file /home/airflow/.local/lib/python3.7/site-packages/airflow/example_dags/example_branch_datetime_operator.py for tasks to queue
[2023-07-31 11:46:21,380] {logging_mixin.py:115} INFO - [2023-07-31 11:46:21,380] {dagbag.py:507} INFO - Filling up the DagBag from /home/airflow/.local/lib/python3.7/site-packages/airflow/example_dags/example_branch_datetime_operator.py
[2023-07-31 11:46:21,389] {processor.py:651} INFO - DAG(s) dict_keys(['example_branch_datetime_operator_2']) retrieved from /home/airflow/.local/lib/python3.7/site-packages/airflow/example_dags/example_branch_datetime_operator.py
[2023-07-31 11:46:21,692] {logging_mixin.py:115} INFO - [2023-07-31 11:46:21,692] {manager.py:508} INFO - Created Permission View: can read on DAG:example_branch_datetime_operator_2
[2023-07-31 11:46:21,722] {logging_mixin.py:115} INFO - [2023-07-31 11:46:21,722] {manager.py:508} INFO - Created Permission View: can edit on DAG:example_branch_datetime_operator_2
[2023-07-31 11:46:21,747] {logging_mixin.py:115} INFO - [2023-07-31 11:46:21,747] {manager.py:508} INFO - Created Permission View: can delete on DAG:example_branch_datetime_operator_2
[2023-07-31 11:46:21,747] {logging_mixin.py:115} INFO - [2023-07-31 11:46:21,747] {dag.py:2379} INFO - Sync 1 DAGs
[2023-07-31 11:46:21,757] {logging_mixin.py:115} INFO - [2023-07-31 11:46:21,757] {dag.py:2398} INFO - Creating ORM DAG for example_branch_datetime_operator_2
[2023-07-31 11:46:21,774] {logging_mixin.py:115} INFO - [2023-07-31 11:46:21,774] {dag.py:2931} INFO - Setting next_dagrun for example_branch_datetime_operator_2 to 2023-07-30T00:00:00+00:00, run_after=2023-07-31T00:00:00+00:00
[2023-07-31 11:46:21,809] {processor.py:161} INFO - Processing /home/airflow/.local/lib/python3.7/site-packages/airflow/example_dags/example_branch_datetime_operator.py took 0.432 seconds
[2023-07-31 11:46:53,026] {processor.py:153} INFO - Started process (PID=138) to work on /home/airflow/.local/lib/python3.7/site-packages/airflow/example_dags/example_branch_datetime_operator.py
[2023-07-31 11:46:53,027] {processor.py:641} INFO - Processing file /home/airflow/.local/lib/python3.7/site-packages/airflow/example_dags/example_branch_datetime_operator.py for tasks to queue
[2023-07-31 11:46:53,027] {logging_mixin.py:115} INFO - [2023-07-31 11:46:53,027] {dagbag.py:507} INFO - Filling up the DagBag from /home/airflow/.local/lib/python3.7/site-packages/airflow/example_dags/example_branch_datetime_operator.py
[2023-07-31 11:46:53,035] {processor.py:651} INFO - DAG(s) dict_keys(['example_branch_datetime_operator_2']) retrieved from /home/airflow/.local/lib/python3.7/site-packages/airflow/example_dags/example_branch_datetime_operator.py
[2023-07-31 11:46:53,060] {logging_mixin.py:115} INFO - [2023-07-31 11:46:53,060] {dag.py:2379} INFO - Sync 1 DAGs
[2023-07-31 11:46:53,171] {logging_mixin.py:115} INFO - [2023-07-31 11:46:53,171] {dag.py:2931} INFO - Setting next_dagrun for example_branch_datetime_operator_2 to 2023-07-30T00:00:00+00:00, run_after=2023-07-31T00:00:00+00:00
[2023-07-31 11:46:53,196] {processor.py:161} INFO - Processing /home/airflow/.local/lib/python3.7/site-packages/airflow/example_dags/example_branch_datetime_operator.py took 0.173 seconds
[2023-07-31 11:47:24,828] {processor.py:153} INFO - Started process (PID=200) to work on /home/airflow/.local/lib/python3.7/site-packages/airflow/example_dags/example_branch_datetime_operator.py
[2023-07-31 11:47:24,828] {processor.py:641} INFO - Processing file /home/airflow/.local/lib/python3.7/site-packages/airflow/example_dags/example_branch_datetime_operator.py for tasks to queue
[2023-07-31 11:47:24,829] {logging_mixin.py:115} INFO - [2023-07-31 11:47:24,829] {dagbag.py:507} INFO - Filling up the DagBag from /home/airflow/.local/lib/python3.7/site-packages/airflow/example_dags/example_branch_datetime_operator.py
[2023-07-31 11:47:24,834] {processor.py:651} INFO - DAG(s) dict_keys(['example_branch_datetime_operator_2']) retrieved from /home/airflow/.local/lib/python3.7/site-packages/airflow/example_dags/example_branch_datetime_operator.py
[2023-07-31 11:47:24,857] {logging_mixin.py:115} INFO - [2023-07-31 11:47:24,857] {dag.py:2379} INFO - Sync 1 DAGs
[2023-07-31 11:47:24,970] {logging_mixin.py:115} INFO - [2023-07-31 11:47:24,970] {dag.py:2931} INFO - Setting next_dagrun for example_branch_datetime_operator_2 to 2023-07-30T00:00:00+00:00, run_after=2023-07-31T00:00:00+00:00
[2023-07-31 11:47:24,988] {processor.py:161} INFO - Processing /home/airflow/.local/lib/python3.7/site-packages/airflow/example_dags/example_branch_datetime_operator.py took 0.163 seconds
[2023-07-31 11:47:56,902] {processor.py:153} INFO - Started process (PID=261) to work on /home/airflow/.local/lib/python3.7/site-packages/airflow/example_dags/example_branch_datetime_operator.py
[2023-07-31 11:47:56,947] {processor.py:641} INFO - Processing file /home/airflow/.local/lib/python3.7/site-packages/airflow/example_dags/example_branch_datetime_operator.py for tasks to queue
[2023-07-31 11:47:56,948] {logging_mixin.py:115} INFO - [2023-07-31 11:47:56,948] {dagbag.py:507} INFO - Filling up the DagBag from /home/airflow/.local/lib/python3.7/site-packages/airflow/example_dags/example_branch_datetime_operator.py
[2023-07-31 11:47:56,976] {processor.py:651} INFO - DAG(s) dict_keys(['example_branch_datetime_operator_2']) retrieved from /home/airflow/.local/lib/python3.7/site-packages/airflow/example_dags/example_branch_datetime_operator.py
[2023-07-31 11:47:57,042] {logging_mixin.py:115} INFO - [2023-07-31 11:47:57,042] {dag.py:2379} INFO - Sync 1 DAGs
[2023-07-31 11:47:57,160] {logging_mixin.py:115} INFO - [2023-07-31 11:47:57,160] {dag.py:2931} INFO - Setting next_dagrun for example_branch_datetime_operator_2 to 2023-07-30T00:00:00+00:00, run_after=2023-07-31T00:00:00+00:00
[2023-07-31 11:47:57,179] {processor.py:161} INFO - Processing /home/airflow/.local/lib/python3.7/site-packages/airflow/example_dags/example_branch_datetime_operator.py took 0.279 seconds
[2023-07-31 11:48:29,709] {processor.py:153} INFO - Started process (PID=313) to work on /home/airflow/.local/lib/python3.7/site-packages/airflow/example_dags/example_branch_datetime_operator.py
[2023-07-31 11:48:29,751] {processor.py:641} INFO - Processing file /home/airflow/.local/lib/python3.7/site-packages/airflow/example_dags/example_branch_datetime_operator.py for tasks to queue
[2023-07-31 11:48:29,915] {logging_mixin.py:115} INFO - [2023-07-31 11:48:29,915] {dagbag.py:507} INFO - Filling up the DagBag from /home/airflow/.local/lib/python3.7/site-packages/airflow/example_dags/example_branch_datetime_operator.py
[2023-07-31 11:48:29,936] {processor.py:651} INFO - DAG(s) dict_keys(['example_branch_datetime_operator_2']) retrieved from /home/airflow/.local/lib/python3.7/site-packages/airflow/example_dags/example_branch_datetime_operator.py
[2023-07-31 11:48:29,961] {logging_mixin.py:115} INFO - [2023-07-31 11:48:29,961] {dag.py:2379} INFO - Sync 1 DAGs
[2023-07-31 11:48:30,079] {logging_mixin.py:115} INFO - [2023-07-31 11:48:30,079] {dag.py:2931} INFO - Setting next_dagrun for example_branch_datetime_operator_2 to 2023-07-30T00:00:00+00:00, run_after=2023-07-31T00:00:00+00:00
[2023-07-31 11:48:30,347] {processor.py:161} INFO - Processing /home/airflow/.local/lib/python3.7/site-packages/airflow/example_dags/example_branch_datetime_operator.py took 0.642 seconds
[2023-07-31 11:49:00,449] {processor.py:153} INFO - Started process (PID=374) to work on /home/airflow/.local/lib/python3.7/site-packages/airflow/example_dags/example_branch_datetime_operator.py
[2023-07-31 11:49:00,450] {processor.py:641} INFO - Processing file /home/airflow/.local/lib/python3.7/site-packages/airflow/example_dags/example_branch_datetime_operator.py for tasks to queue
[2023-07-31 11:49:00,450] {logging_mixin.py:115} INFO - [2023-07-31 11:49:00,450] {dagbag.py:507} INFO - Filling up the DagBag from /home/airflow/.local/lib/python3.7/site-packages/airflow/example_dags/example_branch_datetime_operator.py
[2023-07-31 11:49:00,456] {processor.py:651} INFO - DAG(s) dict_keys(['example_branch_datetime_operator_2']) retrieved from /home/airflow/.local/lib/python3.7/site-packages/airflow/example_dags/example_branch_datetime_operator.py
[2023-07-31 11:49:00,479] {logging_mixin.py:115} INFO - [2023-07-31 11:49:00,479] {dag.py:2379} INFO - Sync 1 DAGs
[2023-07-31 11:49:00,590] {logging_mixin.py:115} INFO - [2023-07-31 11:49:00,590] {dag.py:2931} INFO - Setting next_dagrun for example_branch_datetime_operator_2 to 2023-07-30T00:00:00+00:00, run_after=2023-07-31T00:00:00+00:00
[2023-07-31 11:49:00,630] {processor.py:161} INFO - Processing /home/airflow/.local/lib/python3.7/site-packages/airflow/example_dags/example_branch_datetime_operator.py took 0.184 seconds
[2023-07-31 11:49:31,151] {processor.py:153} INFO - Started process (PID=431) to work on /home/airflow/.local/lib/python3.7/site-packages/airflow/example_dags/example_branch_datetime_operator.py
[2023-07-31 11:49:31,187] {processor.py:641} INFO - Processing file /home/airflow/.local/lib/python3.7/site-packages/airflow/example_dags/example_branch_datetime_operator.py for tasks to queue
[2023-07-31 11:49:31,188] {logging_mixin.py:115} INFO - [2023-07-31 11:49:31,188] {dagbag.py:507} INFO - Filling up the DagBag from /home/airflow/.local/lib/python3.7/site-packages/airflow/example_dags/example_branch_datetime_operator.py
[2023-07-31 11:49:31,195] {processor.py:651} INFO - DAG(s) dict_keys(['example_branch_datetime_operator_2']) retrieved from /home/airflow/.local/lib/python3.7/site-packages/airflow/example_dags/example_branch_datetime_operator.py
[2023-07-31 11:49:31,214] {logging_mixin.py:115} INFO - [2023-07-31 11:49:31,214] {dag.py:2379} INFO - Sync 1 DAGs
[2023-07-31 11:49:31,337] {logging_mixin.py:115} INFO - [2023-07-31 11:49:31,337] {dag.py:2931} INFO - Setting next_dagrun for example_branch_datetime_operator_2 to 2023-07-30T00:00:00+00:00, run_after=2023-07-31T00:00:00+00:00
[2023-07-31 11:49:31,512] {processor.py:161} INFO - Processing /home/airflow/.local/lib/python3.7/site-packages/airflow/example_dags/example_branch_datetime_operator.py took 0.365 seconds
[2023-07-31 11:50:02,402] {processor.py:153} INFO - Started process (PID=486) to work on /home/airflow/.local/lib/python3.7/site-packages/airflow/example_dags/example_branch_datetime_operator.py
[2023-07-31 11:50:02,402] {processor.py:641} INFO - Processing file /home/airflow/.local/lib/python3.7/site-packages/airflow/example_dags/example_branch_datetime_operator.py for tasks to queue
[2023-07-31 11:50:02,403] {logging_mixin.py:115} INFO - [2023-07-31 11:50:02,403] {dagbag.py:507} INFO - Filling up the DagBag from /home/airflow/.local/lib/python3.7/site-packages/airflow/example_dags/example_branch_datetime_operator.py
[2023-07-31 11:50:02,408] {processor.py:651} INFO - DAG(s) dict_keys(['example_branch_datetime_operator_2']) retrieved from /home/airflow/.local/lib/python3.7/site-packages/airflow/example_dags/example_branch_datetime_operator.py
[2023-07-31 11:50:02,427] {logging_mixin.py:115} INFO - [2023-07-31 11:50:02,427] {dag.py:2379} INFO - Sync 1 DAGs
[2023-07-31 11:50:02,533] {logging_mixin.py:115} INFO - [2023-07-31 11:50:02,533] {dag.py:2931} INFO - Setting next_dagrun for example_branch_datetime_operator_2 to 2023-07-30T00:00:00+00:00, run_after=2023-07-31T00:00:00+00:00
[2023-07-31 11:50:02,560] {processor.py:161} INFO - Processing /home/airflow/.local/lib/python3.7/site-packages/airflow/example_dags/example_branch_datetime_operator.py took 0.161 seconds
[2023-07-31 11:50:33,613] {processor.py:153} INFO - Started process (PID=547) to work on /home/airflow/.local/lib/python3.7/site-packages/airflow/example_dags/example_branch_datetime_operator.py
[2023-07-31 11:50:33,613] {processor.py:641} INFO - Processing file /home/airflow/.local/lib/python3.7/site-packages/airflow/example_dags/example_branch_datetime_operator.py for tasks to queue
[2023-07-31 11:50:33,613] {logging_mixin.py:115} INFO - [2023-07-31 11:50:33,613] {dagbag.py:507} INFO - Filling up the DagBag from /home/airflow/.local/lib/python3.7/site-packages/airflow/example_dags/example_branch_datetime_operator.py
[2023-07-31 11:50:33,621] {processor.py:651} INFO - DAG(s) dict_keys(['example_branch_datetime_operator_2']) retrieved from /home/airflow/.local/lib/python3.7/site-packages/airflow/example_dags/example_branch_datetime_operator.py
[2023-07-31 11:50:33,647] {logging_mixin.py:115} INFO - [2023-07-31 11:50:33,647] {dag.py:2379} INFO - Sync 1 DAGs
[2023-07-31 11:50:33,783] {logging_mixin.py:115} INFO - [2023-07-31 11:50:33,782] {dag.py:2931} INFO - Setting next_dagrun for example_branch_datetime_operator_2 to 2023-07-30T00:00:00+00:00, run_after=2023-07-31T00:00:00+00:00
[2023-07-31 11:50:34,334] {processor.py:161} INFO - Processing /home/airflow/.local/lib/python3.7/site-packages/airflow/example_dags/example_branch_datetime_operator.py took 0.725 seconds
[2023-07-31 11:51:04,421] {processor.py:153} INFO - Started process (PID=601) to work on /home/airflow/.local/lib/python3.7/site-packages/airflow/example_dags/example_branch_datetime_operator.py
[2023-07-31 11:51:04,421] {processor.py:641} INFO - Processing file /home/airflow/.local/lib/python3.7/site-packages/airflow/example_dags/example_branch_datetime_operator.py for tasks to queue
[2023-07-31 11:51:04,422] {logging_mixin.py:115} INFO - [2023-07-31 11:51:04,422] {dagbag.py:507} INFO - Filling up the DagBag from /home/airflow/.local/lib/python3.7/site-packages/airflow/example_dags/example_branch_datetime_operator.py
[2023-07-31 11:51:04,427] {processor.py:651} INFO - DAG(s) dict_keys(['example_branch_datetime_operator_2']) retrieved from /home/airflow/.local/lib/python3.7/site-packages/airflow/example_dags/example_branch_datetime_operator.py
[2023-07-31 11:51:04,448] {logging_mixin.py:115} INFO - [2023-07-31 11:51:04,448] {dag.py:2379} INFO - Sync 1 DAGs
[2023-07-31 11:51:04,555] {logging_mixin.py:115} INFO - [2023-07-31 11:51:04,555] {dag.py:2931} INFO - Setting next_dagrun for example_branch_datetime_operator_2 to 2023-07-30T00:00:00+00:00, run_after=2023-07-31T00:00:00+00:00
[2023-07-31 11:51:05,019] {processor.py:161} INFO - Processing /home/airflow/.local/lib/python3.7/site-packages/airflow/example_dags/example_branch_datetime_operator.py took 0.601 seconds
[2023-07-31 11:51:35,330] {processor.py:153} INFO - Started process (PID=660) to work on /home/airflow/.local/lib/python3.7/site-packages/airflow/example_dags/example_branch_datetime_operator.py
[2023-07-31 11:51:35,340] {processor.py:641} INFO - Processing file /home/airflow/.local/lib/python3.7/site-packages/airflow/example_dags/example_branch_datetime_operator.py for tasks to queue
[2023-07-31 11:51:35,340] {logging_mixin.py:115} INFO - [2023-07-31 11:51:35,340] {dagbag.py:507} INFO - Filling up the DagBag from /home/airflow/.local/lib/python3.7/site-packages/airflow/example_dags/example_branch_datetime_operator.py
[2023-07-31 11:51:35,346] {processor.py:651} INFO - DAG(s) dict_keys(['example_branch_datetime_operator_2']) retrieved from /home/airflow/.local/lib/python3.7/site-packages/airflow/example_dags/example_branch_datetime_operator.py
[2023-07-31 11:51:35,367] {logging_mixin.py:115} INFO - [2023-07-31 11:51:35,367] {dag.py:2379} INFO - Sync 1 DAGs
[2023-07-31 11:51:35,475] {logging_mixin.py:115} INFO - [2023-07-31 11:51:35,475] {dag.py:2931} INFO - Setting next_dagrun for example_branch_datetime_operator_2 to 2023-07-30T00:00:00+00:00, run_after=2023-07-31T00:00:00+00:00
[2023-07-31 11:51:35,505] {processor.py:161} INFO - Processing /home/airflow/.local/lib/python3.7/site-packages/airflow/example_dags/example_branch_datetime_operator.py took 0.178 seconds
[2023-07-31 11:52:06,161] {processor.py:153} INFO - Started process (PID=722) to work on /home/airflow/.local/lib/python3.7/site-packages/airflow/example_dags/example_branch_datetime_operator.py
[2023-07-31 11:52:06,162] {processor.py:641} INFO - Processing file /home/airflow/.local/lib/python3.7/site-packages/airflow/example_dags/example_branch_datetime_operator.py for tasks to queue
[2023-07-31 11:52:06,162] {logging_mixin.py:115} INFO - [2023-07-31 11:52:06,162] {dagbag.py:507} INFO - Filling up the DagBag from /home/airflow/.local/lib/python3.7/site-packages/airflow/example_dags/example_branch_datetime_operator.py
[2023-07-31 11:52:06,168] {processor.py:651} INFO - DAG(s) dict_keys(['example_branch_datetime_operator_2']) retrieved from /home/airflow/.local/lib/python3.7/site-packages/airflow/example_dags/example_branch_datetime_operator.py
[2023-07-31 11:52:06,187] {logging_mixin.py:115} INFO - [2023-07-31 11:52:06,187] {dag.py:2379} INFO - Sync 1 DAGs
[2023-07-31 11:52:06,286] {logging_mixin.py:115} INFO - [2023-07-31 11:52:06,286] {dag.py:2931} INFO - Setting next_dagrun for example_branch_datetime_operator_2 to 2023-07-30T00:00:00+00:00, run_after=2023-07-31T00:00:00+00:00
[2023-07-31 11:52:06,304] {processor.py:161} INFO - Processing /home/airflow/.local/lib/python3.7/site-packages/airflow/example_dags/example_branch_datetime_operator.py took 0.145 seconds
