[2023-07-31 11:46:15,987] {processor.py:153} INFO - Started process (PID=58) to work on /home/airflow/.local/lib/python3.7/site-packages/airflow/example_dags/example_sla_dag.py
[2023-07-31 11:46:15,987] {processor.py:641} INFO - Processing file /home/airflow/.local/lib/python3.7/site-packages/airflow/example_dags/example_sla_dag.py for tasks to queue
[2023-07-31 11:46:15,988] {logging_mixin.py:115} INFO - [2023-07-31 11:46:15,988] {dagbag.py:507} INFO - Filling up the DagBag from /home/airflow/.local/lib/python3.7/site-packages/airflow/example_dags/example_sla_dag.py
[2023-07-31 11:46:16,000] {processor.py:651} INFO - DAG(s) dict_keys(['example_sla_dag']) retrieved from /home/airflow/.local/lib/python3.7/site-packages/airflow/example_dags/example_sla_dag.py
[2023-07-31 11:46:16,182] {logging_mixin.py:115} INFO - [2023-07-31 11:46:16,182] {manager.py:508} INFO - Created Permission View: can read on DAG:example_sla_dag
[2023-07-31 11:46:16,203] {logging_mixin.py:115} INFO - [2023-07-31 11:46:16,203] {manager.py:508} INFO - Created Permission View: can edit on DAG:example_sla_dag
[2023-07-31 11:46:16,240] {logging_mixin.py:115} INFO - [2023-07-31 11:46:16,240] {manager.py:508} INFO - Created Permission View: can delete on DAG:example_sla_dag
[2023-07-31 11:46:16,240] {logging_mixin.py:115} INFO - [2023-07-31 11:46:16,240] {dag.py:2379} INFO - Sync 1 DAGs
[2023-07-31 11:46:16,246] {logging_mixin.py:115} INFO - [2023-07-31 11:46:16,246] {dag.py:2398} INFO - Creating ORM DAG for example_sla_dag
[2023-07-31 11:46:16,257] {logging_mixin.py:115} INFO - [2023-07-31 11:46:16,257] {dag.py:2931} INFO - Setting next_dagrun for example_sla_dag to 2023-07-31T11:44:00+00:00, run_after=2023-07-31T11:46:00+00:00
[2023-07-31 11:46:16,288] {processor.py:161} INFO - Processing /home/airflow/.local/lib/python3.7/site-packages/airflow/example_dags/example_sla_dag.py took 0.303 seconds
[2023-07-31 11:46:47,236] {processor.py:153} INFO - Started process (PID=118) to work on /home/airflow/.local/lib/python3.7/site-packages/airflow/example_dags/example_sla_dag.py
[2023-07-31 11:46:47,237] {processor.py:641} INFO - Processing file /home/airflow/.local/lib/python3.7/site-packages/airflow/example_dags/example_sla_dag.py for tasks to queue
[2023-07-31 11:46:47,238] {logging_mixin.py:115} INFO - [2023-07-31 11:46:47,238] {dagbag.py:507} INFO - Filling up the DagBag from /home/airflow/.local/lib/python3.7/site-packages/airflow/example_dags/example_sla_dag.py
[2023-07-31 11:46:47,255] {processor.py:651} INFO - DAG(s) dict_keys(['example_sla_dag']) retrieved from /home/airflow/.local/lib/python3.7/site-packages/airflow/example_dags/example_sla_dag.py
[2023-07-31 11:46:47,274] {logging_mixin.py:115} INFO - [2023-07-31 11:46:47,274] {dag.py:2379} INFO - Sync 1 DAGs
[2023-07-31 11:46:47,370] {logging_mixin.py:115} INFO - [2023-07-31 11:46:47,370] {dag.py:2931} INFO - Setting next_dagrun for example_sla_dag to 2023-07-31T11:44:00+00:00, run_after=2023-07-31T11:46:00+00:00
[2023-07-31 11:46:47,400] {processor.py:161} INFO - Processing /home/airflow/.local/lib/python3.7/site-packages/airflow/example_dags/example_sla_dag.py took 0.168 seconds
[2023-07-31 11:47:17,542] {processor.py:153} INFO - Started process (PID=171) to work on /home/airflow/.local/lib/python3.7/site-packages/airflow/example_dags/example_sla_dag.py
[2023-07-31 11:47:17,543] {processor.py:641} INFO - Processing file /home/airflow/.local/lib/python3.7/site-packages/airflow/example_dags/example_sla_dag.py for tasks to queue
[2023-07-31 11:47:17,543] {logging_mixin.py:115} INFO - [2023-07-31 11:47:17,543] {dagbag.py:507} INFO - Filling up the DagBag from /home/airflow/.local/lib/python3.7/site-packages/airflow/example_dags/example_sla_dag.py
[2023-07-31 11:47:17,555] {processor.py:651} INFO - DAG(s) dict_keys(['example_sla_dag']) retrieved from /home/airflow/.local/lib/python3.7/site-packages/airflow/example_dags/example_sla_dag.py
[2023-07-31 11:47:17,583] {logging_mixin.py:115} INFO - [2023-07-31 11:47:17,583] {dag.py:2379} INFO - Sync 1 DAGs
[2023-07-31 11:47:17,688] {logging_mixin.py:115} INFO - [2023-07-31 11:47:17,688] {dag.py:2931} INFO - Setting next_dagrun for example_sla_dag to 2023-07-31T11:44:00+00:00, run_after=2023-07-31T11:46:00+00:00
[2023-07-31 11:47:17,714] {processor.py:161} INFO - Processing /home/airflow/.local/lib/python3.7/site-packages/airflow/example_dags/example_sla_dag.py took 0.174 seconds
[2023-07-31 11:47:48,256] {processor.py:153} INFO - Started process (PID=232) to work on /home/airflow/.local/lib/python3.7/site-packages/airflow/example_dags/example_sla_dag.py
[2023-07-31 11:47:48,257] {processor.py:641} INFO - Processing file /home/airflow/.local/lib/python3.7/site-packages/airflow/example_dags/example_sla_dag.py for tasks to queue
[2023-07-31 11:47:48,257] {logging_mixin.py:115} INFO - [2023-07-31 11:47:48,257] {dagbag.py:507} INFO - Filling up the DagBag from /home/airflow/.local/lib/python3.7/site-packages/airflow/example_dags/example_sla_dag.py
[2023-07-31 11:47:48,270] {processor.py:651} INFO - DAG(s) dict_keys(['example_sla_dag']) retrieved from /home/airflow/.local/lib/python3.7/site-packages/airflow/example_dags/example_sla_dag.py
[2023-07-31 11:47:48,292] {logging_mixin.py:115} INFO - [2023-07-31 11:47:48,292] {dag.py:2379} INFO - Sync 1 DAGs
[2023-07-31 11:47:48,411] {logging_mixin.py:115} INFO - [2023-07-31 11:47:48,411] {dag.py:2931} INFO - Setting next_dagrun for example_sla_dag to 2023-07-31T11:44:00+00:00, run_after=2023-07-31T11:46:00+00:00
[2023-07-31 11:47:48,437] {processor.py:161} INFO - Processing /home/airflow/.local/lib/python3.7/site-packages/airflow/example_dags/example_sla_dag.py took 0.183 seconds
[2023-07-31 11:48:19,223] {processor.py:153} INFO - Started process (PID=292) to work on /home/airflow/.local/lib/python3.7/site-packages/airflow/example_dags/example_sla_dag.py
[2023-07-31 11:48:19,223] {processor.py:641} INFO - Processing file /home/airflow/.local/lib/python3.7/site-packages/airflow/example_dags/example_sla_dag.py for tasks to queue
[2023-07-31 11:48:19,224] {logging_mixin.py:115} INFO - [2023-07-31 11:48:19,224] {dagbag.py:507} INFO - Filling up the DagBag from /home/airflow/.local/lib/python3.7/site-packages/airflow/example_dags/example_sla_dag.py
[2023-07-31 11:48:19,243] {processor.py:651} INFO - DAG(s) dict_keys(['example_sla_dag']) retrieved from /home/airflow/.local/lib/python3.7/site-packages/airflow/example_dags/example_sla_dag.py
[2023-07-31 11:48:19,273] {logging_mixin.py:115} INFO - [2023-07-31 11:48:19,273] {dag.py:2379} INFO - Sync 1 DAGs
[2023-07-31 11:48:19,431] {logging_mixin.py:115} INFO - [2023-07-31 11:48:19,431] {dag.py:2931} INFO - Setting next_dagrun for example_sla_dag to 2023-07-31T11:46:00+00:00, run_after=2023-07-31T11:48:00+00:00
[2023-07-31 11:48:19,472] {processor.py:161} INFO - Processing /home/airflow/.local/lib/python3.7/site-packages/airflow/example_dags/example_sla_dag.py took 0.253 seconds
[2023-07-31 11:48:50,283] {processor.py:153} INFO - Started process (PID=344) to work on /home/airflow/.local/lib/python3.7/site-packages/airflow/example_dags/example_sla_dag.py
[2023-07-31 11:48:50,298] {processor.py:641} INFO - Processing file /home/airflow/.local/lib/python3.7/site-packages/airflow/example_dags/example_sla_dag.py for tasks to queue
[2023-07-31 11:48:50,299] {logging_mixin.py:115} INFO - [2023-07-31 11:48:50,299] {dagbag.py:507} INFO - Filling up the DagBag from /home/airflow/.local/lib/python3.7/site-packages/airflow/example_dags/example_sla_dag.py
[2023-07-31 11:48:50,332] {processor.py:651} INFO - DAG(s) dict_keys(['example_sla_dag']) retrieved from /home/airflow/.local/lib/python3.7/site-packages/airflow/example_dags/example_sla_dag.py
[2023-07-31 11:48:50,374] {logging_mixin.py:115} INFO - [2023-07-31 11:48:50,374] {dag.py:2379} INFO - Sync 1 DAGs
[2023-07-31 11:48:50,495] {logging_mixin.py:115} INFO - [2023-07-31 11:48:50,495] {dag.py:2931} INFO - Setting next_dagrun for example_sla_dag to 2023-07-31T11:46:00+00:00, run_after=2023-07-31T11:48:00+00:00
[2023-07-31 11:48:50,518] {processor.py:161} INFO - Processing /home/airflow/.local/lib/python3.7/site-packages/airflow/example_dags/example_sla_dag.py took 0.238 seconds
[2023-07-31 11:49:21,450] {processor.py:153} INFO - Started process (PID=405) to work on /home/airflow/.local/lib/python3.7/site-packages/airflow/example_dags/example_sla_dag.py
[2023-07-31 11:49:21,453] {processor.py:641} INFO - Processing file /home/airflow/.local/lib/python3.7/site-packages/airflow/example_dags/example_sla_dag.py for tasks to queue
[2023-07-31 11:49:21,453] {logging_mixin.py:115} INFO - [2023-07-31 11:49:21,453] {dagbag.py:507} INFO - Filling up the DagBag from /home/airflow/.local/lib/python3.7/site-packages/airflow/example_dags/example_sla_dag.py
[2023-07-31 11:49:21,468] {processor.py:651} INFO - DAG(s) dict_keys(['example_sla_dag']) retrieved from /home/airflow/.local/lib/python3.7/site-packages/airflow/example_dags/example_sla_dag.py
[2023-07-31 11:49:21,499] {logging_mixin.py:115} INFO - [2023-07-31 11:49:21,499] {dag.py:2379} INFO - Sync 1 DAGs
[2023-07-31 11:49:21,623] {logging_mixin.py:115} INFO - [2023-07-31 11:49:21,623] {dag.py:2931} INFO - Setting next_dagrun for example_sla_dag to 2023-07-31T11:46:00+00:00, run_after=2023-07-31T11:48:00+00:00
[2023-07-31 11:49:21,706] {processor.py:161} INFO - Processing /home/airflow/.local/lib/python3.7/site-packages/airflow/example_dags/example_sla_dag.py took 0.259 seconds
[2023-07-31 11:49:51,779] {processor.py:153} INFO - Started process (PID=457) to work on /home/airflow/.local/lib/python3.7/site-packages/airflow/example_dags/example_sla_dag.py
[2023-07-31 11:49:51,779] {processor.py:641} INFO - Processing file /home/airflow/.local/lib/python3.7/site-packages/airflow/example_dags/example_sla_dag.py for tasks to queue
[2023-07-31 11:49:51,780] {logging_mixin.py:115} INFO - [2023-07-31 11:49:51,780] {dagbag.py:507} INFO - Filling up the DagBag from /home/airflow/.local/lib/python3.7/site-packages/airflow/example_dags/example_sla_dag.py
[2023-07-31 11:49:51,793] {processor.py:651} INFO - DAG(s) dict_keys(['example_sla_dag']) retrieved from /home/airflow/.local/lib/python3.7/site-packages/airflow/example_dags/example_sla_dag.py
[2023-07-31 11:49:51,816] {logging_mixin.py:115} INFO - [2023-07-31 11:49:51,816] {dag.py:2379} INFO - Sync 1 DAGs
[2023-07-31 11:49:51,928] {logging_mixin.py:115} INFO - [2023-07-31 11:49:51,928] {dag.py:2931} INFO - Setting next_dagrun for example_sla_dag to 2023-07-31T11:46:00+00:00, run_after=2023-07-31T11:48:00+00:00
[2023-07-31 11:49:51,952] {processor.py:161} INFO - Processing /home/airflow/.local/lib/python3.7/site-packages/airflow/example_dags/example_sla_dag.py took 0.176 seconds
[2023-07-31 11:50:23,529] {processor.py:153} INFO - Started process (PID=518) to work on /home/airflow/.local/lib/python3.7/site-packages/airflow/example_dags/example_sla_dag.py
[2023-07-31 11:50:23,529] {processor.py:641} INFO - Processing file /home/airflow/.local/lib/python3.7/site-packages/airflow/example_dags/example_sla_dag.py for tasks to queue
[2023-07-31 11:50:23,529] {logging_mixin.py:115} INFO - [2023-07-31 11:50:23,529] {dagbag.py:507} INFO - Filling up the DagBag from /home/airflow/.local/lib/python3.7/site-packages/airflow/example_dags/example_sla_dag.py
[2023-07-31 11:50:23,547] {processor.py:651} INFO - DAG(s) dict_keys(['example_sla_dag']) retrieved from /home/airflow/.local/lib/python3.7/site-packages/airflow/example_dags/example_sla_dag.py
[2023-07-31 11:50:23,571] {logging_mixin.py:115} INFO - [2023-07-31 11:50:23,571] {dag.py:2379} INFO - Sync 1 DAGs
[2023-07-31 11:50:23,679] {logging_mixin.py:115} INFO - [2023-07-31 11:50:23,679] {dag.py:2931} INFO - Setting next_dagrun for example_sla_dag to 2023-07-31T11:48:00+00:00, run_after=2023-07-31T11:50:00+00:00
[2023-07-31 11:50:23,700] {processor.py:161} INFO - Processing /home/airflow/.local/lib/python3.7/site-packages/airflow/example_dags/example_sla_dag.py took 0.174 seconds
[2023-07-31 11:50:54,862] {processor.py:153} INFO - Started process (PID=579) to work on /home/airflow/.local/lib/python3.7/site-packages/airflow/example_dags/example_sla_dag.py
[2023-07-31 11:50:54,862] {processor.py:641} INFO - Processing file /home/airflow/.local/lib/python3.7/site-packages/airflow/example_dags/example_sla_dag.py for tasks to queue
[2023-07-31 11:50:54,862] {logging_mixin.py:115} INFO - [2023-07-31 11:50:54,862] {dagbag.py:507} INFO - Filling up the DagBag from /home/airflow/.local/lib/python3.7/site-packages/airflow/example_dags/example_sla_dag.py
[2023-07-31 11:50:54,877] {processor.py:651} INFO - DAG(s) dict_keys(['example_sla_dag']) retrieved from /home/airflow/.local/lib/python3.7/site-packages/airflow/example_dags/example_sla_dag.py
[2023-07-31 11:50:54,903] {logging_mixin.py:115} INFO - [2023-07-31 11:50:54,902] {dag.py:2379} INFO - Sync 1 DAGs
[2023-07-31 11:50:55,024] {logging_mixin.py:115} INFO - [2023-07-31 11:50:55,024] {dag.py:2931} INFO - Setting next_dagrun for example_sla_dag to 2023-07-31T11:48:00+00:00, run_after=2023-07-31T11:50:00+00:00
[2023-07-31 11:50:55,101] {processor.py:161} INFO - Processing /home/airflow/.local/lib/python3.7/site-packages/airflow/example_dags/example_sla_dag.py took 0.242 seconds
[2023-07-31 11:51:25,624] {processor.py:153} INFO - Started process (PID=631) to work on /home/airflow/.local/lib/python3.7/site-packages/airflow/example_dags/example_sla_dag.py
[2023-07-31 11:51:25,625] {processor.py:641} INFO - Processing file /home/airflow/.local/lib/python3.7/site-packages/airflow/example_dags/example_sla_dag.py for tasks to queue
[2023-07-31 11:51:25,626] {logging_mixin.py:115} INFO - [2023-07-31 11:51:25,626] {dagbag.py:507} INFO - Filling up the DagBag from /home/airflow/.local/lib/python3.7/site-packages/airflow/example_dags/example_sla_dag.py
[2023-07-31 11:51:25,649] {processor.py:651} INFO - DAG(s) dict_keys(['example_sla_dag']) retrieved from /home/airflow/.local/lib/python3.7/site-packages/airflow/example_dags/example_sla_dag.py
[2023-07-31 11:51:25,771] {logging_mixin.py:115} INFO - [2023-07-31 11:51:25,771] {dag.py:2379} INFO - Sync 1 DAGs
[2023-07-31 11:51:25,795] {logging_mixin.py:115} INFO - [2023-07-31 11:51:25,795] {dag.py:2931} INFO - Setting next_dagrun for example_sla_dag to 2023-07-31T11:48:00+00:00, run_after=2023-07-31T11:50:00+00:00
[2023-07-31 11:51:25,841] {processor.py:161} INFO - Processing /home/airflow/.local/lib/python3.7/site-packages/airflow/example_dags/example_sla_dag.py took 0.221 seconds
[2023-07-31 11:51:56,865] {processor.py:153} INFO - Started process (PID=692) to work on /home/airflow/.local/lib/python3.7/site-packages/airflow/example_dags/example_sla_dag.py
[2023-07-31 11:51:56,865] {processor.py:641} INFO - Processing file /home/airflow/.local/lib/python3.7/site-packages/airflow/example_dags/example_sla_dag.py for tasks to queue
[2023-07-31 11:51:56,866] {logging_mixin.py:115} INFO - [2023-07-31 11:51:56,866] {dagbag.py:507} INFO - Filling up the DagBag from /home/airflow/.local/lib/python3.7/site-packages/airflow/example_dags/example_sla_dag.py
[2023-07-31 11:51:56,879] {processor.py:651} INFO - DAG(s) dict_keys(['example_sla_dag']) retrieved from /home/airflow/.local/lib/python3.7/site-packages/airflow/example_dags/example_sla_dag.py
[2023-07-31 11:51:56,985] {logging_mixin.py:115} INFO - [2023-07-31 11:51:56,985] {dag.py:2379} INFO - Sync 1 DAGs
[2023-07-31 11:51:57,007] {logging_mixin.py:115} INFO - [2023-07-31 11:51:57,007] {dag.py:2931} INFO - Setting next_dagrun for example_sla_dag to 2023-07-31T11:48:00+00:00, run_after=2023-07-31T11:50:00+00:00
[2023-07-31 11:51:57,034] {processor.py:161} INFO - Processing /home/airflow/.local/lib/python3.7/site-packages/airflow/example_dags/example_sla_dag.py took 0.172 seconds
