[2023-07-31 11:46:14,664] {processor.py:153} INFO - Started process (PID=54) to work on /home/airflow/.local/lib/python3.7/site-packages/airflow/example_dags/example_complex.py
[2023-07-31 11:46:14,665] {processor.py:641} INFO - Processing file /home/airflow/.local/lib/python3.7/site-packages/airflow/example_dags/example_complex.py for tasks to queue
[2023-07-31 11:46:14,665] {logging_mixin.py:115} INFO - [2023-07-31 11:46:14,665] {dagbag.py:507} INFO - Filling up the DagBag from /home/airflow/.local/lib/python3.7/site-packages/airflow/example_dags/example_complex.py
[2023-07-31 11:46:14,675] {processor.py:651} INFO - DAG(s) dict_keys(['example_complex']) retrieved from /home/airflow/.local/lib/python3.7/site-packages/airflow/example_dags/example_complex.py
[2023-07-31 11:46:14,900] {logging_mixin.py:115} INFO - [2023-07-31 11:46:14,900] {manager.py:508} INFO - Created Permission View: can read on DAG:example_complex
[2023-07-31 11:46:14,938] {logging_mixin.py:115} INFO - [2023-07-31 11:46:14,938] {manager.py:508} INFO - Created Permission View: can edit on DAG:example_complex
[2023-07-31 11:46:14,998] {logging_mixin.py:115} INFO - [2023-07-31 11:46:14,998] {manager.py:508} INFO - Created Permission View: can delete on DAG:example_complex
[2023-07-31 11:46:14,998] {logging_mixin.py:115} INFO - [2023-07-31 11:46:14,998] {dag.py:2379} INFO - Sync 1 DAGs
[2023-07-31 11:46:15,012] {logging_mixin.py:115} INFO - [2023-07-31 11:46:15,011] {dag.py:2398} INFO - Creating ORM DAG for example_complex
[2023-07-31 11:46:15,030] {logging_mixin.py:115} INFO - [2023-07-31 11:46:15,030] {dag.py:2931} INFO - Setting next_dagrun for example_complex to None, run_after=None
[2023-07-31 11:46:15,071] {processor.py:161} INFO - Processing /home/airflow/.local/lib/python3.7/site-packages/airflow/example_dags/example_complex.py took 0.410 seconds
[2023-07-31 11:46:45,376] {processor.py:153} INFO - Started process (PID=114) to work on /home/airflow/.local/lib/python3.7/site-packages/airflow/example_dags/example_complex.py
[2023-07-31 11:46:45,377] {processor.py:641} INFO - Processing file /home/airflow/.local/lib/python3.7/site-packages/airflow/example_dags/example_complex.py for tasks to queue
[2023-07-31 11:46:45,377] {logging_mixin.py:115} INFO - [2023-07-31 11:46:45,377] {dagbag.py:507} INFO - Filling up the DagBag from /home/airflow/.local/lib/python3.7/site-packages/airflow/example_dags/example_complex.py
[2023-07-31 11:46:45,393] {processor.py:651} INFO - DAG(s) dict_keys(['example_complex']) retrieved from /home/airflow/.local/lib/python3.7/site-packages/airflow/example_dags/example_complex.py
[2023-07-31 11:46:45,419] {logging_mixin.py:115} INFO - [2023-07-31 11:46:45,419] {dag.py:2379} INFO - Sync 1 DAGs
[2023-07-31 11:46:45,538] {logging_mixin.py:115} INFO - [2023-07-31 11:46:45,538] {dag.py:2931} INFO - Setting next_dagrun for example_complex to None, run_after=None
[2023-07-31 11:46:45,561] {processor.py:161} INFO - Processing /home/airflow/.local/lib/python3.7/site-packages/airflow/example_dags/example_complex.py took 0.188 seconds
[2023-07-31 11:47:16,140] {processor.py:153} INFO - Started process (PID=167) to work on /home/airflow/.local/lib/python3.7/site-packages/airflow/example_dags/example_complex.py
[2023-07-31 11:47:16,141] {processor.py:641} INFO - Processing file /home/airflow/.local/lib/python3.7/site-packages/airflow/example_dags/example_complex.py for tasks to queue
[2023-07-31 11:47:16,141] {logging_mixin.py:115} INFO - [2023-07-31 11:47:16,141] {dagbag.py:507} INFO - Filling up the DagBag from /home/airflow/.local/lib/python3.7/site-packages/airflow/example_dags/example_complex.py
[2023-07-31 11:47:16,151] {processor.py:651} INFO - DAG(s) dict_keys(['example_complex']) retrieved from /home/airflow/.local/lib/python3.7/site-packages/airflow/example_dags/example_complex.py
[2023-07-31 11:47:16,174] {logging_mixin.py:115} INFO - [2023-07-31 11:47:16,174] {dag.py:2379} INFO - Sync 1 DAGs
[2023-07-31 11:47:16,280] {logging_mixin.py:115} INFO - [2023-07-31 11:47:16,280] {dag.py:2931} INFO - Setting next_dagrun for example_complex to None, run_after=None
[2023-07-31 11:47:16,306] {processor.py:161} INFO - Processing /home/airflow/.local/lib/python3.7/site-packages/airflow/example_dags/example_complex.py took 0.168 seconds
[2023-07-31 11:47:46,790] {processor.py:153} INFO - Started process (PID=228) to work on /home/airflow/.local/lib/python3.7/site-packages/airflow/example_dags/example_complex.py
[2023-07-31 11:47:46,804] {processor.py:641} INFO - Processing file /home/airflow/.local/lib/python3.7/site-packages/airflow/example_dags/example_complex.py for tasks to queue
[2023-07-31 11:47:46,804] {logging_mixin.py:115} INFO - [2023-07-31 11:47:46,804] {dagbag.py:507} INFO - Filling up the DagBag from /home/airflow/.local/lib/python3.7/site-packages/airflow/example_dags/example_complex.py
[2023-07-31 11:47:46,814] {processor.py:651} INFO - DAG(s) dict_keys(['example_complex']) retrieved from /home/airflow/.local/lib/python3.7/site-packages/airflow/example_dags/example_complex.py
[2023-07-31 11:47:46,842] {logging_mixin.py:115} INFO - [2023-07-31 11:47:46,842] {dag.py:2379} INFO - Sync 1 DAGs
[2023-07-31 11:47:46,953] {logging_mixin.py:115} INFO - [2023-07-31 11:47:46,953] {dag.py:2931} INFO - Setting next_dagrun for example_complex to None, run_after=None
[2023-07-31 11:47:46,989] {processor.py:161} INFO - Processing /home/airflow/.local/lib/python3.7/site-packages/airflow/example_dags/example_complex.py took 0.202 seconds
[2023-07-31 11:48:18,670] {processor.py:153} INFO - Started process (PID=288) to work on /home/airflow/.local/lib/python3.7/site-packages/airflow/example_dags/example_complex.py
[2023-07-31 11:48:18,671] {processor.py:641} INFO - Processing file /home/airflow/.local/lib/python3.7/site-packages/airflow/example_dags/example_complex.py for tasks to queue
[2023-07-31 11:48:18,671] {logging_mixin.py:115} INFO - [2023-07-31 11:48:18,671] {dagbag.py:507} INFO - Filling up the DagBag from /home/airflow/.local/lib/python3.7/site-packages/airflow/example_dags/example_complex.py
[2023-07-31 11:48:18,689] {processor.py:651} INFO - DAG(s) dict_keys(['example_complex']) retrieved from /home/airflow/.local/lib/python3.7/site-packages/airflow/example_dags/example_complex.py
[2023-07-31 11:48:18,731] {logging_mixin.py:115} INFO - [2023-07-31 11:48:18,731] {dag.py:2379} INFO - Sync 1 DAGs
[2023-07-31 11:48:18,894] {logging_mixin.py:115} INFO - [2023-07-31 11:48:18,893] {dag.py:2931} INFO - Setting next_dagrun for example_complex to None, run_after=None
[2023-07-31 11:48:18,939] {processor.py:161} INFO - Processing /home/airflow/.local/lib/python3.7/site-packages/airflow/example_dags/example_complex.py took 0.273 seconds
[2023-07-31 11:48:49,690] {processor.py:153} INFO - Started process (PID=340) to work on /home/airflow/.local/lib/python3.7/site-packages/airflow/example_dags/example_complex.py
[2023-07-31 11:48:49,701] {processor.py:641} INFO - Processing file /home/airflow/.local/lib/python3.7/site-packages/airflow/example_dags/example_complex.py for tasks to queue
[2023-07-31 11:48:49,701] {logging_mixin.py:115} INFO - [2023-07-31 11:48:49,701] {dagbag.py:507} INFO - Filling up the DagBag from /home/airflow/.local/lib/python3.7/site-packages/airflow/example_dags/example_complex.py
[2023-07-31 11:48:49,717] {processor.py:651} INFO - DAG(s) dict_keys(['example_complex']) retrieved from /home/airflow/.local/lib/python3.7/site-packages/airflow/example_dags/example_complex.py
[2023-07-31 11:48:49,750] {logging_mixin.py:115} INFO - [2023-07-31 11:48:49,750] {dag.py:2379} INFO - Sync 1 DAGs
[2023-07-31 11:48:49,870] {logging_mixin.py:115} INFO - [2023-07-31 11:48:49,870] {dag.py:2931} INFO - Setting next_dagrun for example_complex to None, run_after=None
[2023-07-31 11:48:49,948] {processor.py:161} INFO - Processing /home/airflow/.local/lib/python3.7/site-packages/airflow/example_dags/example_complex.py took 0.261 seconds
[2023-07-31 11:49:20,905] {processor.py:153} INFO - Started process (PID=401) to work on /home/airflow/.local/lib/python3.7/site-packages/airflow/example_dags/example_complex.py
[2023-07-31 11:49:20,905] {processor.py:641} INFO - Processing file /home/airflow/.local/lib/python3.7/site-packages/airflow/example_dags/example_complex.py for tasks to queue
[2023-07-31 11:49:20,906] {logging_mixin.py:115} INFO - [2023-07-31 11:49:20,906] {dagbag.py:507} INFO - Filling up the DagBag from /home/airflow/.local/lib/python3.7/site-packages/airflow/example_dags/example_complex.py
[2023-07-31 11:49:20,917] {processor.py:651} INFO - DAG(s) dict_keys(['example_complex']) retrieved from /home/airflow/.local/lib/python3.7/site-packages/airflow/example_dags/example_complex.py
[2023-07-31 11:49:20,941] {logging_mixin.py:115} INFO - [2023-07-31 11:49:20,941] {dag.py:2379} INFO - Sync 1 DAGs
[2023-07-31 11:49:21,048] {logging_mixin.py:115} INFO - [2023-07-31 11:49:21,048] {dag.py:2931} INFO - Setting next_dagrun for example_complex to None, run_after=None
[2023-07-31 11:49:21,097] {processor.py:161} INFO - Processing /home/airflow/.local/lib/python3.7/site-packages/airflow/example_dags/example_complex.py took 0.195 seconds
[2023-07-31 11:49:51,343] {processor.py:153} INFO - Started process (PID=453) to work on /home/airflow/.local/lib/python3.7/site-packages/airflow/example_dags/example_complex.py
[2023-07-31 11:49:51,344] {processor.py:641} INFO - Processing file /home/airflow/.local/lib/python3.7/site-packages/airflow/example_dags/example_complex.py for tasks to queue
[2023-07-31 11:49:51,344] {logging_mixin.py:115} INFO - [2023-07-31 11:49:51,344] {dagbag.py:507} INFO - Filling up the DagBag from /home/airflow/.local/lib/python3.7/site-packages/airflow/example_dags/example_complex.py
[2023-07-31 11:49:51,358] {processor.py:651} INFO - DAG(s) dict_keys(['example_complex']) retrieved from /home/airflow/.local/lib/python3.7/site-packages/airflow/example_dags/example_complex.py
[2023-07-31 11:49:51,382] {logging_mixin.py:115} INFO - [2023-07-31 11:49:51,382] {dag.py:2379} INFO - Sync 1 DAGs
[2023-07-31 11:49:51,493] {logging_mixin.py:115} INFO - [2023-07-31 11:49:51,493] {dag.py:2931} INFO - Setting next_dagrun for example_complex to None, run_after=None
[2023-07-31 11:49:51,526] {processor.py:161} INFO - Processing /home/airflow/.local/lib/python3.7/site-packages/airflow/example_dags/example_complex.py took 0.185 seconds
[2023-07-31 11:50:23,106] {processor.py:153} INFO - Started process (PID=514) to work on /home/airflow/.local/lib/python3.7/site-packages/airflow/example_dags/example_complex.py
[2023-07-31 11:50:23,106] {processor.py:641} INFO - Processing file /home/airflow/.local/lib/python3.7/site-packages/airflow/example_dags/example_complex.py for tasks to queue
[2023-07-31 11:50:23,107] {logging_mixin.py:115} INFO - [2023-07-31 11:50:23,107] {dagbag.py:507} INFO - Filling up the DagBag from /home/airflow/.local/lib/python3.7/site-packages/airflow/example_dags/example_complex.py
[2023-07-31 11:50:23,126] {processor.py:651} INFO - DAG(s) dict_keys(['example_complex']) retrieved from /home/airflow/.local/lib/python3.7/site-packages/airflow/example_dags/example_complex.py
[2023-07-31 11:50:23,161] {logging_mixin.py:115} INFO - [2023-07-31 11:50:23,160] {dag.py:2379} INFO - Sync 1 DAGs
[2023-07-31 11:50:23,284] {logging_mixin.py:115} INFO - [2023-07-31 11:50:23,284] {dag.py:2931} INFO - Setting next_dagrun for example_complex to None, run_after=None
[2023-07-31 11:50:23,306] {processor.py:161} INFO - Processing /home/airflow/.local/lib/python3.7/site-packages/airflow/example_dags/example_complex.py took 0.203 seconds
[2023-07-31 11:50:54,433] {processor.py:153} INFO - Started process (PID=575) to work on /home/airflow/.local/lib/python3.7/site-packages/airflow/example_dags/example_complex.py
[2023-07-31 11:50:54,434] {processor.py:641} INFO - Processing file /home/airflow/.local/lib/python3.7/site-packages/airflow/example_dags/example_complex.py for tasks to queue
[2023-07-31 11:50:54,434] {logging_mixin.py:115} INFO - [2023-07-31 11:50:54,434] {dagbag.py:507} INFO - Filling up the DagBag from /home/airflow/.local/lib/python3.7/site-packages/airflow/example_dags/example_complex.py
[2023-07-31 11:50:54,445] {processor.py:651} INFO - DAG(s) dict_keys(['example_complex']) retrieved from /home/airflow/.local/lib/python3.7/site-packages/airflow/example_dags/example_complex.py
[2023-07-31 11:50:54,472] {logging_mixin.py:115} INFO - [2023-07-31 11:50:54,472] {dag.py:2379} INFO - Sync 1 DAGs
[2023-07-31 11:50:54,583] {logging_mixin.py:115} INFO - [2023-07-31 11:50:54,583] {dag.py:2931} INFO - Setting next_dagrun for example_complex to None, run_after=None
[2023-07-31 11:50:54,612] {processor.py:161} INFO - Processing /home/airflow/.local/lib/python3.7/site-packages/airflow/example_dags/example_complex.py took 0.181 seconds
[2023-07-31 11:51:25,169] {processor.py:153} INFO - Started process (PID=627) to work on /home/airflow/.local/lib/python3.7/site-packages/airflow/example_dags/example_complex.py
[2023-07-31 11:51:25,170] {processor.py:641} INFO - Processing file /home/airflow/.local/lib/python3.7/site-packages/airflow/example_dags/example_complex.py for tasks to queue
[2023-07-31 11:51:25,170] {logging_mixin.py:115} INFO - [2023-07-31 11:51:25,170] {dagbag.py:507} INFO - Filling up the DagBag from /home/airflow/.local/lib/python3.7/site-packages/airflow/example_dags/example_complex.py
[2023-07-31 11:51:25,181] {processor.py:651} INFO - DAG(s) dict_keys(['example_complex']) retrieved from /home/airflow/.local/lib/python3.7/site-packages/airflow/example_dags/example_complex.py
[2023-07-31 11:51:25,207] {logging_mixin.py:115} INFO - [2023-07-31 11:51:25,206] {dag.py:2379} INFO - Sync 1 DAGs
[2023-07-31 11:51:25,313] {logging_mixin.py:115} INFO - [2023-07-31 11:51:25,313] {dag.py:2931} INFO - Setting next_dagrun for example_complex to None, run_after=None
[2023-07-31 11:51:25,359] {processor.py:161} INFO - Processing /home/airflow/.local/lib/python3.7/site-packages/airflow/example_dags/example_complex.py took 0.192 seconds
[2023-07-31 11:51:56,429] {processor.py:153} INFO - Started process (PID=688) to work on /home/airflow/.local/lib/python3.7/site-packages/airflow/example_dags/example_complex.py
[2023-07-31 11:51:56,430] {processor.py:641} INFO - Processing file /home/airflow/.local/lib/python3.7/site-packages/airflow/example_dags/example_complex.py for tasks to queue
[2023-07-31 11:51:56,430] {logging_mixin.py:115} INFO - [2023-07-31 11:51:56,430] {dagbag.py:507} INFO - Filling up the DagBag from /home/airflow/.local/lib/python3.7/site-packages/airflow/example_dags/example_complex.py
[2023-07-31 11:51:56,442] {processor.py:651} INFO - DAG(s) dict_keys(['example_complex']) retrieved from /home/airflow/.local/lib/python3.7/site-packages/airflow/example_dags/example_complex.py
[2023-07-31 11:51:56,471] {logging_mixin.py:115} INFO - [2023-07-31 11:51:56,471] {dag.py:2379} INFO - Sync 1 DAGs
[2023-07-31 11:51:56,587] {logging_mixin.py:115} INFO - [2023-07-31 11:51:56,587] {dag.py:2931} INFO - Setting next_dagrun for example_complex to None, run_after=None
[2023-07-31 11:51:56,615] {processor.py:161} INFO - Processing /home/airflow/.local/lib/python3.7/site-packages/airflow/example_dags/example_complex.py took 0.188 seconds
