[2023-07-31 11:46:18,594] {processor.py:153} INFO - Started process (PID=68) to work on /home/airflow/.local/lib/python3.7/site-packages/airflow/example_dags/example_subdag_operator.py
[2023-07-31 11:46:18,594] {processor.py:641} INFO - Processing file /home/airflow/.local/lib/python3.7/site-packages/airflow/example_dags/example_subdag_operator.py for tasks to queue
[2023-07-31 11:46:18,595] {logging_mixin.py:115} INFO - [2023-07-31 11:46:18,595] {dagbag.py:507} INFO - Filling up the DagBag from /home/airflow/.local/lib/python3.7/site-packages/airflow/example_dags/example_subdag_operator.py
[2023-07-31 11:46:18,620] {processor.py:651} INFO - DAG(s) dict_keys(['example_subdag_operator.section-1', 'example_subdag_operator.section-2', 'example_subdag_operator']) retrieved from /home/airflow/.local/lib/python3.7/site-packages/airflow/example_dags/example_subdag_operator.py
[2023-07-31 11:46:18,928] {logging_mixin.py:115} INFO - [2023-07-31 11:46:18,928] {manager.py:508} INFO - Created Permission View: can read on DAG:example_subdag_operator
[2023-07-31 11:46:18,970] {logging_mixin.py:115} INFO - [2023-07-31 11:46:18,970] {manager.py:508} INFO - Created Permission View: can edit on DAG:example_subdag_operator
[2023-07-31 11:46:18,991] {logging_mixin.py:115} INFO - [2023-07-31 11:46:18,991] {manager.py:508} INFO - Created Permission View: can delete on DAG:example_subdag_operator
[2023-07-31 11:46:18,991] {logging_mixin.py:115} INFO - [2023-07-31 11:46:18,991] {dag.py:2379} INFO - Sync 3 DAGs
[2023-07-31 11:46:19,003] {logging_mixin.py:115} INFO - [2023-07-31 11:46:19,003] {dag.py:2398} INFO - Creating ORM DAG for example_subdag_operator.section-2
[2023-07-31 11:46:19,004] {logging_mixin.py:115} INFO - [2023-07-31 11:46:19,003] {dag.py:2398} INFO - Creating ORM DAG for example_subdag_operator.section-1
[2023-07-31 11:46:19,004] {logging_mixin.py:115} INFO - [2023-07-31 11:46:19,004] {dag.py:2398} INFO - Creating ORM DAG for example_subdag_operator
[2023-07-31 11:46:19,022] {logging_mixin.py:115} INFO - [2023-07-31 11:46:19,022] {dag.py:2931} INFO - Setting next_dagrun for example_subdag_operator to 2022-01-01T00:00:00+00:00, run_after=2022-01-01T00:00:00+00:00
[2023-07-31 11:46:19,023] {logging_mixin.py:115} INFO - [2023-07-31 11:46:19,023] {dag.py:2931} INFO - Setting next_dagrun for example_subdag_operator.section-1 to None, run_after=None
[2023-07-31 11:46:19,023] {logging_mixin.py:115} INFO - [2023-07-31 11:46:19,023] {dag.py:2931} INFO - Setting next_dagrun for example_subdag_operator.section-2 to None, run_after=None
[2023-07-31 11:46:19,039] {logging_mixin.py:115} INFO - [2023-07-31 11:46:19,039] {dag.py:2379} INFO - Sync 2 DAGs
[2023-07-31 11:46:19,050] {logging_mixin.py:115} INFO - [2023-07-31 11:46:19,050] {dag.py:2931} INFO - Setting next_dagrun for example_subdag_operator.section-1 to None, run_after=None
[2023-07-31 11:46:19,051] {logging_mixin.py:115} INFO - [2023-07-31 11:46:19,051] {dag.py:2931} INFO - Setting next_dagrun for example_subdag_operator.section-2 to None, run_after=None
[2023-07-31 11:46:19,068] {processor.py:161} INFO - Processing /home/airflow/.local/lib/python3.7/site-packages/airflow/example_dags/example_subdag_operator.py took 0.478 seconds
[2023-07-31 11:46:49,739] {processor.py:153} INFO - Started process (PID=128) to work on /home/airflow/.local/lib/python3.7/site-packages/airflow/example_dags/example_subdag_operator.py
[2023-07-31 11:46:49,739] {processor.py:641} INFO - Processing file /home/airflow/.local/lib/python3.7/site-packages/airflow/example_dags/example_subdag_operator.py for tasks to queue
[2023-07-31 11:46:49,740] {logging_mixin.py:115} INFO - [2023-07-31 11:46:49,739] {dagbag.py:507} INFO - Filling up the DagBag from /home/airflow/.local/lib/python3.7/site-packages/airflow/example_dags/example_subdag_operator.py
[2023-07-31 11:46:49,760] {processor.py:651} INFO - DAG(s) dict_keys(['example_subdag_operator.section-1', 'example_subdag_operator.section-2', 'example_subdag_operator']) retrieved from /home/airflow/.local/lib/python3.7/site-packages/airflow/example_dags/example_subdag_operator.py
[2023-07-31 11:46:49,785] {logging_mixin.py:115} INFO - [2023-07-31 11:46:49,785] {dag.py:2379} INFO - Sync 3 DAGs
[2023-07-31 11:46:49,880] {logging_mixin.py:115} INFO - [2023-07-31 11:46:49,880] {dag.py:2931} INFO - Setting next_dagrun for example_subdag_operator to 2022-01-01T00:00:00+00:00, run_after=2022-01-01T00:00:00+00:00
[2023-07-31 11:46:49,880] {logging_mixin.py:115} INFO - [2023-07-31 11:46:49,880] {dag.py:2931} INFO - Setting next_dagrun for example_subdag_operator.section-1 to None, run_after=None
[2023-07-31 11:46:49,880] {logging_mixin.py:115} INFO - [2023-07-31 11:46:49,880] {dag.py:2931} INFO - Setting next_dagrun for example_subdag_operator.section-2 to None, run_after=None
[2023-07-31 11:46:49,884] {logging_mixin.py:115} INFO - [2023-07-31 11:46:49,884] {dag.py:2379} INFO - Sync 2 DAGs
[2023-07-31 11:46:49,888] {logging_mixin.py:115} INFO - [2023-07-31 11:46:49,888] {dag.py:2931} INFO - Setting next_dagrun for example_subdag_operator.section-1 to None, run_after=None
[2023-07-31 11:46:49,888] {logging_mixin.py:115} INFO - [2023-07-31 11:46:49,888] {dag.py:2931} INFO - Setting next_dagrun for example_subdag_operator.section-2 to None, run_after=None
[2023-07-31 11:46:49,903] {processor.py:161} INFO - Processing /home/airflow/.local/lib/python3.7/site-packages/airflow/example_dags/example_subdag_operator.py took 0.167 seconds
[2023-07-31 11:47:20,687] {processor.py:153} INFO - Started process (PID=190) to work on /home/airflow/.local/lib/python3.7/site-packages/airflow/example_dags/example_subdag_operator.py
[2023-07-31 11:47:20,688] {processor.py:641} INFO - Processing file /home/airflow/.local/lib/python3.7/site-packages/airflow/example_dags/example_subdag_operator.py for tasks to queue
[2023-07-31 11:47:20,688] {logging_mixin.py:115} INFO - [2023-07-31 11:47:20,688] {dagbag.py:507} INFO - Filling up the DagBag from /home/airflow/.local/lib/python3.7/site-packages/airflow/example_dags/example_subdag_operator.py
[2023-07-31 11:47:20,708] {processor.py:651} INFO - DAG(s) dict_keys(['example_subdag_operator.section-1', 'example_subdag_operator.section-2', 'example_subdag_operator']) retrieved from /home/airflow/.local/lib/python3.7/site-packages/airflow/example_dags/example_subdag_operator.py
[2023-07-31 11:47:20,735] {logging_mixin.py:115} INFO - [2023-07-31 11:47:20,735] {dag.py:2379} INFO - Sync 3 DAGs
[2023-07-31 11:47:20,842] {logging_mixin.py:115} INFO - [2023-07-31 11:47:20,842] {dag.py:2931} INFO - Setting next_dagrun for example_subdag_operator to 2022-01-01T00:00:00+00:00, run_after=2022-01-01T00:00:00+00:00
[2023-07-31 11:47:20,842] {logging_mixin.py:115} INFO - [2023-07-31 11:47:20,842] {dag.py:2931} INFO - Setting next_dagrun for example_subdag_operator.section-1 to None, run_after=None
[2023-07-31 11:47:20,842] {logging_mixin.py:115} INFO - [2023-07-31 11:47:20,842] {dag.py:2931} INFO - Setting next_dagrun for example_subdag_operator.section-2 to None, run_after=None
[2023-07-31 11:47:20,847] {logging_mixin.py:115} INFO - [2023-07-31 11:47:20,847] {dag.py:2379} INFO - Sync 2 DAGs
[2023-07-31 11:47:20,851] {logging_mixin.py:115} INFO - [2023-07-31 11:47:20,850] {dag.py:2931} INFO - Setting next_dagrun for example_subdag_operator.section-1 to None, run_after=None
[2023-07-31 11:47:20,851] {logging_mixin.py:115} INFO - [2023-07-31 11:47:20,851] {dag.py:2931} INFO - Setting next_dagrun for example_subdag_operator.section-2 to None, run_after=None
[2023-07-31 11:47:20,869] {processor.py:161} INFO - Processing /home/airflow/.local/lib/python3.7/site-packages/airflow/example_dags/example_subdag_operator.py took 0.184 seconds
[2023-07-31 11:47:52,259] {processor.py:153} INFO - Started process (PID=242) to work on /home/airflow/.local/lib/python3.7/site-packages/airflow/example_dags/example_subdag_operator.py
[2023-07-31 11:47:52,272] {processor.py:641} INFO - Processing file /home/airflow/.local/lib/python3.7/site-packages/airflow/example_dags/example_subdag_operator.py for tasks to queue
[2023-07-31 11:47:52,273] {logging_mixin.py:115} INFO - [2023-07-31 11:47:52,273] {dagbag.py:507} INFO - Filling up the DagBag from /home/airflow/.local/lib/python3.7/site-packages/airflow/example_dags/example_subdag_operator.py
[2023-07-31 11:47:52,293] {processor.py:651} INFO - DAG(s) dict_keys(['example_subdag_operator.section-1', 'example_subdag_operator.section-2', 'example_subdag_operator']) retrieved from /home/airflow/.local/lib/python3.7/site-packages/airflow/example_dags/example_subdag_operator.py
[2023-07-31 11:47:52,319] {logging_mixin.py:115} INFO - [2023-07-31 11:47:52,319] {dag.py:2379} INFO - Sync 3 DAGs
[2023-07-31 11:47:52,421] {logging_mixin.py:115} INFO - [2023-07-31 11:47:52,421] {dag.py:2931} INFO - Setting next_dagrun for example_subdag_operator to 2022-01-01T00:00:00+00:00, run_after=2022-01-01T00:00:00+00:00
[2023-07-31 11:47:52,421] {logging_mixin.py:115} INFO - [2023-07-31 11:47:52,421] {dag.py:2931} INFO - Setting next_dagrun for example_subdag_operator.section-1 to None, run_after=None
[2023-07-31 11:47:52,421] {logging_mixin.py:115} INFO - [2023-07-31 11:47:52,421] {dag.py:2931} INFO - Setting next_dagrun for example_subdag_operator.section-2 to None, run_after=None
[2023-07-31 11:47:52,426] {logging_mixin.py:115} INFO - [2023-07-31 11:47:52,426] {dag.py:2379} INFO - Sync 2 DAGs
[2023-07-31 11:47:52,429] {logging_mixin.py:115} INFO - [2023-07-31 11:47:52,429] {dag.py:2931} INFO - Setting next_dagrun for example_subdag_operator.section-1 to None, run_after=None
[2023-07-31 11:47:52,429] {logging_mixin.py:115} INFO - [2023-07-31 11:47:52,429] {dag.py:2931} INFO - Setting next_dagrun for example_subdag_operator.section-2 to None, run_after=None
[2023-07-31 11:47:52,901] {processor.py:161} INFO - Processing /home/airflow/.local/lib/python3.7/site-packages/airflow/example_dags/example_subdag_operator.py took 0.645 seconds
[2023-07-31 11:48:23,714] {processor.py:153} INFO - Started process (PID=302) to work on /home/airflow/.local/lib/python3.7/site-packages/airflow/example_dags/example_subdag_operator.py
[2023-07-31 11:48:23,729] {processor.py:641} INFO - Processing file /home/airflow/.local/lib/python3.7/site-packages/airflow/example_dags/example_subdag_operator.py for tasks to queue
[2023-07-31 11:48:23,729] {logging_mixin.py:115} INFO - [2023-07-31 11:48:23,729] {dagbag.py:507} INFO - Filling up the DagBag from /home/airflow/.local/lib/python3.7/site-packages/airflow/example_dags/example_subdag_operator.py
[2023-07-31 11:48:23,754] {processor.py:651} INFO - DAG(s) dict_keys(['example_subdag_operator.section-1', 'example_subdag_operator.section-2', 'example_subdag_operator']) retrieved from /home/airflow/.local/lib/python3.7/site-packages/airflow/example_dags/example_subdag_operator.py
[2023-07-31 11:48:23,783] {logging_mixin.py:115} INFO - [2023-07-31 11:48:23,783] {dag.py:2379} INFO - Sync 3 DAGs
[2023-07-31 11:48:23,889] {logging_mixin.py:115} INFO - [2023-07-31 11:48:23,889] {dag.py:2931} INFO - Setting next_dagrun for example_subdag_operator to 2022-01-01T00:00:00+00:00, run_after=2022-01-01T00:00:00+00:00
[2023-07-31 11:48:23,890] {logging_mixin.py:115} INFO - [2023-07-31 11:48:23,890] {dag.py:2931} INFO - Setting next_dagrun for example_subdag_operator.section-1 to None, run_after=None
[2023-07-31 11:48:23,890] {logging_mixin.py:115} INFO - [2023-07-31 11:48:23,890] {dag.py:2931} INFO - Setting next_dagrun for example_subdag_operator.section-2 to None, run_after=None
[2023-07-31 11:48:23,895] {logging_mixin.py:115} INFO - [2023-07-31 11:48:23,895] {dag.py:2379} INFO - Sync 2 DAGs
[2023-07-31 11:48:23,899] {logging_mixin.py:115} INFO - [2023-07-31 11:48:23,899] {dag.py:2931} INFO - Setting next_dagrun for example_subdag_operator.section-1 to None, run_after=None
[2023-07-31 11:48:23,899] {logging_mixin.py:115} INFO - [2023-07-31 11:48:23,899] {dag.py:2931} INFO - Setting next_dagrun for example_subdag_operator.section-2 to None, run_after=None
[2023-07-31 11:48:23,915] {processor.py:161} INFO - Processing /home/airflow/.local/lib/python3.7/site-packages/airflow/example_dags/example_subdag_operator.py took 0.204 seconds
[2023-07-31 11:48:54,099] {processor.py:153} INFO - Started process (PID=354) to work on /home/airflow/.local/lib/python3.7/site-packages/airflow/example_dags/example_subdag_operator.py
[2023-07-31 11:48:54,109] {processor.py:641} INFO - Processing file /home/airflow/.local/lib/python3.7/site-packages/airflow/example_dags/example_subdag_operator.py for tasks to queue
[2023-07-31 11:48:54,110] {logging_mixin.py:115} INFO - [2023-07-31 11:48:54,109] {dagbag.py:507} INFO - Filling up the DagBag from /home/airflow/.local/lib/python3.7/site-packages/airflow/example_dags/example_subdag_operator.py
[2023-07-31 11:48:54,130] {processor.py:651} INFO - DAG(s) dict_keys(['example_subdag_operator.section-1', 'example_subdag_operator.section-2', 'example_subdag_operator']) retrieved from /home/airflow/.local/lib/python3.7/site-packages/airflow/example_dags/example_subdag_operator.py
[2023-07-31 11:48:54,159] {logging_mixin.py:115} INFO - [2023-07-31 11:48:54,158] {dag.py:2379} INFO - Sync 3 DAGs
[2023-07-31 11:48:54,258] {logging_mixin.py:115} INFO - [2023-07-31 11:48:54,257] {dag.py:2931} INFO - Setting next_dagrun for example_subdag_operator to 2022-01-01T00:00:00+00:00, run_after=2022-01-01T00:00:00+00:00
[2023-07-31 11:48:54,258] {logging_mixin.py:115} INFO - [2023-07-31 11:48:54,258] {dag.py:2931} INFO - Setting next_dagrun for example_subdag_operator.section-1 to None, run_after=None
[2023-07-31 11:48:54,258] {logging_mixin.py:115} INFO - [2023-07-31 11:48:54,258] {dag.py:2931} INFO - Setting next_dagrun for example_subdag_operator.section-2 to None, run_after=None
[2023-07-31 11:48:54,262] {logging_mixin.py:115} INFO - [2023-07-31 11:48:54,262] {dag.py:2379} INFO - Sync 2 DAGs
[2023-07-31 11:48:54,266] {logging_mixin.py:115} INFO - [2023-07-31 11:48:54,266] {dag.py:2931} INFO - Setting next_dagrun for example_subdag_operator.section-1 to None, run_after=None
[2023-07-31 11:48:54,266] {logging_mixin.py:115} INFO - [2023-07-31 11:48:54,266] {dag.py:2931} INFO - Setting next_dagrun for example_subdag_operator.section-2 to None, run_after=None
[2023-07-31 11:48:54,372] {processor.py:161} INFO - Processing /home/airflow/.local/lib/python3.7/site-packages/airflow/example_dags/example_subdag_operator.py took 0.276 seconds
[2023-07-31 11:49:24,726] {processor.py:153} INFO - Started process (PID=415) to work on /home/airflow/.local/lib/python3.7/site-packages/airflow/example_dags/example_subdag_operator.py
[2023-07-31 11:49:24,737] {processor.py:641} INFO - Processing file /home/airflow/.local/lib/python3.7/site-packages/airflow/example_dags/example_subdag_operator.py for tasks to queue
[2023-07-31 11:49:24,737] {logging_mixin.py:115} INFO - [2023-07-31 11:49:24,737] {dagbag.py:507} INFO - Filling up the DagBag from /home/airflow/.local/lib/python3.7/site-packages/airflow/example_dags/example_subdag_operator.py
[2023-07-31 11:49:24,757] {processor.py:651} INFO - DAG(s) dict_keys(['example_subdag_operator.section-1', 'example_subdag_operator.section-2', 'example_subdag_operator']) retrieved from /home/airflow/.local/lib/python3.7/site-packages/airflow/example_dags/example_subdag_operator.py
[2023-07-31 11:49:24,783] {logging_mixin.py:115} INFO - [2023-07-31 11:49:24,783] {dag.py:2379} INFO - Sync 3 DAGs
[2023-07-31 11:49:24,884] {logging_mixin.py:115} INFO - [2023-07-31 11:49:24,884] {dag.py:2931} INFO - Setting next_dagrun for example_subdag_operator to 2022-01-01T00:00:00+00:00, run_after=2022-01-01T00:00:00+00:00
[2023-07-31 11:49:24,884] {logging_mixin.py:115} INFO - [2023-07-31 11:49:24,884] {dag.py:2931} INFO - Setting next_dagrun for example_subdag_operator.section-1 to None, run_after=None
[2023-07-31 11:49:24,884] {logging_mixin.py:115} INFO - [2023-07-31 11:49:24,884] {dag.py:2931} INFO - Setting next_dagrun for example_subdag_operator.section-2 to None, run_after=None
[2023-07-31 11:49:24,890] {logging_mixin.py:115} INFO - [2023-07-31 11:49:24,890] {dag.py:2379} INFO - Sync 2 DAGs
[2023-07-31 11:49:24,894] {logging_mixin.py:115} INFO - [2023-07-31 11:49:24,894] {dag.py:2931} INFO - Setting next_dagrun for example_subdag_operator.section-1 to None, run_after=None
[2023-07-31 11:49:24,895] {logging_mixin.py:115} INFO - [2023-07-31 11:49:24,895] {dag.py:2931} INFO - Setting next_dagrun for example_subdag_operator.section-2 to None, run_after=None
[2023-07-31 11:49:24,928] {processor.py:161} INFO - Processing /home/airflow/.local/lib/python3.7/site-packages/airflow/example_dags/example_subdag_operator.py took 0.204 seconds
[2023-07-31 11:49:55,598] {processor.py:153} INFO - Started process (PID=476) to work on /home/airflow/.local/lib/python3.7/site-packages/airflow/example_dags/example_subdag_operator.py
[2023-07-31 11:49:55,610] {processor.py:641} INFO - Processing file /home/airflow/.local/lib/python3.7/site-packages/airflow/example_dags/example_subdag_operator.py for tasks to queue
[2023-07-31 11:49:55,610] {logging_mixin.py:115} INFO - [2023-07-31 11:49:55,610] {dagbag.py:507} INFO - Filling up the DagBag from /home/airflow/.local/lib/python3.7/site-packages/airflow/example_dags/example_subdag_operator.py
[2023-07-31 11:49:55,633] {processor.py:651} INFO - DAG(s) dict_keys(['example_subdag_operator.section-1', 'example_subdag_operator.section-2', 'example_subdag_operator']) retrieved from /home/airflow/.local/lib/python3.7/site-packages/airflow/example_dags/example_subdag_operator.py
[2023-07-31 11:49:55,658] {logging_mixin.py:115} INFO - [2023-07-31 11:49:55,658] {dag.py:2379} INFO - Sync 3 DAGs
[2023-07-31 11:49:55,773] {logging_mixin.py:115} INFO - [2023-07-31 11:49:55,773] {dag.py:2931} INFO - Setting next_dagrun for example_subdag_operator to 2022-01-01T00:00:00+00:00, run_after=2022-01-01T00:00:00+00:00
[2023-07-31 11:49:55,774] {logging_mixin.py:115} INFO - [2023-07-31 11:49:55,774] {dag.py:2931} INFO - Setting next_dagrun for example_subdag_operator.section-1 to None, run_after=None
[2023-07-31 11:49:55,774] {logging_mixin.py:115} INFO - [2023-07-31 11:49:55,774] {dag.py:2931} INFO - Setting next_dagrun for example_subdag_operator.section-2 to None, run_after=None
[2023-07-31 11:49:55,782] {logging_mixin.py:115} INFO - [2023-07-31 11:49:55,782] {dag.py:2379} INFO - Sync 2 DAGs
[2023-07-31 11:49:55,787] {logging_mixin.py:115} INFO - [2023-07-31 11:49:55,787] {dag.py:2931} INFO - Setting next_dagrun for example_subdag_operator.section-1 to None, run_after=None
[2023-07-31 11:49:55,787] {logging_mixin.py:115} INFO - [2023-07-31 11:49:55,787] {dag.py:2931} INFO - Setting next_dagrun for example_subdag_operator.section-2 to None, run_after=None
[2023-07-31 11:49:55,812] {processor.py:161} INFO - Processing /home/airflow/.local/lib/python3.7/site-packages/airflow/example_dags/example_subdag_operator.py took 0.216 seconds
[2023-07-31 11:50:28,342] {processor.py:153} INFO - Started process (PID=528) to work on /home/airflow/.local/lib/python3.7/site-packages/airflow/example_dags/example_subdag_operator.py
[2023-07-31 11:50:28,359] {processor.py:641} INFO - Processing file /home/airflow/.local/lib/python3.7/site-packages/airflow/example_dags/example_subdag_operator.py for tasks to queue
[2023-07-31 11:50:28,360] {logging_mixin.py:115} INFO - [2023-07-31 11:50:28,359] {dagbag.py:507} INFO - Filling up the DagBag from /home/airflow/.local/lib/python3.7/site-packages/airflow/example_dags/example_subdag_operator.py
[2023-07-31 11:50:28,381] {processor.py:651} INFO - DAG(s) dict_keys(['example_subdag_operator.section-1', 'example_subdag_operator.section-2', 'example_subdag_operator']) retrieved from /home/airflow/.local/lib/python3.7/site-packages/airflow/example_dags/example_subdag_operator.py
[2023-07-31 11:50:28,408] {logging_mixin.py:115} INFO - [2023-07-31 11:50:28,408] {dag.py:2379} INFO - Sync 3 DAGs
[2023-07-31 11:50:28,513] {logging_mixin.py:115} INFO - [2023-07-31 11:50:28,513] {dag.py:2931} INFO - Setting next_dagrun for example_subdag_operator to 2022-01-01T00:00:00+00:00, run_after=2022-01-01T00:00:00+00:00
[2023-07-31 11:50:28,513] {logging_mixin.py:115} INFO - [2023-07-31 11:50:28,513] {dag.py:2931} INFO - Setting next_dagrun for example_subdag_operator.section-1 to None, run_after=None
[2023-07-31 11:50:28,513] {logging_mixin.py:115} INFO - [2023-07-31 11:50:28,513] {dag.py:2931} INFO - Setting next_dagrun for example_subdag_operator.section-2 to None, run_after=None
[2023-07-31 11:50:28,518] {logging_mixin.py:115} INFO - [2023-07-31 11:50:28,518] {dag.py:2379} INFO - Sync 2 DAGs
[2023-07-31 11:50:28,522] {logging_mixin.py:115} INFO - [2023-07-31 11:50:28,522] {dag.py:2931} INFO - Setting next_dagrun for example_subdag_operator.section-1 to None, run_after=None
[2023-07-31 11:50:28,522] {logging_mixin.py:115} INFO - [2023-07-31 11:50:28,522] {dag.py:2931} INFO - Setting next_dagrun for example_subdag_operator.section-2 to None, run_after=None
[2023-07-31 11:50:28,561] {processor.py:161} INFO - Processing /home/airflow/.local/lib/python3.7/site-packages/airflow/example_dags/example_subdag_operator.py took 0.221 seconds
[2023-07-31 11:50:58,893] {processor.py:153} INFO - Started process (PID=589) to work on /home/airflow/.local/lib/python3.7/site-packages/airflow/example_dags/example_subdag_operator.py
[2023-07-31 11:50:58,894] {processor.py:641} INFO - Processing file /home/airflow/.local/lib/python3.7/site-packages/airflow/example_dags/example_subdag_operator.py for tasks to queue
[2023-07-31 11:50:58,894] {logging_mixin.py:115} INFO - [2023-07-31 11:50:58,894] {dagbag.py:507} INFO - Filling up the DagBag from /home/airflow/.local/lib/python3.7/site-packages/airflow/example_dags/example_subdag_operator.py
[2023-07-31 11:50:58,914] {processor.py:651} INFO - DAG(s) dict_keys(['example_subdag_operator.section-1', 'example_subdag_operator.section-2', 'example_subdag_operator']) retrieved from /home/airflow/.local/lib/python3.7/site-packages/airflow/example_dags/example_subdag_operator.py
[2023-07-31 11:50:58,941] {logging_mixin.py:115} INFO - [2023-07-31 11:50:58,941] {dag.py:2379} INFO - Sync 3 DAGs
[2023-07-31 11:50:59,043] {logging_mixin.py:115} INFO - [2023-07-31 11:50:59,043] {dag.py:2931} INFO - Setting next_dagrun for example_subdag_operator to 2022-01-01T00:00:00+00:00, run_after=2022-01-01T00:00:00+00:00
[2023-07-31 11:50:59,043] {logging_mixin.py:115} INFO - [2023-07-31 11:50:59,043] {dag.py:2931} INFO - Setting next_dagrun for example_subdag_operator.section-1 to None, run_after=None
[2023-07-31 11:50:59,043] {logging_mixin.py:115} INFO - [2023-07-31 11:50:59,043] {dag.py:2931} INFO - Setting next_dagrun for example_subdag_operator.section-2 to None, run_after=None
[2023-07-31 11:50:59,048] {logging_mixin.py:115} INFO - [2023-07-31 11:50:59,048] {dag.py:2379} INFO - Sync 2 DAGs
[2023-07-31 11:50:59,052] {logging_mixin.py:115} INFO - [2023-07-31 11:50:59,052] {dag.py:2931} INFO - Setting next_dagrun for example_subdag_operator.section-1 to None, run_after=None
[2023-07-31 11:50:59,052] {logging_mixin.py:115} INFO - [2023-07-31 11:50:59,052] {dag.py:2931} INFO - Setting next_dagrun for example_subdag_operator.section-2 to None, run_after=None
[2023-07-31 11:50:59,076] {processor.py:161} INFO - Processing /home/airflow/.local/lib/python3.7/site-packages/airflow/example_dags/example_subdag_operator.py took 0.185 seconds
[2023-07-31 11:51:32,171] {processor.py:153} INFO - Started process (PID=650) to work on /home/airflow/.local/lib/python3.7/site-packages/airflow/example_dags/example_subdag_operator.py
[2023-07-31 11:51:32,182] {processor.py:641} INFO - Processing file /home/airflow/.local/lib/python3.7/site-packages/airflow/example_dags/example_subdag_operator.py for tasks to queue
[2023-07-31 11:51:32,183] {logging_mixin.py:115} INFO - [2023-07-31 11:51:32,182] {dagbag.py:507} INFO - Filling up the DagBag from /home/airflow/.local/lib/python3.7/site-packages/airflow/example_dags/example_subdag_operator.py
[2023-07-31 11:51:32,207] {processor.py:651} INFO - DAG(s) dict_keys(['example_subdag_operator.section-1', 'example_subdag_operator.section-2', 'example_subdag_operator']) retrieved from /home/airflow/.local/lib/python3.7/site-packages/airflow/example_dags/example_subdag_operator.py
[2023-07-31 11:51:32,250] {logging_mixin.py:115} INFO - [2023-07-31 11:51:32,249] {dag.py:2379} INFO - Sync 3 DAGs
[2023-07-31 11:51:32,376] {logging_mixin.py:115} INFO - [2023-07-31 11:51:32,375] {dag.py:2931} INFO - Setting next_dagrun for example_subdag_operator to 2022-01-01T00:00:00+00:00, run_after=2022-01-01T00:00:00+00:00
[2023-07-31 11:51:32,376] {logging_mixin.py:115} INFO - [2023-07-31 11:51:32,376] {dag.py:2931} INFO - Setting next_dagrun for example_subdag_operator.section-1 to None, run_after=None
[2023-07-31 11:51:32,376] {logging_mixin.py:115} INFO - [2023-07-31 11:51:32,376] {dag.py:2931} INFO - Setting next_dagrun for example_subdag_operator.section-2 to None, run_after=None
[2023-07-31 11:51:32,383] {logging_mixin.py:115} INFO - [2023-07-31 11:51:32,383] {dag.py:2379} INFO - Sync 2 DAGs
[2023-07-31 11:51:32,389] {logging_mixin.py:115} INFO - [2023-07-31 11:51:32,388] {dag.py:2931} INFO - Setting next_dagrun for example_subdag_operator.section-1 to None, run_after=None
[2023-07-31 11:51:32,389] {logging_mixin.py:115} INFO - [2023-07-31 11:51:32,389] {dag.py:2931} INFO - Setting next_dagrun for example_subdag_operator.section-2 to None, run_after=None
[2023-07-31 11:51:32,419] {processor.py:161} INFO - Processing /home/airflow/.local/lib/python3.7/site-packages/airflow/example_dags/example_subdag_operator.py took 0.251 seconds
[2023-07-31 11:52:02,530] {processor.py:153} INFO - Started process (PID=702) to work on /home/airflow/.local/lib/python3.7/site-packages/airflow/example_dags/example_subdag_operator.py
[2023-07-31 11:52:02,531] {processor.py:641} INFO - Processing file /home/airflow/.local/lib/python3.7/site-packages/airflow/example_dags/example_subdag_operator.py for tasks to queue
[2023-07-31 11:52:02,531] {logging_mixin.py:115} INFO - [2023-07-31 11:52:02,531] {dagbag.py:507} INFO - Filling up the DagBag from /home/airflow/.local/lib/python3.7/site-packages/airflow/example_dags/example_subdag_operator.py
[2023-07-31 11:52:02,552] {processor.py:651} INFO - DAG(s) dict_keys(['example_subdag_operator.section-1', 'example_subdag_operator.section-2', 'example_subdag_operator']) retrieved from /home/airflow/.local/lib/python3.7/site-packages/airflow/example_dags/example_subdag_operator.py
[2023-07-31 11:52:02,577] {logging_mixin.py:115} INFO - [2023-07-31 11:52:02,577] {dag.py:2379} INFO - Sync 3 DAGs
[2023-07-31 11:52:02,675] {logging_mixin.py:115} INFO - [2023-07-31 11:52:02,675] {dag.py:2931} INFO - Setting next_dagrun for example_subdag_operator to 2022-01-01T00:00:00+00:00, run_after=2022-01-01T00:00:00+00:00
[2023-07-31 11:52:02,676] {logging_mixin.py:115} INFO - [2023-07-31 11:52:02,676] {dag.py:2931} INFO - Setting next_dagrun for example_subdag_operator.section-1 to None, run_after=None
[2023-07-31 11:52:02,676] {logging_mixin.py:115} INFO - [2023-07-31 11:52:02,676] {dag.py:2931} INFO - Setting next_dagrun for example_subdag_operator.section-2 to None, run_after=None
[2023-07-31 11:52:02,680] {logging_mixin.py:115} INFO - [2023-07-31 11:52:02,680] {dag.py:2379} INFO - Sync 2 DAGs
[2023-07-31 11:52:02,684] {logging_mixin.py:115} INFO - [2023-07-31 11:52:02,684] {dag.py:2931} INFO - Setting next_dagrun for example_subdag_operator.section-1 to None, run_after=None
[2023-07-31 11:52:02,684] {logging_mixin.py:115} INFO - [2023-07-31 11:52:02,684] {dag.py:2931} INFO - Setting next_dagrun for example_subdag_operator.section-2 to None, run_after=None
[2023-07-31 11:52:02,704] {processor.py:161} INFO - Processing /home/airflow/.local/lib/python3.7/site-packages/airflow/example_dags/example_subdag_operator.py took 0.177 seconds
