[2023-07-31 11:46:16,307] {processor.py:153} INFO - Started process (PID=60) to work on /home/airflow/.local/lib/python3.7/site-packages/airflow/example_dags/tutorial_etl_dag.py
[2023-07-31 11:46:16,307] {processor.py:641} INFO - Processing file /home/airflow/.local/lib/python3.7/site-packages/airflow/example_dags/tutorial_etl_dag.py for tasks to queue
[2023-07-31 11:46:16,308] {logging_mixin.py:115} INFO - [2023-07-31 11:46:16,307] {dagbag.py:507} INFO - Filling up the DagBag from /home/airflow/.local/lib/python3.7/site-packages/airflow/example_dags/tutorial_etl_dag.py
[2023-07-31 11:46:16,313] {processor.py:651} INFO - DAG(s) dict_keys(['tutorial_etl_dag']) retrieved from /home/airflow/.local/lib/python3.7/site-packages/airflow/example_dags/tutorial_etl_dag.py
[2023-07-31 11:46:16,601] {logging_mixin.py:115} INFO - [2023-07-31 11:46:16,601] {manager.py:508} INFO - Created Permission View: can read on DAG:tutorial_etl_dag
[2023-07-31 11:46:16,897] {logging_mixin.py:115} INFO - [2023-07-31 11:46:16,897] {manager.py:508} INFO - Created Permission View: can edit on DAG:tutorial_etl_dag
[2023-07-31 11:46:17,099] {logging_mixin.py:115} INFO - [2023-07-31 11:46:17,099] {manager.py:508} INFO - Created Permission View: can delete on DAG:tutorial_etl_dag
[2023-07-31 11:46:17,099] {logging_mixin.py:115} INFO - [2023-07-31 11:46:17,099] {dag.py:2379} INFO - Sync 1 DAGs
[2023-07-31 11:46:17,120] {logging_mixin.py:115} INFO - [2023-07-31 11:46:17,120] {dag.py:2398} INFO - Creating ORM DAG for tutorial_etl_dag
[2023-07-31 11:46:17,132] {logging_mixin.py:115} INFO - [2023-07-31 11:46:17,132] {dag.py:2931} INFO - Setting next_dagrun for tutorial_etl_dag to None, run_after=None
[2023-07-31 11:46:17,226] {processor.py:161} INFO - Processing /home/airflow/.local/lib/python3.7/site-packages/airflow/example_dags/tutorial_etl_dag.py took 0.922 seconds
[2023-07-31 11:46:47,419] {processor.py:153} INFO - Started process (PID=120) to work on /home/airflow/.local/lib/python3.7/site-packages/airflow/example_dags/tutorial_etl_dag.py
[2023-07-31 11:46:47,419] {processor.py:641} INFO - Processing file /home/airflow/.local/lib/python3.7/site-packages/airflow/example_dags/tutorial_etl_dag.py for tasks to queue
[2023-07-31 11:46:47,419] {logging_mixin.py:115} INFO - [2023-07-31 11:46:47,419] {dagbag.py:507} INFO - Filling up the DagBag from /home/airflow/.local/lib/python3.7/site-packages/airflow/example_dags/tutorial_etl_dag.py
[2023-07-31 11:46:47,424] {processor.py:651} INFO - DAG(s) dict_keys(['tutorial_etl_dag']) retrieved from /home/airflow/.local/lib/python3.7/site-packages/airflow/example_dags/tutorial_etl_dag.py
[2023-07-31 11:46:47,442] {logging_mixin.py:115} INFO - [2023-07-31 11:46:47,442] {dag.py:2379} INFO - Sync 1 DAGs
[2023-07-31 11:46:47,543] {logging_mixin.py:115} INFO - [2023-07-31 11:46:47,543] {dag.py:2931} INFO - Setting next_dagrun for tutorial_etl_dag to None, run_after=None
[2023-07-31 11:46:47,568] {processor.py:161} INFO - Processing /home/airflow/.local/lib/python3.7/site-packages/airflow/example_dags/tutorial_etl_dag.py took 0.152 seconds
[2023-07-31 11:47:17,735] {processor.py:153} INFO - Started process (PID=173) to work on /home/airflow/.local/lib/python3.7/site-packages/airflow/example_dags/tutorial_etl_dag.py
[2023-07-31 11:47:17,736] {processor.py:641} INFO - Processing file /home/airflow/.local/lib/python3.7/site-packages/airflow/example_dags/tutorial_etl_dag.py for tasks to queue
[2023-07-31 11:47:17,736] {logging_mixin.py:115} INFO - [2023-07-31 11:47:17,736] {dagbag.py:507} INFO - Filling up the DagBag from /home/airflow/.local/lib/python3.7/site-packages/airflow/example_dags/tutorial_etl_dag.py
[2023-07-31 11:47:17,742] {processor.py:651} INFO - DAG(s) dict_keys(['tutorial_etl_dag']) retrieved from /home/airflow/.local/lib/python3.7/site-packages/airflow/example_dags/tutorial_etl_dag.py
[2023-07-31 11:47:17,762] {logging_mixin.py:115} INFO - [2023-07-31 11:47:17,762] {dag.py:2379} INFO - Sync 1 DAGs
[2023-07-31 11:47:17,876] {logging_mixin.py:115} INFO - [2023-07-31 11:47:17,876] {dag.py:2931} INFO - Setting next_dagrun for tutorial_etl_dag to None, run_after=None
[2023-07-31 11:47:17,906] {processor.py:161} INFO - Processing /home/airflow/.local/lib/python3.7/site-packages/airflow/example_dags/tutorial_etl_dag.py took 0.173 seconds
[2023-07-31 11:47:48,454] {processor.py:153} INFO - Started process (PID=234) to work on /home/airflow/.local/lib/python3.7/site-packages/airflow/example_dags/tutorial_etl_dag.py
[2023-07-31 11:47:48,481] {processor.py:641} INFO - Processing file /home/airflow/.local/lib/python3.7/site-packages/airflow/example_dags/tutorial_etl_dag.py for tasks to queue
[2023-07-31 11:47:48,481] {logging_mixin.py:115} INFO - [2023-07-31 11:47:48,481] {dagbag.py:507} INFO - Filling up the DagBag from /home/airflow/.local/lib/python3.7/site-packages/airflow/example_dags/tutorial_etl_dag.py
[2023-07-31 11:47:48,488] {processor.py:651} INFO - DAG(s) dict_keys(['tutorial_etl_dag']) retrieved from /home/airflow/.local/lib/python3.7/site-packages/airflow/example_dags/tutorial_etl_dag.py
[2023-07-31 11:47:48,512] {logging_mixin.py:115} INFO - [2023-07-31 11:47:48,512] {dag.py:2379} INFO - Sync 1 DAGs
[2023-07-31 11:47:48,622] {logging_mixin.py:115} INFO - [2023-07-31 11:47:48,622] {dag.py:2931} INFO - Setting next_dagrun for tutorial_etl_dag to None, run_after=None
[2023-07-31 11:47:48,654] {processor.py:161} INFO - Processing /home/airflow/.local/lib/python3.7/site-packages/airflow/example_dags/tutorial_etl_dag.py took 0.204 seconds
[2023-07-31 11:48:19,499] {processor.py:153} INFO - Started process (PID=294) to work on /home/airflow/.local/lib/python3.7/site-packages/airflow/example_dags/tutorial_etl_dag.py
[2023-07-31 11:48:19,510] {processor.py:641} INFO - Processing file /home/airflow/.local/lib/python3.7/site-packages/airflow/example_dags/tutorial_etl_dag.py for tasks to queue
[2023-07-31 11:48:19,511] {logging_mixin.py:115} INFO - [2023-07-31 11:48:19,511] {dagbag.py:507} INFO - Filling up the DagBag from /home/airflow/.local/lib/python3.7/site-packages/airflow/example_dags/tutorial_etl_dag.py
[2023-07-31 11:48:19,519] {processor.py:651} INFO - DAG(s) dict_keys(['tutorial_etl_dag']) retrieved from /home/airflow/.local/lib/python3.7/site-packages/airflow/example_dags/tutorial_etl_dag.py
[2023-07-31 11:48:19,547] {logging_mixin.py:115} INFO - [2023-07-31 11:48:19,547] {dag.py:2379} INFO - Sync 1 DAGs
[2023-07-31 11:48:19,725] {logging_mixin.py:115} INFO - [2023-07-31 11:48:19,724] {dag.py:2931} INFO - Setting next_dagrun for tutorial_etl_dag to None, run_after=None
[2023-07-31 11:48:19,749] {processor.py:161} INFO - Processing /home/airflow/.local/lib/python3.7/site-packages/airflow/example_dags/tutorial_etl_dag.py took 0.253 seconds
[2023-07-31 11:48:50,534] {processor.py:153} INFO - Started process (PID=346) to work on /home/airflow/.local/lib/python3.7/site-packages/airflow/example_dags/tutorial_etl_dag.py
[2023-07-31 11:48:50,544] {processor.py:641} INFO - Processing file /home/airflow/.local/lib/python3.7/site-packages/airflow/example_dags/tutorial_etl_dag.py for tasks to queue
[2023-07-31 11:48:50,544] {logging_mixin.py:115} INFO - [2023-07-31 11:48:50,544] {dagbag.py:507} INFO - Filling up the DagBag from /home/airflow/.local/lib/python3.7/site-packages/airflow/example_dags/tutorial_etl_dag.py
[2023-07-31 11:48:50,549] {processor.py:651} INFO - DAG(s) dict_keys(['tutorial_etl_dag']) retrieved from /home/airflow/.local/lib/python3.7/site-packages/airflow/example_dags/tutorial_etl_dag.py
[2023-07-31 11:48:50,567] {logging_mixin.py:115} INFO - [2023-07-31 11:48:50,567] {dag.py:2379} INFO - Sync 1 DAGs
[2023-07-31 11:48:50,678] {logging_mixin.py:115} INFO - [2023-07-31 11:48:50,678] {dag.py:2931} INFO - Setting next_dagrun for tutorial_etl_dag to None, run_after=None
[2023-07-31 11:48:50,735] {processor.py:161} INFO - Processing /home/airflow/.local/lib/python3.7/site-packages/airflow/example_dags/tutorial_etl_dag.py took 0.203 seconds
[2023-07-31 11:49:21,970] {processor.py:153} INFO - Started process (PID=407) to work on /home/airflow/.local/lib/python3.7/site-packages/airflow/example_dags/tutorial_etl_dag.py
[2023-07-31 11:49:22,002] {processor.py:641} INFO - Processing file /home/airflow/.local/lib/python3.7/site-packages/airflow/example_dags/tutorial_etl_dag.py for tasks to queue
[2023-07-31 11:49:22,002] {logging_mixin.py:115} INFO - [2023-07-31 11:49:22,002] {dagbag.py:507} INFO - Filling up the DagBag from /home/airflow/.local/lib/python3.7/site-packages/airflow/example_dags/tutorial_etl_dag.py
[2023-07-31 11:49:22,008] {processor.py:651} INFO - DAG(s) dict_keys(['tutorial_etl_dag']) retrieved from /home/airflow/.local/lib/python3.7/site-packages/airflow/example_dags/tutorial_etl_dag.py
[2023-07-31 11:49:22,032] {logging_mixin.py:115} INFO - [2023-07-31 11:49:22,032] {dag.py:2379} INFO - Sync 1 DAGs
[2023-07-31 11:49:22,166] {logging_mixin.py:115} INFO - [2023-07-31 11:49:22,166] {dag.py:2931} INFO - Setting next_dagrun for tutorial_etl_dag to None, run_after=None
[2023-07-31 11:49:22,194] {processor.py:161} INFO - Processing /home/airflow/.local/lib/python3.7/site-packages/airflow/example_dags/tutorial_etl_dag.py took 0.226 seconds
[2023-07-31 11:49:52,923] {processor.py:153} INFO - Started process (PID=459) to work on /home/airflow/.local/lib/python3.7/site-packages/airflow/example_dags/tutorial_etl_dag.py
[2023-07-31 11:49:52,936] {processor.py:641} INFO - Processing file /home/airflow/.local/lib/python3.7/site-packages/airflow/example_dags/tutorial_etl_dag.py for tasks to queue
[2023-07-31 11:49:52,937] {logging_mixin.py:115} INFO - [2023-07-31 11:49:52,937] {dagbag.py:507} INFO - Filling up the DagBag from /home/airflow/.local/lib/python3.7/site-packages/airflow/example_dags/tutorial_etl_dag.py
[2023-07-31 11:49:52,943] {processor.py:651} INFO - DAG(s) dict_keys(['tutorial_etl_dag']) retrieved from /home/airflow/.local/lib/python3.7/site-packages/airflow/example_dags/tutorial_etl_dag.py
[2023-07-31 11:49:52,964] {logging_mixin.py:115} INFO - [2023-07-31 11:49:52,964] {dag.py:2379} INFO - Sync 1 DAGs
[2023-07-31 11:49:53,068] {logging_mixin.py:115} INFO - [2023-07-31 11:49:53,068] {dag.py:2931} INFO - Setting next_dagrun for tutorial_etl_dag to None, run_after=None
[2023-07-31 11:49:53,537] {processor.py:161} INFO - Processing /home/airflow/.local/lib/python3.7/site-packages/airflow/example_dags/tutorial_etl_dag.py took 0.617 seconds
[2023-07-31 11:50:23,716] {processor.py:153} INFO - Started process (PID=520) to work on /home/airflow/.local/lib/python3.7/site-packages/airflow/example_dags/tutorial_etl_dag.py
[2023-07-31 11:50:23,723] {processor.py:641} INFO - Processing file /home/airflow/.local/lib/python3.7/site-packages/airflow/example_dags/tutorial_etl_dag.py for tasks to queue
[2023-07-31 11:50:23,723] {logging_mixin.py:115} INFO - [2023-07-31 11:50:23,723] {dagbag.py:507} INFO - Filling up the DagBag from /home/airflow/.local/lib/python3.7/site-packages/airflow/example_dags/tutorial_etl_dag.py
[2023-07-31 11:50:23,729] {processor.py:651} INFO - DAG(s) dict_keys(['tutorial_etl_dag']) retrieved from /home/airflow/.local/lib/python3.7/site-packages/airflow/example_dags/tutorial_etl_dag.py
[2023-07-31 11:50:23,748] {logging_mixin.py:115} INFO - [2023-07-31 11:50:23,748] {dag.py:2379} INFO - Sync 1 DAGs
[2023-07-31 11:50:23,852] {logging_mixin.py:115} INFO - [2023-07-31 11:50:23,852] {dag.py:2931} INFO - Setting next_dagrun for tutorial_etl_dag to None, run_after=None
[2023-07-31 11:50:23,889] {processor.py:161} INFO - Processing /home/airflow/.local/lib/python3.7/site-packages/airflow/example_dags/tutorial_etl_dag.py took 0.175 seconds
[2023-07-31 11:50:55,119] {processor.py:153} INFO - Started process (PID=581) to work on /home/airflow/.local/lib/python3.7/site-packages/airflow/example_dags/tutorial_etl_dag.py
[2023-07-31 11:50:55,119] {processor.py:641} INFO - Processing file /home/airflow/.local/lib/python3.7/site-packages/airflow/example_dags/tutorial_etl_dag.py for tasks to queue
[2023-07-31 11:50:55,119] {logging_mixin.py:115} INFO - [2023-07-31 11:50:55,119] {dagbag.py:507} INFO - Filling up the DagBag from /home/airflow/.local/lib/python3.7/site-packages/airflow/example_dags/tutorial_etl_dag.py
[2023-07-31 11:50:55,125] {processor.py:651} INFO - DAG(s) dict_keys(['tutorial_etl_dag']) retrieved from /home/airflow/.local/lib/python3.7/site-packages/airflow/example_dags/tutorial_etl_dag.py
[2023-07-31 11:50:55,145] {logging_mixin.py:115} INFO - [2023-07-31 11:50:55,145] {dag.py:2379} INFO - Sync 1 DAGs
[2023-07-31 11:50:55,255] {logging_mixin.py:115} INFO - [2023-07-31 11:50:55,255] {dag.py:2931} INFO - Setting next_dagrun for tutorial_etl_dag to None, run_after=None
[2023-07-31 11:50:55,285] {processor.py:161} INFO - Processing /home/airflow/.local/lib/python3.7/site-packages/airflow/example_dags/tutorial_etl_dag.py took 0.169 seconds
[2023-07-31 11:51:25,857] {processor.py:153} INFO - Started process (PID=633) to work on /home/airflow/.local/lib/python3.7/site-packages/airflow/example_dags/tutorial_etl_dag.py
[2023-07-31 11:51:25,858] {processor.py:641} INFO - Processing file /home/airflow/.local/lib/python3.7/site-packages/airflow/example_dags/tutorial_etl_dag.py for tasks to queue
[2023-07-31 11:51:25,858] {logging_mixin.py:115} INFO - [2023-07-31 11:51:25,858] {dagbag.py:507} INFO - Filling up the DagBag from /home/airflow/.local/lib/python3.7/site-packages/airflow/example_dags/tutorial_etl_dag.py
[2023-07-31 11:51:25,863] {processor.py:651} INFO - DAG(s) dict_keys(['tutorial_etl_dag']) retrieved from /home/airflow/.local/lib/python3.7/site-packages/airflow/example_dags/tutorial_etl_dag.py
[2023-07-31 11:51:25,883] {logging_mixin.py:115} INFO - [2023-07-31 11:51:25,883] {dag.py:2379} INFO - Sync 1 DAGs
[2023-07-31 11:51:25,996] {logging_mixin.py:115} INFO - [2023-07-31 11:51:25,996] {dag.py:2931} INFO - Setting next_dagrun for tutorial_etl_dag to None, run_after=None
[2023-07-31 11:51:26,028] {processor.py:161} INFO - Processing /home/airflow/.local/lib/python3.7/site-packages/airflow/example_dags/tutorial_etl_dag.py took 0.173 seconds
[2023-07-31 11:51:57,053] {processor.py:153} INFO - Started process (PID=694) to work on /home/airflow/.local/lib/python3.7/site-packages/airflow/example_dags/tutorial_etl_dag.py
[2023-07-31 11:51:57,053] {processor.py:641} INFO - Processing file /home/airflow/.local/lib/python3.7/site-packages/airflow/example_dags/tutorial_etl_dag.py for tasks to queue
[2023-07-31 11:51:57,054] {logging_mixin.py:115} INFO - [2023-07-31 11:51:57,054] {dagbag.py:507} INFO - Filling up the DagBag from /home/airflow/.local/lib/python3.7/site-packages/airflow/example_dags/tutorial_etl_dag.py
[2023-07-31 11:51:57,061] {processor.py:651} INFO - DAG(s) dict_keys(['tutorial_etl_dag']) retrieved from /home/airflow/.local/lib/python3.7/site-packages/airflow/example_dags/tutorial_etl_dag.py
[2023-07-31 11:51:57,082] {logging_mixin.py:115} INFO - [2023-07-31 11:51:57,082] {dag.py:2379} INFO - Sync 1 DAGs
[2023-07-31 11:51:57,182] {logging_mixin.py:115} INFO - [2023-07-31 11:51:57,182] {dag.py:2931} INFO - Setting next_dagrun for tutorial_etl_dag to None, run_after=None
[2023-07-31 11:51:57,206] {processor.py:161} INFO - Processing /home/airflow/.local/lib/python3.7/site-packages/airflow/example_dags/tutorial_etl_dag.py took 0.156 seconds
