[2023-07-31 12:22:11,402] {taskinstance.py:1159} INFO - Dependencies all met for <TaskInstance: s3_redshift_dag.create_small_csv scheduled__2023-07-30T12:21:40.934355+00:00 [queued]>
[2023-07-31 12:22:11,412] {taskinstance.py:1159} INFO - Dependencies all met for <TaskInstance: s3_redshift_dag.create_small_csv scheduled__2023-07-30T12:21:40.934355+00:00 [queued]>
[2023-07-31 12:22:11,412] {taskinstance.py:1356} INFO - 
--------------------------------------------------------------------------------
[2023-07-31 12:22:11,412] {taskinstance.py:1357} INFO - Starting attempt 1 of 1
[2023-07-31 12:22:11,413] {taskinstance.py:1358} INFO - 
--------------------------------------------------------------------------------
[2023-07-31 12:22:11,450] {taskinstance.py:1377} INFO - Executing <Task(PythonOperator): create_small_csv> on 2023-07-30 12:21:40.934355+00:00
[2023-07-31 12:22:11,454] {standard_task_runner.py:52} INFO - Started process 811 to run task
[2023-07-31 12:22:11,457] {standard_task_runner.py:79} INFO - Running: ['***', 'tasks', 'run', 's3_redshift_dag', 'create_small_csv', 'scheduled__2023-07-30T12:21:40.934355+00:00', '--job-id', '8', '--raw', '--subdir', 'DAGS_FOLDER/dag.py', '--cfg-path', '/tmp/tmp4g9psyq7', '--error-file', '/tmp/tmpvw53djqs']
[2023-07-31 12:22:11,458] {standard_task_runner.py:80} INFO - Job 8: Subtask create_small_csv
[2023-07-31 12:22:11,507] {task_command.py:370} INFO - Running <TaskInstance: s3_redshift_dag.create_small_csv scheduled__2023-07-30T12:21:40.934355+00:00 [running]> on host 8aac46936356
[2023-07-31 12:22:11,607] {taskinstance.py:1571} INFO - Exporting the following env vars:
AIRFLOW_CTX_DAG_OWNER=***
AIRFLOW_CTX_DAG_ID=s3_redshift_dag
AIRFLOW_CTX_TASK_ID=create_small_csv
AIRFLOW_CTX_EXECUTION_DATE=2023-07-30T12:21:40.934355+00:00
AIRFLOW_CTX_TRY_NUMBER=1
AIRFLOW_CTX_DAG_RUN_ID=scheduled__2023-07-30T12:21:40.934355+00:00
[2023-07-31 12:22:11,636] {python.py:173} INFO - Done. Returned value was: None
[2023-07-31 12:22:11,646] {taskinstance.py:1400} INFO - Marking task as SUCCESS. dag_id=s3_redshift_dag, task_id=create_small_csv, execution_date=20230730T122140, start_date=20230731T122211, end_date=20230731T122211
[2023-07-31 12:22:11,709] {local_task_job.py:156} INFO - Task exited with return code 0
[2023-07-31 12:22:11,751] {local_task_job.py:273} INFO - 1 downstream tasks scheduled from follow-on schedule check
