[2023-08-02 05:49:38,309] {taskinstance.py:1159} INFO - Dependencies all met for <TaskInstance: s3_to_BigQuery.weather_data_to_BQ manual__2023-08-02T05:49:35.632972+00:00 [queued]>
[2023-08-02 05:49:38,317] {taskinstance.py:1159} INFO - Dependencies all met for <TaskInstance: s3_to_BigQuery.weather_data_to_BQ manual__2023-08-02T05:49:35.632972+00:00 [queued]>
[2023-08-02 05:49:38,317] {taskinstance.py:1356} INFO - 
--------------------------------------------------------------------------------
[2023-08-02 05:49:38,317] {taskinstance.py:1357} INFO - Starting attempt 1 of 2
[2023-08-02 05:49:38,317] {taskinstance.py:1358} INFO - 
--------------------------------------------------------------------------------
[2023-08-02 05:49:38,345] {taskinstance.py:1377} INFO - Executing <Task(PythonOperator): weather_data_to_BQ> on 2023-08-02 05:49:35.632972+00:00
[2023-08-02 05:49:38,349] {standard_task_runner.py:52} INFO - Started process 87 to run task
[2023-08-02 05:49:38,351] {standard_task_runner.py:79} INFO - Running: ['***', 'tasks', 'run', 's3_to_BigQuery', 'weather_data_to_BQ', 'manual__2023-08-02T05:49:35.632972+00:00', '--job-id', '228', '--raw', '--subdir', 'DAGS_FOLDER/dag.py', '--cfg-path', '/tmp/tmp0zpaa1_6', '--error-file', '/tmp/tmp56tww5kb']
[2023-08-02 05:49:38,352] {standard_task_runner.py:80} INFO - Job 228: Subtask weather_data_to_BQ
[2023-08-02 05:49:38,407] {task_command.py:370} INFO - Running <TaskInstance: s3_to_BigQuery.weather_data_to_BQ manual__2023-08-02T05:49:35.632972+00:00 [running]> on host 17e5ad589797
[2023-08-02 05:49:38,483] {taskinstance.py:1571} INFO - Exporting the following env vars:
AIRFLOW_CTX_DAG_OWNER=***
AIRFLOW_CTX_DAG_ID=s3_to_BigQuery
AIRFLOW_CTX_TASK_ID=weather_data_to_BQ
AIRFLOW_CTX_EXECUTION_DATE=2023-08-02T05:49:35.632972+00:00
AIRFLOW_CTX_TRY_NUMBER=1
AIRFLOW_CTX_DAG_RUN_ID=manual__2023-08-02T05:49:35.632972+00:00
[2023-08-02 05:49:38,483] {logging_mixin.py:115} INFO - 
 heeeeeeeeeeeeeeeeeeeeeeeeeeeeeeeeeyy
[2023-08-02 05:49:39,031] {logging_mixin.py:115} INFO - 
✅ DataFrame created ! ✅
[2023-08-02 05:49:39,032] {logging_mixin.py:115} INFO - Error: [Errno 2] No such file or directory: '/opt/***/plugins/lime-project-key.json'
[2023-08-02 05:49:39,035] {python.py:173} INFO - Done. Returned value was: None
[2023-08-02 05:49:39,055] {taskinstance.py:1400} INFO - Marking task as SUCCESS. dag_id=s3_to_BigQuery, task_id=weather_data_to_BQ, execution_date=20230802T054935, start_date=20230802T054938, end_date=20230802T054939
[2023-08-02 05:49:40,210] {local_task_job.py:156} INFO - Task exited with return code 0
[2023-08-02 05:49:40,701] {local_task_job.py:273} INFO - 0 downstream tasks scheduled from follow-on schedule check
