[2023-08-02 09:04:43,871] {taskinstance.py:1159} INFO - Dependencies all met for <TaskInstance: S3_to_BigQuery.load_stations_data manual__2023-08-02T09:04:38.919949+00:00 [queued]>
[2023-08-02 09:04:43,886] {taskinstance.py:1159} INFO - Dependencies all met for <TaskInstance: S3_to_BigQuery.load_stations_data manual__2023-08-02T09:04:38.919949+00:00 [queued]>
[2023-08-02 09:04:43,886] {taskinstance.py:1356} INFO - 
--------------------------------------------------------------------------------
[2023-08-02 09:04:43,886] {taskinstance.py:1357} INFO - Starting attempt 1 of 2
[2023-08-02 09:04:43,887] {taskinstance.py:1358} INFO - 
--------------------------------------------------------------------------------
[2023-08-02 09:04:44,035] {taskinstance.py:1377} INFO - Executing <Task(PythonOperator): load_stations_data> on 2023-08-02 09:04:38.919949+00:00
[2023-08-02 09:04:44,041] {standard_task_runner.py:52} INFO - Started process 9022 to run task
[2023-08-02 09:04:44,044] {standard_task_runner.py:79} INFO - Running: ['***', 'tasks', 'run', 'S3_to_BigQuery', 'load_stations_data', 'manual__2023-08-02T09:04:38.919949+00:00', '--job-id', '297', '--raw', '--subdir', 'DAGS_FOLDER/dag.py', '--cfg-path', '/tmp/tmpkjy7938m', '--error-file', '/tmp/tmponof0smq']
[2023-08-02 09:04:44,045] {standard_task_runner.py:80} INFO - Job 297: Subtask load_stations_data
[2023-08-02 09:04:44,169] {task_command.py:370} INFO - Running <TaskInstance: S3_to_BigQuery.load_stations_data manual__2023-08-02T09:04:38.919949+00:00 [running]> on host 656341a29da6
[2023-08-02 09:04:44,336] {taskinstance.py:1571} INFO - Exporting the following env vars:
AIRFLOW_CTX_DAG_OWNER=***
AIRFLOW_CTX_DAG_ID=S3_to_BigQuery
AIRFLOW_CTX_TASK_ID=load_stations_data
AIRFLOW_CTX_EXECUTION_DATE=2023-08-02T09:04:38.919949+00:00
AIRFLOW_CTX_TRY_NUMBER=1
AIRFLOW_CTX_DAG_RUN_ID=manual__2023-08-02T09:04:38.919949+00:00
[2023-08-02 09:04:46,439] {logging_mixin.py:115} INFO - 
DataFrame push into xcom.
[2023-08-02 09:04:47,286] {logging_mixin.py:115} INFO - 
DATAFRAME SHAPE : (16003, 8)
[2023-08-02 09:04:47,286] {logging_mixin.py:115} INFO - 
✅ DataFrame created ! ✅
[2023-08-02 09:04:47,307] {logging_mixin.py:115} INFO - 
KEY XCOM : lime_stations_topic_json
[2023-08-02 09:04:48,270] {logging_mixin.py:115} INFO - 
✅ Push to xcom ! ✅
[2023-08-02 09:04:56,987] {gbq.py:606} INFO - 16003 out of 16003 rows loaded.
[2023-08-02 09:04:56,987] {logging_mixin.py:115} INFO - 
✅ Table lime_stations_topic/2023-08-01 upload on BigQuery! ✅
[2023-08-02 09:04:56,987] {python.py:173} INFO - Done. Returned value was: None
[2023-08-02 09:04:57,047] {taskinstance.py:1400} INFO - Marking task as SUCCESS. dag_id=S3_to_BigQuery, task_id=load_stations_data, execution_date=20230802T090438, start_date=20230802T090443, end_date=20230802T090457
[2023-08-02 09:04:57,926] {local_task_job.py:156} INFO - Task exited with return code 0
[2023-08-02 09:04:58,140] {local_task_job.py:273} INFO - 1 downstream tasks scheduled from follow-on schedule check
