[2023-08-02 08:15:16,105] {taskinstance.py:1159} INFO - Dependencies all met for <TaskInstance: S3_to_BigQuery.load_stations_data scheduled__2023-08-01T08:14:52.059351+00:00 [queued]>
[2023-08-02 08:15:16,112] {taskinstance.py:1159} INFO - Dependencies all met for <TaskInstance: S3_to_BigQuery.load_stations_data scheduled__2023-08-01T08:14:52.059351+00:00 [queued]>
[2023-08-02 08:15:16,112] {taskinstance.py:1356} INFO - 
--------------------------------------------------------------------------------
[2023-08-02 08:15:16,113] {taskinstance.py:1357} INFO - Starting attempt 1 of 2
[2023-08-02 08:15:16,113] {taskinstance.py:1358} INFO - 
--------------------------------------------------------------------------------
[2023-08-02 08:15:16,780] {taskinstance.py:1377} INFO - Executing <Task(PythonOperator): load_stations_data> on 2023-08-01 08:14:52.059351+00:00
[2023-08-02 08:15:16,794] {standard_task_runner.py:52} INFO - Started process 6622 to run task
[2023-08-02 08:15:16,804] {standard_task_runner.py:79} INFO - Running: ['***', 'tasks', 'run', 'S3_to_BigQuery', 'load_stations_data', 'scheduled__2023-08-01T08:14:52.059351+00:00', '--job-id', '246', '--raw', '--subdir', 'DAGS_FOLDER/dag.py', '--cfg-path', '/tmp/tmpe4pe557i', '--error-file', '/tmp/tmph0ff6s0b']
[2023-08-02 08:15:16,806] {standard_task_runner.py:80} INFO - Job 246: Subtask load_stations_data
[2023-08-02 08:15:16,905] {task_command.py:370} INFO - Running <TaskInstance: S3_to_BigQuery.load_stations_data scheduled__2023-08-01T08:14:52.059351+00:00 [running]> on host 656341a29da6
[2023-08-02 08:15:17,010] {taskinstance.py:1571} INFO - Exporting the following env vars:
AIRFLOW_CTX_DAG_OWNER=***
AIRFLOW_CTX_DAG_ID=S3_to_BigQuery
AIRFLOW_CTX_TASK_ID=load_stations_data
AIRFLOW_CTX_EXECUTION_DATE=2023-08-01T08:14:52.059351+00:00
AIRFLOW_CTX_TRY_NUMBER=1
AIRFLOW_CTX_DAG_RUN_ID=scheduled__2023-08-01T08:14:52.059351+00:00
[2023-08-02 08:15:19,666] {logging_mixin.py:115} INFO - Error: name 'context' is not defined
[2023-08-02 08:15:19,677] {python.py:173} INFO - Done. Returned value was: None
[2023-08-02 08:15:19,688] {taskinstance.py:1400} INFO - Marking task as SUCCESS. dag_id=S3_to_BigQuery, task_id=load_stations_data, execution_date=20230801T081452, start_date=20230802T081516, end_date=20230802T081519
[2023-08-02 08:15:19,746] {local_task_job.py:156} INFO - Task exited with return code 0
[2023-08-02 08:15:19,793] {local_task_job.py:273} INFO - 1 downstream tasks scheduled from follow-on schedule check
