[2023-08-02 05:56:03,763] {taskinstance.py:1159} INFO - Dependencies all met for <TaskInstance: s3_to_postgres.load_stations_data scheduled__2023-08-01T05:56:00.389552+00:00 [queued]>
[2023-08-02 05:56:03,771] {taskinstance.py:1159} INFO - Dependencies all met for <TaskInstance: s3_to_postgres.load_stations_data scheduled__2023-08-01T05:56:00.389552+00:00 [queued]>
[2023-08-02 05:56:03,772] {taskinstance.py:1356} INFO - 
--------------------------------------------------------------------------------
[2023-08-02 05:56:03,772] {taskinstance.py:1357} INFO - Starting attempt 1 of 2
[2023-08-02 05:56:03,772] {taskinstance.py:1358} INFO - 
--------------------------------------------------------------------------------
[2023-08-02 05:56:03,996] {taskinstance.py:1377} INFO - Executing <Task(PythonOperator): load_stations_data> on 2023-08-01 05:56:00.389552+00:00
[2023-08-02 05:56:04,001] {standard_task_runner.py:52} INFO - Started process 199 to run task
[2023-08-02 05:56:04,005] {standard_task_runner.py:79} INFO - Running: ['***', 'tasks', 'run', 's3_to_postgres', 'load_stations_data', 'scheduled__2023-08-01T05:56:00.389552+00:00', '--job-id', '233', '--raw', '--subdir', 'DAGS_FOLDER/dag.py', '--cfg-path', '/tmp/tmpwe0hwubw', '--error-file', '/tmp/tmpz8prtt7m']
[2023-08-02 05:56:04,006] {standard_task_runner.py:80} INFO - Job 233: Subtask load_stations_data
[2023-08-02 05:56:04,443] {task_command.py:370} INFO - Running <TaskInstance: s3_to_postgres.load_stations_data scheduled__2023-08-01T05:56:00.389552+00:00 [running]> on host 656341a29da6
[2023-08-02 05:56:04,559] {taskinstance.py:1571} INFO - Exporting the following env vars:
AIRFLOW_CTX_DAG_OWNER=***
AIRFLOW_CTX_DAG_ID=s3_to_postgres
AIRFLOW_CTX_TASK_ID=load_stations_data
AIRFLOW_CTX_EXECUTION_DATE=2023-08-01T05:56:00.389552+00:00
AIRFLOW_CTX_TRY_NUMBER=1
AIRFLOW_CTX_DAG_RUN_ID=scheduled__2023-08-01T05:56:00.389552+00:00
[2023-08-02 05:56:04,559] {logging_mixin.py:115} INFO - 
 heeeeeeeeeeeeeeeeeeeeeeeeeeeeeeeeeyy
[2023-08-02 05:56:04,973] {logging_mixin.py:115} INFO - 
✅ DataFrame created ! ✅
[2023-08-02 05:56:12,053] {logging_mixin.py:115} INFO - 
✅ Table 2023-08-01 upload on BigQuery! ✅
[2023-08-02 05:56:12,056] {python.py:173} INFO - Done. Returned value was: None
[2023-08-02 05:56:12,774] {taskinstance.py:1400} INFO - Marking task as SUCCESS. dag_id=s3_to_postgres, task_id=load_stations_data, execution_date=20230801T055600, start_date=20230802T055603, end_date=20230802T055612
[2023-08-02 05:56:13,252] {local_task_job.py:156} INFO - Task exited with return code 0
[2023-08-02 05:56:13,423] {local_task_job.py:273} INFO - 0 downstream tasks scheduled from follow-on schedule check
