[2023-08-02 10:39:40,551] {taskinstance.py:1159} INFO - Dependencies all met for <TaskInstance: S3_to_BigQuery.cleaning_stations_data manual__2023-08-02T10:39:33.800914+00:00 [queued]>
[2023-08-02 10:39:40,562] {taskinstance.py:1159} INFO - Dependencies all met for <TaskInstance: S3_to_BigQuery.cleaning_stations_data manual__2023-08-02T10:39:33.800914+00:00 [queued]>
[2023-08-02 10:39:40,563] {taskinstance.py:1356} INFO - 
--------------------------------------------------------------------------------
[2023-08-02 10:39:40,563] {taskinstance.py:1357} INFO - Starting attempt 1 of 2
[2023-08-02 10:39:40,563] {taskinstance.py:1358} INFO - 
--------------------------------------------------------------------------------
[2023-08-02 10:39:40,616] {taskinstance.py:1377} INFO - Executing <Task(PythonOperator): cleaning_stations_data> on 2023-08-02 10:39:33.800914+00:00
[2023-08-02 10:39:40,621] {standard_task_runner.py:52} INFO - Started process 1556 to run task
[2023-08-02 10:39:40,623] {standard_task_runner.py:79} INFO - Running: ['***', 'tasks', 'run', 'S3_to_BigQuery', 'cleaning_stations_data', 'manual__2023-08-02T10:39:33.800914+00:00', '--job-id', '363', '--raw', '--subdir', 'DAGS_FOLDER/dag.py', '--cfg-path', '/tmp/tmpbvys6rc6', '--error-file', '/tmp/tmp7vm8f4c3']
[2023-08-02 10:39:40,624] {standard_task_runner.py:80} INFO - Job 363: Subtask cleaning_stations_data
[2023-08-02 10:39:40,694] {task_command.py:370} INFO - Running <TaskInstance: S3_to_BigQuery.cleaning_stations_data manual__2023-08-02T10:39:33.800914+00:00 [running]> on host f57ce474b9bb
[2023-08-02 10:39:41,462] {taskinstance.py:1571} INFO - Exporting the following env vars:
AIRFLOW_CTX_DAG_OWNER=***
AIRFLOW_CTX_DAG_ID=S3_to_BigQuery
AIRFLOW_CTX_TASK_ID=cleaning_stations_data
AIRFLOW_CTX_EXECUTION_DATE=2023-08-02T10:39:33.800914+00:00
AIRFLOW_CTX_TRY_NUMBER=1
AIRFLOW_CTX_DAG_RUN_ID=manual__2023-08-02T10:39:33.800914+00:00
[2023-08-02 10:39:41,612] {logging_mixin.py:115} INFO - 
DataFrame push into xcom.
[2023-08-02 10:39:42,572] {logging_mixin.py:115} INFO - 
DATAFRAME SHAPE : (16003, 8)
[2023-08-02 10:39:42,572] {logging_mixin.py:115} INFO - 
✅ DataFrame created ! ✅
[2023-08-02 10:39:42,581] {logging_mixin.py:115} INFO -    stationCode  ...               time_period
0        16107  ... 2023-08-01 16:30:00+02:00
1        31104  ... 2023-08-01 16:30:00+02:00
2         9020  ... 2023-08-01 16:30:00+02:00
3        12109  ... 2023-08-01 16:30:00+02:00
4        14111  ... 2023-08-01 16:30:00+02:00

[5 rows x 8 columns]
[2023-08-02 10:39:43,820] {logging_mixin.py:115} INFO - 
✅ Push to xcom ! ✅
[2023-08-02 10:39:43,825] {python.py:173} INFO - Done. Returned value was: None
[2023-08-02 10:39:43,863] {taskinstance.py:1400} INFO - Marking task as SUCCESS. dag_id=S3_to_BigQuery, task_id=cleaning_stations_data, execution_date=20230802T103933, start_date=20230802T103940, end_date=20230802T103943
[2023-08-02 10:39:43,965] {local_task_job.py:156} INFO - Task exited with return code 0
[2023-08-02 10:39:44,080] {local_task_job.py:273} INFO - 1 downstream tasks scheduled from follow-on schedule check
