[2023-08-02 05:49:38,261] {taskinstance.py:1159} INFO - Dependencies all met for <TaskInstance: s3_to_BigQuery.stations_data_to_BQ manual__2023-08-02T05:49:35.632972+00:00 [queued]>
[2023-08-02 05:49:38,269] {taskinstance.py:1159} INFO - Dependencies all met for <TaskInstance: s3_to_BigQuery.stations_data_to_BQ manual__2023-08-02T05:49:35.632972+00:00 [queued]>
[2023-08-02 05:49:38,269] {taskinstance.py:1356} INFO - 
--------------------------------------------------------------------------------
[2023-08-02 05:49:38,269] {taskinstance.py:1357} INFO - Starting attempt 1 of 2
[2023-08-02 05:49:38,269] {taskinstance.py:1358} INFO - 
--------------------------------------------------------------------------------
[2023-08-02 05:49:38,303] {taskinstance.py:1377} INFO - Executing <Task(PythonOperator): stations_data_to_BQ> on 2023-08-02 05:49:35.632972+00:00
[2023-08-02 05:49:38,307] {standard_task_runner.py:52} INFO - Started process 86 to run task
[2023-08-02 05:49:38,310] {standard_task_runner.py:79} INFO - Running: ['***', 'tasks', 'run', 's3_to_BigQuery', 'stations_data_to_BQ', 'manual__2023-08-02T05:49:35.632972+00:00', '--job-id', '229', '--raw', '--subdir', 'DAGS_FOLDER/dag.py', '--cfg-path', '/tmp/tmpb91zjmfz', '--error-file', '/tmp/tmpo7hqsj7w']
[2023-08-02 05:49:38,311] {standard_task_runner.py:80} INFO - Job 229: Subtask stations_data_to_BQ
[2023-08-02 05:49:38,369] {task_command.py:370} INFO - Running <TaskInstance: s3_to_BigQuery.stations_data_to_BQ manual__2023-08-02T05:49:35.632972+00:00 [running]> on host 17e5ad589797
[2023-08-02 05:49:38,453] {taskinstance.py:1571} INFO - Exporting the following env vars:
AIRFLOW_CTX_DAG_OWNER=***
AIRFLOW_CTX_DAG_ID=s3_to_BigQuery
AIRFLOW_CTX_TASK_ID=stations_data_to_BQ
AIRFLOW_CTX_EXECUTION_DATE=2023-08-02T05:49:35.632972+00:00
AIRFLOW_CTX_TRY_NUMBER=1
AIRFLOW_CTX_DAG_RUN_ID=manual__2023-08-02T05:49:35.632972+00:00
[2023-08-02 05:49:38,454] {logging_mixin.py:115} INFO - 
 heeeeeeeeeeeeeeeeeeeeeeeeeeeeeeeeeyy
[2023-08-02 05:49:40,575] {logging_mixin.py:115} INFO - 
✅ DataFrame created ! ✅
[2023-08-02 05:49:40,575] {logging_mixin.py:115} INFO - Error: [Errno 2] No such file or directory: '/opt/***/plugins/lime-project-key.json'
[2023-08-02 05:49:40,581] {python.py:173} INFO - Done. Returned value was: None
[2023-08-02 05:49:40,702] {taskinstance.py:1400} INFO - Marking task as SUCCESS. dag_id=s3_to_BigQuery, task_id=stations_data_to_BQ, execution_date=20230802T054935, start_date=20230802T054938, end_date=20230802T054940
[2023-08-02 05:49:41,132] {local_task_job.py:156} INFO - Task exited with return code 0
[2023-08-02 05:49:41,465] {local_task_job.py:273} INFO - 1 downstream tasks scheduled from follow-on schedule check
