[2023-08-02 10:12:48,365] {taskinstance.py:1159} INFO - Dependencies all met for <TaskInstance: S3_to_BigQuery.load_stations_data manual__2023-08-02T10:12:46.309684+00:00 [queued]>
[2023-08-02 10:12:48,373] {taskinstance.py:1159} INFO - Dependencies all met for <TaskInstance: S3_to_BigQuery.load_stations_data manual__2023-08-02T10:12:46.309684+00:00 [queued]>
[2023-08-02 10:12:48,373] {taskinstance.py:1356} INFO - 
--------------------------------------------------------------------------------
[2023-08-02 10:12:48,373] {taskinstance.py:1357} INFO - Starting attempt 1 of 2
[2023-08-02 10:12:48,373] {taskinstance.py:1358} INFO - 
--------------------------------------------------------------------------------
[2023-08-02 10:12:48,540] {taskinstance.py:1377} INFO - Executing <Task(PythonOperator): load_stations_data> on 2023-08-02 10:12:46.309684+00:00
[2023-08-02 10:12:48,557] {standard_task_runner.py:52} INFO - Started process 304 to run task
[2023-08-02 10:12:48,568] {standard_task_runner.py:79} INFO - Running: ['***', 'tasks', 'run', 'S3_to_BigQuery', 'load_stations_data', 'manual__2023-08-02T10:12:46.309684+00:00', '--job-id', '348', '--raw', '--subdir', 'DAGS_FOLDER/dag.py', '--cfg-path', '/tmp/tmpr_2sdv3t', '--error-file', '/tmp/tmpeud8dkhd']
[2023-08-02 10:12:48,571] {standard_task_runner.py:80} INFO - Job 348: Subtask load_stations_data
[2023-08-02 10:12:49,139] {task_command.py:370} INFO - Running <TaskInstance: S3_to_BigQuery.load_stations_data manual__2023-08-02T10:12:46.309684+00:00 [running]> on host f57ce474b9bb
[2023-08-02 10:12:49,574] {taskinstance.py:1571} INFO - Exporting the following env vars:
AIRFLOW_CTX_DAG_OWNER=***
AIRFLOW_CTX_DAG_ID=S3_to_BigQuery
AIRFLOW_CTX_TASK_ID=load_stations_data
AIRFLOW_CTX_EXECUTION_DATE=2023-08-02T10:12:46.309684+00:00
AIRFLOW_CTX_TRY_NUMBER=1
AIRFLOW_CTX_DAG_RUN_ID=manual__2023-08-02T10:12:46.309684+00:00
[2023-08-02 10:12:51,694] {logging_mixin.py:115} INFO - 
✅ Push to xcom ! ✅
[2023-08-02 10:12:51,700] {python.py:173} INFO - Done. Returned value was: None
[2023-08-02 10:12:51,711] {taskinstance.py:1400} INFO - Marking task as SUCCESS. dag_id=S3_to_BigQuery, task_id=load_stations_data, execution_date=20230802T101246, start_date=20230802T101248, end_date=20230802T101251
[2023-08-02 10:12:51,790] {local_task_job.py:156} INFO - Task exited with return code 0
[2023-08-02 10:12:51,857] {local_task_job.py:273} INFO - 1 downstream tasks scheduled from follow-on schedule check
