[2023-08-02 08:45:28,583] {taskinstance.py:1159} INFO - Dependencies all met for <TaskInstance: S3_to_BigQuery.load_stations_data manual__2023-08-02T08:45:26.365189+00:00 [queued]>
[2023-08-02 08:45:28,590] {taskinstance.py:1159} INFO - Dependencies all met for <TaskInstance: S3_to_BigQuery.load_stations_data manual__2023-08-02T08:45:26.365189+00:00 [queued]>
[2023-08-02 08:45:28,590] {taskinstance.py:1356} INFO - 
--------------------------------------------------------------------------------
[2023-08-02 08:45:28,590] {taskinstance.py:1357} INFO - Starting attempt 1 of 2
[2023-08-02 08:45:28,590] {taskinstance.py:1358} INFO - 
--------------------------------------------------------------------------------
[2023-08-02 08:45:28,620] {taskinstance.py:1377} INFO - Executing <Task(PythonOperator): load_stations_data> on 2023-08-02 08:45:26.365189+00:00
[2023-08-02 08:45:28,641] {standard_task_runner.py:52} INFO - Started process 8080 to run task
[2023-08-02 08:45:28,645] {standard_task_runner.py:79} INFO - Running: ['***', 'tasks', 'run', 'S3_to_BigQuery', 'load_stations_data', 'manual__2023-08-02T08:45:26.365189+00:00', '--job-id', '273', '--raw', '--subdir', 'DAGS_FOLDER/dag.py', '--cfg-path', '/tmp/tmpxazd3fl7', '--error-file', '/tmp/tmpz750pd6p']
[2023-08-02 08:45:28,645] {standard_task_runner.py:80} INFO - Job 273: Subtask load_stations_data
[2023-08-02 08:45:28,713] {task_command.py:370} INFO - Running <TaskInstance: S3_to_BigQuery.load_stations_data manual__2023-08-02T08:45:26.365189+00:00 [running]> on host 656341a29da6
[2023-08-02 08:45:29,709] {taskinstance.py:1571} INFO - Exporting the following env vars:
AIRFLOW_CTX_DAG_OWNER=***
AIRFLOW_CTX_DAG_ID=S3_to_BigQuery
AIRFLOW_CTX_TASK_ID=load_stations_data
AIRFLOW_CTX_EXECUTION_DATE=2023-08-02T08:45:26.365189+00:00
AIRFLOW_CTX_TRY_NUMBER=1
AIRFLOW_CTX_DAG_RUN_ID=manual__2023-08-02T08:45:26.365189+00:00
[2023-08-02 08:45:31,409] {logging_mixin.py:115} INFO - 
DataFrame push into xcom.
[2023-08-02 08:45:32,291] {logging_mixin.py:115} INFO - 
DATAFRAME SHAPE : (16003, 8)
[2023-08-02 08:45:32,291] {logging_mixin.py:115} INFO - 
✅ DataFrame created ! ✅
[2023-08-02 08:45:32,473] {logging_mixin.py:115} INFO - 
✅ Push to xcom ! ✅
[2023-08-02 08:45:32,480] {python.py:173} INFO - Done. Returned value was: None
[2023-08-02 08:45:32,490] {taskinstance.py:1400} INFO - Marking task as SUCCESS. dag_id=S3_to_BigQuery, task_id=load_stations_data, execution_date=20230802T084526, start_date=20230802T084528, end_date=20230802T084532
[2023-08-02 08:45:32,590] {local_task_job.py:156} INFO - Task exited with return code 0
[2023-08-02 08:45:32,695] {local_task_job.py:273} INFO - 1 downstream tasks scheduled from follow-on schedule check
