[2023-08-03 03:22:30,105] {taskinstance.py:1159} INFO - Dependencies all met for <TaskInstance: S3_to_BigQuery.upload_stations_data manual__2023-08-03T03:22:03.288396+00:00 [queued]>
[2023-08-03 03:22:30,115] {taskinstance.py:1159} INFO - Dependencies all met for <TaskInstance: S3_to_BigQuery.upload_stations_data manual__2023-08-03T03:22:03.288396+00:00 [queued]>
[2023-08-03 03:22:30,115] {taskinstance.py:1356} INFO - 
--------------------------------------------------------------------------------
[2023-08-03 03:22:30,115] {taskinstance.py:1357} INFO - Starting attempt 1 of 2
[2023-08-03 03:22:30,115] {taskinstance.py:1358} INFO - 
--------------------------------------------------------------------------------
[2023-08-03 03:22:30,168] {taskinstance.py:1377} INFO - Executing <Task(PythonOperator): upload_stations_data> on 2023-08-03 03:22:03.288396+00:00
[2023-08-03 03:22:30,174] {standard_task_runner.py:52} INFO - Started process 134 to run task
[2023-08-03 03:22:30,176] {standard_task_runner.py:79} INFO - Running: ['***', 'tasks', 'run', 'S3_to_BigQuery', 'upload_stations_data', 'manual__2023-08-03T03:22:03.288396+00:00', '--job-id', '450', '--raw', '--subdir', 'DAGS_FOLDER/dag.py', '--cfg-path', '/tmp/tmp58t1wxi1', '--error-file', '/tmp/tmpcrg5zqf9']
[2023-08-03 03:22:30,177] {standard_task_runner.py:80} INFO - Job 450: Subtask upload_stations_data
[2023-08-03 03:22:30,243] {task_command.py:370} INFO - Running <TaskInstance: S3_to_BigQuery.upload_stations_data manual__2023-08-03T03:22:03.288396+00:00 [running]> on host 6c95ca7a45b2
[2023-08-03 03:22:30,340] {taskinstance.py:1571} INFO - Exporting the following env vars:
AIRFLOW_CTX_DAG_OWNER=***
AIRFLOW_CTX_DAG_ID=S3_to_BigQuery
AIRFLOW_CTX_TASK_ID=upload_stations_data
AIRFLOW_CTX_EXECUTION_DATE=2023-08-03T03:22:03.288396+00:00
AIRFLOW_CTX_TRY_NUMBER=1
AIRFLOW_CTX_DAG_RUN_ID=manual__2023-08-03T03:22:03.288396+00:00
[2023-08-03 03:22:36,007] {gbq.py:606} INFO - 66884 out of 66884 rows loaded.
[2023-08-03 03:22:36,007] {logging_mixin.py:115} INFO - 
✅ Table lime_stations_topic/2023-08-02 upload on BigQuery! ✅
[2023-08-03 03:22:36,008] {python.py:173} INFO - Done. Returned value was: None
[2023-08-03 03:22:36,138] {taskinstance.py:1400} INFO - Marking task as SUCCESS. dag_id=S3_to_BigQuery, task_id=upload_stations_data, execution_date=20230803T032203, start_date=20230803T032230, end_date=20230803T032236
[2023-08-03 03:22:36,411] {local_task_job.py:156} INFO - Task exited with return code 0
[2023-08-03 03:22:36,579] {local_task_job.py:273} INFO - 1 downstream tasks scheduled from follow-on schedule check
