[2023-08-02 14:03:13,529] {taskinstance.py:1159} INFO - Dependencies all met for <TaskInstance: S3_to_BigQuery.cleaning_stations_data manual__2023-08-02T14:03:04.789583+00:00 [queued]>
[2023-08-02 14:03:13,537] {taskinstance.py:1159} INFO - Dependencies all met for <TaskInstance: S3_to_BigQuery.cleaning_stations_data manual__2023-08-02T14:03:04.789583+00:00 [queued]>
[2023-08-02 14:03:13,537] {taskinstance.py:1356} INFO - 
--------------------------------------------------------------------------------
[2023-08-02 14:03:13,537] {taskinstance.py:1357} INFO - Starting attempt 1 of 2
[2023-08-02 14:03:13,538] {taskinstance.py:1358} INFO - 
--------------------------------------------------------------------------------
[2023-08-02 14:03:13,565] {taskinstance.py:1377} INFO - Executing <Task(PythonOperator): cleaning_stations_data> on 2023-08-02 14:03:04.789583+00:00
[2023-08-02 14:03:13,579] {standard_task_runner.py:52} INFO - Started process 3279 to run task
[2023-08-02 14:03:13,586] {standard_task_runner.py:79} INFO - Running: ['***', 'tasks', 'run', 'S3_to_BigQuery', 'cleaning_stations_data', 'manual__2023-08-02T14:03:04.789583+00:00', '--job-id', '406', '--raw', '--subdir', 'DAGS_FOLDER/dag.py', '--cfg-path', '/tmp/tmpdikx65qa', '--error-file', '/tmp/tmp0i8qbkhw']
[2023-08-02 14:03:13,589] {standard_task_runner.py:80} INFO - Job 406: Subtask cleaning_stations_data
[2023-08-02 14:03:13,661] {task_command.py:370} INFO - Running <TaskInstance: S3_to_BigQuery.cleaning_stations_data manual__2023-08-02T14:03:04.789583+00:00 [running]> on host f57ce474b9bb
[2023-08-02 14:03:13,774] {taskinstance.py:1571} INFO - Exporting the following env vars:
AIRFLOW_CTX_DAG_OWNER=***
AIRFLOW_CTX_DAG_ID=S3_to_BigQuery
AIRFLOW_CTX_TASK_ID=cleaning_stations_data
AIRFLOW_CTX_EXECUTION_DATE=2023-08-02T14:03:04.789583+00:00
AIRFLOW_CTX_TRY_NUMBER=1
AIRFLOW_CTX_DAG_RUN_ID=manual__2023-08-02T14:03:04.789583+00:00
[2023-08-02 14:03:13,873] {logging_mixin.py:115} INFO - 
DataFrame push into xcom.
[2023-08-02 14:03:15,566] {logging_mixin.py:115} INFO - 
DATAFRAME SHAPE : (16003, 8)
[2023-08-02 14:03:15,566] {logging_mixin.py:115} INFO - 
✅ DataFrame created ! ✅
[2023-08-02 14:03:15,582] {logging_mixin.py:115} INFO -    stationCode             datetime  ...        lat          time_period
0        16107  2023-08-01 16:42:50  ...  48.865983  2023-08-01 16:30:00
1        31104  2023-08-01 16:42:50  ...  48.871257  2023-08-01 16:30:00
2         9020  2023-08-01 16:42:50  ...  48.879296  2023-08-01 16:30:00
3        12109  2023-08-01 16:42:50  ...  48.840855  2023-08-01 16:30:00
4        14111  2023-08-01 16:42:50  ...  48.837526  2023-08-01 16:30:00

[5 rows x 8 columns]
[2023-08-02 14:03:15,986] {logging_mixin.py:115} INFO - 
✅ Push to xcom ! ✅
[2023-08-02 14:03:15,993] {python.py:173} INFO - Done. Returned value was: None
[2023-08-02 14:03:16,018] {taskinstance.py:1400} INFO - Marking task as SUCCESS. dag_id=S3_to_BigQuery, task_id=cleaning_stations_data, execution_date=20230802T140304, start_date=20230802T140313, end_date=20230802T140316
[2023-08-02 14:03:16,205] {local_task_job.py:156} INFO - Task exited with return code 0
[2023-08-02 14:03:16,361] {local_task_job.py:273} INFO - 1 downstream tasks scheduled from follow-on schedule check
